/dev/nvme0n1: (g=0): rw=randwrite, bs=(R) 4096B-4096B, (W) 4096B-4096B, (T) 4096B-4096B, ioengine=libaio, iodepth=32
...
fio-3.28
Starting 2 processes

/dev/nvme0n1: (groupid=0, jobs=1): err= 0: pid=17022: Wed Jul 13 13:27:55 2022
  write: IOPS=101k, BW=394MiB/s (414MB/s)(11.6GiB/30001msec); 0 zone resets
    slat (nsec): min=1383, max=82574, avg=2534.78, stdev=1493.72
    clat (usec): min=73, max=23238, avg=313.84, stdev=407.83
     lat (usec): min=75, max=23239, avg=316.44, stdev=407.74
    clat percentiles (usec):
     |  1.00th=[   91],  5.00th=[  108], 10.00th=[  114], 20.00th=[  133],
     | 30.00th=[  147], 40.00th=[  169], 50.00th=[  204], 60.00th=[  255],
     | 70.00th=[  326], 80.00th=[  429], 90.00th=[  627], 95.00th=[  824],
     | 99.00th=[ 1319], 99.50th=[ 1893], 99.90th=[ 4555], 99.95th=[ 5800],
     | 99.99th=[16712]
   bw (  KiB/s): min=351216, max=441168, per=49.98%, avg=403743.59, stdev=22844.27, samples=59
   iops        : min=87804, max=110292, avg=100935.90, stdev=5711.07, samples=59
  lat (usec)   : 100=2.60%, 250=56.62%, 500=25.19%, 750=9.07%, 1000=3.96%
  lat (msec)   : 2=2.09%, 4=0.31%, 10=0.14%, 20=0.02%, 50=0.01%
  cpu          : usr=21.10%, sys=25.37%, ctx=409693, majf=0, minf=11
  IO depths    : 1=0.1%, 2=0.1%, 4=0.1%, 8=0.1%, 16=0.1%, 32=100.0%, >=64=0.0%
     submit    : 0=0.0%, 4=100.0%, 8=0.0%, 16=0.0%, 32=0.0%, 64=0.0%, >=64=0.0%
     complete  : 0=0.0%, 4=100.0%, 8=0.0%, 16=0.0%, 32=0.1%, 64=0.0%, >=64=0.0%
     issued rwts: total=0,3028947,0,0 short=0,0,0,0 dropped=0,0,0,0
     latency   : target=0, window=0, percentile=100.00%, depth=32
/dev/nvme0n1: (groupid=0, jobs=1): err= 0: pid=17023: Wed Jul 13 13:27:55 2022
  write: IOPS=101k, BW=394MiB/s (414MB/s)(11.6GiB/30001msec); 0 zone resets
    slat (nsec): min=1371, max=85618, avg=2528.90, stdev=1493.59
    clat (usec): min=72, max=23237, avg=313.76, stdev=408.09
     lat (usec): min=75, max=23238, avg=316.35, stdev=408.00
    clat percentiles (usec):
     |  1.00th=[   91],  5.00th=[  106], 10.00th=[  114], 20.00th=[  133],
     | 30.00th=[  147], 40.00th=[  169], 50.00th=[  204], 60.00th=[  255],
     | 70.00th=[  326], 80.00th=[  429], 90.00th=[  627], 95.00th=[  824],
     | 99.00th=[ 1319], 99.50th=[ 1893], 99.90th=[ 4555], 99.95th=[ 5800],
     | 99.99th=[16581]
   bw (  KiB/s): min=351216, max=441984, per=50.00%, avg=403884.20, stdev=22880.74, samples=59
   iops        : min=87804, max=110496, avg=100971.05, stdev=5720.14, samples=59
  lat (usec)   : 100=2.67%, 250=56.52%, 500=25.20%, 750=9.08%, 1000=3.96%
  lat (msec)   : 2=2.09%, 4=0.31%, 10=0.14%, 20=0.02%, 50=0.01%
  cpu          : usr=20.40%, sys=26.04%, ctx=411443, majf=0, minf=13
  IO depths    : 1=0.1%, 2=0.1%, 4=0.1%, 8=0.1%, 16=0.1%, 32=100.0%, >=64=0.0%
     submit    : 0=0.0%, 4=100.0%, 8=0.0%, 16=0.0%, 32=0.0%, 64=0.0%, >=64=0.0%
     complete  : 0=0.0%, 4=100.0%, 8=0.0%, 16=0.0%, 32=0.1%, 64=0.0%, >=64=0.0%
     issued rwts: total=0,3029777,0,0 short=0,0,0,0 dropped=0,0,0,0
     latency   : target=0, window=0, percentile=100.00%, depth=32

Run status group 0 (all jobs):
  WRITE: bw=789MiB/s (827MB/s), 394MiB/s-394MiB/s (414MB/s-414MB/s), io=23.1GiB (24.8GB), run=30001-30001msec

Disk stats (read/write):
  nvme0n1: ios=51/6036356, merge=0/0, ticks=3/1609772, in_queue=1609775, util=99.76%
