/dev/nvme0n1: (g=0): rw=randread, bs=(R) 4096B-4096B, (W) 4096B-4096B, (T) 4096B-4096B, ioengine=libaio, iodepth=32
...
fio-3.28
Starting 2 processes

/dev/nvme0n1: (groupid=0, jobs=1): err= 0: pid=23011: Sat Jul  9 11:25:11 2022
  read: IOPS=224k, BW=873MiB/s (916MB/s)(8732MiB/10001msec)
    slat (nsec): min=1677, max=227988, avg=2755.15, stdev=1668.15
    clat (usec): min=8, max=8461, avg=139.95, stdev=83.83
     lat (usec): min=12, max=8471, avg=142.76, stdev=83.85
    clat percentiles (usec):
     |  1.00th=[   27],  5.00th=[   64], 10.00th=[   73], 20.00th=[   82],
     | 30.00th=[   92], 40.00th=[  103], 50.00th=[  119], 60.00th=[  137],
     | 70.00th=[  157], 80.00th=[  188], 90.00th=[  241], 95.00th=[  293],
     | 99.00th=[  416], 99.50th=[  469], 99.90th=[  586], 99.95th=[  635],
     | 99.99th=[  758]
   bw (  KiB/s): min=873496, max=899440, per=50.22%, avg=894622.32, stdev=5357.04, samples=19
   iops        : min=218374, max=224860, avg=223655.58, stdev=1339.26, samples=19
  lat (usec)   : 10=0.01%, 20=0.38%, 50=2.84%, 100=34.35%, 250=53.54%
  lat (usec)   : 500=8.57%, 750=0.31%, 1000=0.01%
  lat (msec)   : 2=0.01%, 10=0.01%
  cpu          : usr=35.06%, sys=58.63%, ctx=123203, majf=0, minf=45
  IO depths    : 1=0.1%, 2=0.1%, 4=0.1%, 8=0.1%, 16=0.1%, 32=100.0%, >=64=0.0%
     submit    : 0=0.0%, 4=100.0%, 8=0.0%, 16=0.0%, 32=0.0%, 64=0.0%, >=64=0.0%
     complete  : 0=0.0%, 4=100.0%, 8=0.0%, 16=0.0%, 32=0.1%, 64=0.0%, >=64=0.0%
     issued rwts: total=2235494,0,0,0 short=0,0,0,0 dropped=0,0,0,0
     latency   : target=0, window=0, percentile=100.00%, depth=32
/dev/nvme0n1: (groupid=0, jobs=1): err= 0: pid=23012: Sat Jul  9 11:25:11 2022
  read: IOPS=222k, BW=866MiB/s (909MB/s)(8665MiB/10001msec)
    slat (nsec): min=1694, max=86391, avg=2805.20, stdev=1699.34
    clat (usec): min=4, max=8451, avg=141.00, stdev=83.88
     lat (usec): min=12, max=8461, avg=143.86, stdev=83.91
    clat percentiles (usec):
     |  1.00th=[   28],  5.00th=[   65], 10.00th=[   73], 20.00th=[   83],
     | 30.00th=[   93], 40.00th=[  104], 50.00th=[  120], 60.00th=[  137],
     | 70.00th=[  159], 80.00th=[  190], 90.00th=[  243], 95.00th=[  297],
     | 99.00th=[  420], 99.50th=[  469], 99.90th=[  586], 99.95th=[  635],
     | 99.99th=[  758]
   bw (  KiB/s): min=863664, max=892992, per=49.83%, avg=887703.16, stdev=6010.73, samples=19
   iops        : min=215916, max=223248, avg=221925.79, stdev=1502.68, samples=19
  lat (usec)   : 10=0.01%, 20=0.33%, 50=2.82%, 100=33.51%, 250=54.28%
  lat (usec)   : 500=8.73%, 750=0.32%, 1000=0.01%
  lat (msec)   : 2=0.01%, 10=0.01%
  cpu          : usr=34.33%, sys=59.76%, ctx=114189, majf=0, minf=45
  IO depths    : 1=0.1%, 2=0.1%, 4=0.1%, 8=0.1%, 16=0.1%, 32=100.0%, >=64=0.0%
     submit    : 0=0.0%, 4=100.0%, 8=0.0%, 16=0.0%, 32=0.0%, 64=0.0%, >=64=0.0%
     complete  : 0=0.0%, 4=100.0%, 8=0.0%, 16=0.0%, 32=0.1%, 64=0.0%, >=64=0.0%
     issued rwts: total=2218354,0,0,0 short=0,0,0,0 dropped=0,0,0,0
     latency   : target=0, window=0, percentile=100.00%, depth=32

Run status group 0 (all jobs):
   READ: bw=1740MiB/s (1824MB/s), 866MiB/s-873MiB/s (909MB/s-916MB/s), io=17.0GiB (18.2GB), run=10001-10001msec

Disk stats (read/write):
  nvme0n1: ios=4407780/0, merge=0/0, ticks=546465/0, in_queue=546465, util=99.07%
