/dev/nvme0n1: (g=0): rw=randread, bs=(R) 4096B-4096B, (W) 4096B-4096B, (T) 4096B-4096B, ioengine=libaio, iodepth=32
...
fio-3.28
Starting 2 processes

/dev/nvme0n1: (groupid=0, jobs=1): err= 0: pid=207265: Fri Jul  1 18:55:35 2022
  read: IOPS=222k, BW=868MiB/s (910MB/s)(8683MiB/10001msec)
    slat (nsec): min=1674, max=485902, avg=2776.07, stdev=1750.22
    clat (usec): min=7, max=8495, avg=140.72, stdev=83.49
     lat (usec): min=12, max=8506, avg=143.55, stdev=83.52
    clat percentiles (usec):
     |  1.00th=[   28],  5.00th=[   64], 10.00th=[   73], 20.00th=[   83],
     | 30.00th=[   93], 40.00th=[  104], 50.00th=[  120], 60.00th=[  137],
     | 70.00th=[  159], 80.00th=[  190], 90.00th=[  243], 95.00th=[  293],
     | 99.00th=[  416], 99.50th=[  465], 99.90th=[  578], 99.95th=[  627],
     | 99.99th=[  750]
   bw (  KiB/s): min=864232, max=895224, per=49.92%, avg=889336.42, stdev=7282.62, samples=19
   iops        : min=216058, max=223806, avg=222334.00, stdev=1820.41, samples=19
  lat (usec)   : 10=0.01%, 20=0.35%, 50=2.79%, 100=33.65%, 250=54.22%
  lat (usec)   : 500=8.67%, 750=0.30%, 1000=0.01%
  lat (msec)   : 2=0.01%, 10=0.01%
  cpu          : usr=32.92%, sys=60.89%, ctx=119691, majf=0, minf=47
  IO depths    : 1=0.1%, 2=0.1%, 4=0.1%, 8=0.1%, 16=0.1%, 32=100.0%, >=64=0.0%
     submit    : 0=0.0%, 4=100.0%, 8=0.0%, 16=0.0%, 32=0.0%, 64=0.0%, >=64=0.0%
     complete  : 0=0.0%, 4=100.0%, 8=0.0%, 16=0.0%, 32=0.1%, 64=0.0%, >=64=0.0%
     issued rwts: total=2222921,0,0,0 short=0,0,0,0 dropped=0,0,0,0
     latency   : target=0, window=0, percentile=100.00%, depth=32
/dev/nvme0n1: (groupid=0, jobs=1): err= 0: pid=207266: Fri Jul  1 18:55:35 2022
  read: IOPS=223k, BW=872MiB/s (914MB/s)(8717MiB/10001msec)
    slat (nsec): min=1673, max=487152, avg=2758.78, stdev=1745.50
    clat (usec): min=9, max=8515, avg=140.19, stdev=83.43
     lat (usec): min=11, max=8526, avg=143.01, stdev=83.46
    clat percentiles (usec):
     |  1.00th=[   27],  5.00th=[   64], 10.00th=[   73], 20.00th=[   83],
     | 30.00th=[   92], 40.00th=[  104], 50.00th=[  119], 60.00th=[  137],
     | 70.00th=[  159], 80.00th=[  190], 90.00th=[  241], 95.00th=[  293],
     | 99.00th=[  416], 99.50th=[  465], 99.90th=[  578], 99.95th=[  635],
     | 99.99th=[  758]
   bw (  KiB/s): min=871840, max=898352, per=50.13%, avg=893049.26, stdev=6403.02, samples=19
   iops        : min=217960, max=224588, avg=223262.32, stdev=1600.76, samples=19
  lat (usec)   : 10=0.01%, 20=0.37%, 50=2.81%, 100=34.02%, 250=53.93%
  lat (usec)   : 500=8.57%, 750=0.30%, 1000=0.01%
  lat (msec)   : 2=0.01%, 10=0.01%
  cpu          : usr=34.45%, sys=59.19%, ctx=123344, majf=0, minf=47
  IO depths    : 1=0.1%, 2=0.1%, 4=0.1%, 8=0.1%, 16=0.1%, 32=100.0%, >=64=0.0%
     submit    : 0=0.0%, 4=100.0%, 8=0.0%, 16=0.0%, 32=0.0%, 64=0.0%, >=64=0.0%
     complete  : 0=0.0%, 4=100.0%, 8=0.0%, 16=0.0%, 32=0.1%, 64=0.0%, >=64=0.0%
     issued rwts: total=2231521,0,0,0 short=0,0,0,0 dropped=0,0,0,0
     latency   : target=0, window=0, percentile=100.00%, depth=32

Run status group 0 (all jobs):
   READ: bw=1740MiB/s (1824MB/s), 868MiB/s-872MiB/s (910MB/s-914MB/s), io=17.0GiB (18.2GB), run=10001-10001msec

Disk stats (read/write):
  nvme0n1: ios=4408917/0, merge=0/0, ticks=546411/0, in_queue=546411, util=99.06%
