/dev/nvme0n1: (g=0): rw=randwrite, bs=(R) 512B-64.0KiB, (W) 512B-64.0KiB, (T) 512B-64.0KiB, ioengine=libaio, iodepth=16
...
fio-3.28
Starting 2 processes

/dev/nvme0n1: (groupid=0, jobs=1): err= 0: pid=10215: Thu Jul 21 10:50:25 2022
  write: IOPS=46.4k, BW=347MiB/s (363MB/s)(6932MiB/20001msec); 0 zone resets
    slat (nsec): min=1443, max=94636, avg=3868.56, stdev=1703.25
    clat (usec): min=102, max=2998, avg=339.64, stdev=70.59
     lat (usec): min=106, max=3001, avg=343.58, stdev=70.59
    clat percentiles (usec):
     |  1.00th=[  260],  5.00th=[  289], 10.00th=[  302], 20.00th=[  314],
     | 30.00th=[  322], 40.00th=[  330], 50.00th=[  338], 60.00th=[  347],
     | 70.00th=[  355], 80.00th=[  363], 90.00th=[  375], 95.00th=[  388],
     | 99.00th=[  416], 99.50th=[  437], 99.90th=[  553], 99.95th=[ 2671],
     | 99.99th=[ 2835]
   bw (  KiB/s): min=347514, max=362621, per=50.15%, avg=355070.13, stdev=3422.78, samples=39
   iops        : min=46146, max=46586, avg=46415.54, stdev=99.89, samples=39
  lat (usec)   : 250=0.64%, 500=99.22%, 750=0.06%, 1000=0.01%
  lat (msec)   : 2=0.01%, 4=0.07%
  cpu          : usr=17.84%, sys=22.27%, ctx=622488, majf=0, minf=13
  IO depths    : 1=0.1%, 2=0.1%, 4=0.1%, 8=0.1%, 16=100.0%, 32=0.0%, >=64=0.0%
     submit    : 0=0.0%, 4=100.0%, 8=0.0%, 16=0.0%, 32=0.0%, 64=0.0%, >=64=0.0%
     complete  : 0=0.0%, 4=100.0%, 8=0.0%, 16=0.1%, 32=0.0%, 64=0.0%, >=64=0.0%
     issued rwts: total=0,927852,0,0 short=0,0,0,0 dropped=0,0,0,0
     latency   : target=0, window=0, percentile=100.00%, depth=16
/dev/nvme0n1: (groupid=0, jobs=1): err= 0: pid=10216: Thu Jul 21 10:50:25 2022
  write: IOPS=46.4k, BW=345MiB/s (362MB/s)(6898MiB/20001msec); 0 zone resets
    slat (nsec): min=1461, max=495261, avg=3910.10, stdev=1812.90
    clat (usec): min=62, max=2987, avg=339.74, stdev=70.81
     lat (usec): min=65, max=2989, avg=343.72, stdev=70.81
    clat percentiles (usec):
     |  1.00th=[  260],  5.00th=[  289], 10.00th=[  302], 20.00th=[  314],
     | 30.00th=[  322], 40.00th=[  330], 50.00th=[  338], 60.00th=[  347],
     | 70.00th=[  355], 80.00th=[  363], 90.00th=[  375], 95.00th=[  388],
     | 99.00th=[  416], 99.50th=[  437], 99.90th=[  562], 99.95th=[ 2671],
     | 99.99th=[ 2835]
   bw (  KiB/s): min=347188, max=359131, per=49.92%, avg=353480.95, stdev=3040.11, samples=39
   iops        : min=46032, max=46604, avg=46398.00, stdev=107.50, samples=39
  lat (usec)   : 100=0.01%, 250=0.62%, 500=99.24%, 750=0.06%, 1000=0.01%
  lat (msec)   : 2=0.01%, 4=0.07%
  cpu          : usr=18.90%, sys=21.37%, ctx=618817, majf=0, minf=13
  IO depths    : 1=0.1%, 2=0.1%, 4=0.1%, 8=0.1%, 16=100.0%, 32=0.0%, >=64=0.0%
     submit    : 0=0.0%, 4=100.0%, 8=0.0%, 16=0.0%, 32=0.0%, 64=0.0%, >=64=0.0%
     complete  : 0=0.0%, 4=100.0%, 8=0.0%, 16=0.1%, 32=0.0%, 64=0.0%, >=64=0.0%
     issued rwts: total=0,927471,0,0 short=0,0,0,0 dropped=0,0,0,0
     latency   : target=0, window=0, percentile=100.00%, depth=16

Run status group 0 (all jobs):
  WRITE: bw=691MiB/s (725MB/s), 345MiB/s-347MiB/s (362MB/s-363MB/s), io=13.5GiB (14.5GB), run=20001-20001msec

Disk stats (read/write):
  nvme0n1: ios=51/1845554, merge=0/0, ticks=10/621386, in_queue=621396, util=99.62%
