/dev/nvme0n1: (g=0): rw=rw, bs=(R) 128KiB-128KiB, (W) 128KiB-128KiB, (T) 128KiB-128KiB, ioengine=libaio, iodepth=32
fio-3.28
Starting 1 process

/dev/nvme0n1: (groupid=0, jobs=1): err= 0: pid=16760: Wed Jul 13 13:26:43 2022
  write: IOPS=14.1k, BW=1761MiB/s (1846MB/s)(103GiB/60006msec); 0 zone resets
    slat (usec): min=5, max=561, avg=15.81, stdev= 9.74
    clat (usec): min=347, max=40715, avg=2253.94, stdev=2011.72
     lat (usec): min=367, max=40737, avg=2269.89, stdev=2018.37
    clat percentiles (usec):
     |  1.00th=[ 1172],  5.00th=[ 1172], 10.00th=[ 1172], 20.00th=[ 1172],
     | 30.00th=[ 1188], 40.00th=[ 1188], 50.00th=[ 1188], 60.00th=[ 1188],
     | 70.00th=[ 1205], 80.00th=[ 4424], 90.00th=[ 5211], 95.00th=[ 5604],
     | 99.00th=[ 8848], 99.50th=[ 9765], 99.90th=[12911], 99.95th=[22676],
     | 99.99th=[27919]
   bw (  MiB/s): min=  659, max= 3276, per=100.00%, avg=1770.10, stdev=1235.92, samples=119
   iops        : min= 5278, max=26212, avg=14160.77, stdev=9887.36, samples=119
  lat (usec)   : 500=0.01%, 750=0.01%, 1000=0.01%
  lat (msec)   : 2=74.07%, 4=1.95%, 10=23.55%, 20=0.34%, 50=0.08%
  cpu          : usr=17.34%, sys=18.48%, ctx=727922, majf=0, minf=10
  IO depths    : 1=0.1%, 2=0.1%, 4=0.1%, 8=0.1%, 16=0.1%, 32=100.0%, >=64=0.0%
     submit    : 0=0.0%, 4=100.0%, 8=0.0%, 16=0.0%, 32=0.0%, 64=0.0%, >=64=0.0%
     complete  : 0=0.0%, 4=100.0%, 8=0.0%, 16=0.0%, 32=0.1%, 64=0.0%, >=64=0.0%
     issued rwts: total=0,845245,0,0 short=0,0,0,0 dropped=0,0,0,0
     latency   : target=0, window=0, percentile=100.00%, depth=32

Run status group 0 (all jobs):
  WRITE: bw=1761MiB/s (1846MB/s), 1761MiB/s-1761MiB/s (1846MB/s-1846MB/s), io=103GiB (111GB), run=60006-60006msec

Disk stats (read/write):
  nvme0n1: ios=48/844582, merge=0/0, ticks=1/1891451, in_queue=1891453, util=99.93%
