/dev/nvme0n1: (g=0): rw=read, bs=(R) 4096B-4096B, (W) 4096B-4096B, (T) 4096B-4096B, ioengine=libaio, iodepth=64
...
fio-3.28
Starting 4 processes

/dev/nvme0n1: (groupid=0, jobs=1): err= 0: pid=16930: Wed Jul 13 13:27:14 2022
  read: IOPS=209k, BW=817MiB/s (857MB/s)(8175MiB/10001msec)
    slat (nsec): min=1482, max=5352.2k, avg=2362.11, stdev=7112.48
    clat (usec): min=61, max=6445, avg=302.63, stdev=286.41
     lat (usec): min=93, max=6447, avg=305.05, stdev=286.55
    clat percentiles (usec):
     |  1.00th=[  111],  5.00th=[  117], 10.00th=[  121], 20.00th=[  126],
     | 30.00th=[  131], 40.00th=[  137], 50.00th=[  149], 60.00th=[  188],
     | 70.00th=[  269], 80.00th=[  502], 90.00th=[  775], 95.00th=[  922],
     | 99.00th=[ 1221], 99.50th=[ 1319], 99.90th=[ 1483], 99.95th=[ 2245],
     | 99.99th=[ 3064]
   bw (  KiB/s): min=704072, max=859744, per=24.99%, avg=836923.79, stdev=33172.82, samples=19
   iops        : min=176018, max=214936, avg=209230.95, stdev=8293.20, samples=19
  lat (usec)   : 100=0.02%, 250=68.34%, 500=11.65%, 750=9.18%, 1000=7.33%
  lat (msec)   : 2=3.40%, 4=0.07%, 10=0.01%
  cpu          : usr=39.78%, sys=47.51%, ctx=222921, majf=0, minf=76
  IO depths    : 1=0.1%, 2=0.1%, 4=0.1%, 8=0.1%, 16=0.1%, 32=0.1%, >=64=100.0%
     submit    : 0=0.0%, 4=100.0%, 8=0.0%, 16=0.0%, 32=0.0%, 64=0.0%, >=64=0.0%
     complete  : 0=0.0%, 4=100.0%, 8=0.0%, 16=0.0%, 32=0.0%, 64=0.1%, >=64=0.0%
     issued rwts: total=2092879,0,0,0 short=0,0,0,0 dropped=0,0,0,0
     latency   : target=0, window=0, percentile=100.00%, depth=64
/dev/nvme0n1: (groupid=0, jobs=1): err= 0: pid=16931: Wed Jul 13 13:27:14 2022
  read: IOPS=210k, BW=819MiB/s (859MB/s)(8189MiB/10001msec)
    slat (nsec): min=1490, max=2008.5k, avg=2359.98, stdev=4850.44
    clat (usec): min=78, max=7081, avg=302.11, stdev=287.63
     lat (usec): min=95, max=7084, avg=304.52, stdev=287.72
    clat percentiles (usec):
     |  1.00th=[  111],  5.00th=[  117], 10.00th=[  121], 20.00th=[  126],
     | 30.00th=[  131], 40.00th=[  137], 50.00th=[  149], 60.00th=[  188],
     | 70.00th=[  269], 80.00th=[  498], 90.00th=[  766], 95.00th=[  922],
     | 99.00th=[ 1221], 99.50th=[ 1319], 99.90th=[ 1516], 99.95th=[ 2311],
     | 99.99th=[ 3556]
   bw (  KiB/s): min=708608, max=856648, per=25.04%, avg=838679.58, stdev=32523.32, samples=19
   iops        : min=177152, max=214162, avg=209669.89, stdev=8130.83, samples=19
  lat (usec)   : 100=0.02%, 250=68.38%, 500=11.71%, 750=9.22%, 1000=7.25%
  lat (msec)   : 2=3.35%, 4=0.06%, 10=0.01%
  cpu          : usr=38.09%, sys=49.55%, ctx=217014, majf=0, minf=77
  IO depths    : 1=0.1%, 2=0.1%, 4=0.1%, 8=0.1%, 16=0.1%, 32=0.1%, >=64=100.0%
     submit    : 0=0.0%, 4=100.0%, 8=0.0%, 16=0.0%, 32=0.0%, 64=0.0%, >=64=0.0%
     complete  : 0=0.0%, 4=100.0%, 8=0.0%, 16=0.0%, 32=0.0%, 64=0.1%, >=64=0.0%
     issued rwts: total=2096487,0,0,0 short=0,0,0,0 dropped=0,0,0,0
     latency   : target=0, window=0, percentile=100.00%, depth=64
/dev/nvme0n1: (groupid=0, jobs=1): err= 0: pid=16932: Wed Jul 13 13:27:14 2022
  read: IOPS=209k, BW=817MiB/s (857MB/s)(8170MiB/10001msec)
    slat (nsec): min=1502, max=4056.7k, avg=2367.36, stdev=6241.93
    clat (usec): min=75, max=10023, avg=302.83, stdev=291.78
     lat (usec): min=96, max=10024, avg=305.25, stdev=291.89
    clat percentiles (usec):
     |  1.00th=[  111],  5.00th=[  117], 10.00th=[  121], 20.00th=[  126],
     | 30.00th=[  131], 40.00th=[  137], 50.00th=[  149], 60.00th=[  188],
     | 70.00th=[  269], 80.00th=[  498], 90.00th=[  766], 95.00th=[  922],
     | 99.00th=[ 1221], 99.50th=[ 1319], 99.90th=[ 1467], 99.95th=[ 2245],
     | 99.99th=[ 4293]
   bw (  KiB/s): min=723928, max=852784, per=24.98%, avg=836587.37, stdev=28099.02, samples=19
   iops        : min=180982, max=213196, avg=209146.84, stdev=7024.76, samples=19
  lat (usec)   : 100=0.02%, 250=68.24%, 500=11.76%, 750=9.23%, 1000=7.33%
  lat (msec)   : 2=3.35%, 4=0.05%, 10=0.02%, 20=0.01%
  cpu          : usr=38.00%, sys=49.49%, ctx=218014, majf=0, minf=79
  IO depths    : 1=0.1%, 2=0.1%, 4=0.1%, 8=0.1%, 16=0.1%, 32=0.1%, >=64=100.0%
     submit    : 0=0.0%, 4=100.0%, 8=0.0%, 16=0.0%, 32=0.0%, 64=0.0%, >=64=0.0%
     complete  : 0=0.0%, 4=100.0%, 8=0.0%, 16=0.0%, 32=0.0%, 64=0.1%, >=64=0.0%
     issued rwts: total=2091490,0,0,0 short=0,0,0,0 dropped=0,0,0,0
     latency   : target=0, window=0, percentile=100.00%, depth=64
/dev/nvme0n1: (groupid=0, jobs=1): err= 0: pid=16933: Wed Jul 13 13:27:14 2022
  read: IOPS=209k, BW=817MiB/s (857MB/s)(8174MiB/10001msec)
    slat (nsec): min=1495, max=5767.5k, avg=2357.73, stdev=7167.89
    clat (usec): min=71, max=9894, avg=302.68, stdev=294.55
     lat (usec): min=94, max=9897, avg=305.09, stdev=294.68
    clat percentiles (usec):
     |  1.00th=[  111],  5.00th=[  117], 10.00th=[  121], 20.00th=[  126],
     | 30.00th=[  131], 40.00th=[  137], 50.00th=[  149], 60.00th=[  188],
     | 70.00th=[  269], 80.00th=[  498], 90.00th=[  766], 95.00th=[  922],
     | 99.00th=[ 1221], 99.50th=[ 1319], 99.90th=[ 1467], 99.95th=[ 2278],
     | 99.99th=[ 5473]
   bw (  KiB/s): min=729896, max=855024, per=24.99%, avg=837075.37, stdev=26886.94, samples=19
   iops        : min=182474, max=213756, avg=209268.84, stdev=6721.74, samples=19
  lat (usec)   : 100=0.02%, 250=68.25%, 500=11.77%, 750=9.23%, 1000=7.30%
  lat (msec)   : 2=3.36%, 4=0.05%, 10=0.02%
  cpu          : usr=39.96%, sys=47.27%, ctx=223756, majf=0, minf=78
  IO depths    : 1=0.1%, 2=0.1%, 4=0.1%, 8=0.1%, 16=0.1%, 32=0.1%, >=64=100.0%
     submit    : 0=0.0%, 4=100.0%, 8=0.0%, 16=0.0%, 32=0.0%, 64=0.0%, >=64=0.0%
     complete  : 0=0.0%, 4=100.0%, 8=0.0%, 16=0.0%, 32=0.0%, 64=0.1%, >=64=0.0%
     issued rwts: total=2092601,0,0,0 short=0,0,0,0 dropped=0,0,0,0
     latency   : target=0, window=0, percentile=100.00%, depth=64

Run status group 0 (all jobs):
   READ: bw=3271MiB/s (3429MB/s), 817MiB/s-819MiB/s (857MB/s-859MB/s), io=31.9GiB (34.3GB), run=10001-10001msec

Disk stats (read/write):
  nvme0n1: ios=8284986/0, merge=0/0, ticks=2317433/0, in_queue=2317433, util=99.06%
