/dev/nvme0n1: (g=0): rw=read, bs=(R) 4096B-4096B, (W) 4096B-4096B, (T) 4096B-4096B, ioengine=libaio, iodepth=64
...
fio-3.28
Starting 4 processes

/dev/nvme0n1: (groupid=0, jobs=1): err= 0: pid=10275: Thu Jul 21 10:50:55 2022
  read: IOPS=40.1k, BW=157MiB/s (164MB/s)(4696MiB/30002msec)
    slat (nsec): min=1476, max=368166, avg=3762.41, stdev=2338.05
    clat (usec): min=1051, max=8767, avg=1592.09, stdev=60.20
     lat (usec): min=1058, max=8777, avg=1595.94, stdev=60.25
    clat percentiles (usec):
     |  1.00th=[ 1516],  5.00th=[ 1549], 10.00th=[ 1565], 20.00th=[ 1565],
     | 30.00th=[ 1582], 40.00th=[ 1598], 50.00th=[ 1598], 60.00th=[ 1598],
     | 70.00th=[ 1598], 80.00th=[ 1614], 90.00th=[ 1614], 95.00th=[ 1631],
     | 99.00th=[ 1647], 99.50th=[ 1663], 99.90th=[ 1713], 99.95th=[ 1942],
     | 99.99th=[ 3392]
   bw (  KiB/s): min=158832, max=164144, per=25.00%, avg=160309.56, stdev=1259.49, samples=59
   iops        : min=39708, max=41036, avg=40077.42, stdev=314.87, samples=59
  lat (msec)   : 2=99.96%, 4=0.04%, 10=0.01%
  cpu          : usr=12.89%, sys=17.35%, ctx=368690, majf=0, minf=75
  IO depths    : 1=0.1%, 2=0.1%, 4=0.1%, 8=0.1%, 16=0.1%, 32=0.1%, >=64=100.0%
     submit    : 0=0.0%, 4=100.0%, 8=0.0%, 16=0.0%, 32=0.0%, 64=0.0%, >=64=0.0%
     complete  : 0=0.0%, 4=100.0%, 8=0.0%, 16=0.0%, 32=0.0%, 64=0.1%, >=64=0.0%
     issued rwts: total=1202124,0,0,0 short=0,0,0,0 dropped=0,0,0,0
     latency   : target=0, window=0, percentile=100.00%, depth=64
/dev/nvme0n1: (groupid=0, jobs=1): err= 0: pid=10276: Thu Jul 21 10:50:55 2022
  read: IOPS=40.1k, BW=156MiB/s (164MB/s)(4695MiB/30002msec)
    slat (nsec): min=1450, max=512932, avg=3752.64, stdev=2405.76
    clat (usec): min=417, max=8291, avg=1592.29, stdev=63.11
     lat (usec): min=419, max=8364, avg=1596.12, stdev=63.16
    clat percentiles (usec):
     |  1.00th=[ 1532],  5.00th=[ 1549], 10.00th=[ 1565], 20.00th=[ 1565],
     | 30.00th=[ 1582], 40.00th=[ 1598], 50.00th=[ 1598], 60.00th=[ 1598],
     | 70.00th=[ 1598], 80.00th=[ 1614], 90.00th=[ 1614], 95.00th=[ 1631],
     | 99.00th=[ 1647], 99.50th=[ 1663], 99.90th=[ 1713], 99.95th=[ 1958],
     | 99.99th=[ 4686]
   bw (  KiB/s): min=158920, max=163136, per=25.00%, avg=160290.58, stdev=1012.10, samples=59
   iops        : min=39730, max=40784, avg=40072.68, stdev=253.00, samples=59
  lat (usec)   : 500=0.01%, 750=0.01%, 1000=0.01%
  lat (msec)   : 2=99.95%, 4=0.04%, 10=0.01%
  cpu          : usr=13.23%, sys=17.05%, ctx=362356, majf=0, minf=76
  IO depths    : 1=0.1%, 2=0.1%, 4=0.1%, 8=0.1%, 16=0.1%, 32=0.1%, >=64=100.0%
     submit    : 0=0.0%, 4=100.0%, 8=0.0%, 16=0.0%, 32=0.0%, 64=0.0%, >=64=0.0%
     complete  : 0=0.0%, 4=100.0%, 8=0.0%, 16=0.0%, 32=0.0%, 64=0.1%, >=64=0.0%
     issued rwts: total=1201951,0,0,0 short=0,0,0,0 dropped=0,0,0,0
     latency   : target=0, window=0, percentile=100.00%, depth=64
/dev/nvme0n1: (groupid=0, jobs=1): err= 0: pid=10277: Thu Jul 21 10:50:55 2022
  read: IOPS=40.1k, BW=157MiB/s (164MB/s)(4697MiB/30002msec)
    slat (nsec): min=1467, max=204322, avg=3772.00, stdev=2301.05
    clat (usec): min=806, max=8703, avg=1591.50, stdev=76.49
     lat (usec): min=810, max=8705, avg=1595.35, stdev=76.50
    clat percentiles (usec):
     |  1.00th=[ 1516],  5.00th=[ 1549], 10.00th=[ 1565], 20.00th=[ 1565],
     | 30.00th=[ 1582], 40.00th=[ 1598], 50.00th=[ 1598], 60.00th=[ 1598],
     | 70.00th=[ 1598], 80.00th=[ 1614], 90.00th=[ 1614], 95.00th=[ 1631],
     | 99.00th=[ 1647], 99.50th=[ 1663], 99.90th=[ 1696], 99.95th=[ 1795],
     | 99.99th=[ 7242]
   bw (  KiB/s): min=157576, max=163552, per=25.01%, avg=160367.59, stdev=1268.82, samples=59
   iops        : min=39394, max=40888, avg=40091.90, stdev=317.20, samples=59
  lat (usec)   : 1000=0.01%
  lat (msec)   : 2=99.96%, 4=0.03%, 10=0.01%
  cpu          : usr=13.32%, sys=17.25%, ctx=373944, majf=0, minf=77
  IO depths    : 1=0.1%, 2=0.1%, 4=0.1%, 8=0.1%, 16=0.1%, 32=0.1%, >=64=100.0%
     submit    : 0=0.0%, 4=100.0%, 8=0.0%, 16=0.0%, 32=0.0%, 64=0.0%, >=64=0.0%
     complete  : 0=0.0%, 4=100.0%, 8=0.0%, 16=0.0%, 32=0.0%, 64=0.1%, >=64=0.0%
     issued rwts: total=1202541,0,0,0 short=0,0,0,0 dropped=0,0,0,0
     latency   : target=0, window=0, percentile=100.00%, depth=64
/dev/nvme0n1: (groupid=0, jobs=1): err= 0: pid=10278: Thu Jul 21 10:50:55 2022
  read: IOPS=40.1k, BW=157MiB/s (164MB/s)(4698MiB/30002msec)
    slat (nsec): min=1470, max=507324, avg=3743.16, stdev=2339.03
    clat (usec): min=645, max=8541, avg=1591.20, stdev=60.46
     lat (usec): min=648, max=8550, avg=1595.03, stdev=60.50
    clat percentiles (usec):
     |  1.00th=[ 1516],  5.00th=[ 1549], 10.00th=[ 1565], 20.00th=[ 1565],
     | 30.00th=[ 1582], 40.00th=[ 1598], 50.00th=[ 1598], 60.00th=[ 1598],
     | 70.00th=[ 1598], 80.00th=[ 1598], 90.00th=[ 1614], 95.00th=[ 1631],
     | 99.00th=[ 1647], 99.50th=[ 1663], 99.90th=[ 1778], 99.95th=[ 2024],
     | 99.99th=[ 3392]
   bw (  KiB/s): min=158888, max=163800, per=25.02%, avg=160408.14, stdev=1112.58, samples=59
   iops        : min=39722, max=40950, avg=40102.03, stdev=278.14, samples=59
  lat (usec)   : 750=0.01%, 1000=0.01%
  lat (msec)   : 2=99.94%, 4=0.05%, 10=0.01%
  cpu          : usr=13.17%, sys=17.18%, ctx=374702, majf=0, minf=76
  IO depths    : 1=0.1%, 2=0.1%, 4=0.1%, 8=0.1%, 16=0.1%, 32=0.1%, >=64=100.0%
     submit    : 0=0.0%, 4=100.0%, 8=0.0%, 16=0.0%, 32=0.0%, 64=0.0%, >=64=0.0%
     complete  : 0=0.0%, 4=100.0%, 8=0.0%, 16=0.0%, 32=0.0%, 64=0.1%, >=64=0.0%
     issued rwts: total=1202782,0,0,0 short=0,0,0,0 dropped=0,0,0,0
     latency   : target=0, window=0, percentile=100.00%, depth=64

Run status group 0 (all jobs):
   READ: bw=626MiB/s (657MB/s), 156MiB/s-157MiB/s (164MB/s-164MB/s), io=18.3GiB (19.7GB), run=30002-30002msec

Disk stats (read/write):
  nvme0n1: ios=4792242/0, merge=0/0, ticks=7530798/0, in_queue=7530798, util=99.72%
