/dev/nvme0n1: (g=0): rw=randread, bs=(R) 4096B-4096B, (W) 4096B-4096B, (T) 4096B-4096B, ioengine=libaio, iodepth=32
...
fio-3.28
Starting 2 processes

/dev/nvme0n1: (groupid=0, jobs=1): err= 0: pid=15420: Sat Jul  9 11:22:17 2022
  read: IOPS=222k, BW=866MiB/s (909MB/s)(8665MiB/10001msec)
    slat (nsec): min=1682, max=129999, avg=2768.77, stdev=1640.02
    clat (usec): min=9, max=8576, avg=141.01, stdev=84.18
     lat (usec): min=11, max=8586, avg=143.84, stdev=84.20
    clat percentiles (usec):
     |  1.00th=[   28],  5.00th=[   65], 10.00th=[   73], 20.00th=[   83],
     | 30.00th=[   93], 40.00th=[  104], 50.00th=[  120], 60.00th=[  137],
     | 70.00th=[  159], 80.00th=[  190], 90.00th=[  243], 95.00th=[  297],
     | 99.00th=[  420], 99.50th=[  474], 99.90th=[  594], 99.95th=[  644],
     | 99.99th=[  758]
   bw (  KiB/s): min=860400, max=892600, per=49.84%, avg=887739.37, stdev=6770.34, samples=19
   iops        : min=215100, max=223150, avg=221934.95, stdev=1692.60, samples=19
  lat (usec)   : 10=0.01%, 20=0.34%, 50=2.82%, 100=33.63%, 250=54.16%
  lat (usec)   : 500=8.71%, 750=0.34%, 1000=0.01%
  lat (msec)   : 2=0.01%, 10=0.01%
  cpu          : usr=35.97%, sys=57.99%, ctx=116608, majf=0, minf=43
  IO depths    : 1=0.1%, 2=0.1%, 4=0.1%, 8=0.1%, 16=0.1%, 32=100.0%, >=64=0.0%
     submit    : 0=0.0%, 4=100.0%, 8=0.0%, 16=0.0%, 32=0.0%, 64=0.0%, >=64=0.0%
     complete  : 0=0.0%, 4=100.0%, 8=0.0%, 16=0.0%, 32=0.1%, 64=0.0%, >=64=0.0%
     issued rwts: total=2218367,0,0,0 short=0,0,0,0 dropped=0,0,0,0
     latency   : target=0, window=0, percentile=100.00%, depth=32
/dev/nvme0n1: (groupid=0, jobs=1): err= 0: pid=15421: Sat Jul  9 11:22:17 2022
  read: IOPS=224k, BW=873MiB/s (916MB/s)(8732MiB/10001msec)
    slat (nsec): min=1675, max=511310, avg=2735.02, stdev=1655.12
    clat (usec): min=8, max=8456, avg=139.96, stdev=84.15
     lat (usec): min=12, max=8480, avg=142.75, stdev=84.18
    clat percentiles (usec):
     |  1.00th=[   27],  5.00th=[   64], 10.00th=[   72], 20.00th=[   82],
     | 30.00th=[   92], 40.00th=[  103], 50.00th=[  119], 60.00th=[  135],
     | 70.00th=[  157], 80.00th=[  188], 90.00th=[  241], 95.00th=[  293],
     | 99.00th=[  416], 99.50th=[  469], 99.90th=[  594], 99.95th=[  644],
     | 99.99th=[  783]
   bw (  KiB/s): min=868720, max=898744, per=50.22%, avg=894499.37, stdev=6411.75, samples=19
   iops        : min=217180, max=224686, avg=223624.84, stdev=1602.94, samples=19
  lat (usec)   : 10=0.01%, 20=0.39%, 50=2.84%, 100=34.47%, 250=53.37%
  lat (usec)   : 500=8.59%, 750=0.33%, 1000=0.01%
  lat (msec)   : 2=0.01%, 10=0.01%
  cpu          : usr=32.88%, sys=60.69%, ctx=124834, majf=0, minf=43
  IO depths    : 1=0.1%, 2=0.1%, 4=0.1%, 8=0.1%, 16=0.1%, 32=100.0%, >=64=0.0%
     submit    : 0=0.0%, 4=100.0%, 8=0.0%, 16=0.0%, 32=0.0%, 64=0.0%, >=64=0.0%
     complete  : 0=0.0%, 4=100.0%, 8=0.0%, 16=0.0%, 32=0.1%, 64=0.0%, >=64=0.0%
     issued rwts: total=2235334,0,0,0 short=0,0,0,0 dropped=0,0,0,0
     latency   : target=0, window=0, percentile=100.00%, depth=32

Run status group 0 (all jobs):
   READ: bw=1740MiB/s (1824MB/s), 866MiB/s-873MiB/s (909MB/s-916MB/s), io=17.0GiB (18.2GB), run=10001-10001msec

Disk stats (read/write):
  nvme0n1: ios=4407932/0, merge=0/0, ticks=547530/0, in_queue=547530, util=99.06%
