/dev/nvme0n1: (g=0): rw=trim, bs=(R) 4096B-1024KiB, (W) 4096B-1024KiB, (T) 4096B-1024KiB, ioengine=libaio, iodepth=32
fio-3.28
Starting 1 process

/dev/nvme0n1: (groupid=0, jobs=1): err= 0: pid=11707: Thu Jul 21 10:51:21 2022
  trim: IOPS=2140, BW=1924MiB/s (2017MB/s)(37.6GiB/20001msec)
    clat (usec): min=268, max=4848, avg=460.65, stdev=101.28
     lat (usec): min=268, max=4849, avg=461.12, stdev=101.41
    clat percentiles (usec):
     |  1.00th=[  326],  5.00th=[  359], 10.00th=[  375], 20.00th=[  388],
     | 30.00th=[  400], 40.00th=[  408], 50.00th=[  424], 60.00th=[  474],
     | 70.00th=[  502], 80.00th=[  519], 90.00th=[  570], 95.00th=[  611],
     | 99.00th=[  848], 99.50th=[  938], 99.90th=[ 1057], 99.95th=[ 1074],
     | 99.99th=[ 1106]
   bw (  MiB/s): min= 1846, max= 2012, per=100.00%, avg=1926.03, stdev=40.97, samples=39
   iops        : min= 2060, max= 2234, avg=2142.56, stdev=40.76, samples=39
  lat (usec)   : 500=67.11%, 750=30.85%, 1000=1.81%
  lat (msec)   : 2=0.22%, 10=0.01%
  cpu          : usr=3.49%, sys=6.74%, ctx=42827, majf=0, minf=10
  IO depths    : 1=100.0%, 2=0.0%, 4=0.0%, 8=0.0%, 16=0.0%, 32=0.0%, >=64=0.0%
     submit    : 0=0.0%, 4=100.0%, 8=0.0%, 16=0.0%, 32=0.0%, 64=0.0%, >=64=0.0%
     complete  : 0=0.0%, 4=100.0%, 8=0.0%, 16=0.0%, 32=0.0%, 64=0.0%, >=64=0.0%
     issued rwts: total=0,0,42811,0 short=0,0,0,0 dropped=0,0,0,0
     latency   : target=0, window=0, percentile=100.00%, depth=32

Run status group 0 (all jobs):
   TRIM: bw=1924MiB/s (2017MB/s), 1924MiB/s-1924MiB/s (2017MB/s-2017MB/s), io=37.6GiB (40.3GB), run=20001-20001msec

Disk stats (read/write):
  nvme0n1: ios=51/0, merge=0/0, ticks=10/0, in_queue=18254, util=99.69%
