/dev/nvme0n1: (g=0): rw=rw, bs=(R) 128KiB-128KiB, (W) 128KiB-128KiB, (T) 128KiB-128KiB, ioengine=libaio, iodepth=32
fio-3.28
Starting 1 process

/dev/nvme0n1: (groupid=0, jobs=1): err= 0: pid=16533: Thu Jul 21 10:52:30 2022
  write: IOPS=14.1k, BW=1757MiB/s (1842MB/s)(103GiB/60007msec); 0 zone resets
    slat (usec): min=6, max=553, avg=16.88, stdev=10.12
    clat (usec): min=270, max=42612, avg=2258.03, stdev=2019.14
     lat (usec): min=290, max=42639, avg=2275.05, stdev=2026.21
    clat percentiles (usec):
     |  1.00th=[ 1172],  5.00th=[ 1172], 10.00th=[ 1172], 20.00th=[ 1172],
     | 30.00th=[ 1172], 40.00th=[ 1172], 50.00th=[ 1188], 60.00th=[ 1188],
     | 70.00th=[ 1205], 80.00th=[ 4490], 90.00th=[ 5211], 95.00th=[ 5604],
     | 99.00th=[ 8979], 99.50th=[ 9896], 99.90th=[13042], 99.95th=[22676],
     | 99.99th=[26608]
   bw (  MiB/s): min=  665, max= 3275, per=100.00%, avg=1766.34, stdev=1237.02, samples=119
   iops        : min= 5320, max=26200, avg=14130.72, stdev=9896.14, samples=119
  lat (usec)   : 500=0.01%, 750=0.01%, 1000=0.01%
  lat (msec)   : 2=73.95%, 4=2.04%, 10=23.52%, 20=0.40%, 50=0.08%
  cpu          : usr=18.53%, sys=18.99%, ctx=723210, majf=0, minf=11
  IO depths    : 1=0.1%, 2=0.1%, 4=0.1%, 8=0.1%, 16=0.1%, 32=100.0%, >=64=0.0%
     submit    : 0=0.0%, 4=100.0%, 8=0.0%, 16=0.0%, 32=0.0%, 64=0.0%, >=64=0.0%
     complete  : 0=0.0%, 4=100.0%, 8=0.0%, 16=0.0%, 32=0.1%, 64=0.0%, >=64=0.0%
     issued rwts: total=0,843320,0,0 short=0,0,0,0 dropped=0,0,0,0
     latency   : target=0, window=0, percentile=100.00%, depth=32

Run status group 0 (all jobs):
  WRITE: bw=1757MiB/s (1842MB/s), 1757MiB/s-1757MiB/s (1842MB/s-1842MB/s), io=103GiB (111GB), run=60007-60007msec

Disk stats (read/write):
  nvme0n1: ios=48/842789, merge=0/0, ticks=2/1890472, in_queue=1890473, util=99.94%
