/dev/nvme0n1: (g=0): rw=randwrite, bs=(R) 4096B-4096B, (W) 4096B-4096B, (T) 4096B-4096B, ioengine=libaio, iodepth=32
...
fio-3.28
Starting 2 processes

/dev/nvme0n1: (groupid=0, jobs=1): err= 0: pid=37243: Wed Jul 13 13:28:53 2022
  write: IOPS=292k, BW=1141MiB/s (1196MB/s)(33.4GiB/30001msec); 0 zone resets
    slat (nsec): min=1381, max=47169, avg=2193.14, stdev=1092.25
    clat (usec): min=20, max=4024, avg=107.01, stdev=76.56
     lat (usec): min=23, max=4025, avg=109.26, stdev=76.56
    clat percentiles (usec):
     |  1.00th=[  100],  5.00th=[  101], 10.00th=[  102], 20.00th=[  102],
     | 30.00th=[  103], 40.00th=[  103], 50.00th=[  104], 60.00th=[  104],
     | 70.00th=[  105], 80.00th=[  105], 90.00th=[  108], 95.00th=[  122],
     | 99.00th=[  145], 99.50th=[  155], 99.90th=[  180], 99.95th=[  367],
     | 99.99th=[ 3621]
   bw (  MiB/s): min= 1116, max= 1148, per=50.05%, avg=1141.32, stdev= 5.86, samples=59
   iops        : min=285700, max=294070, avg=292177.97, stdev=1500.49, samples=59
  lat (usec)   : 50=0.01%, 100=1.31%, 250=98.64%, 500=0.01%, 750=0.01%
  lat (msec)   : 2=0.01%, 4=0.05%, 10=0.01%
  cpu          : usr=44.10%, sys=54.38%, ctx=206, majf=0, minf=13
  IO depths    : 1=0.1%, 2=0.1%, 4=0.1%, 8=0.1%, 16=0.1%, 32=100.0%, >=64=0.0%
     submit    : 0=0.0%, 4=100.0%, 8=0.0%, 16=0.0%, 32=0.0%, 64=0.0%, >=64=0.0%
     complete  : 0=0.0%, 4=100.0%, 8=0.0%, 16=0.0%, 32=0.1%, 64=0.0%, >=64=0.0%
     issued rwts: total=0,8760295,0,0 short=0,0,0,0 dropped=0,0,0,0
     latency   : target=0, window=0, percentile=100.00%, depth=32
/dev/nvme0n1: (groupid=0, jobs=1): err= 0: pid=37244: Wed Jul 13 13:28:53 2022
  write: IOPS=292k, BW=1140MiB/s (1195MB/s)(33.4GiB/30002msec); 0 zone resets
    slat (nsec): min=1395, max=70728, avg=2190.85, stdev=1062.91
    clat (usec): min=19, max=4020, avg=107.08, stdev=76.58
     lat (usec): min=22, max=4022, avg=109.33, stdev=76.58
    clat percentiles (usec):
     |  1.00th=[  100],  5.00th=[  101], 10.00th=[  102], 20.00th=[  102],
     | 30.00th=[  103], 40.00th=[  103], 50.00th=[  104], 60.00th=[  104],
     | 70.00th=[  105], 80.00th=[  105], 90.00th=[  108], 95.00th=[  122],
     | 99.00th=[  145], 99.50th=[  157], 99.90th=[  184], 99.95th=[  371],
     | 99.99th=[ 3621]
   bw (  MiB/s): min= 1112, max= 1150, per=50.02%, avg=1140.58, stdev= 6.17, samples=59
   iops        : min=284810, max=294586, avg=291987.53, stdev=1579.40, samples=59
  lat (usec)   : 20=0.01%, 50=0.01%, 100=1.21%, 250=98.73%, 500=0.01%
  lat (usec)   : 750=0.01%
  lat (msec)   : 2=0.01%, 4=0.05%, 10=0.01%
  cpu          : usr=43.72%, sys=54.74%, ctx=696, majf=0, minf=13
  IO depths    : 1=0.1%, 2=0.1%, 4=0.1%, 8=0.1%, 16=0.1%, 32=100.0%, >=64=0.0%
     submit    : 0=0.0%, 4=100.0%, 8=0.0%, 16=0.0%, 32=0.0%, 64=0.0%, >=64=0.0%
     complete  : 0=0.0%, 4=100.0%, 8=0.0%, 16=0.0%, 32=0.1%, 64=0.0%, >=64=0.0%
     issued rwts: total=0,8754189,0,0 short=0,0,0,0 dropped=0,0,0,0
     latency   : target=0, window=0, percentile=100.00%, depth=32

Run status group 0 (all jobs):
  WRITE: bw=2280MiB/s (2391MB/s), 1140MiB/s-1141MiB/s (1195MB/s-1196MB/s), io=66.8GiB (71.7GB), run=30001-30002msec

Disk stats (read/write):
  nvme0n1: ios=51/17454322, merge=0/0, ticks=9/238262, in_queue=238271, util=99.78%
