/dev/nvme0n1: (g=0): rw=rw, bs=(R) 128KiB-128KiB, (W) 128KiB-128KiB, (T) 128KiB-128KiB, ioengine=libaio, iodepth=32
fio-3.28
Starting 1 process

/dev/nvme0n1: (groupid=0, jobs=1): err= 0: pid=122660: Wed Jun  1 16:33:20 2022
  write: IOPS=231, BW=28.9MiB/s (30.4MB/s)(295MiB/10173msec); 0 zone resets
    slat (usec): min=18, max=192, avg=40.04, stdev=19.77
    clat (msec): min=10, max=582, avg=135.86, stdev=84.31
     lat (msec): min=10, max=582, avg=135.90, stdev=84.31
    clat percentiles (msec):
     |  1.00th=[   27],  5.00th=[   53], 10.00th=[   56], 20.00th=[   75],
     | 30.00th=[   84], 40.00th=[  106], 50.00th=[  112], 60.00th=[  134],
     | 70.00th=[  167], 80.00th=[  194], 90.00th=[  239], 95.00th=[  284],
     | 99.00th=[  510], 99.50th=[  531], 99.90th=[  584], 99.95th=[  584],
     | 99.99th=[  584]
   bw (  KiB/s): min=15329, max=45732, per=100.00%, avg=29728.75, stdev=8484.52, samples=20
   iops        : min=  119, max=  357, avg=231.95, stdev=66.42, samples=20
  lat (msec)   : 20=0.59%, 50=3.61%, 100=33.32%, 250=55.56%, 500=5.56%
  lat (msec)   : 750=1.36%
  cpu          : usr=0.55%, sys=1.03%, ctx=878, majf=0, minf=12
  IO depths    : 1=0.1%, 2=0.1%, 4=0.2%, 8=0.3%, 16=0.7%, 32=98.7%, >=64=0.0%
     submit    : 0=0.0%, 4=100.0%, 8=0.0%, 16=0.0%, 32=0.0%, 64=0.0%, >=64=0.0%
     complete  : 0=0.0%, 4=100.0%, 8=0.0%, 16=0.0%, 32=0.1%, 64=0.0%, >=64=0.0%
     issued rwts: total=0,2356,0,0 short=0,0,0,0 dropped=0,0,0,0
     latency   : target=0, window=0, percentile=100.00%, depth=32

Run status group 0 (all jobs):
  WRITE: bw=28.9MiB/s (30.4MB/s), 28.9MiB/s-28.9MiB/s (30.4MB/s-30.4MB/s), io=295MiB (309MB), run=10173-10173msec

Disk stats (read/write):
  nvme0n1: ios=4561/76114, merge=0/0, ticks=659445/11430798, in_queue=12090244, util=100.00%
