/dev/nvme0n1: (g=0): rw=read, bs=(R) 4096B-4096B, (W) 4096B-4096B, (T) 4096B-4096B, ioengine=libaio, iodepth=64
...
fio-3.28
Starting 4 processes

/dev/nvme0n1: (groupid=0, jobs=1): err= 0: pid=1228996: Mon Jun  6 13:23:02 2022
  read: IOPS=40.6k, BW=158MiB/s (166MB/s)(1585MiB/10002msec)
    slat (nsec): min=1872, max=71659, avg=3511.72, stdev=2713.16
    clat (usec): min=1008, max=4411, avg=1572.90, stdev=39.26
     lat (usec): min=1016, max=4423, avg=1576.48, stdev=39.21
    clat percentiles (usec):
     |  1.00th=[ 1516],  5.00th=[ 1549], 10.00th=[ 1549], 20.00th=[ 1565],
     | 30.00th=[ 1565], 40.00th=[ 1565], 50.00th=[ 1582], 60.00th=[ 1582],
     | 70.00th=[ 1582], 80.00th=[ 1582], 90.00th=[ 1582], 95.00th=[ 1598],
     | 99.00th=[ 1631], 99.50th=[ 1647], 99.90th=[ 1713], 99.95th=[ 1844],
     | 99.99th=[ 4113]
   bw (  KiB/s): min=161768, max=162680, per=25.02%, avg=162361.68, stdev=246.28, samples=19
   iops        : min=40442, max=40670, avg=40590.42, stdev=61.57, samples=19
  lat (msec)   : 2=99.97%, 4=0.02%, 10=0.01%
  cpu          : usr=8.12%, sys=18.16%, ctx=177758, majf=0, minf=77
  IO depths    : 1=0.1%, 2=0.1%, 4=0.1%, 8=0.1%, 16=0.1%, 32=0.1%, >=64=100.0%
     submit    : 0=0.0%, 4=100.0%, 8=0.0%, 16=0.0%, 32=0.0%, 64=0.0%, >=64=0.0%
     complete  : 0=0.0%, 4=100.0%, 8=0.0%, 16=0.0%, 32=0.0%, 64=0.1%, >=64=0.0%
     issued rwts: total=405785,0,0,0 short=0,0,0,0 dropped=0,0,0,0
     latency   : target=0, window=0, percentile=100.00%, depth=64
/dev/nvme0n1: (groupid=0, jobs=1): err= 0: pid=1228997: Mon Jun  6 13:23:02 2022
  read: IOPS=40.6k, BW=158MiB/s (166MB/s)(1585MiB/10002msec)
    slat (nsec): min=1890, max=538335, avg=3518.40, stdev=2876.61
    clat (usec): min=776, max=3141, avg=1573.44, stdev=30.06
     lat (usec): min=1029, max=3144, avg=1577.03, stdev=29.90
    clat percentiles (usec):
     |  1.00th=[ 1516],  5.00th=[ 1549], 10.00th=[ 1549], 20.00th=[ 1565],
     | 30.00th=[ 1565], 40.00th=[ 1565], 50.00th=[ 1582], 60.00th=[ 1582],
     | 70.00th=[ 1582], 80.00th=[ 1582], 90.00th=[ 1598], 95.00th=[ 1598],
     | 99.00th=[ 1631], 99.50th=[ 1647], 99.90th=[ 1680], 99.95th=[ 1762],
     | 99.99th=[ 2933]
   bw (  KiB/s): min=162088, max=162512, per=25.01%, avg=162304.84, stdev=121.88, samples=19
   iops        : min=40522, max=40628, avg=40576.21, stdev=30.47, samples=19
  lat (usec)   : 1000=0.01%
  lat (msec)   : 2=99.97%, 4=0.03%
  cpu          : usr=9.11%, sys=16.91%, ctx=158013, majf=0, minf=77
  IO depths    : 1=0.1%, 2=0.1%, 4=0.1%, 8=0.1%, 16=0.1%, 32=0.1%, >=64=100.0%
     submit    : 0=0.0%, 4=100.0%, 8=0.0%, 16=0.0%, 32=0.0%, 64=0.0%, >=64=0.0%
     complete  : 0=0.0%, 4=100.0%, 8=0.0%, 16=0.0%, 32=0.0%, 64=0.1%, >=64=0.0%
     issued rwts: total=405657,0,0,0 short=0,0,0,0 dropped=0,0,0,0
     latency   : target=0, window=0, percentile=100.00%, depth=64
/dev/nvme0n1: (groupid=0, jobs=1): err= 0: pid=1228998: Mon Jun  6 13:23:02 2022
  read: IOPS=40.6k, BW=158MiB/s (166MB/s)(1584MiB/10002msec)
    slat (nsec): min=1898, max=525299, avg=3525.11, stdev=2948.00
    clat (usec): min=1051, max=3212, avg=1573.54, stdev=32.62
     lat (usec): min=1097, max=3224, avg=1577.17, stdev=32.55
    clat percentiles (usec):
     |  1.00th=[ 1516],  5.00th=[ 1549], 10.00th=[ 1549], 20.00th=[ 1565],
     | 30.00th=[ 1565], 40.00th=[ 1565], 50.00th=[ 1582], 60.00th=[ 1582],
     | 70.00th=[ 1582], 80.00th=[ 1582], 90.00th=[ 1598], 95.00th=[ 1598],
     | 99.00th=[ 1631], 99.50th=[ 1647], 99.90th=[ 1795], 99.95th=[ 2114],
     | 99.99th=[ 2966]
   bw (  KiB/s): min=161592, max=162600, per=25.01%, avg=162287.16, stdev=232.37, samples=19
   iops        : min=40398, max=40650, avg=40571.79, stdev=58.09, samples=19
  lat (msec)   : 2=99.93%, 4=0.07%
  cpu          : usr=9.57%, sys=16.81%, ctx=166750, majf=0, minf=78
  IO depths    : 1=0.1%, 2=0.1%, 4=0.1%, 8=0.1%, 16=0.1%, 32=0.1%, >=64=100.0%
     submit    : 0=0.0%, 4=100.0%, 8=0.0%, 16=0.0%, 32=0.0%, 64=0.0%, >=64=0.0%
     complete  : 0=0.0%, 4=100.0%, 8=0.0%, 16=0.0%, 32=0.0%, 64=0.1%, >=64=0.0%
     issued rwts: total=405595,0,0,0 short=0,0,0,0 dropped=0,0,0,0
     latency   : target=0, window=0, percentile=100.00%, depth=64
/dev/nvme0n1: (groupid=0, jobs=1): err= 0: pid=1228999: Mon Jun  6 13:23:02 2022
  read: IOPS=40.5k, BW=158MiB/s (166MB/s)(1584MiB/10001msec)
    slat (nsec): min=1870, max=501801, avg=3531.06, stdev=2876.88
    clat (usec): min=389, max=2869, avg=1573.79, stdev=32.71
     lat (usec): min=393, max=2877, avg=1577.38, stdev=32.63
    clat percentiles (usec):
     |  1.00th=[ 1516],  5.00th=[ 1549], 10.00th=[ 1549], 20.00th=[ 1565],
     | 30.00th=[ 1565], 40.00th=[ 1565], 50.00th=[ 1582], 60.00th=[ 1582],
     | 70.00th=[ 1582], 80.00th=[ 1582], 90.00th=[ 1598], 95.00th=[ 1614],
     | 99.00th=[ 1631], 99.50th=[ 1647], 99.90th=[ 1811], 99.95th=[ 2180],
     | 99.99th=[ 2606]
   bw (  KiB/s): min=161402, max=162464, per=25.00%, avg=162219.47, stdev=226.16, samples=19
   iops        : min=40350, max=40616, avg=40554.84, stdev=56.64, samples=19
  lat (usec)   : 500=0.01%, 750=0.01%, 1000=0.01%
  lat (msec)   : 2=99.92%, 4=0.06%
  cpu          : usr=8.25%, sys=17.56%, ctx=149753, majf=0, minf=77
  IO depths    : 1=0.1%, 2=0.1%, 4=0.1%, 8=0.1%, 16=0.1%, 32=0.1%, >=64=100.0%
     submit    : 0=0.0%, 4=100.0%, 8=0.0%, 16=0.0%, 32=0.0%, 64=0.0%, >=64=0.0%
     complete  : 0=0.0%, 4=100.0%, 8=0.0%, 16=0.0%, 32=0.0%, 64=0.1%, >=64=0.0%
     issued rwts: total=405524,0,0,0 short=0,0,0,0 dropped=0,0,0,0
     latency   : target=0, window=0, percentile=100.00%, depth=64

Run status group 0 (all jobs):
   READ: bw=634MiB/s (664MB/s), 158MiB/s-158MiB/s (166MB/s-166MB/s), io=6338MiB (6646MB), run=10001-10002msec

Disk stats (read/write):
  nvme0n1: ios=1605396/0, merge=0/0, ticks=2513363/0, in_queue=2513364, util=99.05%
