/dev/nvme0n1: (g=0): rw=rw, bs=(R) 128KiB-128KiB, (W) 128KiB-128KiB, (T) 128KiB-128KiB, ioengine=libaio, iodepth=32
fio-3.28
Starting 1 process

/dev/nvme0n1: (groupid=0, jobs=1): err= 0: pid=3791: Mon May 30 10:08:44 2022
  write: IOPS=24.7k, BW=3084MiB/s (3234MB/s)(30.1GiB/10002msec); 0 zone resets
    slat (usec): min=6, max=505, avg=13.91, stdev= 6.03
    clat (usec): min=375, max=6398, avg=1282.20, stdev=324.39
     lat (usec): min=401, max=6405, avg=1296.19, stdev=324.33
    clat percentiles (usec):
     |  1.00th=[ 1221],  5.00th=[ 1221], 10.00th=[ 1237], 20.00th=[ 1237],
     | 30.00th=[ 1254], 40.00th=[ 1254], 50.00th=[ 1254], 60.00th=[ 1254],
     | 70.00th=[ 1254], 80.00th=[ 1270], 90.00th=[ 1270], 95.00th=[ 1270],
     | 99.00th=[ 1319], 99.50th=[ 4752], 99.90th=[ 4883], 99.95th=[ 6259],
     | 99.99th=[ 6325]
   bw (  MiB/s): min= 3064, max= 3095, per=100.00%, avg=3085.57, stdev= 8.75, samples=19
   iops        : min=24514, max=24760, avg=24684.53, stdev=69.98, samples=19
  lat (usec)   : 500=0.01%, 750=0.01%, 1000=0.01%
  lat (msec)   : 2=99.16%, 4=0.03%, 10=0.78%
  cpu          : usr=20.64%, sys=24.98%, ctx=246155, majf=0, minf=10
  IO depths    : 1=0.1%, 2=0.1%, 4=0.1%, 8=0.1%, 16=0.1%, 32=100.0%, >=64=0.0%
     submit    : 0=0.0%, 4=100.0%, 8=0.0%, 16=0.0%, 32=0.0%, 64=0.0%, >=64=0.0%
     complete  : 0=0.0%, 4=100.0%, 8=0.0%, 16=0.0%, 32=0.1%, 64=0.0%, >=64=0.0%
     issued rwts: total=0,246759,0,0 short=0,0,0,0 dropped=0,0,0,0
     latency   : target=0, window=0, percentile=100.00%, depth=32

Run status group 0 (all jobs):
  WRITE: bw=3084MiB/s (3234MB/s), 3084MiB/s-3084MiB/s (3234MB/s-3234MB/s), io=30.1GiB (32.3GB), run=10002-10002msec

Disk stats (read/write):
  nvme0n1: ios=51/243993, merge=0/0, ticks=10/313497, in_queue=313506, util=99.19%
