/dev/nvme0n1: (g=0): rw=randread, bs=(R) 4096B-4096B, (W) 4096B-4096B, (T) 4096B-4096B, ioengine=libaio, iodepth=32
...
fio-3.28
Starting 2 processes

/dev/nvme0n1: (groupid=0, jobs=1): err= 0: pid=55531: Wed Jun  8 14:29:54 2022
  read: IOPS=210k, BW=821MiB/s (861MB/s)(8215MiB/10001msec)
    slat (nsec): min=1726, max=108536, avg=2842.11, stdev=1828.04
    clat (usec): min=19, max=1102, avg=148.89, stdev=84.20
     lat (usec): min=24, max=1107, avg=151.79, stdev=84.25
    clat percentiles (usec):
     |  1.00th=[   63],  5.00th=[   69], 10.00th=[   75], 20.00th=[   83],
     | 30.00th=[   93], 40.00th=[  109], 50.00th=[  124], 60.00th=[  143],
     | 70.00th=[  167], 80.00th=[  202], 90.00th=[  260], 95.00th=[  318],
     | 99.00th=[  453], 99.50th=[  502], 99.90th=[  627], 99.95th=[  676],
     | 99.99th=[  791]
   bw (  KiB/s): min=791800, max=846896, per=49.95%, avg=841699.79, stdev=12279.50, samples=19
   iops        : min=197950, max=211724, avg=210424.84, stdev=3069.85, samples=19
  lat (usec)   : 20=0.01%, 50=0.03%, 100=35.03%, 250=53.73%, 500=10.69%
  lat (usec)   : 750=0.51%, 1000=0.02%
  lat (msec)   : 2=0.01%
  cpu          : usr=33.15%, sys=58.21%, ctx=170078, majf=0, minf=43
  IO depths    : 1=0.1%, 2=0.1%, 4=0.1%, 8=0.1%, 16=0.1%, 32=100.0%, >=64=0.0%
     submit    : 0=0.0%, 4=100.0%, 8=0.0%, 16=0.0%, 32=0.0%, 64=0.0%, >=64=0.0%
     complete  : 0=0.0%, 4=100.0%, 8=0.0%, 16=0.0%, 32=0.1%, 64=0.0%, >=64=0.0%
     issued rwts: total=2103048,0,0,0 short=0,0,0,0 dropped=0,0,0,0
     latency   : target=0, window=0, percentile=100.00%, depth=32
/dev/nvme0n1: (groupid=0, jobs=1): err= 0: pid=55532: Wed Jun  8 14:29:54 2022
  read: IOPS=211k, BW=824MiB/s (864MB/s)(8243MiB/10001msec)
    slat (nsec): min=1709, max=1539.4k, avg=2808.04, stdev=2137.26
    clat (usec): min=25, max=1872, avg=148.41, stdev=84.31
     lat (usec): min=27, max=1877, avg=151.27, stdev=84.38
    clat percentiles (usec):
     |  1.00th=[   63],  5.00th=[   69], 10.00th=[   74], 20.00th=[   83],
     | 30.00th=[   93], 40.00th=[  108], 50.00th=[  124], 60.00th=[  143],
     | 70.00th=[  167], 80.00th=[  200], 90.00th=[  260], 95.00th=[  318],
     | 99.00th=[  453], 99.50th=[  502], 99.90th=[  627], 99.95th=[  676],
     | 99.99th=[  791]
   bw (  KiB/s): min=789312, max=851080, per=50.10%, avg=844297.26, stdev=13556.89, samples=19
   iops        : min=197328, max=212770, avg=211074.21, stdev=3389.18, samples=19
  lat (usec)   : 50=0.04%, 100=35.35%, 250=53.52%, 500=10.57%, 750=0.51%
  lat (usec)   : 1000=0.02%
  lat (msec)   : 2=0.01%
  cpu          : usr=34.09%, sys=56.87%, ctx=178064, majf=0, minf=44
  IO depths    : 1=0.1%, 2=0.1%, 4=0.1%, 8=0.1%, 16=0.1%, 32=100.0%, >=64=0.0%
     submit    : 0=0.0%, 4=100.0%, 8=0.0%, 16=0.0%, 32=0.0%, 64=0.0%, >=64=0.0%
     complete  : 0=0.0%, 4=100.0%, 8=0.0%, 16=0.0%, 32=0.1%, 64=0.0%, >=64=0.0%
     issued rwts: total=2110195,0,0,0 short=0,0,0,0 dropped=0,0,0,0
     latency   : target=0, window=0, percentile=100.00%, depth=32

Run status group 0 (all jobs):
   READ: bw=1646MiB/s (1726MB/s), 821MiB/s-824MiB/s (861MB/s-864MB/s), io=16.1GiB (17.3GB), run=10001-10001msec

Disk stats (read/write):
  nvme0n1: ios=4169836/0, merge=0/0, ticks=559711/0, in_queue=559712, util=99.06%
