/dev/nvme0n1: (g=0): rw=trim, bs=(R) 4096B-1024KiB, (W) 4096B-1024KiB, (T) 4096B-1024KiB, ioengine=libaio, iodepth=32
fio-3.28
Starting 1 process

/dev/nvme0n1: (groupid=0, jobs=1): err= 0: pid=1015925: Mon Jun  6 13:13:17 2022
  trim: IOPS=2421, BW=2185MiB/s (2291MB/s)(42.7GiB/20001msec)
    clat (usec): min=277, max=4683, avg=408.94, stdev=124.89
     lat (usec): min=277, max=4683, avg=409.21, stdev=125.02
    clat percentiles (usec):
     |  1.00th=[  297],  5.00th=[  314], 10.00th=[  318], 20.00th=[  330],
     | 30.00th=[  334], 40.00th=[  338], 50.00th=[  351], 60.00th=[  363],
     | 70.00th=[  453], 80.00th=[  515], 90.00th=[  553], 95.00th=[  603],
     | 99.00th=[  906], 99.50th=[  922], 99.90th=[ 1020], 99.95th=[ 1057],
     | 99.99th=[ 1745]
   bw (  MiB/s): min= 2055, max= 2306, per=100.00%, avg=2187.45, stdev=57.93, samples=39
   iops        : min= 2312, max= 2538, avg=2425.28, stdev=58.69, samples=39
  lat (usec)   : 500=78.09%, 750=19.06%, 1000=2.72%
  lat (msec)   : 2=0.13%, 4=0.01%, 10=0.01%
  cpu          : usr=2.29%, sys=6.00%, ctx=48443, majf=0, minf=10
  IO depths    : 1=100.0%, 2=0.0%, 4=0.0%, 8=0.0%, 16=0.0%, 32=0.0%, >=64=0.0%
     submit    : 0=0.0%, 4=100.0%, 8=0.0%, 16=0.0%, 32=0.0%, 64=0.0%, >=64=0.0%
     complete  : 0=0.0%, 4=100.0%, 8=0.0%, 16=0.0%, 32=0.0%, 64=0.0%, >=64=0.0%
     issued rwts: total=0,0,48438,0 short=0,0,0,0 dropped=0,0,0,0
     latency   : target=0, window=0, percentile=100.00%, depth=32

Run status group 0 (all jobs):
   TRIM: bw=2185MiB/s (2291MB/s), 2185MiB/s-2185MiB/s (2291MB/s-2291MB/s), io=42.7GiB (45.8GB), run=20001-20001msec

Disk stats (read/write):
  nvme0n1: ios=51/0, merge=0/0, ticks=6/0, in_queue=18519, util=99.66%
