/dev/nvme0n1: (g=0): rw=randread, bs=(R) 4096B-4096B, (W) 4096B-4096B, (T) 4096B-4096B, ioengine=libaio, iodepth=32
...
fio-3.28
Starting 2 processes

/dev/nvme0n1: (groupid=0, jobs=1): err= 0: pid=31608: Sun Jun  5 15:48:24 2022
  read: IOPS=211k, BW=824MiB/s (864MB/s)(8237MiB/10001msec)
    slat (nsec): min=1687, max=156292, avg=2738.87, stdev=1646.73
    clat (usec): min=38, max=8566, avg=148.60, stdev=90.02
     lat (usec): min=41, max=8573, avg=151.39, stdev=90.05
    clat percentiles (usec):
     |  1.00th=[   63],  5.00th=[   69], 10.00th=[   74], 20.00th=[   83],
     | 30.00th=[   93], 40.00th=[  108], 50.00th=[  124], 60.00th=[  143],
     | 70.00th=[  167], 80.00th=[  202], 90.00th=[  260], 95.00th=[  318],
     | 99.00th=[  453], 99.50th=[  506], 99.90th=[  635], 99.95th=[  685],
     | 99.99th=[  816]
   bw (  KiB/s): min=785464, max=849176, per=49.99%, avg=843607.16, stdev=14151.15, samples=19
   iops        : min=196368, max=212294, avg=210901.68, stdev=3537.28, samples=19
  lat (usec)   : 50=0.02%, 100=35.42%, 250=53.43%, 500=10.60%, 750=0.51%
  lat (usec)   : 1000=0.02%
  lat (msec)   : 2=0.01%, 10=0.01%
  cpu          : usr=32.08%, sys=57.57%, ctx=195506, majf=0, minf=46
  IO depths    : 1=0.1%, 2=0.1%, 4=0.1%, 8=0.1%, 16=0.1%, 32=100.0%, >=64=0.0%
     submit    : 0=0.0%, 4=100.0%, 8=0.0%, 16=0.0%, 32=0.0%, 64=0.0%, >=64=0.0%
     complete  : 0=0.0%, 4=100.0%, 8=0.0%, 16=0.0%, 32=0.1%, 64=0.0%, >=64=0.0%
     issued rwts: total=2108597,0,0,0 short=0,0,0,0 dropped=0,0,0,0
     latency   : target=0, window=0, percentile=100.00%, depth=32
/dev/nvme0n1: (groupid=0, jobs=1): err= 0: pid=31609: Sun Jun  5 15:48:24 2022
  read: IOPS=211k, BW=825MiB/s (865MB/s)(8246MiB/10001msec)
    slat (nsec): min=1688, max=491740, avg=2734.39, stdev=1679.69
    clat (usec): min=38, max=8501, avg=148.43, stdev=90.06
     lat (usec): min=40, max=8509, avg=151.21, stdev=90.09
    clat percentiles (usec):
     |  1.00th=[   63],  5.00th=[   69], 10.00th=[   74], 20.00th=[   83],
     | 30.00th=[   93], 40.00th=[  108], 50.00th=[  124], 60.00th=[  143],
     | 70.00th=[  167], 80.00th=[  200], 90.00th=[  260], 95.00th=[  318],
     | 99.00th=[  453], 99.50th=[  506], 99.90th=[  635], 99.95th=[  685],
     | 99.99th=[  816]
   bw (  KiB/s): min=786688, max=852056, per=50.04%, avg=844532.63, stdev=14148.05, samples=19
   iops        : min=196672, max=213014, avg=211133.26, stdev=3537.04, samples=19
  lat (usec)   : 50=0.02%, 100=35.57%, 250=53.30%, 500=10.58%, 750=0.51%
  lat (usec)   : 1000=0.02%
  lat (msec)   : 2=0.01%, 10=0.01%
  cpu          : usr=30.88%, sys=58.86%, ctx=194341, majf=0, minf=49
  IO depths    : 1=0.1%, 2=0.1%, 4=0.1%, 8=0.1%, 16=0.1%, 32=100.0%, >=64=0.0%
     submit    : 0=0.0%, 4=100.0%, 8=0.0%, 16=0.0%, 32=0.0%, 64=0.0%, >=64=0.0%
     complete  : 0=0.0%, 4=100.0%, 8=0.0%, 16=0.0%, 32=0.1%, 64=0.0%, >=64=0.0%
     issued rwts: total=2111029,0,0,0 short=0,0,0,0 dropped=0,0,0,0
     latency   : target=0, window=0, percentile=100.00%, depth=32

Run status group 0 (all jobs):
   READ: bw=1648MiB/s (1728MB/s), 824MiB/s-825MiB/s (864MB/s-865MB/s), io=16.1GiB (17.3GB), run=10001-10001msec

Disk stats (read/write):
  nvme0n1: ios=4176413/0, merge=0/0, ticks=568697/0, in_queue=568697, util=99.10%
