/dev/nvme0n1: (g=0): rw=trim, bs=(R) 4096B-1024KiB, (W) 4096B-1024KiB, (T) 4096B-1024KiB, ioengine=libaio, iodepth=32
fio-3.28
Starting 1 process

/dev/nvme0n1: (groupid=0, jobs=1): err= 0: pid=131660: Wed Jun  1 16:49:44 2022
  trim: IOPS=10, BW=9978KiB/s (10.2MB/s)(195MiB/20020msec)
    clat (usec): min=502, max=421660, avg=92198.38, stdev=56141.62
     lat (usec): min=503, max=421660, avg=92199.09, stdev=56141.56
    clat percentiles (usec):
     |  1.00th=[  1467],  5.00th=[  5211], 10.00th=[ 26870], 20.00th=[ 49546],
     | 30.00th=[ 60556], 40.00th=[ 82314], 50.00th=[ 87557], 60.00th=[106431],
     | 70.00th=[111674], 80.00th=[115868], 90.00th=[145753], 95.00th=[189793],
     | 99.00th=[278922], 99.50th=[291505], 99.90th=[421528], 99.95th=[421528],
     | 99.99th=[421528]
   bw (  KiB/s): min= 2048, max=18432, per=99.40%, avg=9918.97, stdev=3500.55, samples=39
   iops        : min=    2, max=   20, avg=10.21, stdev= 3.72, samples=39
  lat (usec)   : 750=0.47%
  lat (msec)   : 2=2.79%, 4=1.40%, 10=0.93%, 50=15.35%, 100=32.09%
  lat (msec)   : 250=45.58%, 500=1.40%
  cpu          : usr=0.03%, sys=0.06%, ctx=250, majf=0, minf=11
  IO depths    : 1=100.0%, 2=0.0%, 4=0.0%, 8=0.0%, 16=0.0%, 32=0.0%, >=64=0.0%
     submit    : 0=0.0%, 4=100.0%, 8=0.0%, 16=0.0%, 32=0.0%, 64=0.0%, >=64=0.0%
     complete  : 0=0.0%, 4=100.0%, 8=0.0%, 16=0.0%, 32=0.0%, 64=0.0%, >=64=0.0%
     issued rwts: total=0,0,215,0 short=0,0,0,0 dropped=0,0,0,0
     latency   : target=0, window=0, percentile=100.00%, depth=32

Run status group 0 (all jobs):
   TRIM: bw=9978KiB/s (10.2MB/s), 9978KiB/s-9978KiB/s (10.2MB/s-10.2MB/s), io=195MiB (205MB), run=20020-20020msec

Disk stats (read/write):
  nvme0n1: ios=10698/176845, merge=0/0, ticks=1284168/21704007, in_queue=23007764, util=100.00%
