/dev/nvme0n1: (g=0): rw=randread, bs=(R) 4096B-4096B, (W) 4096B-4096B, (T) 4096B-4096B, ioengine=libaio, iodepth=32
...
fio-3.28
Starting 2 processes

/dev/nvme0n1: (groupid=0, jobs=1): err= 0: pid=131437: Wed Jun  1 16:48:32 2022
  read: IOPS=331, BW=1327KiB/s (1359kB/s)(13.1MiB/10098msec)
    slat (usec): min=6, max=126, avg=19.00, stdev=13.96
    clat (usec): min=163, max=329270, avg=96410.69, stdev=55285.51
     lat (usec): min=218, max=329304, avg=96430.13, stdev=55285.75
    clat percentiles (usec):
     |  1.00th=[  1762],  5.00th=[ 22152], 10.00th=[ 25822], 20.00th=[ 46400],
     | 30.00th=[ 60556], 40.00th=[ 80217], 50.00th=[ 91751], 60.00th=[107480],
     | 70.00th=[120062], 80.00th=[137364], 90.00th=[170918], 95.00th=[191890],
     | 99.00th=[248513], 99.50th=[304088], 99.90th=[304088], 99.95th=[329253],
     | 99.99th=[329253]
   bw (  KiB/s): min=  640, max= 2019, per=49.41%, avg=1326.65, stdev=319.74, samples=20
   iops        : min=  160, max=  504, avg=331.60, stdev=79.85, samples=20
  lat (usec)   : 250=0.03%, 500=0.18%, 750=0.06%, 1000=0.03%
  lat (msec)   : 2=1.13%, 4=1.64%, 10=0.36%, 20=1.07%, 50=15.79%
  lat (msec)   : 100=31.16%, 250=47.67%, 500=0.87%
  cpu          : usr=0.12%, sys=1.50%, ctx=1622, majf=0, minf=43
  IO depths    : 1=0.1%, 2=0.1%, 4=0.1%, 8=0.2%, 16=0.5%, 32=99.1%, >=64=0.0%
     submit    : 0=0.0%, 4=100.0%, 8=0.0%, 16=0.0%, 32=0.0%, 64=0.0%, >=64=0.0%
     complete  : 0=0.0%, 4=100.0%, 8=0.0%, 16=0.0%, 32=0.1%, 64=0.0%, >=64=0.0%
     issued rwts: total=3350,0,0,0 short=0,0,0,0 dropped=0,0,0,0
     latency   : target=0, window=0, percentile=100.00%, depth=32
/dev/nvme0n1: (groupid=0, jobs=1): err= 0: pid=131438: Wed Jun  1 16:48:32 2022
  read: IOPS=341, BW=1367KiB/s (1400kB/s)(13.4MiB/10022msec)
    slat (usec): min=6, max=111, avg=18.75, stdev=13.62
    clat (usec): min=147, max=350748, avg=93595.43, stdev=57615.08
     lat (usec): min=158, max=350793, avg=93614.60, stdev=57615.61
    clat percentiles (usec):
     |  1.00th=[  1942],  5.00th=[ 21103], 10.00th=[ 26870], 20.00th=[ 38011],
     | 30.00th=[ 57934], 40.00th=[ 79168], 50.00th=[ 85459], 60.00th=[104334],
     | 70.00th=[113771], 80.00th=[137364], 90.00th=[164627], 95.00th=[193987],
     | 99.00th=[278922], 99.50th=[325059], 99.90th=[346031], 99.95th=[350225],
     | 99.99th=[350225]
   bw (  KiB/s): min=  808, max= 1768, per=50.53%, avg=1356.70, stdev=250.05, samples=20
   iops        : min=  202, max=  442, avg=339.15, stdev=62.52, samples=20
  lat (usec)   : 250=0.06%, 500=0.23%, 750=0.18%, 1000=0.09%
  lat (msec)   : 2=0.76%, 4=0.82%, 10=1.43%, 20=0.96%, 50=18.36%
  lat (msec)   : 100=34.69%, 250=40.93%, 500=1.49%
  cpu          : usr=0.49%, sys=1.14%, ctx=1646, majf=0, minf=46
  IO depths    : 1=0.1%, 2=0.1%, 4=0.1%, 8=0.2%, 16=0.5%, 32=99.1%, >=64=0.0%
     submit    : 0=0.0%, 4=100.0%, 8=0.0%, 16=0.0%, 32=0.0%, 64=0.0%, >=64=0.0%
     complete  : 0=0.0%, 4=100.0%, 8=0.0%, 16=0.0%, 32=0.1%, 64=0.0%, >=64=0.0%
     issued rwts: total=3425,0,0,0 short=0,0,0,0 dropped=0,0,0,0
     latency   : target=0, window=0, percentile=100.00%, depth=32

Run status group 0 (all jobs):
   READ: bw=2684KiB/s (2748kB/s), 1327KiB/s-1367KiB/s (1359kB/s-1400kB/s), io=26.5MiB (27.8MB), run=10022-10098msec

Disk stats (read/write):
  nvme0n1: ios=12546/89038, merge=0/0, ticks=1271785/10853804, in_queue=12125589, util=100.00%
