/dev/nvme0n1: (g=0): rw=read, bs=(R) 4096B-4096B, (W) 4096B-4096B, (T) 4096B-4096B, ioengine=libaio, iodepth=64
...
fio-3.28
Starting 4 processes

/dev/nvme0n1: (groupid=0, jobs=1): err= 0: pid=1028920: Mon Jun  6 13:19:53 2022
  read: IOPS=40.6k, BW=159MiB/s (166MB/s)(4758MiB/30002msec)
    slat (nsec): min=1829, max=89701, avg=3580.49, stdev=2714.04
    clat (usec): min=548, max=2943, avg=1571.72, stdev=24.28
     lat (usec): min=557, max=2948, avg=1575.37, stdev=24.08
    clat percentiles (usec):
     |  1.00th=[ 1516],  5.00th=[ 1532], 10.00th=[ 1549], 20.00th=[ 1565],
     | 30.00th=[ 1565], 40.00th=[ 1565], 50.00th=[ 1582], 60.00th=[ 1582],
     | 70.00th=[ 1582], 80.00th=[ 1582], 90.00th=[ 1598], 95.00th=[ 1598],
     | 99.00th=[ 1631], 99.50th=[ 1647], 99.90th=[ 1680], 99.95th=[ 1680],
     | 99.99th=[ 2024]
   bw (  KiB/s): min=161312, max=164544, per=25.00%, avg=162444.34, stdev=792.47, samples=59
   iops        : min=40328, max=41136, avg=40611.12, stdev=198.09, samples=59
  lat (usec)   : 750=0.01%, 1000=0.01%
  lat (msec)   : 2=99.98%, 4=0.01%
  cpu          : usr=9.75%, sys=17.15%, ctx=512271, majf=0, minf=75
  IO depths    : 1=0.1%, 2=0.1%, 4=0.1%, 8=0.1%, 16=0.1%, 32=0.1%, >=64=100.0%
     submit    : 0=0.0%, 4=100.0%, 8=0.0%, 16=0.0%, 32=0.0%, 64=0.0%, >=64=0.0%
     complete  : 0=0.0%, 4=100.0%, 8=0.0%, 16=0.0%, 32=0.0%, 64=0.1%, >=64=0.0%
     issued rwts: total=1218082,0,0,0 short=0,0,0,0 dropped=0,0,0,0
     latency   : target=0, window=0, percentile=100.00%, depth=64
/dev/nvme0n1: (groupid=0, jobs=1): err= 0: pid=1028921: Mon Jun  6 13:19:53 2022
  read: IOPS=40.6k, BW=159MiB/s (166MB/s)(4757MiB/30002msec)
    slat (nsec): min=1851, max=117560, avg=3547.68, stdev=2660.44
    clat (usec): min=618, max=5989, avg=1572.26, stdev=39.42
     lat (usec): min=629, max=5992, avg=1575.87, stdev=39.30
    clat percentiles (usec):
     |  1.00th=[ 1516],  5.00th=[ 1549], 10.00th=[ 1549], 20.00th=[ 1565],
     | 30.00th=[ 1565], 40.00th=[ 1565], 50.00th=[ 1582], 60.00th=[ 1582],
     | 70.00th=[ 1582], 80.00th=[ 1582], 90.00th=[ 1598], 95.00th=[ 1598],
     | 99.00th=[ 1631], 99.50th=[ 1647], 99.90th=[ 1680], 99.95th=[ 1713],
     | 99.99th=[ 3097]
   bw (  KiB/s): min=161304, max=164544, per=25.00%, avg=162392.27, stdev=792.69, samples=59
   iops        : min=40326, max=41136, avg=40598.07, stdev=198.17, samples=59
  lat (usec)   : 750=0.01%, 1000=0.01%
  lat (msec)   : 2=99.97%, 4=0.02%, 10=0.01%
  cpu          : usr=9.51%, sys=17.16%, ctx=505184, majf=0, minf=76
  IO depths    : 1=0.1%, 2=0.1%, 4=0.1%, 8=0.1%, 16=0.1%, 32=0.1%, >=64=100.0%
     submit    : 0=0.0%, 4=100.0%, 8=0.0%, 16=0.0%, 32=0.0%, 64=0.0%, >=64=0.0%
     complete  : 0=0.0%, 4=100.0%, 8=0.0%, 16=0.0%, 32=0.0%, 64=0.1%, >=64=0.0%
     issued rwts: total=1217720,0,0,0 short=0,0,0,0 dropped=0,0,0,0
     latency   : target=0, window=0, percentile=100.00%, depth=64
/dev/nvme0n1: (groupid=0, jobs=1): err= 0: pid=1028922: Mon Jun  6 13:19:53 2022
  read: IOPS=40.6k, BW=159MiB/s (166MB/s)(4761MiB/30002msec)
    slat (nsec): min=1872, max=496846, avg=3563.99, stdev=2693.42
    clat (usec): min=914, max=3210, avg=1570.95, stdev=24.44
     lat (usec): min=920, max=3213, avg=1574.59, stdev=24.22
    clat percentiles (usec):
     |  1.00th=[ 1516],  5.00th=[ 1532], 10.00th=[ 1549], 20.00th=[ 1565],
     | 30.00th=[ 1565], 40.00th=[ 1565], 50.00th=[ 1582], 60.00th=[ 1582],
     | 70.00th=[ 1582], 80.00th=[ 1582], 90.00th=[ 1582], 95.00th=[ 1598],
     | 99.00th=[ 1631], 99.50th=[ 1647], 99.90th=[ 1680], 99.95th=[ 1680],
     | 99.99th=[ 1942]
   bw (  KiB/s): min=161696, max=164840, per=25.02%, avg=162526.10, stdev=865.00, samples=59
   iops        : min=40424, max=41210, avg=40631.53, stdev=216.25, samples=59
  lat (usec)   : 1000=0.01%
  lat (msec)   : 2=99.99%, 4=0.01%
  cpu          : usr=10.03%, sys=16.87%, ctx=537421, majf=0, minf=76
  IO depths    : 1=0.1%, 2=0.1%, 4=0.1%, 8=0.1%, 16=0.1%, 32=0.1%, >=64=100.0%
     submit    : 0=0.0%, 4=100.0%, 8=0.0%, 16=0.0%, 32=0.0%, 64=0.0%, >=64=0.0%
     complete  : 0=0.0%, 4=100.0%, 8=0.0%, 16=0.0%, 32=0.0%, 64=0.1%, >=64=0.0%
     issued rwts: total=1218712,0,0,0 short=0,0,0,0 dropped=0,0,0,0
     latency   : target=0, window=0, percentile=100.00%, depth=64
/dev/nvme0n1: (groupid=0, jobs=1): err= 0: pid=1028923: Mon Jun  6 13:19:53 2022
  read: IOPS=40.6k, BW=159MiB/s (166MB/s)(4760MiB/30002msec)
    slat (nsec): min=1864, max=252436, avg=3588.86, stdev=2720.89
    clat (usec): min=448, max=2912, avg=1571.16, stdev=23.97
     lat (usec): min=458, max=2915, avg=1574.82, stdev=23.76
    clat percentiles (usec):
     |  1.00th=[ 1516],  5.00th=[ 1532], 10.00th=[ 1549], 20.00th=[ 1565],
     | 30.00th=[ 1565], 40.00th=[ 1565], 50.00th=[ 1582], 60.00th=[ 1582],
     | 70.00th=[ 1582], 80.00th=[ 1582], 90.00th=[ 1582], 95.00th=[ 1598],
     | 99.00th=[ 1631], 99.50th=[ 1647], 99.90th=[ 1680], 99.95th=[ 1696],
     | 99.99th=[ 2114]
   bw (  KiB/s): min=161680, max=164848, per=25.01%, avg=162498.03, stdev=831.50, samples=59
   iops        : min=40420, max=41212, avg=40624.51, stdev=207.87, samples=59
  lat (usec)   : 500=0.01%, 750=0.01%, 1000=0.01%
  lat (msec)   : 2=99.98%, 4=0.01%
  cpu          : usr=9.42%, sys=17.50%, ctx=530659, majf=0, minf=76
  IO depths    : 1=0.1%, 2=0.1%, 4=0.1%, 8=0.1%, 16=0.1%, 32=0.1%, >=64=100.0%
     submit    : 0=0.0%, 4=100.0%, 8=0.0%, 16=0.0%, 32=0.0%, 64=0.0%, >=64=0.0%
     complete  : 0=0.0%, 4=100.0%, 8=0.0%, 16=0.0%, 32=0.0%, 64=0.1%, >=64=0.0%
     issued rwts: total=1218537,0,0,0 short=0,0,0,0 dropped=0,0,0,0
     latency   : target=0, window=0, percentile=100.00%, depth=64

Run status group 0 (all jobs):
   READ: bw=634MiB/s (665MB/s), 159MiB/s-159MiB/s (166MB/s-166MB/s), io=18.6GiB (20.0GB), run=30002-30002msec

Disk stats (read/write):
  nvme0n1: ios=4855811/0, merge=0/0, ticks=7597077/0, in_queue=7597076, util=99.72%
