/dev/nvme0n1: (g=0): rw=trim, bs=(R) 4096B-1024KiB, (W) 4096B-1024KiB, (T) 4096B-1024KiB, ioengine=libaio, iodepth=32
fio-3.28
Starting 1 process

/dev/nvme0n1: (groupid=0, jobs=1): err= 0: pid=17888: Wed Jun  8 14:23:05 2022
  trim: IOPS=2471, BW=2227MiB/s (2335MB/s)(43.5GiB/20001msec)
    clat (usec): min=277, max=4667, avg=397.24, stdev=125.74
     lat (usec): min=277, max=4667, avg=397.58, stdev=125.85
    clat percentiles (usec):
     |  1.00th=[  289],  5.00th=[  302], 10.00th=[  306], 20.00th=[  318],
     | 30.00th=[  326], 40.00th=[  334], 50.00th=[  343], 60.00th=[  351],
     | 70.00th=[  396], 80.00th=[  502], 90.00th=[  553], 95.00th=[  594],
     | 99.00th=[  906], 99.50th=[  930], 99.90th=[ 1004], 99.95th=[ 1037],
     | 99.99th=[ 1139]
   bw (  MiB/s): min= 2086, max= 2365, per=100.00%, avg=2229.32, stdev=63.13, samples=39
   iops        : min= 2336, max= 2624, avg=2474.10, stdev=66.47, samples=39
  lat (usec)   : 500=80.03%, 750=17.21%, 1000=2.65%
  lat (msec)   : 2=0.11%, 10=0.01%
  cpu          : usr=4.37%, sys=3.96%, ctx=49444, majf=0, minf=9
  IO depths    : 1=100.0%, 2=0.0%, 4=0.0%, 8=0.0%, 16=0.0%, 32=0.0%, >=64=0.0%
     submit    : 0=0.0%, 4=100.0%, 8=0.0%, 16=0.0%, 32=0.0%, 64=0.0%, >=64=0.0%
     complete  : 0=0.0%, 4=100.0%, 8=0.0%, 16=0.0%, 32=0.0%, 64=0.0%, >=64=0.0%
     issued rwts: total=0,0,49436,0 short=0,0,0,0 dropped=0,0,0,0
     latency   : target=0, window=0, percentile=100.00%, depth=32

Run status group 0 (all jobs):
   TRIM: bw=2227MiB/s (2335MB/s), 2227MiB/s-2227MiB/s (2335MB/s-2335MB/s), io=43.5GiB (46.7GB), run=20001-20001msec

Disk stats (read/write):
  nvme0n1: ios=51/0, merge=0/0, ticks=29/0, in_queue=18537, util=99.76%
