/dev/nvme0n1: (g=0): rw=randwrite, bs=(R) 4096B-4096B, (W) 4096B-4096B, (T) 4096B-4096B, ioengine=libaio, iodepth=32
...
fio-3.28
Starting 2 processes

/dev/nvme0n1: (groupid=0, jobs=1): err= 0: pid=68419: Wed Jun  8 14:33:46 2022
  write: IOPS=32.0k, BW=125MiB/s (131MB/s)(3755MiB/30010msec); 0 zone resets
    slat (nsec): min=1727, max=538004, avg=9093.45, stdev=4792.58
    clat (usec): min=87, max=31049, avg=988.91, stdev=3176.22
     lat (usec): min=90, max=31056, avg=998.14, stdev=3175.98
    clat percentiles (usec):
     |  1.00th=[  108],  5.00th=[  133], 10.00th=[  145], 20.00th=[  219],
     | 30.00th=[  375], 40.00th=[  474], 50.00th=[  482], 60.00th=[  486],
     | 70.00th=[  490], 80.00th=[  494], 90.00th=[  519], 95.00th=[  611],
     | 99.00th=[18482], 99.50th=[19530], 99.90th=[21627], 99.95th=[22414],
     | 99.99th=[30278]
   bw (  KiB/s): min=78008, max=576904, per=50.19%, avg=128889.39, stdev=107271.58, samples=59
   iops        : min=19502, max=144226, avg=32222.27, stdev=26817.92, samples=59
  lat (usec)   : 100=0.45%, 250=21.78%, 500=59.94%, 750=13.66%, 1000=0.44%
  lat (msec)   : 2=0.35%, 4=0.02%, 10=0.03%, 20=2.98%, 50=0.35%
  cpu          : usr=12.08%, sys=27.15%, ctx=22707, majf=0, minf=13
  IO depths    : 1=0.1%, 2=0.1%, 4=0.1%, 8=0.1%, 16=0.1%, 32=100.0%, >=64=0.0%
     submit    : 0=0.0%, 4=100.0%, 8=0.0%, 16=0.0%, 32=0.0%, 64=0.0%, >=64=0.0%
     complete  : 0=0.0%, 4=100.0%, 8=0.0%, 16=0.0%, 32=0.1%, 64=0.0%, >=64=0.0%
     issued rwts: total=0,961244,0,0 short=0,0,0,0 dropped=0,0,0,0
     latency   : target=0, window=0, percentile=100.00%, depth=32
/dev/nvme0n1: (groupid=0, jobs=1): err= 0: pid=68420: Wed Jun  8 14:33:46 2022
  write: IOPS=32.2k, BW=126MiB/s (132MB/s)(3771MiB/30010msec); 0 zone resets
    slat (nsec): min=1746, max=130470, avg=9060.37, stdev=4707.15
    clat (usec): min=86, max=31039, avg=984.55, stdev=3169.17
     lat (usec): min=90, max=31046, avg=993.75, stdev=3168.94
    clat percentiles (usec):
     |  1.00th=[  108],  5.00th=[  133], 10.00th=[  145], 20.00th=[  219],
     | 30.00th=[  371], 40.00th=[  474], 50.00th=[  478], 60.00th=[  482],
     | 70.00th=[  486], 80.00th=[  494], 90.00th=[  519], 95.00th=[  603],
     | 99.00th=[18482], 99.50th=[19530], 99.90th=[21627], 99.95th=[22414],
     | 99.99th=[30278]
   bw (  KiB/s): min=78120, max=581368, per=50.41%, avg=129449.29, stdev=107652.10, samples=59
   iops        : min=19530, max=145342, avg=32362.27, stdev=26913.04, samples=59
  lat (usec)   : 100=0.47%, 250=21.77%, 500=60.97%, 750=12.64%, 1000=0.44%
  lat (msec)   : 2=0.34%, 4=0.02%, 10=0.03%, 20=2.96%, 50=0.35%
  cpu          : usr=10.76%, sys=28.46%, ctx=23022, majf=0, minf=13
  IO depths    : 1=0.1%, 2=0.1%, 4=0.1%, 8=0.1%, 16=0.1%, 32=100.0%, >=64=0.0%
     submit    : 0=0.0%, 4=100.0%, 8=0.0%, 16=0.0%, 32=0.0%, 64=0.0%, >=64=0.0%
     complete  : 0=0.0%, 4=100.0%, 8=0.0%, 16=0.0%, 32=0.1%, 64=0.0%, >=64=0.0%
     issued rwts: total=0,965492,0,0 short=0,0,0,0 dropped=0,0,0,0
     latency   : target=0, window=0, percentile=100.00%, depth=32

Run status group 0 (all jobs):
  WRITE: bw=251MiB/s (263MB/s), 125MiB/s-126MiB/s (131MB/s-132MB/s), io=7526MiB (7892MB), run=30010-30010msec

Disk stats (read/write):
  nvme0n1: ios=51/1921584, merge=0/0, ticks=29/1241175, in_queue=1241204, util=99.88%
