/dev/nvme0n1: (g=0): rw=read, bs=(R) 128KiB-128KiB, (W) 128KiB-128KiB, (T) 128KiB-128KiB, ioengine=libaio, iodepth=64
fio-3.28
Starting 1 process

fio: terminating on signal 2

/dev/nvme0n1: (groupid=0, jobs=1): err= 0: pid=26423: Sun Jun  5 15:29:58 2022
  read: IOPS=15.2k, BW=1901MiB/s (1994MB/s)(82.1GiB/44234msec)
    slat (usec): min=4, max=978, avg=21.41, stdev= 8.67
    clat (usec): min=1140, max=8808, avg=4184.39, stdev=632.71
     lat (usec): min=1160, max=8885, avg=4205.94, stdev=634.06
    clat percentiles (usec):
     |  1.00th=[ 3228],  5.00th=[ 3425], 10.00th=[ 3523], 20.00th=[ 3654],
     | 30.00th=[ 3752], 40.00th=[ 3851], 50.00th=[ 3982], 60.00th=[ 4146],
     | 70.00th=[ 4490], 80.00th=[ 4817], 90.00th=[ 5145], 95.00th=[ 5342],
     | 99.00th=[ 5735], 99.50th=[ 5932], 99.90th=[ 6390], 99.95th=[ 6521],
     | 99.99th=[ 7504]
   bw (  MiB/s): min= 1572, max= 2140, per=100.00%, avg=1901.86, stdev=233.53, samples=88
   iops        : min=12578, max=17124, avg=15214.84, stdev=1868.20, samples=88
  lat (msec)   : 2=0.01%, 4=51.73%, 10=48.27%
  cpu          : usr=6.56%, sys=38.46%, ctx=389323, majf=0, minf=2058
  IO depths    : 1=0.1%, 2=0.1%, 4=0.1%, 8=0.1%, 16=0.1%, 32=0.1%, >=64=100.0%
     submit    : 0=0.0%, 4=100.0%, 8=0.0%, 16=0.0%, 32=0.0%, 64=0.0%, >=64=0.0%
     complete  : 0=0.0%, 4=100.0%, 8=0.0%, 16=0.0%, 32=0.0%, 64=0.1%, >=64=0.0%
     issued rwts: total=672845,0,0,0 short=0,0,0,0 dropped=0,0,0,0
     latency   : target=0, window=0, percentile=100.00%, depth=64

Run status group 0 (all jobs):
   READ: bw=1901MiB/s (1994MB/s), 1901MiB/s-1901MiB/s (1994MB/s-1994MB/s), io=82.1GiB (88.2GB), run=44234-44234msec

Disk stats (read/write):
  nvme0n1: ios=671352/0, merge=0/0, ticks=2805965/0, in_queue=2805965, util=99.86%
