/dev/nvme0n1: (g=0): rw=trim, bs=(R) 4096B-1024KiB, (W) 4096B-1024KiB, (T) 4096B-1024KiB, ioengine=libaio, iodepth=32
fio-3.28
Starting 1 process

/dev/nvme0n1: (groupid=0, jobs=1): err= 0: pid=1002232: Mon Jun  6 12:25:07 2022
  trim: IOPS=1114, BW=1001MiB/s (1050MB/s)(19.6GiB/20001msec)
    clat (usec): min=315, max=17746, avg=892.35, stdev=649.79
     lat (usec): min=315, max=17747, avg=892.83, stdev=649.82
    clat percentiles (usec):
     |  1.00th=[  412],  5.00th=[  478], 10.00th=[  519], 20.00th=[  578],
     | 30.00th=[  635], 40.00th=[  685], 50.00th=[  750], 60.00th=[  824],
     | 70.00th=[  947], 80.00th=[ 1156], 90.00th=[ 1385], 95.00th=[ 1516],
     | 99.00th=[ 1958], 99.50th=[ 5800], 99.90th=[ 9503], 99.95th=[10421],
     | 99.99th=[11600]
   bw (  KiB/s): min=669952, max=1350224, per=100.00%, avg=1025975.79, stdev=194867.96, samples=39
   iops        : min=  718, max= 1466, avg=1114.72, stdev=210.91, samples=39
  lat (usec)   : 500=7.38%, 750=42.98%, 1000=23.07%
  lat (msec)   : 2=25.62%, 4=0.35%, 10=0.53%, 20=0.07%
  cpu          : usr=1.21%, sys=3.40%, ctx=22294, majf=0, minf=10
  IO depths    : 1=100.0%, 2=0.0%, 4=0.0%, 8=0.0%, 16=0.0%, 32=0.0%, >=64=0.0%
     submit    : 0=0.0%, 4=100.0%, 8=0.0%, 16=0.0%, 32=0.0%, 64=0.0%, >=64=0.0%
     complete  : 0=0.0%, 4=100.0%, 8=0.0%, 16=0.0%, 32=0.0%, 64=0.0%, >=64=0.0%
     issued rwts: total=0,0,22289,0 short=0,0,0,0 dropped=0,0,0,0
     latency   : target=0, window=0, percentile=100.00%, depth=32

Run status group 0 (all jobs):
   TRIM: bw=1001MiB/s (1050MB/s), 1001MiB/s-1001MiB/s (1050MB/s-1050MB/s), io=19.6GiB (21.0GB), run=20001-20001msec

Disk stats (read/write):
  nvme0n1: ios=48/168974, merge=0/0, ticks=48/1266750, in_queue=1285986, util=100.00%
