/dev/nvme0n1: (g=0): rw=read, bs=(R) 4096B-4096B, (W) 4096B-4096B, (T) 4096B-4096B, ioengine=libaio, iodepth=64
...
fio-3.28
Starting 4 processes

/dev/nvme0n1: (groupid=0, jobs=1): err= 0: pid=1229124: Mon Jun  6 13:23:34 2022
  read: IOPS=41.1k, BW=161MiB/s (168MB/s)(1607MiB/10002msec)
    slat (nsec): min=1901, max=102876, avg=3537.41, stdev=2795.02
    clat (usec): min=1211, max=3022, avg=1551.45, stdev=27.46
     lat (usec): min=1214, max=3026, avg=1555.05, stdev=27.35
    clat percentiles (usec):
     |  1.00th=[ 1500],  5.00th=[ 1532], 10.00th=[ 1532], 20.00th=[ 1549],
     | 30.00th=[ 1549], 40.00th=[ 1549], 50.00th=[ 1549], 60.00th=[ 1549],
     | 70.00th=[ 1565], 80.00th=[ 1565], 90.00th=[ 1565], 95.00th=[ 1582],
     | 99.00th=[ 1614], 99.50th=[ 1614], 99.90th=[ 1663], 99.95th=[ 1958],
     | 99.99th=[ 2835]
   bw (  KiB/s): min=162544, max=165360, per=25.02%, avg=164633.68, stdev=765.38, samples=19
   iops        : min=40636, max=41340, avg=41158.42, stdev=191.34, samples=19
  lat (msec)   : 2=99.95%, 4=0.05%
  cpu          : usr=8.60%, sys=18.14%, ctx=190665, majf=0, minf=77
  IO depths    : 1=0.1%, 2=0.1%, 4=0.1%, 8=0.1%, 16=0.1%, 32=0.1%, >=64=100.0%
     submit    : 0=0.0%, 4=100.0%, 8=0.0%, 16=0.0%, 32=0.0%, 64=0.0%, >=64=0.0%
     complete  : 0=0.0%, 4=100.0%, 8=0.0%, 16=0.0%, 32=0.0%, 64=0.1%, >=64=0.0%
     issued rwts: total=411399,0,0,0 short=0,0,0,0 dropped=0,0,0,0
     latency   : target=0, window=0, percentile=100.00%, depth=64
/dev/nvme0n1: (groupid=0, jobs=1): err= 0: pid=1229125: Mon Jun  6 13:23:34 2022
  read: IOPS=41.1k, BW=161MiB/s (168MB/s)(1607MiB/10002msec)
    slat (nsec): min=1901, max=90409, avg=3490.50, stdev=2741.71
    clat (usec): min=1198, max=3017, avg=1551.70, stdev=28.04
     lat (usec): min=1202, max=3021, avg=1555.26, stdev=27.93
    clat percentiles (usec):
     |  1.00th=[ 1500],  5.00th=[ 1532], 10.00th=[ 1532], 20.00th=[ 1549],
     | 30.00th=[ 1549], 40.00th=[ 1549], 50.00th=[ 1549], 60.00th=[ 1549],
     | 70.00th=[ 1565], 80.00th=[ 1565], 90.00th=[ 1565], 95.00th=[ 1582],
     | 99.00th=[ 1614], 99.50th=[ 1631], 99.90th=[ 1663], 99.95th=[ 1762],
     | 99.99th=[ 2835]
   bw (  KiB/s): min=162472, max=165376, per=25.02%, avg=164620.21, stdev=817.19, samples=19
   iops        : min=40618, max=41344, avg=41155.05, stdev=204.30, samples=19
  lat (msec)   : 2=99.96%, 4=0.04%
  cpu          : usr=9.05%, sys=17.38%, ctx=186774, majf=0, minf=79
  IO depths    : 1=0.1%, 2=0.1%, 4=0.1%, 8=0.1%, 16=0.1%, 32=0.1%, >=64=100.0%
     submit    : 0=0.0%, 4=100.0%, 8=0.0%, 16=0.0%, 32=0.0%, 64=0.0%, >=64=0.0%
     complete  : 0=0.0%, 4=100.0%, 8=0.0%, 16=0.0%, 32=0.0%, 64=0.1%, >=64=0.0%
     issued rwts: total=411342,0,0,0 short=0,0,0,0 dropped=0,0,0,0
     latency   : target=0, window=0, percentile=100.00%, depth=64
/dev/nvme0n1: (groupid=0, jobs=1): err= 0: pid=1229126: Mon Jun  6 13:23:34 2022
  read: IOPS=41.1k, BW=161MiB/s (169MB/s)(1608MiB/10002msec)
    slat (nsec): min=1898, max=57919, avg=3488.73, stdev=2697.73
    clat (usec): min=1215, max=3014, avg=1550.90, stdev=28.57
     lat (usec): min=1222, max=3036, avg=1554.45, stdev=28.46
    clat percentiles (usec):
     |  1.00th=[ 1500],  5.00th=[ 1532], 10.00th=[ 1532], 20.00th=[ 1549],
     | 30.00th=[ 1549], 40.00th=[ 1549], 50.00th=[ 1549], 60.00th=[ 1549],
     | 70.00th=[ 1565], 80.00th=[ 1565], 90.00th=[ 1565], 95.00th=[ 1565],
     | 99.00th=[ 1598], 99.50th=[ 1614], 99.90th=[ 1696], 99.95th=[ 1991],
     | 99.99th=[ 2868]
   bw (  KiB/s): min=162936, max=165408, per=25.03%, avg=164699.37, stdev=769.57, samples=19
   iops        : min=40734, max=41352, avg=41174.84, stdev=192.39, samples=19
  lat (msec)   : 2=99.95%, 4=0.05%
  cpu          : usr=9.31%, sys=17.58%, ctx=216252, majf=0, minf=78
  IO depths    : 1=0.1%, 2=0.1%, 4=0.1%, 8=0.1%, 16=0.1%, 32=0.1%, >=64=100.0%
     submit    : 0=0.0%, 4=100.0%, 8=0.0%, 16=0.0%, 32=0.0%, 64=0.0%, >=64=0.0%
     complete  : 0=0.0%, 4=100.0%, 8=0.0%, 16=0.0%, 32=0.0%, 64=0.1%, >=64=0.0%
     issued rwts: total=411555,0,0,0 short=0,0,0,0 dropped=0,0,0,0
     latency   : target=0, window=0, percentile=100.00%, depth=64
/dev/nvme0n1: (groupid=0, jobs=1): err= 0: pid=1229127: Mon Jun  6 13:23:34 2022
  read: IOPS=41.1k, BW=161MiB/s (168MB/s)(1606MiB/10002msec)
    slat (nsec): min=1929, max=63621, avg=3539.09, stdev=2740.90
    clat (usec): min=1169, max=3749, avg=1552.21, stdev=29.73
     lat (usec): min=1199, max=3755, avg=1555.81, stdev=29.65
    clat percentiles (usec):
     |  1.00th=[ 1500],  5.00th=[ 1532], 10.00th=[ 1532], 20.00th=[ 1549],
     | 30.00th=[ 1549], 40.00th=[ 1549], 50.00th=[ 1549], 60.00th=[ 1549],
     | 70.00th=[ 1565], 80.00th=[ 1565], 90.00th=[ 1565], 95.00th=[ 1582],
     | 99.00th=[ 1614], 99.50th=[ 1631], 99.90th=[ 1680], 99.95th=[ 1811],
     | 99.99th=[ 2900]
   bw (  KiB/s): min=162240, max=165392, per=25.00%, avg=164544.42, stdev=787.40, samples=19
   iops        : min=40560, max=41348, avg=41136.00, stdev=196.97, samples=19
  lat (msec)   : 2=99.96%, 4=0.04%
  cpu          : usr=9.31%, sys=17.14%, ctx=170122, majf=0, minf=77
  IO depths    : 1=0.1%, 2=0.1%, 4=0.1%, 8=0.1%, 16=0.1%, 32=0.1%, >=64=100.0%
     submit    : 0=0.0%, 4=100.0%, 8=0.0%, 16=0.0%, 32=0.0%, 64=0.0%, >=64=0.0%
     complete  : 0=0.0%, 4=100.0%, 8=0.0%, 16=0.0%, 32=0.0%, 64=0.1%, >=64=0.0%
     issued rwts: total=411193,0,0,0 short=0,0,0,0 dropped=0,0,0,0
     latency   : target=0, window=0, percentile=100.00%, depth=64

Run status group 0 (all jobs):
   READ: bw=643MiB/s (674MB/s), 161MiB/s-161MiB/s (168MB/s-169MB/s), io=6428MiB (6740MB), run=10002-10002msec

Disk stats (read/write):
  nvme0n1: ios=1628320/0, merge=0/0, ticks=2518043/0, in_queue=2518043, util=99.05%
