/dev/nvme0n1: (g=0): rw=read, bs=(R) 4096B-4096B, (W) 4096B-4096B, (T) 4096B-4096B, ioengine=libaio, iodepth=64
...
fio-3.28
Starting 4 processes

/dev/nvme0n1: (groupid=0, jobs=1): err= 0: pid=1229082: Mon Jun  6 13:23:23 2022
  read: IOPS=41.1k, BW=161MiB/s (168MB/s)(1605MiB/10002msec)
    slat (nsec): min=1908, max=91912, avg=3564.60, stdev=2795.53
    clat (usec): min=1013, max=22247, avg=1552.95, stdev=242.11
     lat (usec): min=1054, max=22257, avg=1556.58, stdev=242.22
    clat percentiles (usec):
     |  1.00th=[ 1500],  5.00th=[ 1516], 10.00th=[ 1532], 20.00th=[ 1532],
     | 30.00th=[ 1549], 40.00th=[ 1549], 50.00th=[ 1549], 60.00th=[ 1549],
     | 70.00th=[ 1549], 80.00th=[ 1565], 90.00th=[ 1565], 95.00th=[ 1582],
     | 99.00th=[ 1614], 99.50th=[ 1631], 99.90th=[ 1680], 99.95th=[ 2376],
     | 99.99th=[21627]
   bw (  KiB/s): min=158152, max=165560, per=25.00%, avg=164405.47, stdev=1641.23, samples=19
   iops        : min=39538, max=41390, avg=41101.47, stdev=410.33, samples=19
  lat (msec)   : 2=99.93%, 4=0.05%, 10=0.01%, 20=0.01%, 50=0.01%
  cpu          : usr=9.25%, sys=17.27%, ctx=162941, majf=0, minf=74
  IO depths    : 1=0.1%, 2=0.1%, 4=0.1%, 8=0.1%, 16=0.1%, 32=0.1%, >=64=100.0%
     submit    : 0=0.0%, 4=100.0%, 8=0.0%, 16=0.0%, 32=0.0%, 64=0.0%, >=64=0.0%
     complete  : 0=0.0%, 4=100.0%, 8=0.0%, 16=0.0%, 32=0.0%, 64=0.1%, >=64=0.0%
     issued rwts: total=410975,0,0,0 short=0,0,0,0 dropped=0,0,0,0
     latency   : target=0, window=0, percentile=100.00%, depth=64
/dev/nvme0n1: (groupid=0, jobs=1): err= 0: pid=1229083: Mon Jun  6 13:23:23 2022
  read: IOPS=41.1k, BW=161MiB/s (168MB/s)(1606MiB/10002msec)
    slat (nsec): min=1942, max=116772, avg=3529.40, stdev=2778.54
    clat (usec): min=1035, max=22274, avg=1552.47, stdev=241.70
     lat (usec): min=1068, max=22282, avg=1556.07, stdev=241.82
    clat percentiles (usec):
     |  1.00th=[ 1500],  5.00th=[ 1516], 10.00th=[ 1532], 20.00th=[ 1549],
     | 30.00th=[ 1549], 40.00th=[ 1549], 50.00th=[ 1549], 60.00th=[ 1549],
     | 70.00th=[ 1549], 80.00th=[ 1565], 90.00th=[ 1565], 95.00th=[ 1582],
     | 99.00th=[ 1614], 99.50th=[ 1631], 99.90th=[ 1762], 99.95th=[ 2343],
     | 99.99th=[20841]
   bw (  KiB/s): min=157464, max=165680, per=25.01%, avg=164468.63, stdev=1792.41, samples=19
   iops        : min=39366, max=41420, avg=41117.16, stdev=448.10, samples=19
  lat (msec)   : 2=99.94%, 4=0.04%, 10=0.01%, 20=0.01%, 50=0.01%
  cpu          : usr=9.43%, sys=17.24%, ctx=187505, majf=0, minf=74
  IO depths    : 1=0.1%, 2=0.1%, 4=0.1%, 8=0.1%, 16=0.1%, 32=0.1%, >=64=100.0%
     submit    : 0=0.0%, 4=100.0%, 8=0.0%, 16=0.0%, 32=0.0%, 64=0.0%, >=64=0.0%
     complete  : 0=0.0%, 4=100.0%, 8=0.0%, 16=0.0%, 32=0.0%, 64=0.1%, >=64=0.0%
     issued rwts: total=411109,0,0,0 short=0,0,0,0 dropped=0,0,0,0
     latency   : target=0, window=0, percentile=100.00%, depth=64
/dev/nvme0n1: (groupid=0, jobs=1): err= 0: pid=1229084: Mon Jun  6 13:23:23 2022
  read: IOPS=41.1k, BW=160MiB/s (168MB/s)(1605MiB/10002msec)
    slat (nsec): min=1966, max=65919, avg=3577.91, stdev=2818.44
    clat (usec): min=1008, max=22338, avg=1553.10, stdev=257.24
     lat (usec): min=1058, max=22347, avg=1556.74, stdev=257.35
    clat percentiles (usec):
     |  1.00th=[ 1500],  5.00th=[ 1516], 10.00th=[ 1532], 20.00th=[ 1549],
     | 30.00th=[ 1549], 40.00th=[ 1549], 50.00th=[ 1549], 60.00th=[ 1549],
     | 70.00th=[ 1549], 80.00th=[ 1565], 90.00th=[ 1565], 95.00th=[ 1582],
     | 99.00th=[ 1614], 99.50th=[ 1631], 99.90th=[ 1713], 99.95th=[ 2835],
     | 99.99th=[22152]
   bw (  KiB/s): min=157424, max=165576, per=25.00%, avg=164402.95, stdev=1804.61, samples=19
   iops        : min=39356, max=41394, avg=41100.74, stdev=451.15, samples=19
  lat (msec)   : 2=99.93%, 4=0.03%, 10=0.02%, 20=0.01%, 50=0.01%
  cpu          : usr=9.13%, sys=18.08%, ctx=192401, majf=0, minf=75
  IO depths    : 1=0.1%, 2=0.1%, 4=0.1%, 8=0.1%, 16=0.1%, 32=0.1%, >=64=100.0%
     submit    : 0=0.0%, 4=100.0%, 8=0.0%, 16=0.0%, 32=0.0%, 64=0.0%, >=64=0.0%
     complete  : 0=0.0%, 4=100.0%, 8=0.0%, 16=0.0%, 32=0.0%, 64=0.1%, >=64=0.0%
     issued rwts: total=410923,0,0,0 short=0,0,0,0 dropped=0,0,0,0
     latency   : target=0, window=0, percentile=100.00%, depth=64
/dev/nvme0n1: (groupid=0, jobs=1): err= 0: pid=1229085: Mon Jun  6 13:23:23 2022
  read: IOPS=41.1k, BW=161MiB/s (168MB/s)(1606MiB/10002msec)
    slat (nsec): min=1958, max=80718, avg=3561.40, stdev=2812.65
    clat (usec): min=1101, max=22252, avg=1552.05, stdev=243.73
     lat (usec): min=1104, max=22266, avg=1555.67, stdev=243.85
    clat percentiles (usec):
     |  1.00th=[ 1500],  5.00th=[ 1516], 10.00th=[ 1532], 20.00th=[ 1549],
     | 30.00th=[ 1549], 40.00th=[ 1549], 50.00th=[ 1549], 60.00th=[ 1549],
     | 70.00th=[ 1549], 80.00th=[ 1565], 90.00th=[ 1565], 95.00th=[ 1582],
     | 99.00th=[ 1598], 99.50th=[ 1614], 99.90th=[ 1663], 99.95th=[ 1860],
     | 99.99th=[21627]
   bw (  KiB/s): min=157368, max=165584, per=25.02%, avg=164522.53, stdev=1829.56, samples=19
   iops        : min=39342, max=41396, avg=41130.53, stdev=457.33, samples=19
  lat (msec)   : 2=99.96%, 4=0.02%, 10=0.01%, 20=0.01%, 50=0.01%
  cpu          : usr=8.87%, sys=18.10%, ctx=192799, majf=0, minf=75
  IO depths    : 1=0.1%, 2=0.1%, 4=0.1%, 8=0.1%, 16=0.1%, 32=0.1%, >=64=100.0%
     submit    : 0=0.0%, 4=100.0%, 8=0.0%, 16=0.0%, 32=0.0%, 64=0.0%, >=64=0.0%
     complete  : 0=0.0%, 4=100.0%, 8=0.0%, 16=0.0%, 32=0.0%, 64=0.1%, >=64=0.0%
     issued rwts: total=411214,0,0,0 short=0,0,0,0 dropped=0,0,0,0
     latency   : target=0, window=0, percentile=100.00%, depth=64

Run status group 0 (all jobs):
   READ: bw=642MiB/s (673MB/s), 160MiB/s-161MiB/s (168MB/s-168MB/s), io=6423MiB (6735MB), run=10002-10002msec

Disk stats (read/write):
  nvme0n1: ios=1626879/0, merge=0/0, ticks=2516526/0, in_queue=2516526, util=99.05%
