/dev/nvme0n1: (g=0): rw=read, bs=(R) 4096B-4096B, (W) 4096B-4096B, (T) 4096B-4096B, ioengine=libaio, iodepth=64
...
fio-3.28
Starting 4 processes

/dev/nvme0n1: (groupid=0, jobs=1): err= 0: pid=31691: Sun Jun  5 15:49:15 2022
  read: IOPS=41.2k, BW=161MiB/s (169MB/s)(4827MiB/30002msec)
    slat (nsec): min=1888, max=518689, avg=3361.44, stdev=2542.62
    clat (usec): min=1045, max=4098, avg=1549.59, stdev=23.07
     lat (usec): min=1115, max=4112, avg=1553.02, stdev=22.99
    clat percentiles (usec):
     |  1.00th=[ 1516],  5.00th=[ 1532], 10.00th=[ 1532], 20.00th=[ 1549],
     | 30.00th=[ 1549], 40.00th=[ 1549], 50.00th=[ 1549], 60.00th=[ 1549],
     | 70.00th=[ 1549], 80.00th=[ 1549], 90.00th=[ 1565], 95.00th=[ 1565],
     | 99.00th=[ 1582], 99.50th=[ 1598], 99.90th=[ 1647], 99.95th=[ 1663],
     | 99.99th=[ 2606]
   bw (  KiB/s): min=163288, max=165912, per=25.01%, avg=164798.10, stdev=535.90, samples=59
   iops        : min=40822, max=41478, avg=41199.53, stdev=133.97, samples=59
  lat (msec)   : 2=99.98%, 4=0.02%, 10=0.01%
  cpu          : usr=9.26%, sys=17.34%, ctx=718247, majf=0, minf=74
  IO depths    : 1=0.1%, 2=0.1%, 4=0.1%, 8=0.1%, 16=0.1%, 32=0.1%, >=64=100.0%
     submit    : 0=0.0%, 4=100.0%, 8=0.0%, 16=0.0%, 32=0.0%, 64=0.0%, >=64=0.0%
     complete  : 0=0.0%, 4=100.0%, 8=0.0%, 16=0.0%, 32=0.0%, 64=0.1%, >=64=0.0%
     issued rwts: total=1235680,0,0,0 short=0,0,0,0 dropped=0,0,0,0
     latency   : target=0, window=0, percentile=100.00%, depth=64
/dev/nvme0n1: (groupid=0, jobs=1): err= 0: pid=31692: Sun Jun  5 15:49:15 2022
  read: IOPS=41.2k, BW=161MiB/s (169MB/s)(4826MiB/30002msec)
    slat (nsec): min=1891, max=223825, avg=3370.84, stdev=2434.38
    clat (usec): min=671, max=5400, avg=1549.72, stdev=33.50
     lat (usec): min=680, max=5403, avg=1553.15, stdev=33.44
    clat percentiles (usec):
     |  1.00th=[ 1516],  5.00th=[ 1532], 10.00th=[ 1532], 20.00th=[ 1549],
     | 30.00th=[ 1549], 40.00th=[ 1549], 50.00th=[ 1549], 60.00th=[ 1549],
     | 70.00th=[ 1549], 80.00th=[ 1549], 90.00th=[ 1565], 95.00th=[ 1565],
     | 99.00th=[ 1582], 99.50th=[ 1598], 99.90th=[ 1647], 99.95th=[ 1663],
     | 99.99th=[ 2900]
   bw (  KiB/s): min=163624, max=165632, per=25.01%, avg=164784.00, stdev=510.42, samples=59
   iops        : min=40906, max=41408, avg=41196.03, stdev=127.66, samples=59
  lat (usec)   : 750=0.01%, 1000=0.01%
  lat (msec)   : 2=99.98%, 4=0.01%, 10=0.01%
  cpu          : usr=9.20%, sys=17.22%, ctx=696762, majf=0, minf=77
  IO depths    : 1=0.1%, 2=0.1%, 4=0.1%, 8=0.1%, 16=0.1%, 32=0.1%, >=64=100.0%
     submit    : 0=0.0%, 4=100.0%, 8=0.0%, 16=0.0%, 32=0.0%, 64=0.0%, >=64=0.0%
     complete  : 0=0.0%, 4=100.0%, 8=0.0%, 16=0.0%, 32=0.0%, 64=0.1%, >=64=0.0%
     issued rwts: total=1235579,0,0,0 short=0,0,0,0 dropped=0,0,0,0
     latency   : target=0, window=0, percentile=100.00%, depth=64
/dev/nvme0n1: (groupid=0, jobs=1): err= 0: pid=31693: Sun Jun  5 15:49:15 2022
  read: IOPS=41.2k, BW=161MiB/s (169MB/s)(4827MiB/30002msec)
    slat (nsec): min=1911, max=107273, avg=3410.15, stdev=2408.68
    clat (usec): min=715, max=4104, avg=1549.48, stdev=21.74
     lat (usec): min=719, max=4118, avg=1552.95, stdev=21.65
    clat percentiles (usec):
     |  1.00th=[ 1516],  5.00th=[ 1532], 10.00th=[ 1532], 20.00th=[ 1549],
     | 30.00th=[ 1549], 40.00th=[ 1549], 50.00th=[ 1549], 60.00th=[ 1549],
     | 70.00th=[ 1549], 80.00th=[ 1549], 90.00th=[ 1565], 95.00th=[ 1565],
     | 99.00th=[ 1582], 99.50th=[ 1598], 99.90th=[ 1647], 99.95th=[ 1647],
     | 99.99th=[ 1942]
   bw (  KiB/s): min=163560, max=165904, per=25.01%, avg=164806.10, stdev=496.40, samples=59
   iops        : min=40890, max=41476, avg=41201.53, stdev=124.10, samples=59
  lat (usec)   : 750=0.01%, 1000=0.01%
  lat (msec)   : 2=99.99%, 4=0.01%, 10=0.01%
  cpu          : usr=9.23%, sys=17.51%, ctx=710231, majf=0, minf=75
  IO depths    : 1=0.1%, 2=0.1%, 4=0.1%, 8=0.1%, 16=0.1%, 32=0.1%, >=64=100.0%
     submit    : 0=0.0%, 4=100.0%, 8=0.0%, 16=0.0%, 32=0.0%, 64=0.0%, >=64=0.0%
     complete  : 0=0.0%, 4=100.0%, 8=0.0%, 16=0.0%, 32=0.0%, 64=0.1%, >=64=0.0%
     issued rwts: total=1235735,0,0,0 short=0,0,0,0 dropped=0,0,0,0
     latency   : target=0, window=0, percentile=100.00%, depth=64
/dev/nvme0n1: (groupid=0, jobs=1): err= 0: pid=31694: Sun Jun  5 15:49:15 2022
  read: IOPS=41.2k, BW=161MiB/s (169MB/s)(4826MiB/30002msec)
    slat (nsec): min=1903, max=63228, avg=3351.24, stdev=2401.57
    clat (usec): min=647, max=4348, avg=1549.75, stdev=29.22
     lat (usec): min=680, max=4350, avg=1553.17, stdev=29.19
    clat percentiles (usec):
     |  1.00th=[ 1516],  5.00th=[ 1532], 10.00th=[ 1532], 20.00th=[ 1549],
     | 30.00th=[ 1549], 40.00th=[ 1549], 50.00th=[ 1549], 60.00th=[ 1549],
     | 70.00th=[ 1549], 80.00th=[ 1549], 90.00th=[ 1565], 95.00th=[ 1565],
     | 99.00th=[ 1582], 99.50th=[ 1598], 99.90th=[ 1647], 99.95th=[ 1663],
     | 99.99th=[ 3097]
   bw (  KiB/s): min=162880, max=165496, per=25.01%, avg=164782.37, stdev=536.88, samples=59
   iops        : min=40720, max=41374, avg=41195.59, stdev=134.22, samples=59
  lat (usec)   : 750=0.01%, 1000=0.01%
  lat (msec)   : 2=99.97%, 4=0.02%, 10=0.01%
  cpu          : usr=9.44%, sys=17.22%, ctx=725877, majf=0, minf=76
  IO depths    : 1=0.1%, 2=0.1%, 4=0.1%, 8=0.1%, 16=0.1%, 32=0.1%, >=64=100.0%
     submit    : 0=0.0%, 4=100.0%, 8=0.0%, 16=0.0%, 32=0.0%, 64=0.0%, >=64=0.0%
     complete  : 0=0.0%, 4=100.0%, 8=0.0%, 16=0.0%, 32=0.0%, 64=0.1%, >=64=0.0%
     issued rwts: total=1235563,0,0,0 short=0,0,0,0 dropped=0,0,0,0
     latency   : target=0, window=0, percentile=100.00%, depth=64

Run status group 0 (all jobs):
   READ: bw=644MiB/s (675MB/s), 161MiB/s-161MiB/s (169MB/s-169MB/s), io=18.9GiB (20.2GB), run=30002-30002msec

Disk stats (read/write):
  nvme0n1: ios=4925064/0, merge=0/0, ticks=7623009/0, in_queue=7623010, util=99.71%
