/dev/nvme0n1: (g=0): rw=read, bs=(R) 4096B-4096B, (W) 4096B-4096B, (T) 4096B-4096B, ioengine=libaio, iodepth=64
...
fio-3.28
Starting 4 processes

/dev/nvme0n1: (groupid=0, jobs=1): err= 0: pid=827652: Mon Jun  6 14:47:32 2022
  read: IOPS=41.4k, BW=162MiB/s (169MB/s)(1616MiB/10002msec)
    slat (nsec): min=1889, max=48566, avg=3552.29, stdev=2569.78
    clat (usec): min=992, max=2367, avg=1542.49, stdev=21.32
     lat (usec): min=1021, max=2371, avg=1546.10, stdev=21.16
    clat percentiles (usec):
     |  1.00th=[ 1500],  5.00th=[ 1516], 10.00th=[ 1532], 20.00th=[ 1532],
     | 30.00th=[ 1549], 40.00th=[ 1549], 50.00th=[ 1549], 60.00th=[ 1549],
     | 70.00th=[ 1549], 80.00th=[ 1549], 90.00th=[ 1565], 95.00th=[ 1565],
     | 99.00th=[ 1598], 99.50th=[ 1614], 99.90th=[ 1631], 99.95th=[ 1663],
     | 99.99th=[ 2212]
   bw (  KiB/s): min=164376, max=165856, per=25.00%, avg=165529.68, stdev=352.17, samples=19
   iops        : min=41094, max=41464, avg=41382.42, stdev=88.04, samples=19
  lat (usec)   : 1000=0.01%
  lat (msec)   : 2=99.98%, 4=0.02%
  cpu          : usr=9.48%, sys=18.03%, ctx=185577, majf=0, minf=75
  IO depths    : 1=0.1%, 2=0.1%, 4=0.1%, 8=0.1%, 16=0.1%, 32=0.1%, >=64=100.0%
     submit    : 0=0.0%, 4=100.0%, 8=0.0%, 16=0.0%, 32=0.0%, 64=0.0%, >=64=0.0%
     complete  : 0=0.0%, 4=100.0%, 8=0.0%, 16=0.0%, 32=0.0%, 64=0.1%, >=64=0.0%
     issued rwts: total=413741,0,0,0 short=0,0,0,0 dropped=0,0,0,0
     latency   : target=0, window=0, percentile=100.00%, depth=64
/dev/nvme0n1: (groupid=0, jobs=1): err= 0: pid=827653: Mon Jun  6 14:47:32 2022
  read: IOPS=41.4k, BW=162MiB/s (170MB/s)(1617MiB/10002msec)
    slat (nsec): min=1915, max=70916, avg=3533.51, stdev=2556.16
    clat (usec): min=978, max=3038, avg=1541.52, stdev=23.35
     lat (usec): min=1006, max=3041, avg=1545.11, stdev=23.18
    clat percentiles (usec):
     |  1.00th=[ 1500],  5.00th=[ 1516], 10.00th=[ 1532], 20.00th=[ 1532],
     | 30.00th=[ 1549], 40.00th=[ 1549], 50.00th=[ 1549], 60.00th=[ 1549],
     | 70.00th=[ 1549], 80.00th=[ 1549], 90.00th=[ 1549], 95.00th=[ 1565],
     | 99.00th=[ 1598], 99.50th=[ 1598], 99.90th=[ 1631], 99.95th=[ 1647],
     | 99.99th=[ 2278]
   bw (  KiB/s): min=164080, max=166552, per=25.02%, avg=165625.68, stdev=449.78, samples=19
   iops        : min=41020, max=41638, avg=41406.42, stdev=112.44, samples=19
  lat (usec)   : 1000=0.01%
  lat (msec)   : 2=99.97%, 4=0.02%
  cpu          : usr=9.34%, sys=18.54%, ctx=213098, majf=0, minf=77
  IO depths    : 1=0.1%, 2=0.1%, 4=0.1%, 8=0.1%, 16=0.1%, 32=0.1%, >=64=100.0%
     submit    : 0=0.0%, 4=100.0%, 8=0.0%, 16=0.0%, 32=0.0%, 64=0.0%, >=64=0.0%
     complete  : 0=0.0%, 4=100.0%, 8=0.0%, 16=0.0%, 32=0.0%, 64=0.1%, >=64=0.0%
     issued rwts: total=414007,0,0,0 short=0,0,0,0 dropped=0,0,0,0
     latency   : target=0, window=0, percentile=100.00%, depth=64
/dev/nvme0n1: (groupid=0, jobs=1): err= 0: pid=827654: Mon Jun  6 14:47:32 2022
  read: IOPS=41.4k, BW=162MiB/s (169MB/s)(1616MiB/10002msec)
    slat (nsec): min=1895, max=55792, avg=3572.59, stdev=2618.92
    clat (usec): min=1012, max=3805, avg=1542.71, stdev=34.71
     lat (usec): min=1040, max=3810, avg=1546.34, stdev=34.61
    clat percentiles (usec):
     |  1.00th=[ 1500],  5.00th=[ 1516], 10.00th=[ 1532], 20.00th=[ 1532],
     | 30.00th=[ 1532], 40.00th=[ 1549], 50.00th=[ 1549], 60.00th=[ 1549],
     | 70.00th=[ 1549], 80.00th=[ 1549], 90.00th=[ 1565], 95.00th=[ 1565],
     | 99.00th=[ 1598], 99.50th=[ 1614], 99.90th=[ 1647], 99.95th=[ 1876],
     | 99.99th=[ 3130]
   bw (  KiB/s): min=164128, max=165928, per=25.00%, avg=165496.42, stdev=376.26, samples=19
   iops        : min=41032, max=41482, avg=41374.11, stdev=94.06, samples=19
  lat (msec)   : 2=99.96%, 4=0.04%
  cpu          : usr=10.10%, sys=17.64%, ctx=191196, majf=0, minf=76
  IO depths    : 1=0.1%, 2=0.1%, 4=0.1%, 8=0.1%, 16=0.1%, 32=0.1%, >=64=100.0%
     submit    : 0=0.0%, 4=100.0%, 8=0.0%, 16=0.0%, 32=0.0%, 64=0.0%, >=64=0.0%
     complete  : 0=0.0%, 4=100.0%, 8=0.0%, 16=0.0%, 32=0.0%, 64=0.1%, >=64=0.0%
     issued rwts: total=413673,0,0,0 short=0,0,0,0 dropped=0,0,0,0
     latency   : target=0, window=0, percentile=100.00%, depth=64
/dev/nvme0n1: (groupid=0, jobs=1): err= 0: pid=827655: Mon Jun  6 14:47:32 2022
  read: IOPS=41.4k, BW=162MiB/s (170MB/s)(1617MiB/10002msec)
    slat (nsec): min=1909, max=78455, avg=3571.89, stdev=2591.87
    clat (usec): min=1005, max=2888, avg=1541.80, stdev=20.87
     lat (usec): min=1031, max=2891, avg=1545.43, stdev=20.68
    clat percentiles (usec):
     |  1.00th=[ 1500],  5.00th=[ 1516], 10.00th=[ 1532], 20.00th=[ 1532],
     | 30.00th=[ 1549], 40.00th=[ 1549], 50.00th=[ 1549], 60.00th=[ 1549],
     | 70.00th=[ 1549], 80.00th=[ 1549], 90.00th=[ 1549], 95.00th=[ 1565],
     | 99.00th=[ 1598], 99.50th=[ 1614], 99.90th=[ 1631], 99.95th=[ 1647],
     | 99.99th=[ 2114]
   bw (  KiB/s): min=164144, max=165944, per=25.01%, avg=165598.32, stdev=381.42, samples=19
   iops        : min=41036, max=41486, avg=41399.58, stdev=95.36, samples=19
  lat (msec)   : 2=99.99%, 4=0.01%
  cpu          : usr=9.31%, sys=18.65%, ctx=204807, majf=0, minf=76
  IO depths    : 1=0.1%, 2=0.1%, 4=0.1%, 8=0.1%, 16=0.1%, 32=0.1%, >=64=100.0%
     submit    : 0=0.0%, 4=100.0%, 8=0.0%, 16=0.0%, 32=0.0%, 64=0.0%, >=64=0.0%
     complete  : 0=0.0%, 4=100.0%, 8=0.0%, 16=0.0%, 32=0.0%, 64=0.1%, >=64=0.0%
     issued rwts: total=413923,0,0,0 short=0,0,0,0 dropped=0,0,0,0
     latency   : target=0, window=0, percentile=100.00%, depth=64

Run status group 0 (all jobs):
   READ: bw=646MiB/s (678MB/s), 162MiB/s-162MiB/s (169MB/s-170MB/s), io=6466MiB (6780MB), run=10002-10002msec

Disk stats (read/write):
  nvme0n1: ios=1637948/0, merge=0/0, ticks=2516968/0, in_queue=2516968, util=99.05%
