/dev/nvme0n1: (g=0): rw=randwrite, bs=(R) 4096B-4096B, (W) 4096B-4096B, (T) 4096B-4096B, ioengine=libaio, iodepth=32
...
fio-3.28
Starting 2 processes

/dev/nvme0n1: (groupid=0, jobs=1): err= 0: pid=122538: Wed Jun  1 16:31:42 2022
  write: IOPS=313, BW=1255KiB/s (1285kB/s)(12.4MiB/10116msec); 0 zone resets
    slat (usec): min=4, max=208, avg=14.70, stdev=15.50
    clat (msec): min=2, max=459, avg=100.66, stdev=57.03
     lat (msec): min=2, max=459, avg=100.67, stdev=57.03
    clat percentiles (msec):
     |  1.00th=[    4],  5.00th=[   28], 10.00th=[   32], 20.00th=[   60],
     | 30.00th=[   79], 40.00th=[   86], 50.00th=[   89], 60.00th=[   95],
     | 70.00th=[  116], 80.00th=[  142], 90.00th=[  178], 95.00th=[  201],
     | 99.00th=[  334], 99.50th=[  334], 99.90th=[  456], 99.95th=[  456],
     | 99.99th=[  460]
   bw (  KiB/s): min=  526, max= 1828, per=48.44%, avg=1256.10, stdev=368.02, samples=20
   iops        : min=  131, max=  457, avg=313.95, stdev=92.11, samples=20
  lat (msec)   : 4=1.73%, 10=0.85%, 50=10.43%, 100=48.52%, 250=36.48%
  lat (msec)   : 500=1.98%
  cpu          : usr=0.25%, sys=0.68%, ctx=509, majf=0, minf=13
  IO depths    : 1=0.1%, 2=0.1%, 4=0.1%, 8=0.3%, 16=0.5%, 32=99.0%, >=64=0.0%
     submit    : 0=0.0%, 4=100.0%, 8=0.0%, 16=0.0%, 32=0.0%, 64=0.0%, >=64=0.0%
     complete  : 0=0.0%, 4=100.0%, 8=0.0%, 16=0.0%, 32=0.1%, 64=0.0%, >=64=0.0%
     issued rwts: total=0,3174,0,0 short=0,0,0,0 dropped=0,0,0,0
     latency   : target=0, window=0, percentile=100.00%, depth=32
/dev/nvme0n1: (groupid=0, jobs=1): err= 0: pid=122539: Wed Jun  1 16:31:42 2022
  write: IOPS=336, BW=1346KiB/s (1378kB/s)(13.2MiB/10056msec); 0 zone resets
    slat (usec): min=4, max=479, avg=14.14, stdev=15.65
    clat (msec): min=3, max=456, avg=93.93, stdev=52.62
     lat (msec): min=3, max=456, avg=93.94, stdev=52.62
    clat percentiles (msec):
     |  1.00th=[    5],  5.00th=[   30], 10.00th=[   32], 20.00th=[   57],
     | 30.00th=[   62], 40.00th=[   84], 50.00th=[   88], 60.00th=[   93],
     | 70.00th=[  115], 80.00th=[  120], 90.00th=[  163], 95.00th=[  178],
     | 99.00th=[  230], 99.50th=[  376], 99.90th=[  401], 99.95th=[  456],
     | 99.99th=[  456]
   bw (  KiB/s): min=  383, max= 2560, per=51.64%, avg=1339.35, stdev=441.13, samples=20
   iops        : min=   95, max=  640, avg=334.75, stdev=110.38, samples=20
  lat (msec)   : 4=0.30%, 10=1.06%, 50=13.24%, 100=47.95%, 250=36.57%
  lat (msec)   : 500=0.89%
  cpu          : usr=0.22%, sys=0.72%, ctx=530, majf=0, minf=14
  IO depths    : 1=0.1%, 2=0.1%, 4=0.1%, 8=0.2%, 16=0.5%, 32=99.1%, >=64=0.0%
     submit    : 0=0.0%, 4=100.0%, 8=0.0%, 16=0.0%, 32=0.0%, 64=0.0%, >=64=0.0%
     complete  : 0=0.0%, 4=100.0%, 8=0.0%, 16=0.0%, 32=0.1%, 64=0.0%, >=64=0.0%
     issued rwts: total=0,3383,0,0 short=0,0,0,0 dropped=0,0,0,0
     latency   : target=0, window=0, percentile=100.00%, depth=32

Run status group 0 (all jobs):
  WRITE: bw=2593KiB/s (2655kB/s), 1255KiB/s-1346KiB/s (1285kB/s-1378kB/s), io=25.6MiB (26.9MB), run=10056-10116msec

Disk stats (read/write):
  nvme0n1: ios=7075/110770, merge=0/0, ticks=641212/11472811, in_queue=12114024, util=100.00%
