/dev/nvme0n1: (g=0): rw=read, bs=(R) 4096B-4096B, (W) 4096B-4096B, (T) 4096B-4096B, ioengine=libaio, iodepth=64
...
fio-3.28
Starting 4 processes

/dev/nvme0n1: (groupid=0, jobs=1): err= 0: pid=48511: Sun Jun  5 15:59:12 2022
  read: IOPS=41.2k, BW=161MiB/s (169MB/s)(1612MiB/10002msec)
    slat (nsec): min=1828, max=459614, avg=3384.50, stdev=2658.56
    clat (usec): min=1171, max=3046, avg=1547.00, stdev=23.78
     lat (usec): min=1175, max=3058, avg=1550.46, stdev=23.76
    clat percentiles (usec):
     |  1.00th=[ 1500],  5.00th=[ 1532], 10.00th=[ 1532], 20.00th=[ 1549],
     | 30.00th=[ 1549], 40.00th=[ 1549], 50.00th=[ 1549], 60.00th=[ 1549],
     | 70.00th=[ 1549], 80.00th=[ 1549], 90.00th=[ 1565], 95.00th=[ 1565],
     | 99.00th=[ 1598], 99.50th=[ 1614], 99.90th=[ 1680], 99.95th=[ 1795],
     | 99.99th=[ 2802]
   bw (  KiB/s): min=164168, max=165400, per=25.01%, avg=165059.79, stdev=261.30, samples=19
   iops        : min=41042, max=41350, avg=41264.95, stdev=65.32, samples=19
  lat (msec)   : 2=99.97%, 4=0.03%
  cpu          : usr=8.60%, sys=18.04%, ctx=210644, majf=0, minf=75
  IO depths    : 1=0.1%, 2=0.1%, 4=0.1%, 8=0.1%, 16=0.1%, 32=0.1%, >=64=100.0%
     submit    : 0=0.0%, 4=100.0%, 8=0.0%, 16=0.0%, 32=0.0%, 64=0.0%, >=64=0.0%
     complete  : 0=0.0%, 4=100.0%, 8=0.0%, 16=0.0%, 32=0.0%, 64=0.1%, >=64=0.0%
     issued rwts: total=412570,0,0,0 short=0,0,0,0 dropped=0,0,0,0
     latency   : target=0, window=0, percentile=100.00%, depth=64
/dev/nvme0n1: (groupid=0, jobs=1): err= 0: pid=48512: Sun Jun  5 15:59:12 2022
  read: IOPS=41.2k, BW=161MiB/s (169MB/s)(1612MiB/10002msec)
    slat (nsec): min=1854, max=266165, avg=3385.49, stdev=2541.62
    clat (usec): min=971, max=3072, avg=1546.96, stdev=23.69
     lat (usec): min=1024, max=3080, avg=1550.42, stdev=23.64
    clat percentiles (usec):
     |  1.00th=[ 1500],  5.00th=[ 1532], 10.00th=[ 1532], 20.00th=[ 1549],
     | 30.00th=[ 1549], 40.00th=[ 1549], 50.00th=[ 1549], 60.00th=[ 1549],
     | 70.00th=[ 1549], 80.00th=[ 1549], 90.00th=[ 1565], 95.00th=[ 1565],
     | 99.00th=[ 1598], 99.50th=[ 1598], 99.90th=[ 1663], 99.95th=[ 1778],
     | 99.99th=[ 2769]
   bw (  KiB/s): min=164232, max=165256, per=25.01%, avg=165066.11, stdev=226.77, samples=19
   iops        : min=41058, max=41314, avg=41266.53, stdev=56.69, samples=19
  lat (usec)   : 1000=0.01%
  lat (msec)   : 2=99.97%, 4=0.03%
  cpu          : usr=9.50%, sys=17.48%, ctx=222393, majf=0, minf=75
  IO depths    : 1=0.1%, 2=0.1%, 4=0.1%, 8=0.1%, 16=0.1%, 32=0.1%, >=64=100.0%
     submit    : 0=0.0%, 4=100.0%, 8=0.0%, 16=0.0%, 32=0.0%, 64=0.0%, >=64=0.0%
     complete  : 0=0.0%, 4=100.0%, 8=0.0%, 16=0.0%, 32=0.0%, 64=0.1%, >=64=0.0%
     issued rwts: total=412592,0,0,0 short=0,0,0,0 dropped=0,0,0,0
     latency   : target=0, window=0, percentile=100.00%, depth=64
/dev/nvme0n1: (groupid=0, jobs=1): err= 0: pid=48514: Sun Jun  5 15:59:12 2022
  read: IOPS=41.3k, BW=161MiB/s (169MB/s)(1612MiB/10002msec)
    slat (nsec): min=1840, max=260338, avg=3414.36, stdev=2633.29
    clat (usec): min=835, max=2992, avg=1546.83, stdev=24.60
     lat (usec): min=874, max=3002, avg=1550.32, stdev=24.47
    clat percentiles (usec):
     |  1.00th=[ 1500],  5.00th=[ 1532], 10.00th=[ 1532], 20.00th=[ 1549],
     | 30.00th=[ 1549], 40.00th=[ 1549], 50.00th=[ 1549], 60.00th=[ 1549],
     | 70.00th=[ 1549], 80.00th=[ 1549], 90.00th=[ 1565], 95.00th=[ 1565],
     | 99.00th=[ 1598], 99.50th=[ 1614], 99.90th=[ 1647], 99.95th=[ 1762],
     | 99.99th=[ 2737]
   bw (  KiB/s): min=164568, max=165360, per=25.01%, avg=165096.84, stdev=203.91, samples=19
   iops        : min=41142, max=41340, avg=41274.21, stdev=50.98, samples=19
  lat (usec)   : 1000=0.01%
  lat (msec)   : 2=99.97%, 4=0.03%
  cpu          : usr=9.28%, sys=17.04%, ctx=189796, majf=0, minf=76
  IO depths    : 1=0.1%, 2=0.1%, 4=0.1%, 8=0.1%, 16=0.1%, 32=0.1%, >=64=100.0%
     submit    : 0=0.0%, 4=100.0%, 8=0.0%, 16=0.0%, 32=0.0%, 64=0.0%, >=64=0.0%
     complete  : 0=0.0%, 4=100.0%, 8=0.0%, 16=0.0%, 32=0.0%, 64=0.1%, >=64=0.0%
     issued rwts: total=412626,0,0,0 short=0,0,0,0 dropped=0,0,0,0
     latency   : target=0, window=0, percentile=100.00%, depth=64
/dev/nvme0n1: (groupid=0, jobs=1): err= 0: pid=48515: Sun Jun  5 15:59:12 2022
  read: IOPS=41.3k, BW=161MiB/s (169MB/s)(1612MiB/10002msec)
    slat (nsec): min=1867, max=117406, avg=3402.13, stdev=2554.25
    clat (usec): min=870, max=3103, avg=1546.75, stdev=26.80
     lat (usec): min=892, max=3105, avg=1550.23, stdev=26.70
    clat percentiles (usec):
     |  1.00th=[ 1500],  5.00th=[ 1532], 10.00th=[ 1532], 20.00th=[ 1549],
     | 30.00th=[ 1549], 40.00th=[ 1549], 50.00th=[ 1549], 60.00th=[ 1549],
     | 70.00th=[ 1549], 80.00th=[ 1549], 90.00th=[ 1549], 95.00th=[ 1565],
     | 99.00th=[ 1598], 99.50th=[ 1598], 99.90th=[ 1647], 99.95th=[ 1795],
     | 99.99th=[ 2900]
   bw (  KiB/s): min=164864, max=165368, per=25.02%, avg=165119.58, stdev=128.82, samples=19
   iops        : min=41216, max=41342, avg=41279.89, stdev=32.20, samples=19
  lat (usec)   : 1000=0.01%
  lat (msec)   : 2=99.96%, 4=0.04%
  cpu          : usr=8.85%, sys=18.13%, ctx=217950, majf=0, minf=76
  IO depths    : 1=0.1%, 2=0.1%, 4=0.1%, 8=0.1%, 16=0.1%, 32=0.1%, >=64=100.0%
     submit    : 0=0.0%, 4=100.0%, 8=0.0%, 16=0.0%, 32=0.0%, 64=0.0%, >=64=0.0%
     complete  : 0=0.0%, 4=100.0%, 8=0.0%, 16=0.0%, 32=0.0%, 64=0.1%, >=64=0.0%
     issued rwts: total=412645,0,0,0 short=0,0,0,0 dropped=0,0,0,0
     latency   : target=0, window=0, percentile=100.00%, depth=64

Run status group 0 (all jobs):
   READ: bw=645MiB/s (676MB/s), 161MiB/s-161MiB/s (169MB/s-169MB/s), io=6447MiB (6760MB), run=10002-10002msec

Disk stats (read/write):
  nvme0n1: ios=1633056/0, merge=0/0, ticks=2520548/0, in_queue=2520548, util=99.05%
