/dev/nvme0n1: (g=0): rw=write, bs=(R) 128KiB-128KiB, (W) 128KiB-128KiB, (T) 128KiB-128KiB, ioengine=libaio, iodepth=64
fio-3.28
Starting 1 process

/dev/nvme0n1: (groupid=0, jobs=1): err= 0: pid=997616: Mon Jun  6 12:27:42 2022
  write: IOPS=6873, BW=859MiB/s (901MB/s)(466GiB/555111msec); 0 zone resets
    slat (usec): min=6, max=2661, avg=36.57, stdev=14.74
    clat (usec): min=84, max=132904, avg=9271.71, stdev=5162.50
     lat (usec): min=121, max=132928, avg=9308.57, stdev=5163.97
    clat percentiles (usec):
     |  1.00th=[ 2671],  5.00th=[ 6587], 10.00th=[ 6783], 20.00th=[ 6980],
     | 30.00th=[ 7111], 40.00th=[ 7308], 50.00th=[ 7504], 60.00th=[ 7832],
     | 70.00th=[ 8356], 80.00th=[10421], 90.00th=[12518], 95.00th=[21890],
     | 99.00th=[29754], 99.50th=[32113], 99.90th=[51643], 99.95th=[61604],
     | 99.99th=[72877]
   bw (  KiB/s): min=153394, max=3160832, per=100.00%, avg=880556.77, stdev=301460.73, samples=1109
   iops        : min= 1198, max=24694, avg=6879.14, stdev=2355.21, samples=1109
  lat (usec)   : 100=0.01%, 250=0.01%, 500=0.04%, 750=0.03%, 1000=0.02%
  lat (msec)   : 2=0.17%, 4=1.36%, 10=76.01%, 20=16.40%, 50=5.85%
  lat (msec)   : 100=0.11%, 250=0.01%
  cpu          : usr=12.62%, sys=22.41%, ctx=1602642, majf=0, minf=13
  IO depths    : 1=0.1%, 2=0.1%, 4=0.1%, 8=0.1%, 16=0.1%, 32=0.1%, >=64=100.0%
     submit    : 0=0.0%, 4=100.0%, 8=0.0%, 16=0.0%, 32=0.0%, 64=0.0%, >=64=0.0%
     complete  : 0=0.0%, 4=100.0%, 8=0.0%, 16=0.0%, 32=0.0%, 64=0.1%, >=64=0.0%
     issued rwts: total=0,3815520,0,0 short=0,0,0,0 dropped=0,0,0,0
     latency   : target=0, window=0, percentile=100.00%, depth=64

Run status group 0 (all jobs):
  WRITE: bw=859MiB/s (901MB/s), 859MiB/s-859MiB/s (901MB/s-901MB/s), io=466GiB (500GB), run=555111-555111msec

Disk stats (read/write):
  nvme0n1: ios=819749/4974833, merge=0/0, ticks=18569334/53957115, in_queue=72545736, util=100.00%
