/dev/nvme0n1: (g=0): rw=read, bs=(R) 4096B-4096B, (W) 4096B-4096B, (T) 4096B-4096B, ioengine=libaio, iodepth=64
...
fio-3.28
Starting 4 processes

/dev/nvme0n1: (groupid=0, jobs=1): err= 0: pid=37480: Sun Jun  5 15:50:53 2022
  read: IOPS=41.0k, BW=160MiB/s (168MB/s)(1600MiB/10002msec)
    slat (usec): min=4, max=3581, avg= 6.36, stdev= 6.16
    clat (usec): min=456, max=5211, avg=1554.27, stdev=54.50
     lat (usec): min=519, max=5216, avg=1560.81, stdev=54.59
    clat percentiles (usec):
     |  1.00th=[ 1483],  5.00th=[ 1516], 10.00th=[ 1516], 20.00th=[ 1532],
     | 30.00th=[ 1549], 40.00th=[ 1549], 50.00th=[ 1549], 60.00th=[ 1565],
     | 70.00th=[ 1565], 80.00th=[ 1582], 90.00th=[ 1598], 95.00th=[ 1598],
     | 99.00th=[ 1631], 99.50th=[ 1631], 99.90th=[ 1762], 99.95th=[ 2180],
     | 99.99th=[ 4752]
   bw (  KiB/s): min=162688, max=165184, per=25.05%, avg=164005.47, stdev=708.40, samples=19
   iops        : min=40672, max=41296, avg=41001.37, stdev=177.10, samples=19
  lat (usec)   : 500=0.01%, 750=0.01%
  lat (msec)   : 2=99.94%, 4=0.05%, 10=0.02%
  cpu          : usr=16.99%, sys=30.52%, ctx=108249, majf=0, minf=75
  IO depths    : 1=0.1%, 2=0.1%, 4=0.1%, 8=0.1%, 16=0.1%, 32=0.1%, >=64=100.0%
     submit    : 0=0.0%, 4=100.0%, 8=0.0%, 16=0.0%, 32=0.0%, 64=0.0%, >=64=0.0%
     complete  : 0=0.0%, 4=100.0%, 8=0.0%, 16=0.0%, 32=0.0%, 64=0.1%, >=64=0.0%
     issued rwts: total=409626,0,0,0 short=0,0,0,0 dropped=0,0,0,0
     latency   : target=0, window=0, percentile=100.00%, depth=64
/dev/nvme0n1: (groupid=0, jobs=1): err= 0: pid=37481: Sun Jun  5 15:50:53 2022
  read: IOPS=40.9k, BW=160MiB/s (167MB/s)(1598MiB/10002msec)
    slat (nsec): min=4050, max=91860, avg=6385.89, stdev=2615.58
    clat (usec): min=611, max=3243, avg=1556.73, stdev=39.27
     lat (usec): min=635, max=3248, avg=1563.30, stdev=39.23
    clat percentiles (usec):
     |  1.00th=[ 1500],  5.00th=[ 1516], 10.00th=[ 1516], 20.00th=[ 1532],
     | 30.00th=[ 1549], 40.00th=[ 1549], 50.00th=[ 1549], 60.00th=[ 1565],
     | 70.00th=[ 1565], 80.00th=[ 1582], 90.00th=[ 1598], 95.00th=[ 1598],
     | 99.00th=[ 1631], 99.50th=[ 1631], 99.90th=[ 1778], 99.95th=[ 1991],
     | 99.99th=[ 2933]
   bw (  KiB/s): min=161808, max=165056, per=25.00%, avg=163698.53, stdev=942.16, samples=19
   iops        : min=40452, max=41264, avg=40924.63, stdev=235.54, samples=19
  lat (usec)   : 750=0.01%, 1000=0.01%
  lat (msec)   : 2=99.95%, 4=0.05%
  cpu          : usr=18.18%, sys=28.96%, ctx=97585, majf=0, minf=77
  IO depths    : 1=0.1%, 2=0.1%, 4=0.1%, 8=0.1%, 16=0.1%, 32=0.1%, >=64=100.0%
     submit    : 0=0.0%, 4=100.0%, 8=0.0%, 16=0.0%, 32=0.0%, 64=0.0%, >=64=0.0%
     complete  : 0=0.0%, 4=100.0%, 8=0.0%, 16=0.0%, 32=0.0%, 64=0.1%, >=64=0.0%
     issued rwts: total=408971,0,0,0 short=0,0,0,0 dropped=0,0,0,0
     latency   : target=0, window=0, percentile=100.00%, depth=64
/dev/nvme0n1: (groupid=0, jobs=1): err= 0: pid=37482: Sun Jun  5 15:50:53 2022
  read: IOPS=40.9k, BW=160MiB/s (168MB/s)(1599MiB/10002msec)
    slat (usec): min=4, max=103, avg= 6.35, stdev= 2.63
    clat (usec): min=517, max=3168, avg=1555.42, stdev=37.07
     lat (usec): min=526, max=3173, avg=1561.94, stdev=37.02
    clat percentiles (usec):
     |  1.00th=[ 1483],  5.00th=[ 1516], 10.00th=[ 1516], 20.00th=[ 1532],
     | 30.00th=[ 1549], 40.00th=[ 1549], 50.00th=[ 1549], 60.00th=[ 1565],
     | 70.00th=[ 1565], 80.00th=[ 1582], 90.00th=[ 1598], 95.00th=[ 1598],
     | 99.00th=[ 1631], 99.50th=[ 1631], 99.90th=[ 1713], 99.95th=[ 1811],
     | 99.99th=[ 2737]
   bw (  KiB/s): min=162096, max=166096, per=25.02%, avg=163785.26, stdev=965.88, samples=19
   iops        : min=40524, max=41524, avg=40946.32, stdev=241.47, samples=19
  lat (usec)   : 750=0.01%, 1000=0.01%
  lat (msec)   : 2=99.96%, 4=0.04%
  cpu          : usr=17.20%, sys=29.92%, ctx=101143, majf=0, minf=79
  IO depths    : 1=0.1%, 2=0.1%, 4=0.1%, 8=0.1%, 16=0.1%, 32=0.1%, >=64=100.0%
     submit    : 0=0.0%, 4=100.0%, 8=0.0%, 16=0.0%, 32=0.0%, 64=0.0%, >=64=0.0%
     complete  : 0=0.0%, 4=100.0%, 8=0.0%, 16=0.0%, 32=0.0%, 64=0.1%, >=64=0.0%
     issued rwts: total=409319,0,0,0 short=0,0,0,0 dropped=0,0,0,0
     latency   : target=0, window=0, percentile=100.00%, depth=64
/dev/nvme0n1: (groupid=0, jobs=1): err= 0: pid=37483: Sun Jun  5 15:50:53 2022
  read: IOPS=40.9k, BW=160MiB/s (168MB/s)(1599MiB/10002msec)
    slat (usec): min=4, max=175, avg= 6.36, stdev= 2.63
    clat (usec): min=640, max=3182, avg=1555.73, stdev=40.67
     lat (usec): min=666, max=3188, avg=1562.26, stdev=40.62
    clat percentiles (usec):
     |  1.00th=[ 1500],  5.00th=[ 1516], 10.00th=[ 1516], 20.00th=[ 1532],
     | 30.00th=[ 1549], 40.00th=[ 1549], 50.00th=[ 1549], 60.00th=[ 1565],
     | 70.00th=[ 1565], 80.00th=[ 1582], 90.00th=[ 1598], 95.00th=[ 1598],
     | 99.00th=[ 1631], 99.50th=[ 1631], 99.90th=[ 1827], 99.95th=[ 2278],
     | 99.99th=[ 2868]
   bw (  KiB/s): min=161376, max=165184, per=25.01%, avg=163730.11, stdev=1010.26, samples=19
   iops        : min=40344, max=41296, avg=40932.53, stdev=252.57, samples=19
  lat (usec)   : 750=0.01%, 1000=0.01%
  lat (msec)   : 2=99.93%, 4=0.07%
  cpu          : usr=17.38%, sys=29.76%, ctx=101071, majf=0, minf=76
  IO depths    : 1=0.1%, 2=0.1%, 4=0.1%, 8=0.1%, 16=0.1%, 32=0.1%, >=64=100.0%
     submit    : 0=0.0%, 4=100.0%, 8=0.0%, 16=0.0%, 32=0.0%, 64=0.0%, >=64=0.0%
     complete  : 0=0.0%, 4=100.0%, 8=0.0%, 16=0.0%, 32=0.0%, 64=0.1%, >=64=0.0%
     issued rwts: total=409244,0,0,0 short=0,0,0,0 dropped=0,0,0,0
     latency   : target=0, window=0, percentile=100.00%, depth=64

Run status group 0 (all jobs):
   READ: bw=639MiB/s (670MB/s), 160MiB/s-160MiB/s (167MB/s-168MB/s), io=6395MiB (6706MB), run=10002-10002msec

Disk stats (read/write):
  nvme0n1: ios=1619993/0, merge=0/0, ticks=2479578/0, in_queue=2479578, util=99.08%
