/dev/nvme0n1: (g=0): rw=randread, bs=(R) 4096B-4096B, (W) 4096B-4096B, (T) 4096B-4096B, ioengine=libaio, iodepth=32
...
fio-3.28
Starting 2 processes

/dev/nvme0n1: (groupid=0, jobs=1): err= 0: pid=24733: Fri Jun  3 16:48:25 2022
  read: IOPS=211k, BW=823MiB/s (863MB/s)(8229MiB/10001msec)
    slat (nsec): min=1730, max=506973, avg=2792.73, stdev=1707.38
    clat (usec): min=42, max=8216, avg=148.70, stdev=88.95
     lat (usec): min=44, max=8221, avg=151.55, stdev=88.95
    clat percentiles (usec):
     |  1.00th=[   63],  5.00th=[   70], 10.00th=[   75], 20.00th=[   84],
     | 30.00th=[   94], 40.00th=[  108], 50.00th=[  124], 60.00th=[  143],
     | 70.00th=[  167], 80.00th=[  200], 90.00th=[  260], 95.00th=[  318],
     | 99.00th=[  445], 99.50th=[  502], 99.90th=[  627], 99.95th=[  685],
     | 99.99th=[  807]
   bw (  KiB/s): min=821272, max=847128, per=49.99%, avg=842942.32, stdev=5588.98, samples=19
   iops        : min=205318, max=211782, avg=210735.68, stdev=1397.31, samples=19
  lat (usec)   : 50=0.01%, 100=35.04%, 250=53.89%, 500=10.56%, 750=0.49%
  lat (usec)   : 1000=0.02%
  lat (msec)   : 2=0.01%, 10=0.01%
  cpu          : usr=32.63%, sys=57.86%, ctx=180003, majf=0, minf=46
  IO depths    : 1=0.1%, 2=0.1%, 4=0.1%, 8=0.1%, 16=0.1%, 32=100.0%, >=64=0.0%
     submit    : 0=0.0%, 4=100.0%, 8=0.0%, 16=0.0%, 32=0.0%, 64=0.0%, >=64=0.0%
     complete  : 0=0.0%, 4=100.0%, 8=0.0%, 16=0.0%, 32=0.1%, 64=0.0%, >=64=0.0%
     issued rwts: total=2106496,0,0,0 short=0,0,0,0 dropped=0,0,0,0
     latency   : target=0, window=0, percentile=100.00%, depth=32
/dev/nvme0n1: (groupid=0, jobs=1): err= 0: pid=24734: Fri Jun  3 16:48:25 2022
  read: IOPS=211k, BW=824MiB/s (864MB/s)(8240MiB/10001msec)
    slat (nsec): min=1719, max=507562, avg=2773.71, stdev=1687.82
    clat (usec): min=44, max=8157, avg=148.52, stdev=88.83
     lat (usec): min=46, max=8161, avg=151.35, stdev=88.83
    clat percentiles (usec):
     |  1.00th=[   63],  5.00th=[   70], 10.00th=[   75], 20.00th=[   84],
     | 30.00th=[   94], 40.00th=[  108], 50.00th=[  124], 60.00th=[  143],
     | 70.00th=[  167], 80.00th=[  200], 90.00th=[  260], 95.00th=[  318],
     | 99.00th=[  445], 99.50th=[  502], 99.90th=[  627], 99.95th=[  685],
     | 99.99th=[  807]
   bw (  KiB/s): min=823176, max=847232, per=50.07%, avg=844224.84, stdev=5252.85, samples=19
   iops        : min=205794, max=211808, avg=211056.21, stdev=1313.21, samples=19
  lat (usec)   : 50=0.01%, 100=35.12%, 250=53.81%, 500=10.57%, 750=0.48%
  lat (usec)   : 1000=0.02%
  lat (msec)   : 2=0.01%, 10=0.01%
  cpu          : usr=32.34%, sys=57.94%, ctx=185139, majf=0, minf=47
  IO depths    : 1=0.1%, 2=0.1%, 4=0.1%, 8=0.1%, 16=0.1%, 32=100.0%, >=64=0.0%
     submit    : 0=0.0%, 4=100.0%, 8=0.0%, 16=0.0%, 32=0.0%, 64=0.0%, >=64=0.0%
     complete  : 0=0.0%, 4=100.0%, 8=0.0%, 16=0.0%, 32=0.1%, 64=0.0%, >=64=0.0%
     issued rwts: total=2109316,0,0,0 short=0,0,0,0 dropped=0,0,0,0
     latency   : target=0, window=0, percentile=100.00%, depth=32

Run status group 0 (all jobs):
   READ: bw=1647MiB/s (1727MB/s), 823MiB/s-824MiB/s (863MB/s-864MB/s), io=16.1GiB (17.3GB), run=10001-10001msec

Disk stats (read/write):
  nvme0n1: ios=4172889/0, merge=0/0, ticks=567595/0, in_queue=567595, util=99.06%
