/dev/nvme0n1: (g=0): rw=trim, bs=(R) 4096B-1024KiB, (W) 4096B-1024KiB, (T) 4096B-1024KiB, ioengine=libaio, iodepth=32
fio-3.28
Starting 1 process

/dev/nvme0n1: (groupid=0, jobs=1): err= 0: pid=31732: Sun Jun  5 15:49:35 2022
  trim: IOPS=2435, BW=2194MiB/s (2301MB/s)(42.9GiB/20001msec)
    clat (usec): min=270, max=4711, avg=406.94, stdev=121.04
     lat (usec): min=270, max=4711, avg=407.27, stdev=121.15
    clat percentiles (usec):
     |  1.00th=[  310],  5.00th=[  318], 10.00th=[  322], 20.00th=[  330],
     | 30.00th=[  334], 40.00th=[  343], 50.00th=[  355], 60.00th=[  359],
     | 70.00th=[  445], 80.00th=[  510], 90.00th=[  545], 95.00th=[  594],
     | 99.00th=[  906], 99.50th=[  922], 99.90th=[  988], 99.95th=[ 1029],
     | 99.99th=[ 1205]
   bw (  MiB/s): min= 2118, max= 2324, per=100.00%, avg=2195.25, stdev=43.80, samples=39
   iops        : min= 2358, max= 2558, avg=2435.33, stdev=45.19, samples=39
  lat (usec)   : 500=78.51%, 750=18.78%, 1000=2.62%
  lat (msec)   : 2=0.08%, 10=0.01%
  cpu          : usr=1.80%, sys=6.65%, ctx=48717, majf=0, minf=9
  IO depths    : 1=100.0%, 2=0.0%, 4=0.0%, 8=0.0%, 16=0.0%, 32=0.0%, >=64=0.0%
     submit    : 0=0.0%, 4=100.0%, 8=0.0%, 16=0.0%, 32=0.0%, 64=0.0%, >=64=0.0%
     complete  : 0=0.0%, 4=100.0%, 8=0.0%, 16=0.0%, 32=0.0%, 64=0.0%, >=64=0.0%
     issued rwts: total=0,0,48708,0 short=0,0,0,0 dropped=0,0,0,0
     latency   : target=0, window=0, percentile=100.00%, depth=32

Run status group 0 (all jobs):
   TRIM: bw=2194MiB/s (2301MB/s), 2194MiB/s-2194MiB/s (2301MB/s-2301MB/s), io=42.9GiB (46.0GB), run=20001-20001msec

Disk stats (read/write):
  nvme0n1: ios=51/0, merge=0/0, ticks=6/0, in_queue=18510, util=99.64%
