/dev/nvme0n1: (g=0): rw=rw, bs=(R) 128KiB-128KiB, (W) 128KiB-128KiB, (T) 128KiB-128KiB, ioengine=libaio, iodepth=32
fio-3.28
Starting 1 process

/dev/nvme0n1: (groupid=0, jobs=1): err= 0: pid=48559: Wed Jun  8 14:28:24 2022
  write: IOPS=6331, BW=791MiB/s (830MB/s)(46.4GiB/60009msec); 0 zone resets
    slat (usec): min=13, max=603, avg=44.48, stdev=14.45
    clat (usec): min=1547, max=51108, avg=5006.74, stdev=5155.29
     lat (usec): min=1589, max=51158, avg=5051.46, stdev=5158.70
    clat percentiles (usec):
     |  1.00th=[ 2933],  5.00th=[ 3064], 10.00th=[ 3195], 20.00th=[ 3326],
     | 30.00th=[ 3458], 40.00th=[ 3556], 50.00th=[ 3621], 60.00th=[ 3720],
     | 70.00th=[ 3818], 80.00th=[ 3982], 90.00th=[ 4621], 95.00th=[21890],
     | 99.00th=[26608], 99.50th=[27132], 99.90th=[29230], 99.95th=[33424],
     | 99.99th=[48497]
   bw (  KiB/s): min=144896, max=1192448, per=100.00%, avg=816135.33, stdev=415484.49, samples=119
   iops        : min= 1132, max= 9316, avg=6376.04, stdev=3245.99, samples=119
  lat (msec)   : 2=0.02%, 4=81.18%, 10=12.11%, 20=0.46%, 50=6.23%
  lat (msec)   : 100=0.01%
  cpu          : usr=9.42%, sys=26.41%, ctx=166989, majf=0, minf=10
  IO depths    : 1=0.1%, 2=0.1%, 4=0.1%, 8=0.1%, 16=0.1%, 32=100.0%, >=64=0.0%
     submit    : 0=0.0%, 4=100.0%, 8=0.0%, 16=0.0%, 32=0.0%, 64=0.0%, >=64=0.0%
     complete  : 0=0.0%, 4=100.0%, 8=0.0%, 16=0.0%, 32=0.1%, 64=0.0%, >=64=0.0%
     issued rwts: total=0,379976,0,0 short=0,0,0,0 dropped=0,0,0,0
     latency   : target=0, window=0, percentile=100.00%, depth=32

Run status group 0 (all jobs):
  WRITE: bw=791MiB/s (830MB/s), 791MiB/s-791MiB/s (830MB/s-830MB/s), io=46.4GiB (49.8GB), run=60009-60009msec

Disk stats (read/write):
  nvme0n1: ios=51/379806, merge=0/0, ticks=41/1884241, in_queue=1884282, util=99.97%
