/dev/nvme0n1: (g=0): rw=rw, bs=(R) 128KiB-128KiB, (W) 128KiB-128KiB, (T) 128KiB-128KiB, ioengine=libaio, iodepth=32
fio-3.28
Starting 1 process

/dev/nvme0n1: (groupid=0, jobs=1): err= 0: pid=3662: Mon May 30 10:00:40 2022
  write: IOPS=24.6k, BW=3080MiB/s (3230MB/s)(30.1GiB/10002msec); 0 zone resets
    slat (usec): min=6, max=297, avg=12.91, stdev= 5.42
    clat (usec): min=304, max=6333, avg=1284.78, stdev=327.13
     lat (usec): min=324, max=6342, avg=1297.79, stdev=327.10
    clat percentiles (usec):
     |  1.00th=[ 1221],  5.00th=[ 1237], 10.00th=[ 1237], 20.00th=[ 1254],
     | 30.00th=[ 1254], 40.00th=[ 1254], 50.00th=[ 1254], 60.00th=[ 1254],
     | 70.00th=[ 1270], 80.00th=[ 1270], 90.00th=[ 1270], 95.00th=[ 1270],
     | 99.00th=[ 1352], 99.50th=[ 4752], 99.90th=[ 5145], 99.95th=[ 6259],
     | 99.99th=[ 6325]
   bw (  MiB/s): min= 3052, max= 3093, per=100.00%, avg=3081.57, stdev=12.01, samples=19
   iops        : min=24420, max=24746, avg=24652.53, stdev=96.12, samples=19
  lat (usec)   : 500=0.01%, 750=0.01%, 1000=0.02%
  lat (msec)   : 2=99.16%, 4=0.03%, 10=0.78%
  cpu          : usr=24.02%, sys=20.31%, ctx=245037, majf=0, minf=11
  IO depths    : 1=0.1%, 2=0.1%, 4=0.1%, 8=0.1%, 16=0.1%, 32=100.0%, >=64=0.0%
     submit    : 0=0.0%, 4=100.0%, 8=0.0%, 16=0.0%, 32=0.0%, 64=0.0%, >=64=0.0%
     complete  : 0=0.0%, 4=100.0%, 8=0.0%, 16=0.0%, 32=0.1%, 64=0.0%, >=64=0.0%
     issued rwts: total=0,246456,0,0 short=0,0,0,0 dropped=0,0,0,0
     latency   : target=0, window=0, percentile=100.00%, depth=32

Run status group 0 (all jobs):
  WRITE: bw=3080MiB/s (3230MB/s), 3080MiB/s-3080MiB/s (3230MB/s-3230MB/s), io=30.1GiB (32.3GB), run=10002-10002msec

Disk stats (read/write):
  nvme0n1: ios=51/243784, merge=0/0, ticks=10/313286, in_queue=313296, util=99.15%
