/dev/nvme0n1: (g=0): rw=rw, bs=(R) 128KiB-128KiB, (W) 128KiB-128KiB, (T) 128KiB-128KiB, ioengine=libaio, iodepth=32
fio-3.28
Starting 1 process

/dev/nvme0n1: (groupid=0, jobs=1): err= 0: pid=37438: Sun Jun  5 15:50:43 2022
  write: IOPS=8803, BW=1100MiB/s (1154MB/s)(64.5GiB/60004msec); 0 zone resets
    slat (usec): min=5, max=572, avg=30.69, stdev=11.29
    clat (usec): min=369, max=20978, avg=3601.13, stdev=894.67
     lat (usec): min=384, max=20986, avg=3632.11, stdev=894.68
    clat percentiles (usec):
     |  1.00th=[ 1270],  5.00th=[ 2999], 10.00th=[ 3130], 20.00th=[ 3294],
     | 30.00th=[ 3425], 40.00th=[ 3523], 50.00th=[ 3589], 60.00th=[ 3687],
     | 70.00th=[ 3785], 80.00th=[ 3884], 90.00th=[ 4015], 95.00th=[ 4146],
     | 99.00th=[ 4359], 99.50th=[ 4686], 99.90th=[19530], 99.95th=[19792],
     | 99.99th=[20055]
   bw (  MiB/s): min= 1023, max= 2245, per=100.00%, avg=1101.47, stdev=112.33, samples=119
   iops        : min= 8190, max=17960, avg=8811.75, stdev=898.66, samples=119
  lat (usec)   : 500=0.01%, 750=0.01%, 1000=0.01%
  lat (msec)   : 2=1.55%, 4=87.74%, 10=10.44%, 20=0.24%, 50=0.02%
  cpu          : usr=16.40%, sys=23.60%, ctx=287724, majf=0, minf=11
  IO depths    : 1=0.1%, 2=0.1%, 4=0.1%, 8=0.1%, 16=0.1%, 32=100.0%, >=64=0.0%
     submit    : 0=0.0%, 4=100.0%, 8=0.0%, 16=0.0%, 32=0.0%, 64=0.0%, >=64=0.0%
     complete  : 0=0.0%, 4=100.0%, 8=0.0%, 16=0.0%, 32=0.1%, 64=0.0%, >=64=0.0%
     issued rwts: total=0,528268,0,0 short=0,0,0,0 dropped=0,0,0,0
     latency   : target=0, window=0, percentile=100.00%, depth=32

Run status group 0 (all jobs):
  WRITE: bw=1100MiB/s (1154MB/s), 1100MiB/s-1100MiB/s (1154MB/s-1154MB/s), io=64.5GiB (69.2GB), run=60004-60004msec

Disk stats (read/write):
  nvme0n1: ios=51/527280, merge=0/0, ticks=5/1887981, in_queue=1887986, util=99.96%
