/dev/nvme0n1: (g=0): rw=rw, bs=(R) 128KiB-128KiB, (W) 128KiB-128KiB, (T) 128KiB-128KiB, ioengine=libaio, iodepth=32
fio-3.28
Starting 1 process

/dev/nvme0n1: (groupid=0, jobs=1): err= 0: pid=1022565: Mon Jun  6 13:14:25 2022
  write: IOPS=8521, BW=1065MiB/s (1117MB/s)(62.4GiB/60004msec); 0 zone resets
    slat (usec): min=5, max=581, avg=40.66, stdev=16.47
    clat (usec): min=1327, max=26352, avg=3711.19, stdev=1175.79
     lat (usec): min=1368, max=26414, avg=3752.10, stdev=1175.89
    clat percentiles (usec):
     |  1.00th=[ 2900],  5.00th=[ 3064], 10.00th=[ 3163], 20.00th=[ 3294],
     | 30.00th=[ 3425], 40.00th=[ 3523], 50.00th=[ 3589], 60.00th=[ 3687],
     | 70.00th=[ 3785], 80.00th=[ 3884], 90.00th=[ 4047], 95.00th=[ 4228],
     | 99.00th=[ 5735], 99.50th=[13960], 99.90th=[19530], 99.95th=[19792],
     | 99.99th=[23987]
   bw (  MiB/s): min=  516, max= 1158, per=100.00%, avg=1065.97, stdev=116.42, samples=119
   iops        : min= 4129, max= 9266, avg=8527.73, stdev=931.39, samples=119
  lat (msec)   : 2=0.03%, 4=87.85%, 10=11.27%, 20=0.82%, 50=0.03%
  cpu          : usr=14.28%, sys=31.31%, ctx=232270, majf=0, minf=13
  IO depths    : 1=0.1%, 2=0.1%, 4=0.1%, 8=0.1%, 16=0.1%, 32=100.0%, >=64=0.0%
     submit    : 0=0.0%, 4=100.0%, 8=0.0%, 16=0.0%, 32=0.0%, 64=0.0%, >=64=0.0%
     complete  : 0=0.0%, 4=100.0%, 8=0.0%, 16=0.0%, 32=0.1%, 64=0.0%, >=64=0.0%
     issued rwts: total=0,511347,0,0 short=0,0,0,0 dropped=0,0,0,0
     latency   : target=0, window=0, percentile=100.00%, depth=32

Run status group 0 (all jobs):
  WRITE: bw=1065MiB/s (1117MB/s), 1065MiB/s-1065MiB/s (1117MB/s-1117MB/s), io=62.4GiB (67.0GB), run=60004-60004msec

Disk stats (read/write):
  nvme0n1: ios=48/510318, merge=0/0, ticks=3/1877400, in_queue=1877403, util=99.95%
