/dev/nvme0n1: (g=0): rw=read, bs=(R) 4096B-4096B, (W) 4096B-4096B, (T) 4096B-4096B, ioengine=libaio, iodepth=64
...
fio-3.28
Starting 4 processes

/dev/nvme0n1: (groupid=0, jobs=1): err= 0: pid=22868: Wed Jun  8 14:24:45 2022
  read: IOPS=40.9k, BW=160MiB/s (168MB/s)(1600MiB/10002msec)
    slat (nsec): min=1865, max=87801, avg=3564.34, stdev=2478.19
    clat (usec): min=738, max=7125, avg=1558.22, stdev=96.52
     lat (usec): min=746, max=7128, avg=1561.85, stdev=96.47
    clat percentiles (usec):
     |  1.00th=[ 1483],  5.00th=[ 1516], 10.00th=[ 1532], 20.00th=[ 1532],
     | 30.00th=[ 1549], 40.00th=[ 1549], 50.00th=[ 1565], 60.00th=[ 1565],
     | 70.00th=[ 1565], 80.00th=[ 1582], 90.00th=[ 1582], 95.00th=[ 1598],
     | 99.00th=[ 1631], 99.50th=[ 1647], 99.90th=[ 2507], 99.95th=[ 3556],
     | 99.99th=[ 6980]
   bw (  KiB/s): min=162424, max=165768, per=24.98%, avg=163912.42, stdev=1273.00, samples=19
   iops        : min=40606, max=41442, avg=40978.11, stdev=318.25, samples=19
  lat (usec)   : 750=0.01%, 1000=0.01%
  lat (msec)   : 2=99.87%, 4=0.08%, 10=0.04%
  cpu          : usr=9.34%, sys=17.91%, ctx=143002, majf=0, minf=75
  IO depths    : 1=0.1%, 2=0.1%, 4=0.1%, 8=0.1%, 16=0.1%, 32=0.1%, >=64=100.0%
     submit    : 0=0.0%, 4=100.0%, 8=0.0%, 16=0.0%, 32=0.0%, 64=0.0%, >=64=0.0%
     complete  : 0=0.0%, 4=100.0%, 8=0.0%, 16=0.0%, 32=0.0%, 64=0.1%, >=64=0.0%
     issued rwts: total=409569,0,0,0 short=0,0,0,0 dropped=0,0,0,0
     latency   : target=0, window=0, percentile=100.00%, depth=64
/dev/nvme0n1: (groupid=0, jobs=1): err= 0: pid=22869: Wed Jun  8 14:24:45 2022
  read: IOPS=41.0k, BW=160MiB/s (168MB/s)(1604MiB/10002msec)
    slat (nsec): min=1875, max=829254, avg=3552.71, stdev=2816.57
    clat (usec): min=528, max=3278, avg=1554.39, stdev=48.99
     lat (usec): min=533, max=3281, avg=1558.01, stdev=48.90
    clat percentiles (usec):
     |  1.00th=[ 1483],  5.00th=[ 1516], 10.00th=[ 1532], 20.00th=[ 1532],
     | 30.00th=[ 1549], 40.00th=[ 1549], 50.00th=[ 1549], 60.00th=[ 1565],
     | 70.00th=[ 1565], 80.00th=[ 1565], 90.00th=[ 1582], 95.00th=[ 1598],
     | 99.00th=[ 1631], 99.50th=[ 1647], 99.90th=[ 1811], 99.95th=[ 2278],
     | 99.99th=[ 2999]
   bw (  KiB/s): min=162736, max=166296, per=25.05%, avg=164352.00, stdev=1457.99, samples=19
   iops        : min=40684, max=41574, avg=41088.00, stdev=364.50, samples=19
  lat (usec)   : 750=0.02%, 1000=0.05%
  lat (msec)   : 2=99.85%, 4=0.08%
  cpu          : usr=9.44%, sys=17.93%, ctx=152767, majf=0, minf=76
  IO depths    : 1=0.1%, 2=0.1%, 4=0.1%, 8=0.1%, 16=0.1%, 32=0.1%, >=64=100.0%
     submit    : 0=0.0%, 4=100.0%, 8=0.0%, 16=0.0%, 32=0.0%, 64=0.0%, >=64=0.0%
     complete  : 0=0.0%, 4=100.0%, 8=0.0%, 16=0.0%, 32=0.0%, 64=0.1%, >=64=0.0%
     issued rwts: total=410574,0,0,0 short=0,0,0,0 dropped=0,0,0,0
     latency   : target=0, window=0, percentile=100.00%, depth=64
/dev/nvme0n1: (groupid=0, jobs=1): err= 0: pid=22870: Wed Jun  8 14:24:45 2022
  read: IOPS=41.0k, BW=160MiB/s (168MB/s)(1603MiB/10002msec)
    slat (nsec): min=1894, max=320474, avg=3555.52, stdev=2565.04
    clat (usec): min=368, max=4483, avg=1555.12, stdev=50.29
     lat (usec): min=376, max=4486, avg=1558.75, stdev=50.21
    clat percentiles (usec):
     |  1.00th=[ 1483],  5.00th=[ 1516], 10.00th=[ 1532], 20.00th=[ 1532],
     | 30.00th=[ 1549], 40.00th=[ 1549], 50.00th=[ 1549], 60.00th=[ 1565],
     | 70.00th=[ 1565], 80.00th=[ 1582], 90.00th=[ 1582], 95.00th=[ 1598],
     | 99.00th=[ 1631], 99.50th=[ 1647], 99.90th=[ 1827], 99.95th=[ 2212],
     | 99.99th=[ 2671]
   bw (  KiB/s): min=162456, max=166384, per=25.03%, avg=164264.84, stdev=1512.30, samples=19
   iops        : min=40614, max=41596, avg=41066.21, stdev=378.07, samples=19
  lat (usec)   : 500=0.01%, 750=0.02%, 1000=0.07%
  lat (msec)   : 2=99.84%, 4=0.07%, 10=0.01%
  cpu          : usr=10.23%, sys=17.09%, ctx=142959, majf=0, minf=77
  IO depths    : 1=0.1%, 2=0.1%, 4=0.1%, 8=0.1%, 16=0.1%, 32=0.1%, >=64=100.0%
     submit    : 0=0.0%, 4=100.0%, 8=0.0%, 16=0.0%, 32=0.0%, 64=0.0%, >=64=0.0%
     complete  : 0=0.0%, 4=100.0%, 8=0.0%, 16=0.0%, 32=0.0%, 64=0.1%, >=64=0.0%
     issued rwts: total=410366,0,0,0 short=0,0,0,0 dropped=0,0,0,0
     latency   : target=0, window=0, percentile=100.00%, depth=64
/dev/nvme0n1: (groupid=0, jobs=1): err= 0: pid=22871: Wed Jun  8 14:24:45 2022
  read: IOPS=41.0k, BW=160MiB/s (168MB/s)(1602MiB/10002msec)
    slat (nsec): min=1851, max=184353, avg=3519.17, stdev=2410.98
    clat (usec): min=773, max=4899, avg=1555.76, stdev=65.30
     lat (usec): min=778, max=4902, avg=1559.34, stdev=65.24
    clat percentiles (usec):
     |  1.00th=[ 1483],  5.00th=[ 1516], 10.00th=[ 1532], 20.00th=[ 1532],
     | 30.00th=[ 1549], 40.00th=[ 1549], 50.00th=[ 1549], 60.00th=[ 1565],
     | 70.00th=[ 1565], 80.00th=[ 1565], 90.00th=[ 1582], 95.00th=[ 1598],
     | 99.00th=[ 1631], 99.50th=[ 1647], 99.90th=[ 2278], 99.95th=[ 2900],
     | 99.99th=[ 4015]
   bw (  KiB/s): min=162432, max=166544, per=25.02%, avg=164193.68, stdev=1449.92, samples=19
   iops        : min=40608, max=41636, avg=41048.42, stdev=362.48, samples=19
  lat (usec)   : 1000=0.04%
  lat (msec)   : 2=99.79%, 4=0.16%, 10=0.01%
  cpu          : usr=8.89%, sys=18.32%, ctx=159375, majf=0, minf=77
  IO depths    : 1=0.1%, 2=0.1%, 4=0.1%, 8=0.1%, 16=0.1%, 32=0.1%, >=64=100.0%
     submit    : 0=0.0%, 4=100.0%, 8=0.0%, 16=0.0%, 32=0.0%, 64=0.0%, >=64=0.0%
     complete  : 0=0.0%, 4=100.0%, 8=0.0%, 16=0.0%, 32=0.0%, 64=0.1%, >=64=0.0%
     issued rwts: total=410223,0,0,0 short=0,0,0,0 dropped=0,0,0,0
     latency   : target=0, window=0, percentile=100.00%, depth=64

Run status group 0 (all jobs):
   READ: bw=641MiB/s (672MB/s), 160MiB/s-160MiB/s (168MB/s-168MB/s), io=6409MiB (6720MB), run=10002-10002msec

Disk stats (read/write):
  nvme0n1: ios=1623541/0, merge=0/0, ticks=2508483/0, in_queue=2508483, util=99.06%
