/dev/nvme0n1: (g=0): rw=randread, bs=(R) 4096B-4096B, (W) 4096B-4096B, (T) 4096B-4096B, ioengine=libaio, iodepth=32
...
fio-3.28
Starting 2 processes

/dev/nvme0n1: (groupid=0, jobs=1): err= 0: pid=134931: Wed Jun  1 17:20:10 2022
  read: IOPS=26.8k, BW=105MiB/s (110MB/s)(3147MiB/30002msec)
    slat (nsec): min=1784, max=1244.6k, avg=10806.28, stdev=7607.66
    clat (usec): min=18, max=25559, avg=1178.97, stdev=1009.78
     lat (usec): min=20, max=25566, avg=1190.01, stdev=1009.10
    clat percentiles (usec):
     |  1.00th=[   97],  5.00th=[  204], 10.00th=[  285], 20.00th=[  363],
     | 30.00th=[  408], 40.00th=[  478], 50.00th=[ 1221], 60.00th=[ 1532],
     | 70.00th=[ 1680], 80.00th=[ 1811], 90.00th=[ 2024], 95.00th=[ 2802],
     | 99.00th=[ 4359], 99.50th=[ 4817], 99.90th=[ 7308], 99.95th=[18744],
     | 99.99th=[19792]
   bw (  KiB/s): min=91872, max=137480, per=50.10%, avg=107567.05, stdev=7847.92, samples=59
   iops        : min=22968, max=34370, avg=26891.83, stdev=1961.94, samples=59
  lat (usec)   : 20=0.01%, 50=0.01%, 100=1.08%, 250=6.34%, 500=34.01%
  lat (usec)   : 750=5.31%, 1000=1.48%
  lat (msec)   : 2=41.23%, 4=9.07%, 10=1.42%, 20=0.05%, 50=0.01%
  cpu          : usr=16.60%, sys=30.26%, ctx=47309, majf=0, minf=44
  IO depths    : 1=0.1%, 2=0.1%, 4=0.1%, 8=0.1%, 16=0.1%, 32=100.0%, >=64=0.0%
     submit    : 0=0.0%, 4=100.0%, 8=0.0%, 16=0.0%, 32=0.0%, 64=0.0%, >=64=0.0%
     complete  : 0=0.0%, 4=100.0%, 8=0.0%, 16=0.0%, 32=0.1%, 64=0.0%, >=64=0.0%
     issued rwts: total=805552,0,0,0 short=0,0,0,0 dropped=0,0,0,0
     latency   : target=0, window=0, percentile=100.00%, depth=32
/dev/nvme0n1: (groupid=0, jobs=1): err= 0: pid=134932: Wed Jun  1 17:20:10 2022
  read: IOPS=26.8k, BW=105MiB/s (110MB/s)(3145MiB/30005msec)
    slat (nsec): min=1809, max=839522, avg=10832.78, stdev=7527.51
    clat (usec): min=41, max=25274, avg=1179.83, stdev=1010.10
     lat (usec): min=45, max=25282, avg=1190.89, stdev=1009.42
    clat percentiles (usec):
     |  1.00th=[   97],  5.00th=[  206], 10.00th=[  285], 20.00th=[  363],
     | 30.00th=[  412], 40.00th=[  478], 50.00th=[ 1221], 60.00th=[ 1532],
     | 70.00th=[ 1680], 80.00th=[ 1811], 90.00th=[ 2024], 95.00th=[ 2802],
     | 99.00th=[ 4359], 99.50th=[ 4817], 99.90th=[ 7242], 99.95th=[18744],
     | 99.99th=[19792]
   bw (  KiB/s): min=91704, max=137344, per=50.07%, avg=107498.85, stdev=7868.09, samples=59
   iops        : min=22926, max=34336, avg=26874.71, stdev=1967.02, samples=59
  lat (usec)   : 50=0.01%, 100=1.11%, 250=6.30%, 500=34.01%, 750=5.29%
  lat (usec)   : 1000=1.47%
  lat (msec)   : 2=41.27%, 4=9.06%, 10=1.44%, 20=0.05%, 50=0.01%
  cpu          : usr=16.19%, sys=30.68%, ctx=47312, majf=0, minf=44
  IO depths    : 1=0.1%, 2=0.1%, 4=0.1%, 8=0.1%, 16=0.1%, 32=100.0%, >=64=0.0%
     submit    : 0=0.0%, 4=100.0%, 8=0.0%, 16=0.0%, 32=0.0%, 64=0.0%, >=64=0.0%
     complete  : 0=0.0%, 4=100.0%, 8=0.0%, 16=0.0%, 32=0.1%, 64=0.0%, >=64=0.0%
     issued rwts: total=805065,0,0,0 short=0,0,0,0 dropped=0,0,0,0
     latency   : target=0, window=0, percentile=100.00%, depth=32

Run status group 0 (all jobs):
   READ: bw=210MiB/s (220MB/s), 105MiB/s-105MiB/s (110MB/s-110MB/s), io=6291MiB (6597MB), run=30002-30005msec

Disk stats (read/write):
  nvme0n1: ios=1605667/34881, merge=0/0, ticks=1580686/1917700, in_queue=3498387, util=100.00%
