/dev/nvme0n1: (g=0): rw=trim, bs=(R) 4096B-1024KiB, (W) 4096B-1024KiB, (T) 4096B-1024KiB, ioengine=libaio, iodepth=32
fio-3.28
Starting 1 process

/dev/nvme0n1: (groupid=0, jobs=1): err= 0: pid=55691: Wed Jun  8 14:31:22 2022
  trim: IOPS=2338, BW=2102MiB/s (2204MB/s)(41.1GiB/20001msec)
    clat (usec): min=275, max=4770, avg=422.23, stdev=129.95
     lat (usec): min=275, max=4770, avg=422.67, stdev=130.04
    clat percentiles (usec):
     |  1.00th=[  293],  5.00th=[  314], 10.00th=[  318], 20.00th=[  330],
     | 30.00th=[  343], 40.00th=[  347], 50.00th=[  363], 60.00th=[  396],
     | 70.00th=[  474], 80.00th=[  529], 90.00th=[  578], 95.00th=[  627],
     | 99.00th=[  914], 99.50th=[  938], 99.90th=[ 1029], 99.95th=[ 1074],
     | 99.99th=[ 1156]
   bw (  MiB/s): min= 1993, max= 2224, per=100.00%, avg=2105.03, stdev=57.63, samples=39
   iops        : min= 2238, max= 2440, avg=2342.41, stdev=59.63, samples=39
  lat (usec)   : 500=74.20%, 750=22.93%, 1000=2.69%
  lat (msec)   : 2=0.18%, 10=0.01%
  cpu          : usr=2.38%, sys=5.75%, ctx=46785, majf=0, minf=9
  IO depths    : 1=100.0%, 2=0.0%, 4=0.0%, 8=0.0%, 16=0.0%, 32=0.0%, >=64=0.0%
     submit    : 0=0.0%, 4=100.0%, 8=0.0%, 16=0.0%, 32=0.0%, 64=0.0%, >=64=0.0%
     complete  : 0=0.0%, 4=100.0%, 8=0.0%, 16=0.0%, 32=0.0%, 64=0.0%, >=64=0.0%
     issued rwts: total=0,0,46778,0 short=0,0,0,0 dropped=0,0,0,0
     latency   : target=0, window=0, percentile=100.00%, depth=32

Run status group 0 (all jobs):
   TRIM: bw=2102MiB/s (2204MB/s), 2102MiB/s-2102MiB/s (2204MB/s-2204MB/s), io=41.1GiB (44.1GB), run=20001-20001msec

Disk stats (read/write):
  nvme0n1: ios=51/0, merge=0/0, ticks=5/0, in_queue=18560, util=99.66%
