/dev/nvme0n1: (g=0): rw=randwrite, bs=(R) 4096B-4096B, (W) 4096B-4096B, (T) 4096B-4096B, ioengine=libaio, iodepth=32
...
fio-3.28
Starting 2 processes

/dev/nvme0n1: (groupid=0, jobs=1): err= 0: pid=1622471: Mon Jun  6 13:34:35 2022
  write: IOPS=28.8k, BW=112MiB/s (118MB/s)(3371MiB/30018msec); 0 zone resets
    slat (nsec): min=1769, max=152489, avg=8258.37, stdev=4858.45
    clat (usec): min=87, max=38402, avg=1103.71, stdev=3575.36
     lat (usec): min=91, max=38409, avg=1112.12, stdev=3575.23
    clat percentiles (usec):
     |  1.00th=[  112],  5.00th=[  135], 10.00th=[  155], 20.00th=[  241],
     | 30.00th=[  310], 40.00th=[  343], 50.00th=[  371], 60.00th=[  478],
     | 70.00th=[  486], 80.00th=[  523], 90.00th=[  553], 95.00th=[  848],
     | 99.00th=[19792], 99.50th=[20317], 99.90th=[22152], 99.95th=[22938],
     | 99.99th=[31589]
   bw (  KiB/s): min=53896, max=585928, per=50.35%, avg=116020.07, stdev=113075.76, samples=59
   iops        : min=13474, max=146482, avg=29004.92, stdev=28269.00, samples=59
  lat (usec)   : 100=0.31%, 250=20.49%, 500=54.96%, 750=18.98%, 1000=0.57%
  lat (msec)   : 2=0.64%, 4=0.03%, 10=0.05%, 20=3.23%, 50=0.75%
  cpu          : usr=10.86%, sys=22.06%, ctx=24063, majf=0, minf=11
  IO depths    : 1=0.1%, 2=0.1%, 4=0.1%, 8=0.1%, 16=0.1%, 32=100.0%, >=64=0.0%
     submit    : 0=0.0%, 4=100.0%, 8=0.0%, 16=0.0%, 32=0.0%, 64=0.0%, >=64=0.0%
     complete  : 0=0.0%, 4=100.0%, 8=0.0%, 16=0.0%, 32=0.1%, 64=0.0%, >=64=0.0%
     issued rwts: total=0,863054,0,0 short=0,0,0,0 dropped=0,0,0,0
     latency   : target=0, window=0, percentile=100.00%, depth=32
/dev/nvme0n1: (groupid=0, jobs=1): err= 0: pid=1622472: Mon Jun  6 13:34:35 2022
  write: IOPS=28.9k, BW=113MiB/s (118MB/s)(3383MiB/30018msec); 0 zone resets
    slat (nsec): min=1767, max=952973, avg=8248.43, stdev=4947.76
    clat (usec): min=85, max=38415, avg=1099.72, stdev=3569.46
     lat (usec): min=87, max=38422, avg=1108.12, stdev=3569.34
    clat percentiles (usec):
     |  1.00th=[  111],  5.00th=[  135], 10.00th=[  155], 20.00th=[  241],
     | 30.00th=[  310], 40.00th=[  338], 50.00th=[  371], 60.00th=[  478],
     | 70.00th=[  486], 80.00th=[  519], 90.00th=[  553], 95.00th=[  840],
     | 99.00th=[19792], 99.50th=[20317], 99.90th=[22152], 99.95th=[22938],
     | 99.99th=[31589]
   bw (  KiB/s): min=53816, max=588256, per=50.53%, avg=116435.93, stdev=113438.82, samples=59
   iops        : min=13454, max=147064, avg=29108.92, stdev=28359.74, samples=59
  lat (usec)   : 100=0.35%, 250=20.52%, 500=55.36%, 750=18.51%, 1000=0.57%
  lat (msec)   : 2=0.64%, 4=0.03%, 10=0.05%, 20=3.22%, 50=0.75%
  cpu          : usr=10.81%, sys=22.10%, ctx=24096, majf=0, minf=12
  IO depths    : 1=0.1%, 2=0.1%, 4=0.1%, 8=0.1%, 16=0.1%, 32=100.0%, >=64=0.0%
     submit    : 0=0.0%, 4=100.0%, 8=0.0%, 16=0.0%, 32=0.0%, 64=0.0%, >=64=0.0%
     complete  : 0=0.0%, 4=100.0%, 8=0.0%, 16=0.0%, 32=0.1%, 64=0.0%, >=64=0.0%
     issued rwts: total=0,866162,0,0 short=0,0,0,0 dropped=0,0,0,0
     latency   : target=0, window=0, percentile=100.00%, depth=32

Run status group 0 (all jobs):
  WRITE: bw=225MiB/s (236MB/s), 112MiB/s-113MiB/s (118MB/s-118MB/s), io=6755MiB (7083MB), run=30018-30018msec

Disk stats (read/write):
  nvme0n1: ios=51/1725642, merge=0/0, ticks=4/1364690, in_queue=1364694, util=99.86%
