/dev/nvme0n1: (g=0): rw=read, bs=(R) 4096B-4096B, (W) 4096B-4096B, (T) 4096B-4096B, ioengine=libaio, iodepth=64
...
fio-3.28
Starting 4 processes

/dev/nvme0n1: (groupid=0, jobs=1): err= 0: pid=1622293: Mon Jun  6 13:33:33 2022
  read: IOPS=40.6k, BW=159MiB/s (166MB/s)(1587MiB/10002msec)
    slat (nsec): min=1856, max=87893, avg=3547.11, stdev=2531.16
    clat (usec): min=1137, max=2728, avg=1570.75, stdev=21.93
     lat (usec): min=1140, max=2731, avg=1574.37, stdev=21.79
    clat percentiles (usec):
     |  1.00th=[ 1516],  5.00th=[ 1549], 10.00th=[ 1549], 20.00th=[ 1565],
     | 30.00th=[ 1565], 40.00th=[ 1565], 50.00th=[ 1565], 60.00th=[ 1565],
     | 70.00th=[ 1565], 80.00th=[ 1582], 90.00th=[ 1582], 95.00th=[ 1598],
     | 99.00th=[ 1631], 99.50th=[ 1647], 99.90th=[ 1680], 99.95th=[ 1713],
     | 99.99th=[ 2057]
   bw (  KiB/s): min=159552, max=163632, per=25.02%, avg=162563.37, stdev=778.60, samples=19
   iops        : min=39888, max=40908, avg=40640.84, stdev=194.65, samples=19
  lat (msec)   : 2=99.98%, 4=0.02%
  cpu          : usr=9.22%, sys=17.71%, ctx=203868, majf=0, minf=73
  IO depths    : 1=0.1%, 2=0.1%, 4=0.1%, 8=0.1%, 16=0.1%, 32=0.1%, >=64=100.0%
     submit    : 0=0.0%, 4=100.0%, 8=0.0%, 16=0.0%, 32=0.0%, 64=0.0%, >=64=0.0%
     complete  : 0=0.0%, 4=100.0%, 8=0.0%, 16=0.0%, 32=0.0%, 64=0.1%, >=64=0.0%
     issued rwts: total=406312,0,0,0 short=0,0,0,0 dropped=0,0,0,0
     latency   : target=0, window=0, percentile=100.00%, depth=64
/dev/nvme0n1: (groupid=0, jobs=1): err= 0: pid=1622294: Mon Jun  6 13:33:33 2022
  read: IOPS=40.6k, BW=159MiB/s (166MB/s)(1586MiB/10002msec)
    slat (nsec): min=1883, max=77929, avg=3539.31, stdev=2547.82
    clat (usec): min=1132, max=3607, avg=1571.65, stdev=29.15
     lat (usec): min=1136, max=3610, avg=1575.26, stdev=29.06
    clat percentiles (usec):
     |  1.00th=[ 1516],  5.00th=[ 1549], 10.00th=[ 1549], 20.00th=[ 1565],
     | 30.00th=[ 1565], 40.00th=[ 1565], 50.00th=[ 1565], 60.00th=[ 1565],
     | 70.00th=[ 1565], 80.00th=[ 1582], 90.00th=[ 1598], 95.00th=[ 1598],
     | 99.00th=[ 1631], 99.50th=[ 1647], 99.90th=[ 1663], 99.95th=[ 1696],
     | 99.99th=[ 2540]
   bw (  KiB/s): min=159472, max=163576, per=25.01%, avg=162470.32, stdev=838.35, samples=19
   iops        : min=39868, max=40894, avg=40617.58, stdev=209.59, samples=19
  lat (msec)   : 2=99.98%, 4=0.02%
  cpu          : usr=8.65%, sys=18.11%, ctx=192655, majf=0, minf=76
  IO depths    : 1=0.1%, 2=0.1%, 4=0.1%, 8=0.1%, 16=0.1%, 32=0.1%, >=64=100.0%
     submit    : 0=0.0%, 4=100.0%, 8=0.0%, 16=0.0%, 32=0.0%, 64=0.0%, >=64=0.0%
     complete  : 0=0.0%, 4=100.0%, 8=0.0%, 16=0.0%, 32=0.0%, 64=0.1%, >=64=0.0%
     issued rwts: total=406088,0,0,0 short=0,0,0,0 dropped=0,0,0,0
     latency   : target=0, window=0, percentile=100.00%, depth=64
/dev/nvme0n1: (groupid=0, jobs=1): err= 0: pid=1622295: Mon Jun  6 13:33:33 2022
  read: IOPS=40.6k, BW=159MiB/s (166MB/s)(1586MiB/10002msec)
    slat (nsec): min=1865, max=77739, avg=3534.71, stdev=2570.10
    clat (usec): min=1115, max=3294, avg=1571.89, stdev=32.25
     lat (usec): min=1123, max=3297, avg=1575.49, stdev=32.15
    clat percentiles (usec):
     |  1.00th=[ 1516],  5.00th=[ 1549], 10.00th=[ 1549], 20.00th=[ 1565],
     | 30.00th=[ 1565], 40.00th=[ 1565], 50.00th=[ 1565], 60.00th=[ 1565],
     | 70.00th=[ 1565], 80.00th=[ 1582], 90.00th=[ 1598], 95.00th=[ 1598],
     | 99.00th=[ 1631], 99.50th=[ 1647], 99.90th=[ 1680], 99.95th=[ 1778],
     | 99.99th=[ 2999]
   bw (  KiB/s): min=159272, max=163840, per=25.00%, avg=162449.26, stdev=855.15, samples=19
   iops        : min=39818, max=40960, avg=40612.32, stdev=213.79, samples=19
  lat (msec)   : 2=99.96%, 4=0.04%
  cpu          : usr=10.26%, sys=16.11%, ctx=176114, majf=0, minf=76
  IO depths    : 1=0.1%, 2=0.1%, 4=0.1%, 8=0.1%, 16=0.1%, 32=0.1%, >=64=100.0%
     submit    : 0=0.0%, 4=100.0%, 8=0.0%, 16=0.0%, 32=0.0%, 64=0.0%, >=64=0.0%
     complete  : 0=0.0%, 4=100.0%, 8=0.0%, 16=0.0%, 32=0.0%, 64=0.1%, >=64=0.0%
     issued rwts: total=406033,0,0,0 short=0,0,0,0 dropped=0,0,0,0
     latency   : target=0, window=0, percentile=100.00%, depth=64
/dev/nvme0n1: (groupid=0, jobs=1): err= 0: pid=1622296: Mon Jun  6 13:33:33 2022
  read: IOPS=40.6k, BW=159MiB/s (166MB/s)(1587MiB/10002msec)
    slat (nsec): min=1848, max=91881, avg=3550.98, stdev=2522.75
    clat (usec): min=1100, max=2872, avg=1571.03, stdev=25.88
     lat (usec): min=1104, max=2877, avg=1574.65, stdev=25.78
    clat percentiles (usec):
     |  1.00th=[ 1516],  5.00th=[ 1549], 10.00th=[ 1549], 20.00th=[ 1565],
     | 30.00th=[ 1565], 40.00th=[ 1565], 50.00th=[ 1565], 60.00th=[ 1565],
     | 70.00th=[ 1565], 80.00th=[ 1582], 90.00th=[ 1582], 95.00th=[ 1598],
     | 99.00th=[ 1631], 99.50th=[ 1647], 99.90th=[ 1663], 99.95th=[ 1745],
     | 99.99th=[ 2507]
   bw (  KiB/s): min=159032, max=164128, per=25.02%, avg=162533.05, stdev=948.30, samples=19
   iops        : min=39758, max=41032, avg=40633.37, stdev=237.09, samples=19
  lat (msec)   : 2=99.96%, 4=0.04%
  cpu          : usr=10.74%, sys=15.95%, ctx=196417, majf=0, minf=75
  IO depths    : 1=0.1%, 2=0.1%, 4=0.1%, 8=0.1%, 16=0.1%, 32=0.1%, >=64=100.0%
     submit    : 0=0.0%, 4=100.0%, 8=0.0%, 16=0.0%, 32=0.0%, 64=0.0%, >=64=0.0%
     complete  : 0=0.0%, 4=100.0%, 8=0.0%, 16=0.0%, 32=0.0%, 64=0.1%, >=64=0.0%
     issued rwts: total=406240,0,0,0 short=0,0,0,0 dropped=0,0,0,0
     latency   : target=0, window=0, percentile=100.00%, depth=64

Run status group 0 (all jobs):
   READ: bw=635MiB/s (665MB/s), 159MiB/s-159MiB/s (166MB/s-166MB/s), io=6346MiB (6655MB), run=10002-10002msec

Disk stats (read/write):
  nvme0n1: ios=1607560/0, merge=0/0, ticks=2516961/0, in_queue=2516961, util=99.05%
