/dev/nvme0n1: (g=0): rw=read, bs=(R) 4096B-4096B, (W) 4096B-4096B, (T) 4096B-4096B, ioengine=libaio, iodepth=64
...
fio-3.28
Starting 4 processes

/dev/nvme0n1: (groupid=0, jobs=1): err= 0: pid=997283: Mon Jun  6 12:02:59 2022
  read: IOPS=40.8k, BW=159MiB/s (167MB/s)(1593MiB/10002msec)
    slat (nsec): min=1875, max=73902, avg=3488.59, stdev=2612.84
    clat (usec): min=953, max=23600, avg=1565.19, stdev=249.93
     lat (usec): min=1014, max=23617, avg=1568.74, stdev=250.05
    clat percentiles (usec):
     |  1.00th=[ 1516],  5.00th=[ 1532], 10.00th=[ 1549], 20.00th=[ 1549],
     | 30.00th=[ 1549], 40.00th=[ 1549], 50.00th=[ 1565], 60.00th=[ 1565],
     | 70.00th=[ 1565], 80.00th=[ 1582], 90.00th=[ 1582], 95.00th=[ 1598],
     | 99.00th=[ 1631], 99.50th=[ 1647], 99.90th=[ 1762], 99.95th=[ 2114],
     | 99.99th=[16450]
   bw (  KiB/s): min=156192, max=165344, per=25.02%, avg=163264.42, stdev=2039.55, samples=19
   iops        : min=39048, max=41336, avg=40816.11, stdev=509.89, samples=19
  lat (usec)   : 1000=0.01%
  lat (msec)   : 2=99.94%, 4=0.01%, 10=0.02%, 20=0.01%, 50=0.01%
  cpu          : usr=9.37%, sys=16.82%, ctx=182871, majf=0, minf=76
  IO depths    : 1=0.1%, 2=0.1%, 4=0.1%, 8=0.1%, 16=0.1%, 32=0.1%, >=64=100.0%
     submit    : 0=0.0%, 4=100.0%, 8=0.0%, 16=0.0%, 32=0.0%, 64=0.0%, >=64=0.0%
     complete  : 0=0.0%, 4=100.0%, 8=0.0%, 16=0.0%, 32=0.0%, 64=0.1%, >=64=0.0%
     issued rwts: total=407785,0,0,0 short=0,0,0,0 dropped=0,0,0,0
     latency   : target=0, window=0, percentile=100.00%, depth=64
/dev/nvme0n1: (groupid=0, jobs=1): err= 0: pid=997284: Mon Jun  6 12:02:59 2022
  read: IOPS=40.8k, BW=159MiB/s (167MB/s)(1593MiB/10002msec)
    slat (nsec): min=1868, max=61308, avg=3441.50, stdev=2592.77
    clat (usec): min=1142, max=23730, avg=1565.57, stdev=235.43
     lat (usec): min=1151, max=23744, avg=1569.07, stdev=235.63
    clat percentiles (usec):
     |  1.00th=[ 1516],  5.00th=[ 1532], 10.00th=[ 1549], 20.00th=[ 1549],
     | 30.00th=[ 1549], 40.00th=[ 1549], 50.00th=[ 1565], 60.00th=[ 1565],
     | 70.00th=[ 1565], 80.00th=[ 1582], 90.00th=[ 1582], 95.00th=[ 1598],
     | 99.00th=[ 1631], 99.50th=[ 1647], 99.90th=[ 2376], 99.95th=[ 2540],
     | 99.99th=[16188]
   bw (  KiB/s): min=152656, max=165328, per=24.99%, avg=163090.95, stdev=2754.14, samples=19
   iops        : min=38164, max=41332, avg=40772.74, stdev=688.53, samples=19
  lat (msec)   : 2=99.85%, 4=0.12%, 10=0.01%, 20=0.01%, 50=0.01%
  cpu          : usr=9.00%, sys=17.11%, ctx=190540, majf=0, minf=76
  IO depths    : 1=0.1%, 2=0.1%, 4=0.1%, 8=0.1%, 16=0.1%, 32=0.1%, >=64=100.0%
     submit    : 0=0.0%, 4=100.0%, 8=0.0%, 16=0.0%, 32=0.0%, 64=0.0%, >=64=0.0%
     complete  : 0=0.0%, 4=100.0%, 8=0.0%, 16=0.0%, 32=0.0%, 64=0.1%, >=64=0.0%
     issued rwts: total=407707,0,0,0 short=0,0,0,0 dropped=0,0,0,0
     latency   : target=0, window=0, percentile=100.00%, depth=64
/dev/nvme0n1: (groupid=0, jobs=1): err= 0: pid=997285: Mon Jun  6 12:02:59 2022
  read: IOPS=40.8k, BW=159MiB/s (167MB/s)(1593MiB/10002msec)
    slat (nsec): min=1906, max=65944, avg=3495.87, stdev=2587.76
    clat (usec): min=1117, max=23621, avg=1565.08, stdev=236.36
     lat (usec): min=1126, max=23635, avg=1568.64, stdev=236.55
    clat percentiles (usec):
     |  1.00th=[ 1516],  5.00th=[ 1532], 10.00th=[ 1549], 20.00th=[ 1549],
     | 30.00th=[ 1549], 40.00th=[ 1549], 50.00th=[ 1565], 60.00th=[ 1565],
     | 70.00th=[ 1565], 80.00th=[ 1565], 90.00th=[ 1582], 95.00th=[ 1598],
     | 99.00th=[ 1631], 99.50th=[ 1647], 99.90th=[ 2409], 99.95th=[ 2737],
     | 99.99th=[16057]
   bw (  KiB/s): min=152960, max=165336, per=25.00%, avg=163137.68, stdev=2676.28, samples=19
   iops        : min=38240, max=41334, avg=40784.53, stdev=669.16, samples=19
  lat (msec)   : 2=99.86%, 4=0.11%, 10=0.01%, 20=0.01%, 50=0.01%
  cpu          : usr=8.76%, sys=17.57%, ctx=191109, majf=0, minf=75
  IO depths    : 1=0.1%, 2=0.1%, 4=0.1%, 8=0.1%, 16=0.1%, 32=0.1%, >=64=100.0%
     submit    : 0=0.0%, 4=100.0%, 8=0.0%, 16=0.0%, 32=0.0%, 64=0.0%, >=64=0.0%
     complete  : 0=0.0%, 4=100.0%, 8=0.0%, 16=0.0%, 32=0.0%, 64=0.1%, >=64=0.0%
     issued rwts: total=407816,0,0,0 short=0,0,0,0 dropped=0,0,0,0
     latency   : target=0, window=0, percentile=100.00%, depth=64
/dev/nvme0n1: (groupid=0, jobs=1): err= 0: pid=997286: Mon Jun  6 12:02:59 2022
  read: IOPS=40.8k, BW=159MiB/s (167MB/s)(1595MiB/10002msec)
    slat (nsec): min=1858, max=69364, avg=3452.08, stdev=2521.76
    clat (usec): min=966, max=23587, avg=1562.89, stdev=251.30
     lat (usec): min=990, max=23601, avg=1566.40, stdev=251.43
    clat percentiles (usec):
     |  1.00th=[ 1516],  5.00th=[ 1532], 10.00th=[ 1549], 20.00th=[ 1549],
     | 30.00th=[ 1549], 40.00th=[ 1549], 50.00th=[ 1565], 60.00th=[ 1565],
     | 70.00th=[ 1565], 80.00th=[ 1565], 90.00th=[ 1582], 95.00th=[ 1582],
     | 99.00th=[ 1614], 99.50th=[ 1631], 99.90th=[ 1680], 99.95th=[ 1893],
     | 99.99th=[20055]
   bw (  KiB/s): min=156544, max=165336, per=25.04%, avg=163370.11, stdev=1958.69, samples=19
   iops        : min=39136, max=41334, avg=40842.53, stdev=489.67, samples=19
  lat (usec)   : 1000=0.01%
  lat (msec)   : 2=99.96%, 4=0.02%, 10=0.01%, 20=0.01%, 50=0.01%
  cpu          : usr=9.78%, sys=16.31%, ctx=203379, majf=0, minf=75
  IO depths    : 1=0.1%, 2=0.1%, 4=0.1%, 8=0.1%, 16=0.1%, 32=0.1%, >=64=100.0%
     submit    : 0=0.0%, 4=100.0%, 8=0.0%, 16=0.0%, 32=0.0%, 64=0.0%, >=64=0.0%
     complete  : 0=0.0%, 4=100.0%, 8=0.0%, 16=0.0%, 32=0.0%, 64=0.1%, >=64=0.0%
     issued rwts: total=408399,0,0,0 short=0,0,0,0 dropped=0,0,0,0
     latency   : target=0, window=0, percentile=100.00%, depth=64

Run status group 0 (all jobs):
   READ: bw=637MiB/s (668MB/s), 159MiB/s-159MiB/s (167MB/s-167MB/s), io=6374MiB (6683MB), run=10002-10002msec

Disk stats (read/write):
  nvme0n1: ios=1614500/0, merge=0/0, ticks=2516163/0, in_queue=2516163, util=99.01%
