/dev/nvme0n1: (g=0): rw=randread, bs=(R) 4096B-4096B, (W) 4096B-4096B, (T) 4096B-4096B, ioengine=libaio, iodepth=32
...
fio-3.28
Starting 2 processes

/dev/nvme0n1: (groupid=0, jobs=1): err= 0: pid=122395: Wed Jun  1 16:30:22 2022
  read: IOPS=363, BW=1453KiB/s (1488kB/s)(14.3MiB/10059msec)
    slat (usec): min=4, max=123, avg=18.16, stdev=13.11
    clat (usec): min=1158, max=235736, avg=88049.41, stdev=44878.03
     lat (usec): min=1212, max=235745, avg=88067.98, stdev=44876.95
    clat percentiles (msec):
     |  1.00th=[    5],  5.00th=[   26], 10.00th=[   34], 20.00th=[   53],
     | 30.00th=[   61], 40.00th=[   78], 50.00th=[   87], 60.00th=[   91],
     | 70.00th=[  110], 80.00th=[  123], 90.00th=[  148], 95.00th=[  167],
     | 99.00th=[  228], 99.50th=[  232], 99.90th=[  234], 99.95th=[  236],
     | 99.99th=[  236]
   bw (  KiB/s): min=  806, max= 1992, per=49.29%, avg=1446.75, stdev=290.98, samples=20
   iops        : min=  201, max=  498, avg=361.55, stdev=72.86, samples=20
  lat (msec)   : 2=0.16%, 4=0.82%, 10=2.41%, 20=0.36%, 50=13.88%
  lat (msec)   : 100=49.07%, 250=33.31%
  cpu          : usr=0.49%, sys=1.23%, ctx=1837, majf=0, minf=43
  IO depths    : 1=0.1%, 2=0.1%, 4=0.1%, 8=0.2%, 16=0.4%, 32=99.2%, >=64=0.0%
     submit    : 0=0.0%, 4=100.0%, 8=0.0%, 16=0.0%, 32=0.0%, 64=0.0%, >=64=0.0%
     complete  : 0=0.0%, 4=100.0%, 8=0.0%, 16=0.0%, 32=0.1%, 64=0.0%, >=64=0.0%
     issued rwts: total=3654,0,0,0 short=0,0,0,0 dropped=0,0,0,0
     latency   : target=0, window=0, percentile=100.00%, depth=32
/dev/nvme0n1: (groupid=0, jobs=1): err= 0: pid=122396: Wed Jun  1 16:30:22 2022
  read: IOPS=370, BW=1481KiB/s (1516kB/s)(14.5MiB/10058msec)
    slat (usec): min=4, max=150, avg=17.98, stdev=12.80
    clat (usec): min=571, max=264076, avg=86415.42, stdev=43723.50
     lat (usec): min=599, max=264104, avg=86433.80, stdev=43722.91
    clat percentiles (msec):
     |  1.00th=[    7],  5.00th=[   29], 10.00th=[   34], 20.00th=[   56],
     | 30.00th=[   62], 40.00th=[   72], 50.00th=[   86], 60.00th=[   88],
     | 70.00th=[   95], 80.00th=[  114], 90.00th=[  144], 95.00th=[  174],
     | 99.00th=[  245], 99.50th=[  253], 99.90th=[  262], 99.95th=[  264],
     | 99.99th=[  264]
   bw (  KiB/s): min=  912, max= 1796, per=50.21%, avg=1473.75, stdev=242.37, samples=20
   iops        : min=  228, max=  449, avg=368.35, stdev=60.65, samples=20
  lat (usec)   : 750=0.03%, 1000=0.03%
  lat (msec)   : 2=0.13%, 4=0.32%, 10=0.91%, 20=0.11%, 50=13.64%
  lat (msec)   : 100=58.53%, 250=25.57%, 500=0.73%
  cpu          : usr=0.40%, sys=1.35%, ctx=1863, majf=0, minf=45
  IO depths    : 1=0.1%, 2=0.1%, 4=0.1%, 8=0.2%, 16=0.4%, 32=99.2%, >=64=0.0%
     submit    : 0=0.0%, 4=100.0%, 8=0.0%, 16=0.0%, 32=0.0%, 64=0.0%, >=64=0.0%
     complete  : 0=0.0%, 4=100.0%, 8=0.0%, 16=0.0%, 32=0.1%, 64=0.0%, >=64=0.0%
     issued rwts: total=3723,0,0,0 short=0,0,0,0 dropped=0,0,0,0
     latency   : target=0, window=0, percentile=100.00%, depth=32

Run status group 0 (all jobs):
   READ: bw=2933KiB/s (3004kB/s), 1453KiB/s-1481KiB/s (1488kB/s-1516kB/s), io=28.8MiB (30.2MB), run=10058-10059msec

Disk stats (read/write):
  nvme0n1: ios=13484/111080, merge=0/0, ticks=1262270/10822776, in_queue=12085047, util=100.00%
