/dev/nvme0n1: (g=0): rw=randwrite, bs=(R) 4096B-4096B, (W) 4096B-4096B, (T) 4096B-4096B, ioengine=libaio, iodepth=64
fio-3.28
Starting 1 process

/dev/nvme0n1: (groupid=0, jobs=1): err= 0: pid=121664: Wed Jun  1 16:18:52 2022
  write: IOPS=1526, BW=6107KiB/s (6253kB/s)(358MiB/60040msec); 0 zone resets
    slat (nsec): min=1987, max=120669, avg=12515.79, stdev=9330.63
    clat (msec): min=7, max=106, avg=41.91, stdev= 9.41
     lat (msec): min=7, max=106, avg=41.92, stdev= 9.41
    clat percentiles (msec):
     |  1.00th=[   11],  5.00th=[   12], 10.00th=[   41], 20.00th=[   42],
     | 30.00th=[   43], 40.00th=[   43], 50.00th=[   44], 60.00th=[   44],
     | 70.00th=[   45], 80.00th=[   46], 90.00th=[   48], 95.00th=[   50],
     | 99.00th=[   57], 99.50th=[   77], 99.90th=[   97], 99.95th=[  102],
     | 99.99th=[  107]
   bw (  KiB/s): min= 4992, max= 7136, per=100.00%, avg=6110.92, stdev=358.33, samples=119
   iops        : min= 1248, max= 1784, avg=1527.73, stdev=89.58, samples=119
  lat (msec)   : 10=0.89%, 20=5.93%, 50=89.96%, 100=3.15%, 250=0.07%
  cpu          : usr=1.44%, sys=2.49%, ctx=18570, majf=0, minf=12
  IO depths    : 1=0.1%, 2=0.1%, 4=0.1%, 8=0.1%, 16=0.1%, 32=0.1%, >=64=99.9%
     submit    : 0=0.0%, 4=100.0%, 8=0.0%, 16=0.0%, 32=0.0%, 64=0.0%, >=64=0.0%
     complete  : 0=0.0%, 4=100.0%, 8=0.0%, 16=0.0%, 32=0.0%, 64=0.1%, >=64=0.0%
     issued rwts: total=0,91660,0,0 short=0,0,0,0 dropped=0,0,0,0
     latency   : target=0, window=0, percentile=100.00%, depth=64

Run status group 0 (all jobs):
  WRITE: bw=6107KiB/s (6253kB/s), 6107KiB/s-6107KiB/s (6253kB/s-6253kB/s), io=358MiB (375MB), run=60040-60040msec

Disk stats (read/write):
  nvme0n1: ios=299544/182980, merge=0/0, ticks=3818226/7655854, in_queue=11474080, util=100.00%
