/dev/nvme0n1: (g=0): rw=randwrite, bs=(R) 512B-64.0KiB, (W) 512B-64.0KiB, (T) 512B-64.0KiB, ioengine=libaio, iodepth=16
...
fio-3.28
Starting 2 processes

/dev/nvme0n1: (groupid=0, jobs=1): err= 0: pid=997660: Mon Jun  6 12:19:26 2022
  write: IOPS=2035, BW=15.4MiB/s (16.2MB/s)(46.3MiB/3002msec); 0 zone resets
    slat (nsec): min=1890, max=115136, avg=11380.61, stdev=10692.84
    clat (usec): min=6546, max=24843, avg=7841.49, stdev=1310.09
     lat (usec): min=6556, max=24898, avg=7853.07, stdev=1310.16
    clat percentiles (usec):
     |  1.00th=[ 6849],  5.00th=[ 7046], 10.00th=[ 7177], 20.00th=[ 7373],
     | 30.00th=[ 7439], 40.00th=[ 7570], 50.00th=[ 7701], 60.00th=[ 7832],
     | 70.00th=[ 8029], 80.00th=[ 8160], 90.00th=[ 8455], 95.00th=[ 8717],
     | 99.00th=[ 9241], 99.50th=[23987], 99.90th=[24773], 99.95th=[24773],
     | 99.99th=[24773]
   bw (  KiB/s): min=15292, max=16059, per=49.18%, avg=15637.00, stdev=288.31, samples=5
   iops        : min= 1952, max= 2080, avg=2024.40, stdev=55.72, samples=5
  lat (msec)   : 10=99.48%, 50=0.52%
  cpu          : usr=1.87%, sys=2.63%, ctx=1429, majf=0, minf=10
  IO depths    : 1=0.1%, 2=0.1%, 4=0.1%, 8=0.1%, 16=99.8%, 32=0.0%, >=64=0.0%
     submit    : 0=0.0%, 4=100.0%, 8=0.0%, 16=0.0%, 32=0.0%, 64=0.0%, >=64=0.0%
     complete  : 0=0.0%, 4=100.0%, 8=0.0%, 16=0.1%, 32=0.0%, 64=0.0%, >=64=0.0%
     issued rwts: total=0,6112,0,0 short=0,0,0,0 dropped=0,0,0,0
     latency   : target=0, window=0, percentile=100.00%, depth=16
/dev/nvme0n1: (groupid=0, jobs=1): err= 0: pid=997661: Mon Jun  6 12:19:26 2022
  write: IOPS=2036, BW=15.6MiB/s (16.4MB/s)(46.9MiB/3001msec); 0 zone resets
    slat (nsec): min=1876, max=92413, avg=11240.84, stdev=10311.54
    clat (usec): min=6583, max=25054, avg=7840.51, stdev=1316.95
     lat (usec): min=6595, max=25065, avg=7851.97, stdev=1316.96
    clat percentiles (usec):
     |  1.00th=[ 6849],  5.00th=[ 7046], 10.00th=[ 7177], 20.00th=[ 7373],
     | 30.00th=[ 7439], 40.00th=[ 7570], 50.00th=[ 7701], 60.00th=[ 7767],
     | 70.00th=[ 8029], 80.00th=[ 8225], 90.00th=[ 8455], 95.00th=[ 8717],
     | 99.00th=[ 9241], 99.50th=[24249], 99.90th=[24773], 99.95th=[24773],
     | 99.99th=[25035]
   bw (  KiB/s): min=15313, max=17287, per=50.55%, avg=16073.20, stdev=737.60, samples=5
   iops        : min= 1952, max= 2080, avg=2022.40, stdev=57.24, samples=5
  lat (msec)   : 10=99.48%, 50=0.52%
  cpu          : usr=2.10%, sys=2.30%, ctx=1547, majf=0, minf=12
  IO depths    : 1=0.1%, 2=0.1%, 4=0.1%, 8=0.1%, 16=99.8%, 32=0.0%, >=64=0.0%
     submit    : 0=0.0%, 4=100.0%, 8=0.0%, 16=0.0%, 32=0.0%, 64=0.0%, >=64=0.0%
     complete  : 0=0.0%, 4=100.0%, 8=0.0%, 16=0.1%, 32=0.0%, 64=0.0%, >=64=0.0%
     issued rwts: total=0,6112,0,0 short=0,0,0,0 dropped=0,0,0,0
     latency   : target=0, window=0, percentile=100.00%, depth=16

Run status group 0 (all jobs):
  WRITE: bw=31.0MiB/s (32.6MB/s), 15.4MiB/s-15.6MiB/s (16.2MB/s-16.4MB/s), io=93.2MiB (97.7MB), run=3001-3002msec

Disk stats (read/write):
  nvme0n1: ios=47/36262, merge=0/0, ticks=104/282780, in_queue=282882, util=100.00%
