/dev/nvme0n1: (g=0): rw=rw, bs=(R) 128KiB-128KiB, (W) 128KiB-128KiB, (T) 128KiB-128KiB, ioengine=libaio, iodepth=32
fio-3.28
Starting 1 process

/dev/nvme0n1: (groupid=0, jobs=1): err= 0: pid=3642: Mon May 30 10:00:11 2022
  write: IOPS=24.7k, BW=3087MiB/s (3237MB/s)(30.2GiB/10002msec); 0 zone resets
    slat (usec): min=6, max=534, avg=13.04, stdev= 5.52
    clat (usec): min=736, max=6321, avg=1281.48, stdev=324.40
     lat (usec): min=777, max=6332, avg=1294.59, stdev=324.34
    clat percentiles (usec):
     |  1.00th=[ 1221],  5.00th=[ 1221], 10.00th=[ 1237], 20.00th=[ 1237],
     | 30.00th=[ 1254], 40.00th=[ 1254], 50.00th=[ 1254], 60.00th=[ 1254],
     | 70.00th=[ 1254], 80.00th=[ 1270], 90.00th=[ 1270], 95.00th=[ 1270],
     | 99.00th=[ 1319], 99.50th=[ 4752], 99.90th=[ 4883], 99.95th=[ 6259],
     | 99.99th=[ 6325]
   bw (  MiB/s): min= 3065, max= 3096, per=100.00%, avg=3088.84, stdev= 8.97, samples=19
   iops        : min=24526, max=24768, avg=24710.74, stdev=71.79, samples=19
  lat (usec)   : 750=0.01%, 1000=0.01%
  lat (msec)   : 2=99.21%, 4=0.02%, 10=0.76%
  cpu          : usr=24.23%, sys=21.39%, ctx=244640, majf=0, minf=14
  IO depths    : 1=0.1%, 2=0.1%, 4=0.1%, 8=0.1%, 16=0.1%, 32=100.0%, >=64=0.0%
     submit    : 0=0.0%, 4=100.0%, 8=0.0%, 16=0.0%, 32=0.0%, 64=0.0%, >=64=0.0%
     complete  : 0=0.0%, 4=100.0%, 8=0.0%, 16=0.0%, 32=0.1%, 64=0.0%, >=64=0.0%
     issued rwts: total=0,247012,0,0 short=0,0,0,0 dropped=0,0,0,0
     latency   : target=0, window=0, percentile=100.00%, depth=32

Run status group 0 (all jobs):
  WRITE: bw=3087MiB/s (3237MB/s), 3087MiB/s-3087MiB/s (3237MB/s-3237MB/s), io=30.2GiB (32.4GB), run=10002-10002msec

Disk stats (read/write):
  nvme0n1: ios=51/244202, merge=0/0, ticks=10/312984, in_queue=312994, util=99.11%
