/dev/nvme0n1: (g=0): rw=randwrite, bs=(R) 512B-64.0KiB, (W) 512B-64.0KiB, (T) 512B-64.0KiB, ioengine=libaio, iodepth=16
...
fio-3.28
Starting 2 processes

/dev/nvme0n1: (groupid=0, jobs=1): err= 0: pid=92848: Wed Jun  1 15:17:39 2022
  write: IOPS=29.1k, BW=217MiB/s (227MB/s)(12.7GiB/60012msec); 0 zone resets
    slat (nsec): min=1789, max=1843.0k, avg=7546.86, stdev=5710.48
    clat (usec): min=43, max=27836, avg=541.65, stdev=1460.74
     lat (usec): min=50, max=27843, avg=549.32, stdev=1461.14
    clat percentiles (usec):
     |  1.00th=[  184],  5.00th=[  225], 10.00th=[  243], 20.00th=[  269],
     | 30.00th=[  293], 40.00th=[  326], 50.00th=[  371], 60.00th=[  412],
     | 70.00th=[  461], 80.00th=[  537], 90.00th=[  742], 95.00th=[  914],
     | 99.00th=[ 1565], 99.50th=[17695], 99.90th=[20841], 99.95th=[21627],
     | 99.99th=[22676]
   bw (  KiB/s): min=96547, max=358871, per=50.37%, avg=223149.05, stdev=89209.88, samples=119
   iops        : min=12780, max=46510, avg=29197.01, stdev=11699.67, samples=119
  lat (usec)   : 50=0.01%, 100=0.07%, 250=12.77%, 500=63.32%, 750=14.02%
  lat (usec)   : 1000=6.28%
  lat (msec)   : 2=2.84%, 4=0.10%, 10=0.01%, 20=0.40%, 50=0.18%
  cpu          : usr=14.29%, sys=23.48%, ctx=747689, majf=0, minf=12
  IO depths    : 1=0.1%, 2=0.1%, 4=0.1%, 8=0.1%, 16=100.0%, 32=0.0%, >=64=0.0%
     submit    : 0=0.0%, 4=100.0%, 8=0.0%, 16=0.0%, 32=0.0%, 64=0.0%, >=64=0.0%
     complete  : 0=0.0%, 4=100.0%, 8=0.0%, 16=0.1%, 32=0.0%, 64=0.0%, >=64=0.0%
     issued rwts: total=0,1743413,0,0 short=0,0,0,0 dropped=0,0,0,0
     latency   : target=0, window=0, percentile=100.00%, depth=16
/dev/nvme0n1: (groupid=0, jobs=1): err= 0: pid=92849: Wed Jun  1 15:17:39 2022
  write: IOPS=28.9k, BW=216MiB/s (226MB/s)(12.6GiB/60011msec); 0 zone resets
    slat (nsec): min=1828, max=1145.3k, avg=7857.54, stdev=5969.99
    clat (usec): min=51, max=29496, avg=543.43, stdev=1463.88
     lat (usec): min=56, max=29504, avg=551.41, stdev=1464.30
    clat percentiles (usec):
     |  1.00th=[  184],  5.00th=[  225], 10.00th=[  243], 20.00th=[  269],
     | 30.00th=[  293], 40.00th=[  330], 50.00th=[  371], 60.00th=[  416],
     | 70.00th=[  461], 80.00th=[  537], 90.00th=[  750], 95.00th=[  914],
     | 99.00th=[ 1582], 99.50th=[17695], 99.90th=[20841], 99.95th=[21627],
     | 99.99th=[22676]
   bw (  KiB/s): min=96134, max=359424, per=50.13%, avg=222085.75, stdev=89711.81, samples=119
   iops        : min=12564, max=46524, avg=29087.24, stdev=11771.96, samples=119
  lat (usec)   : 100=0.07%, 250=12.44%, 500=63.51%, 750=14.08%, 1000=6.35%
  lat (msec)   : 2=2.86%, 4=0.11%, 10=0.01%, 20=0.40%, 50=0.18%
  cpu          : usr=13.66%, sys=24.76%, ctx=728496, majf=0, minf=13
  IO depths    : 1=0.1%, 2=0.1%, 4=0.1%, 8=0.1%, 16=100.0%, 32=0.0%, >=64=0.0%
     submit    : 0=0.0%, 4=100.0%, 8=0.0%, 16=0.0%, 32=0.0%, 64=0.0%, >=64=0.0%
     complete  : 0=0.0%, 4=100.0%, 8=0.0%, 16=0.1%, 32=0.0%, 64=0.0%, >=64=0.0%
     issued rwts: total=0,1736839,0,0 short=0,0,0,0 dropped=0,0,0,0
     latency   : target=0, window=0, percentile=100.00%, depth=16

Run status group 0 (all jobs):
  WRITE: bw=433MiB/s (454MB/s), 216MiB/s-217MiB/s (226MB/s-227MB/s), io=25.4GiB (27.2GB), run=60011-60012msec

Disk stats (read/write):
  nvme0n1: ios=51/3477202, merge=0/0, ticks=12/1807303, in_queue=1807314, util=99.93%
