/dev/nvme0n1: (g=0): rw=read, bs=(R) 128KiB-128KiB, (W) 128KiB-128KiB, (T) 128KiB-128KiB, ioengine=libaio, iodepth=64
fio-3.28
Starting 1 process

fio: terminating on signal 2

/dev/nvme0n1: (groupid=0, jobs=1): err= 0: pid=26339: Sun Jun  5 15:27:48 2022
  read: IOPS=15.6k, BW=1950MiB/s (2044MB/s)(96.4GiB/50651msec)
    slat (usec): min=5, max=1646, avg=22.40, stdev= 8.28
    clat (usec): min=969, max=8343, avg=4079.06, stdev=692.31
     lat (usec): min=983, max=8468, avg=4101.59, stdev=693.61
    clat percentiles (usec):
     |  1.00th=[ 2245],  5.00th=[ 3261], 10.00th=[ 3425], 20.00th=[ 3589],
     | 30.00th=[ 3687], 40.00th=[ 3818], 50.00th=[ 3916], 60.00th=[ 4047],
     | 70.00th=[ 4293], 80.00th=[ 4752], 90.00th=[ 5080], 95.00th=[ 5342],
     | 99.00th=[ 5735], 99.50th=[ 5932], 99.90th=[ 6325], 99.95th=[ 6521],
     | 99.99th=[ 7046]
   bw (  MiB/s): min= 1566, max= 3279, per=99.94%, avg=1948.53, stdev=291.29, samples=101
   iops        : min=12530, max=26238, avg=15588.26, stdev=2330.34, samples=101
  lat (usec)   : 1000=0.01%
  lat (msec)   : 2=0.10%, 4=56.44%, 10=43.45%
  cpu          : usr=5.86%, sys=41.44%, ctx=443575, majf=0, minf=2061
  IO depths    : 1=0.1%, 2=0.1%, 4=0.1%, 8=0.1%, 16=0.1%, 32=0.1%, >=64=100.0%
     submit    : 0=0.0%, 4=100.0%, 8=0.0%, 16=0.0%, 32=0.0%, 64=0.0%, >=64=0.0%
     complete  : 0=0.0%, 4=100.0%, 8=0.0%, 16=0.0%, 32=0.0%, 64=0.1%, >=64=0.0%
     issued rwts: total=790066,0,0,0 short=0,0,0,0 dropped=0,0,0,0
     latency   : target=0, window=0, percentile=100.00%, depth=64

Run status group 0 (all jobs):
   READ: bw=1950MiB/s (2044MB/s), 1950MiB/s-1950MiB/s (2044MB/s-2044MB/s), io=96.4GiB (104GB), run=50651-50651msec

Disk stats (read/write):
  nvme0n1: ios=789974/0, merge=0/0, ticks=3218945/0, in_queue=3218945, util=99.89%
