/dev/nvme0n1: (g=0): rw=randwrite, bs=(R) 512B-64.0KiB, (W) 512B-64.0KiB, (T) 512B-64.0KiB, ioengine=libaio, iodepth=16
...
fio-3.28
Starting 2 processes

/dev/nvme0n1: (groupid=0, jobs=1): err= 0: pid=42409: Sun Jun  5 15:56:42 2022
  write: IOPS=11.8k, BW=87.7MiB/s (92.0MB/s)(1755MiB/20005msec); 0 zone resets
    slat (usec): min=2, max=514, avg= 8.71, stdev= 7.51
    clat (usec): min=76, max=36314, avg=1344.81, stdev=4445.38
     lat (usec): min=80, max=36322, avg=1353.67, stdev=4446.46
    clat percentiles (usec):
     |  1.00th=[  206],  5.00th=[  239], 10.00th=[  260], 20.00th=[  285],
     | 30.00th=[  302], 40.00th=[  322], 50.00th=[  338], 60.00th=[  359],
     | 70.00th=[  392], 80.00th=[  465], 90.00th=[  914], 95.00th=[ 2008],
     | 99.00th=[23462], 99.50th=[24249], 99.90th=[25297], 99.95th=[26084],
     | 99.99th=[34866]
   bw (  KiB/s): min=20659, max=358908, per=50.89%, avg=91392.51, stdev=111526.83, samples=39
   iops        : min= 2904, max=46636, avg=12019.46, stdev=14674.98, samples=39
  lat (usec)   : 100=0.01%, 250=7.48%, 500=74.53%, 750=5.53%, 1000=3.39%
  lat (msec)   : 2=4.04%, 4=0.81%, 10=0.02%, 20=0.17%, 50=4.00%
  cpu          : usr=6.41%, sys=10.92%, ctx=90111, majf=0, minf=12
  IO depths    : 1=0.1%, 2=0.1%, 4=0.1%, 8=0.1%, 16=100.0%, 32=0.0%, >=64=0.0%
     submit    : 0=0.0%, 4=100.0%, 8=0.0%, 16=0.0%, 32=0.0%, 64=0.0%, >=64=0.0%
     complete  : 0=0.0%, 4=100.0%, 8=0.0%, 16=0.1%, 32=0.0%, 64=0.0%, >=64=0.0%
     issued rwts: total=0,236171,0,0 short=0,0,0,0 dropped=0,0,0,0
     latency   : target=0, window=0, percentile=100.00%, depth=16
/dev/nvme0n1: (groupid=0, jobs=1): err= 0: pid=42410: Sun Jun  5 15:56:42 2022
  write: IOPS=11.8k, BW=87.7MiB/s (91.9MB/s)(1754MiB/20005msec); 0 zone resets
    slat (usec): min=2, max=115, avg= 8.74, stdev= 7.41
    clat (usec): min=80, max=36299, avg=1348.89, stdev=4449.70
     lat (usec): min=91, max=36308, avg=1357.78, stdev=4450.77
    clat percentiles (usec):
     |  1.00th=[  208],  5.00th=[  241], 10.00th=[  260], 20.00th=[  285],
     | 30.00th=[  306], 40.00th=[  322], 50.00th=[  338], 60.00th=[  363],
     | 70.00th=[  392], 80.00th=[  465], 90.00th=[  914], 95.00th=[ 2040],
     | 99.00th=[23462], 99.50th=[24249], 99.90th=[25297], 99.95th=[26084],
     | 99.99th=[34341]
   bw (  KiB/s): min=22062, max=357833, per=50.90%, avg=91409.95, stdev=111192.51, samples=39
   iops        : min= 2868, max=46570, avg=11981.41, stdev=14619.47, samples=39
  lat (usec)   : 100=0.01%, 250=7.20%, 500=74.74%, 750=5.60%, 1000=3.39%
  lat (msec)   : 2=4.00%, 4=0.85%, 10=0.03%, 20=0.17%, 50=4.01%
  cpu          : usr=6.27%, sys=11.06%, ctx=89371, majf=0, minf=12
  IO depths    : 1=0.1%, 2=0.1%, 4=0.1%, 8=0.1%, 16=100.0%, 32=0.0%, >=64=0.0%
     submit    : 0=0.0%, 4=100.0%, 8=0.0%, 16=0.0%, 32=0.0%, 64=0.0%, >=64=0.0%
     complete  : 0=0.0%, 4=100.0%, 8=0.0%, 16=0.1%, 32=0.0%, 64=0.0%, >=64=0.0%
     issued rwts: total=0,235456,0,0 short=0,0,0,0 dropped=0,0,0,0
     latency   : target=0, window=0, percentile=100.00%, depth=16

Run status group 0 (all jobs):
  WRITE: bw=175MiB/s (184MB/s), 87.7MiB/s-87.7MiB/s (91.9MB/s-92.0MB/s), io=3509MiB (3679MB), run=20005-20005msec

Disk stats (read/write):
  nvme0n1: ios=51/470842, merge=0/0, ticks=14/599323, in_queue=599336, util=99.69%
