/dev/nvme0n1: (g=0): rw=write, bs=(R) 128KiB-128KiB, (W) 128KiB-128KiB, (T) 128KiB-128KiB, ioengine=libaio, iodepth=64
fio-3.28
Starting 1 process

/dev/nvme0n1: (groupid=0, jobs=1): err= 0: pid=121568: Wed Jun  1 17:31:16 2022
  write: IOPS=839, BW=105MiB/s (110MB/s)(466GiB/4544440msec); 0 zone resets
    slat (usec): min=6, max=4779, avg=36.53, stdev=19.28
    clat (usec): min=274, max=952364, avg=76186.01, stdev=39709.70
     lat (usec): min=310, max=952391, avg=76222.93, stdev=39711.03
    clat percentiles (msec):
     |  1.00th=[    8],  5.00th=[   31], 10.00th=[   33], 20.00th=[   45],
     | 30.00th=[   53], 40.00th=[   55], 50.00th=[   64], 60.00th=[   83],
     | 70.00th=[  103], 80.00th=[  111], 90.00th=[  132], 95.00th=[  142],
     | 99.00th=[  184], 99.50th=[  203], 99.90th=[  279], 99.95th=[  326],
     | 99.99th=[  451]
   bw (  KiB/s): min= 9728, max=2279680, per=100.00%, avg=107582.32, stdev=63798.56, samples=9083
   iops        : min=   76, max=17810, avg=840.27, stdev=498.40, samples=9083
  lat (usec)   : 500=0.01%, 750=0.01%, 1000=0.01%
  lat (msec)   : 2=0.01%, 4=0.27%, 10=1.57%, 20=1.19%, 50=20.86%
  lat (msec)   : 100=45.61%, 250=30.32%, 500=0.17%, 750=0.01%, 1000=0.01%
  cpu          : usr=1.98%, sys=2.90%, ctx=1202338, majf=0, minf=13
  IO depths    : 1=0.1%, 2=0.1%, 4=0.1%, 8=0.1%, 16=0.1%, 32=0.1%, >=64=100.0%
     submit    : 0=0.0%, 4=100.0%, 8=0.0%, 16=0.0%, 32=0.0%, 64=0.0%, >=64=0.0%
     complete  : 0=0.0%, 4=100.0%, 8=0.0%, 16=0.0%, 32=0.0%, 64=0.1%, >=64=0.0%
     issued rwts: total=0,3815520,0,0 short=0,0,0,0 dropped=0,0,0,0
     latency   : target=0, window=0, percentile=100.00%, depth=64

Run status group 0 (all jobs):
  WRITE: bw=105MiB/s (110MB/s), 105MiB/s-105MiB/s (110MB/s-110MB/s), io=466GiB (500GB), run=4544440-4544440msec

Disk stats (read/write):
  nvme0n1: ios=4731634/37851467, merge=0/0, ticks=221046809/3845287482, in_queue=4066383887, util=100.00%
