/dev/nvme0n1: (g=0): rw=read, bs=(R) 4096B-4096B, (W) 4096B-4096B, (T) 4096B-4096B, ioengine=libaio, iodepth=64
...
fio-3.28
Starting 4 processes

/dev/nvme0n1: (groupid=0, jobs=1): err= 0: pid=997329: Mon Jun  6 12:03:09 2022
  read: IOPS=40.4k, BW=158MiB/s (165MB/s)(1579MiB/10002msec)
    slat (nsec): min=1920, max=501756, avg=3529.74, stdev=2850.94
    clat (usec): min=1243, max=25985, avg=1579.44, stdev=265.54
     lat (usec): min=1251, max=25994, avg=1583.04, stdev=265.60
    clat percentiles (usec):
     |  1.00th=[ 1532],  5.00th=[ 1549], 10.00th=[ 1565], 20.00th=[ 1565],
     | 30.00th=[ 1565], 40.00th=[ 1582], 50.00th=[ 1582], 60.00th=[ 1582],
     | 70.00th=[ 1582], 80.00th=[ 1582], 90.00th=[ 1598], 95.00th=[ 1598],
     | 99.00th=[ 1631], 99.50th=[ 1647], 99.90th=[ 1696], 99.95th=[ 2114],
     | 99.99th=[20841]
   bw (  KiB/s): min=153976, max=162280, per=25.00%, avg=161660.21, stdev=1866.27, samples=19
   iops        : min=38494, max=40570, avg=40415.16, stdev=466.60, samples=19
  lat (msec)   : 2=99.94%, 4=0.03%, 10=0.01%, 20=0.01%, 50=0.01%
  cpu          : usr=8.30%, sys=17.86%, ctx=181522, majf=0, minf=74
  IO depths    : 1=0.1%, 2=0.1%, 4=0.1%, 8=0.1%, 16=0.1%, 32=0.1%, >=64=100.0%
     submit    : 0=0.0%, 4=100.0%, 8=0.0%, 16=0.0%, 32=0.0%, 64=0.0%, >=64=0.0%
     complete  : 0=0.0%, 4=100.0%, 8=0.0%, 16=0.0%, 32=0.0%, 64=0.1%, >=64=0.0%
     issued rwts: total=404122,0,0,0 short=0,0,0,0 dropped=0,0,0,0
     latency   : target=0, window=0, percentile=100.00%, depth=64
/dev/nvme0n1: (groupid=0, jobs=1): err= 0: pid=997330: Mon Jun  6 12:03:09 2022
  read: IOPS=40.4k, BW=158MiB/s (165MB/s)(1579MiB/10002msec)
    slat (nsec): min=1908, max=62875, avg=3487.68, stdev=2699.93
    clat (usec): min=1230, max=26069, avg=1579.56, stdev=265.62
     lat (usec): min=1233, max=26077, avg=1583.11, stdev=265.69
    clat percentiles (usec):
     |  1.00th=[ 1532],  5.00th=[ 1549], 10.00th=[ 1565], 20.00th=[ 1565],
     | 30.00th=[ 1565], 40.00th=[ 1582], 50.00th=[ 1582], 60.00th=[ 1582],
     | 70.00th=[ 1582], 80.00th=[ 1582], 90.00th=[ 1598], 95.00th=[ 1598],
     | 99.00th=[ 1631], 99.50th=[ 1647], 99.90th=[ 1696], 99.95th=[ 1811],
     | 99.99th=[20841]
   bw (  KiB/s): min=154000, max=162368, per=25.01%, avg=161665.68, stdev=1863.90, samples=19
   iops        : min=38500, max=40592, avg=40416.42, stdev=465.97, samples=19
  lat (msec)   : 2=99.97%, 4=0.01%, 10=0.01%, 20=0.01%, 50=0.01%
  cpu          : usr=9.00%, sys=17.00%, ctx=179285, majf=0, minf=76
  IO depths    : 1=0.1%, 2=0.1%, 4=0.1%, 8=0.1%, 16=0.1%, 32=0.1%, >=64=100.0%
     submit    : 0=0.0%, 4=100.0%, 8=0.0%, 16=0.0%, 32=0.0%, 64=0.0%, >=64=0.0%
     complete  : 0=0.0%, 4=100.0%, 8=0.0%, 16=0.0%, 32=0.0%, 64=0.1%, >=64=0.0%
     issued rwts: total=404110,0,0,0 short=0,0,0,0 dropped=0,0,0,0
     latency   : target=0, window=0, percentile=100.00%, depth=64
/dev/nvme0n1: (groupid=0, jobs=1): err= 0: pid=997331: Mon Jun  6 12:03:09 2022
  read: IOPS=40.4k, BW=158MiB/s (166MB/s)(1579MiB/10002msec)
    slat (nsec): min=1901, max=79407, avg=3490.65, stdev=2720.95
    clat (usec): min=1224, max=26003, avg=1578.92, stdev=265.81
     lat (usec): min=1228, max=26011, avg=1582.48, stdev=265.88
    clat percentiles (usec):
     |  1.00th=[ 1532],  5.00th=[ 1549], 10.00th=[ 1565], 20.00th=[ 1565],
     | 30.00th=[ 1565], 40.00th=[ 1582], 50.00th=[ 1582], 60.00th=[ 1582],
     | 70.00th=[ 1582], 80.00th=[ 1582], 90.00th=[ 1582], 95.00th=[ 1598],
     | 99.00th=[ 1631], 99.50th=[ 1647], 99.90th=[ 1696], 99.95th=[ 1795],
     | 99.99th=[20841]
   bw (  KiB/s): min=153816, max=162304, per=25.02%, avg=161736.42, stdev=1921.11, samples=19
   iops        : min=38454, max=40576, avg=40434.11, stdev=480.28, samples=19
  lat (msec)   : 2=99.96%, 4=0.02%, 10=0.01%, 20=0.01%, 50=0.01%
  cpu          : usr=9.26%, sys=16.88%, ctx=194587, majf=0, minf=77
  IO depths    : 1=0.1%, 2=0.1%, 4=0.1%, 8=0.1%, 16=0.1%, 32=0.1%, >=64=100.0%
     submit    : 0=0.0%, 4=100.0%, 8=0.0%, 16=0.0%, 32=0.0%, 64=0.0%, >=64=0.0%
     complete  : 0=0.0%, 4=100.0%, 8=0.0%, 16=0.0%, 32=0.0%, 64=0.1%, >=64=0.0%
     issued rwts: total=404270,0,0,0 short=0,0,0,0 dropped=0,0,0,0
     latency   : target=0, window=0, percentile=100.00%, depth=64
/dev/nvme0n1: (groupid=0, jobs=1): err= 0: pid=997332: Mon Jun  6 12:03:09 2022
  read: IOPS=40.4k, BW=158MiB/s (165MB/s)(1579MiB/10002msec)
    slat (nsec): min=1922, max=352608, avg=3496.66, stdev=2727.50
    clat (usec): min=1230, max=25976, avg=1579.52, stdev=265.48
     lat (usec): min=1233, max=25983, avg=1583.09, stdev=265.56
    clat percentiles (usec):
     |  1.00th=[ 1532],  5.00th=[ 1549], 10.00th=[ 1565], 20.00th=[ 1565],
     | 30.00th=[ 1565], 40.00th=[ 1582], 50.00th=[ 1582], 60.00th=[ 1582],
     | 70.00th=[ 1582], 80.00th=[ 1582], 90.00th=[ 1598], 95.00th=[ 1598],
     | 99.00th=[ 1631], 99.50th=[ 1647], 99.90th=[ 1696], 99.95th=[ 2089],
     | 99.99th=[20841]
   bw (  KiB/s): min=153904, max=162504, per=25.01%, avg=161669.05, stdev=1891.20, samples=19
   iops        : min=38476, max=40626, avg=40417.26, stdev=472.80, samples=19
  lat (msec)   : 2=99.94%, 4=0.03%, 10=0.01%, 20=0.01%, 50=0.01%
  cpu          : usr=9.34%, sys=16.51%, ctx=178809, majf=0, minf=77
  IO depths    : 1=0.1%, 2=0.1%, 4=0.1%, 8=0.1%, 16=0.1%, 32=0.1%, >=64=100.0%
     submit    : 0=0.0%, 4=100.0%, 8=0.0%, 16=0.0%, 32=0.0%, 64=0.0%, >=64=0.0%
     complete  : 0=0.0%, 4=100.0%, 8=0.0%, 16=0.0%, 32=0.0%, 64=0.1%, >=64=0.0%
     issued rwts: total=404117,0,0,0 short=0,0,0,0 dropped=0,0,0,0
     latency   : target=0, window=0, percentile=100.00%, depth=64

Run status group 0 (all jobs):
   READ: bw=631MiB/s (662MB/s), 158MiB/s-158MiB/s (165MB/s-166MB/s), io=6315MiB (6622MB), run=10002-10002msec

Disk stats (read/write):
  nvme0n1: ios=1599685/0, merge=0/0, ticks=2518439/0, in_queue=2518439, util=99.05%
