/dev/nvme0n1: (g=0): rw=randwrite, bs=(R) 4096B-4096B, (W) 4096B-4096B, (T) 4096B-4096B, ioengine=libaio, iodepth=32
...
fio-3.28
Starting 2 processes

/dev/nvme0n1: (groupid=0, jobs=1): err= 0: pid=997375: Mon Jun  6 12:03:40 2022
  write: IOPS=13.4k, BW=52.5MiB/s (55.0MB/s)(1575MiB/30015msec); 0 zone resets
    slat (usec): min=2, max=566, avg=12.22, stdev= 3.70
    clat (usec): min=112, max=40333, avg=2367.83, stdev=5753.46
     lat (usec): min=116, max=40340, avg=2380.26, stdev=5751.90
    clat percentiles (usec):
     |  1.00th=[  334],  5.00th=[  404], 10.00th=[  482], 20.00th=[  490],
     | 30.00th=[  490], 40.00th=[  494], 50.00th=[  498], 60.00th=[  515],
     | 70.00th=[  537], 80.00th=[  553], 90.00th=[  857], 95.00th=[19792],
     | 99.00th=[21365], 99.50th=[21890], 99.90th=[23462], 99.95th=[26084],
     | 99.99th=[33817]
   bw (  KiB/s): min=38488, max=58120, per=49.86%, avg=53739.97, stdev=2960.53, samples=59
   iops        : min= 9622, max=14530, avg=13435.00, stdev=740.12, samples=59
  lat (usec)   : 250=0.36%, 500=51.08%, 750=38.54%, 1000=0.03%
  lat (msec)   : 2=0.36%, 4=0.04%, 10=0.06%, 20=4.89%, 50=4.64%
  cpu          : usr=6.34%, sys=15.65%, ctx=1370, majf=0, minf=11
  IO depths    : 1=0.1%, 2=0.1%, 4=0.1%, 8=0.1%, 16=0.1%, 32=100.0%, >=64=0.0%
     submit    : 0=0.0%, 4=100.0%, 8=0.0%, 16=0.0%, 32=0.0%, 64=0.0%, >=64=0.0%
     complete  : 0=0.0%, 4=100.0%, 8=0.0%, 16=0.0%, 32=0.1%, 64=0.0%, >=64=0.0%
     issued rwts: total=0,403290,0,0 short=0,0,0,0 dropped=0,0,0,0
     latency   : target=0, window=0, percentile=100.00%, depth=32
/dev/nvme0n1: (groupid=0, jobs=1): err= 0: pid=997376: Mon Jun  6 12:03:40 2022
  write: IOPS=13.5k, BW=52.8MiB/s (55.3MB/s)(1584MiB/30014msec); 0 zone resets
    slat (usec): min=2, max=115, avg=12.18, stdev= 3.59
    clat (usec): min=112, max=40310, avg=2355.63, stdev=5739.29
     lat (usec): min=115, max=40317, avg=2368.02, stdev=5737.75
    clat percentiles (usec):
     |  1.00th=[  326],  5.00th=[  404], 10.00th=[  478], 20.00th=[  486],
     | 30.00th=[  490], 40.00th=[  490], 50.00th=[  498], 60.00th=[  510],
     | 70.00th=[  529], 80.00th=[  553], 90.00th=[  627], 95.00th=[19792],
     | 99.00th=[21365], 99.50th=[21890], 99.90th=[23462], 99.95th=[26084],
     | 99.99th=[33817]
   bw (  KiB/s): min=38696, max=58216, per=50.13%, avg=54021.22, stdev=3003.19, samples=59
   iops        : min= 9674, max=14554, avg=13505.25, stdev=750.78, samples=59
  lat (usec)   : 250=0.50%, 500=52.86%, 750=36.67%, 1000=0.03%
  lat (msec)   : 2=0.35%, 4=0.04%, 10=0.06%, 20=4.87%, 50=4.61%
  cpu          : usr=6.30%, sys=15.71%, ctx=1341, majf=0, minf=12
  IO depths    : 1=0.1%, 2=0.1%, 4=0.1%, 8=0.1%, 16=0.1%, 32=100.0%, >=64=0.0%
     submit    : 0=0.0%, 4=100.0%, 8=0.0%, 16=0.0%, 32=0.0%, 64=0.0%, >=64=0.0%
     complete  : 0=0.0%, 4=100.0%, 8=0.0%, 16=0.0%, 32=0.1%, 64=0.0%, >=64=0.0%
     issued rwts: total=0,405382,0,0 short=0,0,0,0 dropped=0,0,0,0
     latency   : target=0, window=0, percentile=100.00%, depth=32

Run status group 0 (all jobs):
  WRITE: bw=105MiB/s (110MB/s), 52.5MiB/s-52.8MiB/s (55.0MB/s-55.3MB/s), io=3159MiB (3312MB), run=30014-30015msec

Disk stats (read/write):
  nvme0n1: ios=51/805920, merge=0/0, ticks=26/1522889, in_queue=1522915, util=99.94%
