/dev/nvme0n1: (g=0): rw=randread, bs=(R) 4096B-4096B, (W) 4096B-4096B, (T) 4096B-4096B, ioengine=libaio, iodepth=32
...
fio-3.28
Starting 2 processes

/dev/nvme0n1: (groupid=0, jobs=1): err= 0: pid=6901: Mon Jun  6 14:35:05 2022
  read: IOPS=211k, BW=822MiB/s (862MB/s)(8224MiB/10001msec)
    slat (nsec): min=1710, max=496291, avg=2798.01, stdev=1839.43
    clat (usec): min=37, max=8660, avg=148.76, stdev=90.21
     lat (usec): min=42, max=8672, avg=151.62, stdev=90.25
    clat percentiles (usec):
     |  1.00th=[   63],  5.00th=[   69], 10.00th=[   74], 20.00th=[   83],
     | 30.00th=[   93], 40.00th=[  108], 50.00th=[  124], 60.00th=[  143],
     | 70.00th=[  167], 80.00th=[  200], 90.00th=[  260], 95.00th=[  318],
     | 99.00th=[  453], 99.50th=[  510], 99.90th=[  644], 99.95th=[  701],
     | 99.99th=[  840]
   bw (  KiB/s): min=825592, max=851232, per=50.09%, avg=842649.26, stdev=7002.33, samples=19
   iops        : min=206398, max=212808, avg=210662.32, stdev=1750.58, samples=19
  lat (usec)   : 50=0.01%, 100=35.17%, 250=53.76%, 500=10.51%, 750=0.53%
  lat (usec)   : 1000=0.02%
  lat (msec)   : 2=0.01%, 10=0.01%
  cpu          : usr=33.45%, sys=57.40%, ctx=176093, majf=0, minf=43
  IO depths    : 1=0.1%, 2=0.1%, 4=0.1%, 8=0.1%, 16=0.1%, 32=100.0%, >=64=0.0%
     submit    : 0=0.0%, 4=100.0%, 8=0.0%, 16=0.0%, 32=0.0%, 64=0.0%, >=64=0.0%
     complete  : 0=0.0%, 4=100.0%, 8=0.0%, 16=0.0%, 32=0.1%, 64=0.0%, >=64=0.0%
     issued rwts: total=2105432,0,0,0 short=0,0,0,0 dropped=0,0,0,0
     latency   : target=0, window=0, percentile=100.00%, depth=32
/dev/nvme0n1: (groupid=0, jobs=1): err= 0: pid=6902: Mon Jun  6 14:35:05 2022
  read: IOPS=210k, BW=820MiB/s (860MB/s)(8205MiB/10001msec)
    slat (nsec): min=1716, max=109883, avg=2799.85, stdev=1806.10
    clat (usec): min=41, max=8546, avg=149.11, stdev=90.02
     lat (usec): min=43, max=8557, avg=151.97, stdev=90.06
    clat percentiles (usec):
     |  1.00th=[   63],  5.00th=[   70], 10.00th=[   75], 20.00th=[   83],
     | 30.00th=[   94], 40.00th=[  109], 50.00th=[  125], 60.00th=[  143],
     | 70.00th=[  167], 80.00th=[  202], 90.00th=[  260], 95.00th=[  318],
     | 99.00th=[  449], 99.50th=[  510], 99.90th=[  644], 99.95th=[  701],
     | 99.99th=[  832]
   bw (  KiB/s): min=822008, max=849360, per=49.98%, avg=840746.11, stdev=7086.34, samples=19
   iops        : min=205502, max=212340, avg=210186.53, stdev=1771.58, samples=19
  lat (usec)   : 50=0.01%, 100=34.89%, 250=53.98%, 500=10.57%, 750=0.53%
  lat (usec)   : 1000=0.03%
  lat (msec)   : 2=0.01%, 10=0.01%
  cpu          : usr=31.96%, sys=58.87%, ctx=176473, majf=0, minf=44
  IO depths    : 1=0.1%, 2=0.1%, 4=0.1%, 8=0.1%, 16=0.1%, 32=100.0%, >=64=0.0%
     submit    : 0=0.0%, 4=100.0%, 8=0.0%, 16=0.0%, 32=0.0%, 64=0.0%, >=64=0.0%
     complete  : 0=0.0%, 4=100.0%, 8=0.0%, 16=0.0%, 32=0.1%, 64=0.0%, >=64=0.0%
     issued rwts: total=2100444,0,0,0 short=0,0,0,0 dropped=0,0,0,0
     latency   : target=0, window=0, percentile=100.00%, depth=32

Run status group 0 (all jobs):
   READ: bw=1643MiB/s (1723MB/s), 820MiB/s-822MiB/s (860MB/s-862MB/s), io=16.0GiB (17.2GB), run=10001-10001msec

Disk stats (read/write):
  nvme0n1: ios=4162454/0, merge=0/0, ticks=563704/0, in_queue=563704, util=99.10%
