/dev/nvme0n1: (g=0): rw=trim, bs=(R) 4096B-1024KiB, (W) 4096B-1024KiB, (T) 4096B-1024KiB, ioengine=libaio, iodepth=32
fio-3.28
Starting 1 process

/dev/nvme0n1: (groupid=0, jobs=1): err= 0: pid=42516: Sun Jun  5 15:57:33 2022
  trim: IOPS=2403, BW=2162MiB/s (2267MB/s)(42.2GiB/20001msec)
    clat (usec): min=277, max=4673, avg=411.98, stdev=126.84
     lat (usec): min=277, max=4674, avg=412.25, stdev=126.97
    clat percentiles (usec):
     |  1.00th=[  293],  5.00th=[  314], 10.00th=[  318], 20.00th=[  330],
     | 30.00th=[  338], 40.00th=[  343], 50.00th=[  351], 60.00th=[  363],
     | 70.00th=[  461], 80.00th=[  515], 90.00th=[  562], 95.00th=[  611],
     | 99.00th=[  914], 99.50th=[  930], 99.90th=[ 1037], 99.95th=[ 1057],
     | 99.99th=[ 1172]
   bw (  MiB/s): min= 2041, max= 2272, per=99.94%, avg=2161.05, stdev=44.76, samples=39
   iops        : min= 2316, max= 2526, avg=2402.26, stdev=46.46, samples=39
  lat (usec)   : 500=77.74%, 750=19.26%, 1000=2.85%
  lat (msec)   : 2=0.15%, 10=0.01%
  cpu          : usr=2.38%, sys=6.09%, ctx=48089, majf=0, minf=9
  IO depths    : 1=100.0%, 2=0.0%, 4=0.0%, 8=0.0%, 16=0.0%, 32=0.0%, >=64=0.0%
     submit    : 0=0.0%, 4=100.0%, 8=0.0%, 16=0.0%, 32=0.0%, 64=0.0%, >=64=0.0%
     complete  : 0=0.0%, 4=100.0%, 8=0.0%, 16=0.0%, 32=0.0%, 64=0.0%, >=64=0.0%
     issued rwts: total=0,0,48072,0 short=0,0,0,0 dropped=0,0,0,0
     latency   : target=0, window=0, percentile=100.00%, depth=32

Run status group 0 (all jobs):
   TRIM: bw=2162MiB/s (2267MB/s), 2162MiB/s-2162MiB/s (2267MB/s-2267MB/s), io=42.2GiB (45.3GB), run=20001-20001msec

Disk stats (read/write):
  nvme0n1: ios=51/0, merge=0/0, ticks=22/0, in_queue=18512, util=99.74%
