/dev/nvme0n1: (g=0): rw=randwrite, bs=(R) 512B-64.0KiB, (W) 512B-64.0KiB, (T) 512B-64.0KiB, ioengine=libaio, iodepth=16
...
fio-3.28
Starting 2 processes

/dev/nvme0n1: (groupid=0, jobs=1): err= 0: pid=27401: Wed Jun  8 14:26:04 2022
  write: IOPS=6964, BW=51.7MiB/s (54.2MB/s)(1034MiB/20002msec); 0 zone resets
    slat (usec): min=2, max=140, avg=13.52, stdev= 8.55
    clat (usec): min=79, max=35997, avg=2281.04, stdev=5954.08
     lat (usec): min=83, max=36010, avg=2294.82, stdev=5953.81
    clat percentiles (usec):
     |  1.00th=[  208],  5.00th=[  239], 10.00th=[  255], 20.00th=[  273],
     | 30.00th=[  289], 40.00th=[  306], 50.00th=[  330], 60.00th=[  416],
     | 70.00th=[  660], 80.00th=[  996], 90.00th=[ 1647], 95.00th=[21627],
     | 99.00th=[23462], 99.50th=[23987], 99.90th=[26084], 99.95th=[33817],
     | 99.99th=[35914]
   bw (  KiB/s): min=46598, max=57258, per=49.64%, avg=53014.64, stdev=2076.59, samples=39
   iops        : min= 6195, max= 7516, avg=6979.72, stdev=266.25, samples=39
  lat (usec)   : 100=0.02%, 250=8.08%, 500=56.18%, 750=8.75%, 1000=7.20%
  lat (msec)   : 2=11.12%, 4=0.41%, 10=0.05%, 20=0.38%, 50=7.81%
  cpu          : usr=5.39%, sys=9.70%, ctx=7789, majf=0, minf=11
  IO depths    : 1=0.1%, 2=0.1%, 4=0.1%, 8=0.1%, 16=100.0%, 32=0.0%, >=64=0.0%
     submit    : 0=0.0%, 4=100.0%, 8=0.0%, 16=0.0%, 32=0.0%, 64=0.0%, >=64=0.0%
     complete  : 0=0.0%, 4=100.0%, 8=0.0%, 16=0.1%, 32=0.0%, 64=0.0%, >=64=0.0%
     issued rwts: total=0,139296,0,0 short=0,0,0,0 dropped=0,0,0,0
     latency   : target=0, window=0, percentile=100.00%, depth=16
/dev/nvme0n1: (groupid=0, jobs=1): err= 0: pid=27402: Wed Jun  8 14:26:04 2022
  write: IOPS=7075, BW=52.6MiB/s (55.2MB/s)(1052MiB/20002msec); 0 zone resets
    slat (usec): min=2, max=106, avg=13.05, stdev= 7.98
    clat (usec): min=86, max=35983, avg=2245.35, stdev=5912.00
     lat (usec): min=90, max=35991, avg=2258.65, stdev=5911.76
    clat percentiles (usec):
     |  1.00th=[  204],  5.00th=[  233], 10.00th=[  251], 20.00th=[  269],
     | 30.00th=[  285], 40.00th=[  302], 50.00th=[  322], 60.00th=[  412],
     | 70.00th=[  644], 80.00th=[  971], 90.00th=[ 1614], 95.00th=[21627],
     | 99.00th=[23462], 99.50th=[23987], 99.90th=[26084], 99.95th=[33817],
     | 99.99th=[35914]
   bw (  KiB/s): min=50343, max=57270, per=50.57%, avg=54007.97, stdev=1706.93, samples=39
   iops        : min= 6199, max= 7612, avg=7091.13, stdev=281.56, samples=39
  lat (usec)   : 100=0.01%, 250=9.77%, 500=55.14%, 750=8.74%, 1000=6.99%
  lat (msec)   : 2=10.85%, 4=0.39%, 10=0.05%, 20=0.37%, 50=7.69%
  cpu          : usr=5.49%, sys=9.50%, ctx=8020, majf=0, minf=12
  IO depths    : 1=0.1%, 2=0.1%, 4=0.1%, 8=0.1%, 16=100.0%, 32=0.0%, >=64=0.0%
     submit    : 0=0.0%, 4=100.0%, 8=0.0%, 16=0.0%, 32=0.0%, 64=0.0%, >=64=0.0%
     complete  : 0=0.0%, 4=100.0%, 8=0.0%, 16=0.1%, 32=0.0%, 64=0.0%, >=64=0.0%
     issued rwts: total=0,141524,0,0 short=0,0,0,0 dropped=0,0,0,0
     latency   : target=0, window=0, percentile=100.00%, depth=16

Run status group 0 (all jobs):
  WRITE: bw=104MiB/s (109MB/s), 51.7MiB/s-52.6MiB/s (54.2MB/s-55.2MB/s), io=2086MiB (2187MB), run=20002-20002msec

Disk stats (read/write):
  nvme0n1: ios=48/279484, merge=0/0, ticks=5/589426, in_queue=589430, util=99.70%
