/dev/nvme0n1: (g=0): rw=randwrite, bs=(R) 4096B-4096B, (W) 4096B-4096B, (T) 4096B-4096B, ioengine=libaio, iodepth=32
...
fio-3.28
Starting 2 processes

/dev/nvme0n1: (groupid=0, jobs=1): err= 0: pid=37608: Sun Jun  5 15:51:55 2022
  write: IOPS=130k, BW=508MiB/s (533MB/s)(14.9GiB/30001msec); 0 zone resets
    slat (nsec): min=1710, max=668445, avg=3124.40, stdev=2172.93
    clat (usec): min=84, max=29859, avg=242.51, stdev=338.71
     lat (usec): min=87, max=29863, avg=245.69, stdev=338.64
    clat percentiles (usec):
     |  1.00th=[   97],  5.00th=[  113], 10.00th=[  124], 20.00th=[  133],
     | 30.00th=[  141], 40.00th=[  151], 50.00th=[  165], 60.00th=[  192],
     | 70.00th=[  237], 80.00th=[  310], 90.00th=[  465], 95.00th=[  586],
     | 99.00th=[  824], 99.50th=[ 1037], 99.90th=[ 3294], 99.95th=[ 6259],
     | 99.99th=[15008]
   bw (  KiB/s): min=197752, max=697272, per=50.44%, avg=525899.80, stdev=81276.29, samples=59
   iops        : min=49438, max=174318, avg=131475.02, stdev=20319.05, samples=59
  lat (usec)   : 100=1.72%, 250=70.57%, 500=19.47%, 750=6.75%, 1000=0.93%
  lat (msec)   : 2=0.41%, 4=0.06%, 10=0.05%, 20=0.03%, 50=0.01%
  cpu          : usr=23.18%, sys=38.85%, ctx=326609, majf=0, minf=11
  IO depths    : 1=0.1%, 2=0.1%, 4=0.1%, 8=0.1%, 16=0.1%, 32=100.0%, >=64=0.0%
     submit    : 0=0.0%, 4=100.0%, 8=0.0%, 16=0.0%, 32=0.0%, 64=0.0%, >=64=0.0%
     complete  : 0=0.0%, 4=100.0%, 8=0.0%, 16=0.0%, 32=0.1%, 64=0.0%, >=64=0.0%
     issued rwts: total=0,3901089,0,0 short=0,0,0,0 dropped=0,0,0,0
     latency   : target=0, window=0, percentile=100.00%, depth=32
/dev/nvme0n1: (groupid=0, jobs=1): err= 0: pid=37609: Sun Jun  5 15:51:55 2022
  write: IOPS=131k, BW=510MiB/s (535MB/s)(15.0GiB/30001msec); 0 zone resets
    slat (nsec): min=1705, max=490992, avg=3086.02, stdev=2162.07
    clat (usec): min=84, max=29830, avg=241.39, stdev=337.79
     lat (usec): min=86, max=29834, avg=244.54, stdev=337.73
    clat percentiles (usec):
     |  1.00th=[   96],  5.00th=[  112], 10.00th=[  124], 20.00th=[  133],
     | 30.00th=[  139], 40.00th=[  151], 50.00th=[  165], 60.00th=[  190],
     | 70.00th=[  235], 80.00th=[  310], 90.00th=[  461], 95.00th=[  586],
     | 99.00th=[  824], 99.50th=[ 1029], 99.90th=[ 3326], 99.95th=[ 6194],
     | 99.99th=[15008]
   bw (  KiB/s): min=200456, max=697280, per=50.67%, avg=528355.53, stdev=81048.86, samples=59
   iops        : min=50114, max=174320, avg=132088.85, stdev=20262.08, samples=59
  lat (usec)   : 100=1.89%, 250=70.58%, 500=19.37%, 750=6.69%, 1000=0.92%
  lat (msec)   : 2=0.40%, 4=0.06%, 10=0.05%, 20=0.03%, 50=0.01%
  cpu          : usr=24.21%, sys=37.69%, ctx=328783, majf=0, minf=12
  IO depths    : 1=0.1%, 2=0.1%, 4=0.1%, 8=0.1%, 16=0.1%, 32=100.0%, >=64=0.0%
     submit    : 0=0.0%, 4=100.0%, 8=0.0%, 16=0.0%, 32=0.0%, 64=0.0%, >=64=0.0%
     complete  : 0=0.0%, 4=100.0%, 8=0.0%, 16=0.0%, 32=0.1%, 64=0.0%, >=64=0.0%
     issued rwts: total=0,3919545,0,0 short=0,0,0,0 dropped=0,0,0,0
     latency   : target=0, window=0, percentile=100.00%, depth=32

Run status group 0 (all jobs):
  WRITE: bw=1018MiB/s (1068MB/s), 508MiB/s-510MiB/s (533MB/s-535MB/s), io=29.8GiB (32.0GB), run=30001-30001msec

Disk stats (read/write):
  nvme0n1: ios=51/7811004, merge=0/0, ticks=6/1334105, in_queue=1334111, util=99.76%
