/dev/nvme0n1: (g=0): rw=rw, bs=(R) 128KiB-128KiB, (W) 128KiB-128KiB, (T) 128KiB-128KiB, ioengine=libaio, iodepth=32
fio-3.28
Starting 1 process

/dev/nvme0n1: (groupid=0, jobs=1): err= 0: pid=13237: Mon Jun  6 14:37:51 2022
  write: IOPS=6446, BW=806MiB/s (845MB/s)(47.2GiB/60004msec); 0 zone resets
    slat (usec): min=10, max=316, avg=43.91, stdev=13.47
    clat (usec): min=599, max=86089, avg=4917.32, stdev=6047.61
     lat (usec): min=619, max=86136, avg=4961.47, stdev=6050.16
    clat percentiles (usec):
     |  1.00th=[ 2900],  5.00th=[ 3064], 10.00th=[ 3163], 20.00th=[ 3326],
     | 30.00th=[ 3458], 40.00th=[ 3556], 50.00th=[ 3621], 60.00th=[ 3720],
     | 70.00th=[ 3818], 80.00th=[ 3916], 90.00th=[ 4146], 95.00th=[18744],
     | 99.00th=[30278], 99.50th=[48497], 99.90th=[51119], 99.95th=[52167],
     | 99.99th=[63701]
   bw (  KiB/s): min=98816, max=1191424, per=99.87%, avg=824099.95, stdev=437434.79, samples=119
   iops        : min=  772, max= 9308, avg=6438.25, stdev=3417.50, samples=119
  lat (usec)   : 750=0.01%, 1000=0.01%
  lat (msec)   : 2=0.01%, 4=84.45%, 10=10.38%, 20=0.58%, 50=4.37%
  lat (msec)   : 100=0.21%
  cpu          : usr=9.64%, sys=26.37%, ctx=161432, majf=0, minf=12
  IO depths    : 1=0.1%, 2=0.1%, 4=0.1%, 8=0.1%, 16=0.1%, 32=100.0%, >=64=0.0%
     submit    : 0=0.0%, 4=100.0%, 8=0.0%, 16=0.0%, 32=0.0%, 64=0.0%, >=64=0.0%
     complete  : 0=0.0%, 4=100.0%, 8=0.0%, 16=0.0%, 32=0.1%, 64=0.0%, >=64=0.0%
     issued rwts: total=0,386839,0,0 short=0,0,0,0 dropped=0,0,0,0
     latency   : target=0, window=0, percentile=100.00%, depth=32

Run status group 0 (all jobs):
  WRITE: bw=806MiB/s (845MB/s), 806MiB/s-806MiB/s (845MB/s-845MB/s), io=47.2GiB (50.7GB), run=60004-60004msec

Disk stats (read/write):
  nvme0n1: ios=51/385896, merge=0/0, ticks=4/1883328, in_queue=1883333, util=99.98%
