/dev/nvme0n1: (g=0): rw=randwrite, bs=(R) 512B-64.0KiB, (W) 512B-64.0KiB, (T) 512B-64.0KiB, ioengine=libaio, iodepth=16
...
fio-3.28
Starting 2 processes

/dev/nvme0n1: (groupid=0, jobs=1): err= 0: pid=121170: Wed Jun  1 16:10:09 2022
  write: IOPS=19.5k, BW=145MiB/s (152MB/s)(2893MiB/20001msec); 0 zone resets
    slat (nsec): min=1783, max=139722, avg=9517.27, stdev=7472.69
    clat (usec): min=37, max=30640, avg=809.87, stdev=2628.84
     lat (usec): min=50, max=30653, avg=819.56, stdev=2629.34
    clat percentiles (usec):
     |  1.00th=[  192],  5.00th=[  229], 10.00th=[  247], 20.00th=[  269],
     | 30.00th=[  293], 40.00th=[  322], 50.00th=[  359], 60.00th=[  408],
     | 70.00th=[  461], 80.00th=[  586], 90.00th=[  889], 95.00th=[ 1254],
     | 99.00th=[19792], 99.50th=[20841], 99.90th=[22414], 99.95th=[22938],
     | 99.99th=[26084]
   bw (  KiB/s): min=86753, max=354351, per=50.07%, avg=149255.54, stdev=89735.66, samples=39
   iops        : min=11576, max=46432, avg=19641.08, stdev=11849.86, samples=39
  lat (usec)   : 50=0.01%, 100=0.01%, 250=11.13%, 500=63.47%, 750=11.45%
  lat (usec)   : 1000=6.12%
  lat (msec)   : 2=5.56%, 4=0.44%, 10=0.01%, 20=0.86%, 50=0.93%
  cpu          : usr=10.92%, sys=19.93%, ctx=124864, majf=0, minf=14
  IO depths    : 1=0.1%, 2=0.1%, 4=0.1%, 8=0.1%, 16=100.0%, 32=0.0%, >=64=0.0%
     submit    : 0=0.0%, 4=100.0%, 8=0.0%, 16=0.0%, 32=0.0%, 64=0.0%, >=64=0.0%
     complete  : 0=0.0%, 4=100.0%, 8=0.0%, 16=0.1%, 32=0.0%, 64=0.0%, >=64=0.0%
     issued rwts: total=0,389649,0,0 short=0,0,0,0 dropped=0,0,0,0
     latency   : target=0, window=0, percentile=100.00%, depth=16
/dev/nvme0n1: (groupid=0, jobs=1): err= 0: pid=121171: Wed Jun  1 16:10:09 2022
  write: IOPS=19.7k, BW=146MiB/s (154MB/s)(2929MiB/20001msec); 0 zone resets
    slat (nsec): min=1791, max=152123, avg=9158.49, stdev=6836.70
    clat (usec): min=58, max=30453, avg=802.63, stdev=2614.86
     lat (usec): min=61, max=30485, avg=811.97, stdev=2615.32
    clat percentiles (usec):
     |  1.00th=[  190],  5.00th=[  227], 10.00th=[  245], 20.00th=[  269],
     | 30.00th=[  289], 40.00th=[  318], 50.00th=[  355], 60.00th=[  408],
     | 70.00th=[  461], 80.00th=[  586], 90.00th=[  881], 95.00th=[ 1237],
     | 99.00th=[19792], 99.50th=[20841], 99.90th=[22414], 99.95th=[22676],
     | 99.99th=[26084]
   bw (  KiB/s): min=92445, max=359906, per=50.73%, avg=151210.54, stdev=89858.86, samples=39
   iops        : min=11858, max=46462, avg=19820.74, stdev=11779.04, samples=39
  lat (usec)   : 100=0.01%, 250=11.99%, 500=62.98%, 750=11.36%, 1000=6.01%
  lat (msec)   : 2=5.41%, 4=0.45%, 10=0.01%, 20=0.84%, 50=0.94%
  cpu          : usr=11.74%, sys=18.82%, ctx=127722, majf=0, minf=15
  IO depths    : 1=0.1%, 2=0.1%, 4=0.1%, 8=0.1%, 16=100.0%, 32=0.0%, >=64=0.0%
     submit    : 0=0.0%, 4=100.0%, 8=0.0%, 16=0.0%, 32=0.0%, 64=0.0%, >=64=0.0%
     complete  : 0=0.0%, 4=100.0%, 8=0.0%, 16=0.1%, 32=0.0%, 64=0.0%, >=64=0.0%
     issued rwts: total=0,393268,0,0 short=0,0,0,0 dropped=0,0,0,0
     latency   : target=0, window=0, percentile=100.00%, depth=16

Run status group 0 (all jobs):
  WRITE: bw=291MiB/s (305MB/s), 145MiB/s-146MiB/s (152MB/s-154MB/s), io=5822MiB (6105MB), run=20001-20001msec

Disk stats (read/write):
  nvme0n1: ios=51/780222, merge=0/0, ticks=13/586246, in_queue=586258, util=99.71%
