/dev/nvme0n1: (g=0): rw=randread, bs=(R) 4096B-4096B, (W) 4096B-4096B, (T) 4096B-4096B, ioengine=libaio, iodepth=32
...
fio-3.28
Starting 2 processes

/dev/nvme0n1: (groupid=0, jobs=1): err= 0: pid=1028814: Mon Jun  6 13:19:02 2022
  read: IOPS=207k, BW=808MiB/s (847MB/s)(8082MiB/10001msec)
    slat (nsec): min=1721, max=950033, avg=2966.80, stdev=2461.29
    clat (usec): min=26, max=2569, avg=151.25, stdev=82.53
     lat (usec): min=28, max=2571, avg=154.28, stdev=82.60
    clat percentiles (usec):
     |  1.00th=[   63],  5.00th=[   71], 10.00th=[   76], 20.00th=[   86],
     | 30.00th=[   98], 40.00th=[  113], 50.00th=[  128], 60.00th=[  147],
     | 70.00th=[  172], 80.00th=[  204], 90.00th=[  260], 95.00th=[  314],
     | 99.00th=[  441], 99.50th=[  494], 99.90th=[  619], 99.95th=[  676],
     | 99.99th=[  816]
   bw (  KiB/s): min=794608, max=849576, per=50.06%, avg=827730.95, stdev=16176.92, samples=19
   iops        : min=198652, max=212394, avg=206932.74, stdev=4044.23, samples=19
  lat (usec)   : 50=0.03%, 100=31.84%, 250=56.97%, 500=10.70%, 750=0.45%
  lat (usec)   : 1000=0.02%
  lat (msec)   : 2=0.01%, 4=0.01%
  cpu          : usr=32.74%, sys=59.76%, ctx=139734, majf=0, minf=45
  IO depths    : 1=0.1%, 2=0.1%, 4=0.1%, 8=0.1%, 16=0.1%, 32=100.0%, >=64=0.0%
     submit    : 0=0.0%, 4=100.0%, 8=0.0%, 16=0.0%, 32=0.0%, 64=0.0%, >=64=0.0%
     complete  : 0=0.0%, 4=100.0%, 8=0.0%, 16=0.0%, 32=0.1%, 64=0.0%, >=64=0.0%
     issued rwts: total=2069026,0,0,0 short=0,0,0,0 dropped=0,0,0,0
     latency   : target=0, window=0, percentile=100.00%, depth=32
/dev/nvme0n1: (groupid=0, jobs=1): err= 0: pid=1028815: Mon Jun  6 13:19:02 2022
  read: IOPS=206k, BW=807MiB/s (846MB/s)(8066MiB/10001msec)
    slat (nsec): min=1726, max=2503.5k, avg=2964.65, stdev=3014.98
    clat (usec): min=23, max=2878, avg=151.55, stdev=83.01
     lat (usec): min=25, max=2883, avg=154.59, stdev=83.09
    clat percentiles (usec):
     |  1.00th=[   64],  5.00th=[   71], 10.00th=[   77], 20.00th=[   86],
     | 30.00th=[   98], 40.00th=[  113], 50.00th=[  129], 60.00th=[  147],
     | 70.00th=[  172], 80.00th=[  204], 90.00th=[  260], 95.00th=[  314],
     | 99.00th=[  441], 99.50th=[  494], 99.90th=[  627], 99.95th=[  685],
     | 99.99th=[  857]
   bw (  KiB/s): min=795392, max=848832, per=49.96%, avg=826013.89, stdev=16009.20, samples=19
   iops        : min=198848, max=212208, avg=206503.58, stdev=4002.44, samples=19
  lat (usec)   : 50=0.03%, 100=31.63%, 250=57.15%, 500=10.72%, 750=0.45%
  lat (usec)   : 1000=0.02%
  lat (msec)   : 2=0.01%, 4=0.01%
  cpu          : usr=33.41%, sys=58.83%, ctx=143199, majf=0, minf=48
  IO depths    : 1=0.1%, 2=0.1%, 4=0.1%, 8=0.1%, 16=0.1%, 32=100.0%, >=64=0.0%
     submit    : 0=0.0%, 4=100.0%, 8=0.0%, 16=0.0%, 32=0.0%, 64=0.0%, >=64=0.0%
     complete  : 0=0.0%, 4=100.0%, 8=0.0%, 16=0.0%, 32=0.1%, 64=0.0%, >=64=0.0%
     issued rwts: total=2064988,0,0,0 short=0,0,0,0 dropped=0,0,0,0
     latency   : target=0, window=0, percentile=100.00%, depth=32

Run status group 0 (all jobs):
   READ: bw=1615MiB/s (1693MB/s), 807MiB/s-808MiB/s (846MB/s-847MB/s), io=15.8GiB (16.9GB), run=10001-10001msec

Disk stats (read/write):
  nvme0n1: ios=4090728/0, merge=0/0, ticks=540621/0, in_queue=540621, util=99.07%
