/dev/nvme0n1: (g=0): rw=randwrite, bs=(R) 512B-64.0KiB, (W) 512B-64.0KiB, (T) 512B-64.0KiB, ioengine=libaio, iodepth=16
...
fio-3.28
Starting 2 processes

/dev/nvme0n1: (groupid=0, jobs=1): err= 0: pid=997740: Mon Jun  6 12:20:06 2022
  write: IOPS=2036, BW=15.3MiB/s (16.0MB/s)(45.8MiB/3002msec); 0 zone resets
    slat (usec): min=2, max=430, avg=14.98, stdev=12.31
    clat (usec): min=6538, max=29641, avg=7833.63, stdev=1497.43
     lat (usec): min=6575, max=29649, avg=7848.90, stdev=1496.93
    clat percentiles (usec):
     |  1.00th=[ 6783],  5.00th=[ 6980], 10.00th=[ 7046], 20.00th=[ 7242],
     | 30.00th=[ 7439], 40.00th=[ 7570], 50.00th=[ 7701], 60.00th=[ 7832],
     | 70.00th=[ 7963], 80.00th=[ 8225], 90.00th=[ 8455], 95.00th=[ 8717],
     | 99.00th=[ 9241], 99.50th=[24249], 99.90th=[29492], 99.95th=[29492],
     | 99.99th=[29754]
   bw (  KiB/s): min=14352, max=16990, per=50.37%, avg=15582.40, stdev=952.14, samples=5
   iops        : min= 1922, max= 2174, avg=2016.00, stdev=97.33, samples=5
  lat (msec)   : 10=99.36%, 20=0.11%, 50=0.52%
  cpu          : usr=1.50%, sys=4.23%, ctx=1121, majf=0, minf=8
  IO depths    : 1=0.1%, 2=0.1%, 4=0.1%, 8=0.1%, 16=99.8%, 32=0.0%, >=64=0.0%
     submit    : 0=0.0%, 4=100.0%, 8=0.0%, 16=0.0%, 32=0.0%, 64=0.0%, >=64=0.0%
     complete  : 0=0.0%, 4=100.0%, 8=0.0%, 16=0.1%, 32=0.0%, 64=0.0%, >=64=0.0%
     issued rwts: total=0,6114,0,0 short=0,0,0,0 dropped=0,0,0,0
     latency   : target=0, window=0, percentile=100.00%, depth=16
/dev/nvme0n1: (groupid=0, jobs=1): err= 0: pid=997741: Mon Jun  6 12:20:06 2022
  write: IOPS=2035, BW=14.9MiB/s (15.7MB/s)(44.9MiB/3003msec); 0 zone resets
    slat (usec): min=2, max=103, avg=15.16, stdev=11.29
    clat (usec): min=6537, max=29646, avg=7836.90, stdev=1498.20
     lat (usec): min=6580, max=29657, avg=7852.34, stdev=1497.88
    clat percentiles (usec):
     |  1.00th=[ 6783],  5.00th=[ 6980], 10.00th=[ 7111], 20.00th=[ 7308],
     | 30.00th=[ 7439], 40.00th=[ 7570], 50.00th=[ 7701], 60.00th=[ 7832],
     | 70.00th=[ 7963], 80.00th=[ 8160], 90.00th=[ 8455], 95.00th=[ 8717],
     | 99.00th=[ 9110], 99.50th=[24249], 99.90th=[29492], 99.95th=[29754],
     | 99.99th=[29754]
   bw (  KiB/s): min=14448, max=16597, per=49.46%, avg=15299.00, stdev=984.38, samples=5
   iops        : min= 1930, max= 2166, avg=2016.00, stdev=92.18, samples=5
  lat (msec)   : 10=99.35%, 20=0.13%, 50=0.52%
  cpu          : usr=0.97%, sys=4.83%, ctx=1134, majf=0, minf=10
  IO depths    : 1=0.1%, 2=0.1%, 4=0.1%, 8=0.1%, 16=99.8%, 32=0.0%, >=64=0.0%
     submit    : 0=0.0%, 4=100.0%, 8=0.0%, 16=0.0%, 32=0.0%, 64=0.0%, >=64=0.0%
     complete  : 0=0.0%, 4=100.0%, 8=0.0%, 16=0.1%, 32=0.0%, 64=0.0%, >=64=0.0%
     issued rwts: total=0,6113,0,0 short=0,0,0,0 dropped=0,0,0,0
     latency   : target=0, window=0, percentile=100.00%, depth=16

Run status group 0 (all jobs):
  WRITE: bw=30.2MiB/s (31.7MB/s), 14.9MiB/s-15.3MiB/s (15.7MB/s-16.0MB/s), io=90.7MiB (95.1MB), run=3002-3003msec

Disk stats (read/write):
  nvme0n1: ios=48/36264, merge=0/0, ticks=100/281449, in_queue=281549, util=100.00%
