/dev/nvme0n1: (g=0): rw=rw, bs=(R) 128KiB-128KiB, (W) 128KiB-128KiB, (T) 128KiB-128KiB, ioengine=libaio, iodepth=32
fio-3.28
Starting 1 process

/dev/nvme0n1: (groupid=0, jobs=1): err= 0: pid=1628765: Mon Jun  6 14:56:07 2022
  write: IOPS=6201, BW=775MiB/s (813MB/s)(45.4GiB/60021msec); 0 zone resets
    slat (usec): min=5, max=576, avg=33.87, stdev=11.51
    clat (usec): min=382, max=65801, avg=5122.70, stdev=5839.57
     lat (usec): min=409, max=65866, avg=5156.98, stdev=5840.95
    clat percentiles (usec):
     |  1.00th=[ 2900],  5.00th=[ 3064], 10.00th=[ 3163], 20.00th=[ 3326],
     | 30.00th=[ 3425], 40.00th=[ 3556], 50.00th=[ 3621], 60.00th=[ 3720],
     | 70.00th=[ 3818], 80.00th=[ 3982], 90.00th=[ 4424], 95.00th=[23725],
     | 99.00th=[27657], 99.50th=[30802], 99.90th=[49546], 99.95th=[50594],
     | 99.99th=[52691]
   bw (  KiB/s): min=131328, max=1194496, per=100.00%, avg=797652.19, stdev=437533.86, samples=119
   iops        : min= 1026, max= 9332, avg=6231.57, stdev=3418.32, samples=119
  lat (usec)   : 500=0.01%, 750=0.01%, 1000=0.01%
  lat (msec)   : 2=0.01%, 4=81.43%, 10=11.82%, 20=1.41%, 50=5.26%
  lat (msec)   : 100=0.08%
  cpu          : usr=11.69%, sys=18.75%, ctx=182552, majf=0, minf=13
  IO depths    : 1=0.1%, 2=0.1%, 4=0.1%, 8=0.1%, 16=0.1%, 32=100.0%, >=64=0.0%
     submit    : 0=0.0%, 4=100.0%, 8=0.0%, 16=0.0%, 32=0.0%, 64=0.0%, >=64=0.0%
     complete  : 0=0.0%, 4=100.0%, 8=0.0%, 16=0.0%, 32=0.1%, 64=0.0%, >=64=0.0%
     issued rwts: total=0,372212,0,0 short=0,0,0,0 dropped=0,0,0,0
     latency   : target=0, window=0, percentile=100.00%, depth=32

Run status group 0 (all jobs):
  WRITE: bw=775MiB/s (813MB/s), 775MiB/s-775MiB/s (813MB/s-813MB/s), io=45.4GiB (48.8GB), run=60021-60021msec

Disk stats (read/write):
  nvme0n1: ios=51/371853, merge=0/0, ticks=4/1890375, in_queue=1890380, util=99.98%
