/dev/nvme0n1: (g=0): rw=read, bs=(R) 4096B-4096B, (W) 4096B-4096B, (T) 4096B-4096B, ioengine=libaio, iodepth=64
...
fio-3.28
Starting 4 processes

/dev/nvme0n1: (groupid=0, jobs=1): err= 0: pid=1622337: Mon Jun  6 13:33:44 2022
  read: IOPS=40.9k, BW=160MiB/s (167MB/s)(1598MiB/10002msec)
    slat (nsec): min=1865, max=71453, avg=3986.18, stdev=2418.35
    clat (usec): min=743, max=3032, avg=1559.78, stdev=32.10
     lat (usec): min=751, max=3035, avg=1563.85, stdev=31.90
    clat percentiles (usec):
     |  1.00th=[ 1500],  5.00th=[ 1532], 10.00th=[ 1532], 20.00th=[ 1549],
     | 30.00th=[ 1549], 40.00th=[ 1549], 50.00th=[ 1565], 60.00th=[ 1565],
     | 70.00th=[ 1582], 80.00th=[ 1582], 90.00th=[ 1582], 95.00th=[ 1598],
     | 99.00th=[ 1614], 99.50th=[ 1631], 99.90th=[ 1663], 99.95th=[ 1680],
     | 99.99th=[ 2343]
   bw (  KiB/s): min=161992, max=165152, per=25.02%, avg=163574.32, stdev=1144.36, samples=19
   iops        : min=40498, max=41288, avg=40893.58, stdev=286.09, samples=19
  lat (usec)   : 750=0.01%, 1000=0.04%
  lat (msec)   : 2=99.94%, 4=0.02%
  cpu          : usr=10.71%, sys=19.27%, ctx=154709, majf=0, minf=76
  IO depths    : 1=0.1%, 2=0.1%, 4=0.1%, 8=0.1%, 16=0.1%, 32=0.1%, >=64=100.0%
     submit    : 0=0.0%, 4=100.0%, 8=0.0%, 16=0.0%, 32=0.0%, 64=0.0%, >=64=0.0%
     complete  : 0=0.0%, 4=100.0%, 8=0.0%, 16=0.0%, 32=0.0%, 64=0.1%, >=64=0.0%
     issued rwts: total=408998,0,0,0 short=0,0,0,0 dropped=0,0,0,0
     latency   : target=0, window=0, percentile=100.00%, depth=64
/dev/nvme0n1: (groupid=0, jobs=1): err= 0: pid=1622338: Mon Jun  6 13:33:44 2022
  read: IOPS=40.8k, BW=160MiB/s (167MB/s)(1596MiB/10002msec)
    slat (nsec): min=1911, max=94809, avg=4011.79, stdev=2445.13
    clat (usec): min=831, max=3058, avg=1561.38, stdev=31.97
     lat (usec): min=841, max=3064, avg=1565.47, stdev=31.82
    clat percentiles (usec):
     |  1.00th=[ 1500],  5.00th=[ 1532], 10.00th=[ 1532], 20.00th=[ 1549],
     | 30.00th=[ 1549], 40.00th=[ 1549], 50.00th=[ 1565], 60.00th=[ 1565],
     | 70.00th=[ 1582], 80.00th=[ 1582], 90.00th=[ 1582], 95.00th=[ 1598],
     | 99.00th=[ 1614], 99.50th=[ 1631], 99.90th=[ 1663], 99.95th=[ 1713],
     | 99.99th=[ 2573]
   bw (  KiB/s): min=162000, max=165256, per=25.00%, avg=163394.95, stdev=1114.04, samples=19
   iops        : min=40500, max=41314, avg=40848.74, stdev=278.51, samples=19
  lat (usec)   : 1000=0.02%
  lat (msec)   : 2=99.95%, 4=0.03%
  cpu          : usr=10.08%, sys=20.02%, ctx=140631, majf=0, minf=78
  IO depths    : 1=0.1%, 2=0.1%, 4=0.1%, 8=0.1%, 16=0.1%, 32=0.1%, >=64=100.0%
     submit    : 0=0.0%, 4=100.0%, 8=0.0%, 16=0.0%, 32=0.0%, 64=0.0%, >=64=0.0%
     complete  : 0=0.0%, 4=100.0%, 8=0.0%, 16=0.0%, 32=0.0%, 64=0.1%, >=64=0.0%
     issued rwts: total=408555,0,0,0 short=0,0,0,0 dropped=0,0,0,0
     latency   : target=0, window=0, percentile=100.00%, depth=64
/dev/nvme0n1: (groupid=0, jobs=1): err= 0: pid=1622339: Mon Jun  6 13:33:44 2022
  read: IOPS=40.9k, BW=160MiB/s (167MB/s)(1597MiB/10002msec)
    slat (nsec): min=1932, max=57057, avg=4019.85, stdev=2426.06
    clat (usec): min=803, max=3025, avg=1560.20, stdev=31.50
     lat (usec): min=808, max=3028, avg=1564.30, stdev=31.35
    clat percentiles (usec):
     |  1.00th=[ 1500],  5.00th=[ 1516], 10.00th=[ 1532], 20.00th=[ 1549],
     | 30.00th=[ 1549], 40.00th=[ 1549], 50.00th=[ 1565], 60.00th=[ 1565],
     | 70.00th=[ 1582], 80.00th=[ 1582], 90.00th=[ 1582], 95.00th=[ 1598],
     | 99.00th=[ 1614], 99.50th=[ 1631], 99.90th=[ 1663], 99.95th=[ 1795],
     | 99.99th=[ 2343]
   bw (  KiB/s): min=161696, max=165296, per=25.02%, avg=163528.84, stdev=1243.30, samples=19
   iops        : min=40424, max=41324, avg=40882.21, stdev=310.83, samples=19
  lat (usec)   : 1000=0.02%
  lat (msec)   : 2=99.96%, 4=0.02%
  cpu          : usr=11.01%, sys=19.14%, ctx=152845, majf=0, minf=78
  IO depths    : 1=0.1%, 2=0.1%, 4=0.1%, 8=0.1%, 16=0.1%, 32=0.1%, >=64=100.0%
     submit    : 0=0.0%, 4=100.0%, 8=0.0%, 16=0.0%, 32=0.0%, 64=0.0%, >=64=0.0%
     complete  : 0=0.0%, 4=100.0%, 8=0.0%, 16=0.0%, 32=0.0%, 64=0.1%, >=64=0.0%
     issued rwts: total=408872,0,0,0 short=0,0,0,0 dropped=0,0,0,0
     latency   : target=0, window=0, percentile=100.00%, depth=64
/dev/nvme0n1: (groupid=0, jobs=1): err= 0: pid=1622340: Mon Jun  6 13:33:44 2022
  read: IOPS=40.8k, BW=159MiB/s (167MB/s)(1594MiB/10002msec)
    slat (nsec): min=1914, max=64829, avg=4036.73, stdev=2443.43
    clat (usec): min=1168, max=12843, avg=1563.07, stdev=136.78
     lat (usec): min=1180, max=12848, avg=1567.19, stdev=136.78
    clat percentiles (usec):
     |  1.00th=[ 1500],  5.00th=[ 1532], 10.00th=[ 1532], 20.00th=[ 1549],
     | 30.00th=[ 1549], 40.00th=[ 1549], 50.00th=[ 1565], 60.00th=[ 1565],
     | 70.00th=[ 1582], 80.00th=[ 1582], 90.00th=[ 1582], 95.00th=[ 1598],
     | 99.00th=[ 1614], 99.50th=[ 1631], 99.90th=[ 1663], 99.95th=[ 1696],
     | 99.99th=[12125]
   bw (  KiB/s): min=159112, max=165264, per=24.97%, avg=163207.58, stdev=1438.86, samples=19
   iops        : min=39778, max=41316, avg=40801.89, stdev=359.71, samples=19
  lat (msec)   : 2=99.97%, 4=0.01%, 20=0.02%
  cpu          : usr=11.38%, sys=18.49%, ctx=139964, majf=0, minf=78
  IO depths    : 1=0.1%, 2=0.1%, 4=0.1%, 8=0.1%, 16=0.1%, 32=0.1%, >=64=100.0%
     submit    : 0=0.0%, 4=100.0%, 8=0.0%, 16=0.0%, 32=0.0%, 64=0.0%, >=64=0.0%
     complete  : 0=0.0%, 4=100.0%, 8=0.0%, 16=0.0%, 32=0.0%, 64=0.1%, >=64=0.0%
     issued rwts: total=408119,0,0,0 short=0,0,0,0 dropped=0,0,0,0
     latency   : target=0, window=0, percentile=100.00%, depth=64

Run status group 0 (all jobs):
   READ: bw=638MiB/s (669MB/s), 159MiB/s-160MiB/s (167MB/s-167MB/s), io=6385MiB (6695MB), run=10002-10002msec

Disk stats (read/write):
  nvme0n1: ios=1617078/0, merge=0/0, ticks=2502861/0, in_queue=2502860, util=99.02%
