/dev/nvme0n1: (g=0): rw=read, bs=(R) 4096B-4096B, (W) 4096B-4096B, (T) 4096B-4096B, ioengine=libaio, iodepth=64
...
fio-3.28
Starting 4 processes

/dev/nvme0n1: (groupid=0, jobs=1): err= 0: pid=122117: Wed Jun  1 16:28:05 2022
  read: IOPS=714, BW=2859KiB/s (2928kB/s)(56.2MiB/20125msec)
    slat (usec): min=3, max=132, avg=16.46, stdev= 9.89
    clat (usec): min=407, max=276105, avg=89497.42, stdev=41887.12
     lat (usec): min=433, max=276115, avg=89514.23, stdev=41887.11
    clat percentiles (msec):
     |  1.00th=[   11],  5.00th=[   30], 10.00th=[   40], 20.00th=[   58],
     | 30.00th=[   67], 40.00th=[   75], 50.00th=[   87], 60.00th=[   95],
     | 70.00th=[  104], 80.00th=[  116], 90.00th=[  153], 95.00th=[  167],
     | 99.00th=[  211], 99.50th=[  239], 99.90th=[  271], 99.95th=[  275],
     | 99.99th=[  275]
   bw (  KiB/s): min= 1453, max= 3976, per=25.30%, avg=2861.03, stdev=568.21, samples=40
   iops        : min=  363, max=  994, avg=715.08, stdev=142.12, samples=40
  lat (usec)   : 500=0.01%, 750=0.01%
  lat (msec)   : 2=0.03%, 4=0.22%, 10=0.62%, 20=1.35%, 50=13.88%
  lat (msec)   : 100=49.90%, 250=33.60%, 500=0.38%
  cpu          : usr=1.26%, sys=2.01%, ctx=9030, majf=0, minf=78
  IO depths    : 1=0.1%, 2=0.1%, 4=0.1%, 8=0.1%, 16=0.1%, 32=0.2%, >=64=99.6%
     submit    : 0=0.0%, 4=100.0%, 8=0.0%, 16=0.0%, 32=0.0%, 64=0.0%, >=64=0.0%
     complete  : 0=0.0%, 4=100.0%, 8=0.0%, 16=0.0%, 32=0.0%, 64=0.1%, >=64=0.0%
     issued rwts: total=14386,0,0,0 short=0,0,0,0 dropped=0,0,0,0
     latency   : target=0, window=0, percentile=100.00%, depth=64
/dev/nvme0n1: (groupid=0, jobs=1): err= 0: pid=122118: Wed Jun  1 16:28:05 2022
  read: IOPS=715, BW=2863KiB/s (2932kB/s)(56.1MiB/20058msec)
    slat (usec): min=3, max=150, avg=16.64, stdev=10.17
    clat (usec): min=1733, max=293292, avg=89388.12, stdev=42882.58
     lat (usec): min=1760, max=293304, avg=89405.11, stdev=42882.40
    clat percentiles (msec):
     |  1.00th=[   12],  5.00th=[   29], 10.00th=[   38], 20.00th=[   57],
     | 30.00th=[   66], 40.00th=[   74], 50.00th=[   86], 60.00th=[   95],
     | 70.00th=[  104], 80.00th=[  121], 90.00th=[  148], 95.00th=[  171],
     | 99.00th=[  205], 99.50th=[  245], 99.90th=[  268], 99.95th=[  292],
     | 99.99th=[  292]
   bw (  KiB/s): min= 2032, max= 4472, per=25.24%, avg=2855.28, stdev=500.69, samples=40
   iops        : min=  508, max= 1118, avg=713.55, stdev=125.29, samples=40
  lat (msec)   : 2=0.03%, 4=0.08%, 10=0.61%, 20=2.33%, 50=12.89%
  lat (msec)   : 100=52.01%, 250=31.80%, 500=0.25%
  cpu          : usr=1.09%, sys=2.19%, ctx=9187, majf=0, minf=80
  IO depths    : 1=0.1%, 2=0.1%, 4=0.1%, 8=0.1%, 16=0.1%, 32=0.2%, >=64=99.6%
     submit    : 0=0.0%, 4=100.0%, 8=0.0%, 16=0.0%, 32=0.0%, 64=0.0%, >=64=0.0%
     complete  : 0=0.0%, 4=100.0%, 8=0.0%, 16=0.0%, 32=0.0%, 64=0.1%, >=64=0.0%
     issued rwts: total=14356,0,0,0 short=0,0,0,0 dropped=0,0,0,0
     latency   : target=0, window=0, percentile=100.00%, depth=64
/dev/nvme0n1: (groupid=0, jobs=1): err= 0: pid=122119: Wed Jun  1 16:28:05 2022
  read: IOPS=722, BW=2892KiB/s (2961kB/s)(56.7MiB/20093msec)
    slat (usec): min=2, max=144, avg=16.66, stdev=10.00
    clat (usec): min=475, max=267084, avg=88487.39, stdev=43819.13
     lat (usec): min=491, max=267142, avg=88504.41, stdev=43819.07
    clat percentiles (msec):
     |  1.00th=[   13],  5.00th=[   28], 10.00th=[   36], 20.00th=[   55],
     | 30.00th=[   66], 40.00th=[   73], 50.00th=[   83], 60.00th=[   93],
     | 70.00th=[  102], 80.00th=[  122], 90.00th=[  150], 95.00th=[  169],
     | 99.00th=[  224], 99.50th=[  236], 99.90th=[  266], 99.95th=[  266],
     | 99.99th=[  268]
   bw (  KiB/s): min= 1732, max= 4846, per=25.54%, avg=2889.05, stdev=545.40, samples=40
   iops        : min=  433, max= 1211, avg=722.05, stdev=136.36, samples=40
  lat (usec)   : 500=0.01%, 750=0.03%
  lat (msec)   : 2=0.03%, 4=0.01%, 10=0.63%, 20=1.87%, 50=15.50%
  lat (msec)   : 100=50.93%, 250=30.54%, 500=0.44%
  cpu          : usr=1.06%, sys=2.31%, ctx=9178, majf=0, minf=80
  IO depths    : 1=0.1%, 2=0.1%, 4=0.1%, 8=0.1%, 16=0.1%, 32=0.2%, >=64=99.6%
     submit    : 0=0.0%, 4=100.0%, 8=0.0%, 16=0.0%, 32=0.0%, 64=0.0%, >=64=0.0%
     complete  : 0=0.0%, 4=100.0%, 8=0.0%, 16=0.0%, 32=0.0%, 64=0.1%, >=64=0.0%
     issued rwts: total=14527,0,0,0 short=0,0,0,0 dropped=0,0,0,0
     latency   : target=0, window=0, percentile=100.00%, depth=64
/dev/nvme0n1: (groupid=0, jobs=1): err= 0: pid=122120: Wed Jun  1 16:28:05 2022
  read: IOPS=679, BW=2718KiB/s (2783kB/s)(53.3MiB/20066msec)
    slat (usec): min=3, max=240, avg=16.38, stdev=10.11
    clat (usec): min=1285, max=266488, avg=94167.22, stdev=40636.73
     lat (usec): min=1312, max=266501, avg=94183.97, stdev=40636.43
    clat percentiles (msec):
     |  1.00th=[   13],  5.00th=[   35], 10.00th=[   44], 20.00th=[   62],
     | 30.00th=[   70], 40.00th=[   80], 50.00th=[   92], 60.00th=[  100],
     | 70.00th=[  111], 80.00th=[  127], 90.00th=[  150], 95.00th=[  167],
     | 99.00th=[  205], 99.50th=[  218], 99.90th=[  264], 99.95th=[  266],
     | 99.99th=[  268]
   bw (  KiB/s): min= 2016, max= 4279, per=23.96%, avg=2710.65, stdev=481.47, samples=40
   iops        : min=  504, max= 1069, avg=677.38, stdev=120.37, samples=40
  lat (msec)   : 2=0.01%, 4=0.17%, 10=0.49%, 20=1.25%, 50=11.19%
  lat (msec)   : 100=47.71%, 250=38.89%, 500=0.29%
  cpu          : usr=1.32%, sys=1.75%, ctx=8610, majf=0, minf=79
  IO depths    : 1=0.1%, 2=0.1%, 4=0.1%, 8=0.1%, 16=0.1%, 32=0.2%, >=64=99.5%
     submit    : 0=0.0%, 4=100.0%, 8=0.0%, 16=0.0%, 32=0.0%, 64=0.0%, >=64=0.0%
     complete  : 0=0.0%, 4=100.0%, 8=0.0%, 16=0.0%, 32=0.0%, 64=0.1%, >=64=0.0%
     issued rwts: total=13633,0,0,0 short=0,0,0,0 dropped=0,0,0,0
     latency   : target=0, window=0, percentile=100.00%, depth=64

Run status group 0 (all jobs):
   READ: bw=11.0MiB/s (11.6MB/s), 2718KiB/s-2892KiB/s (2783kB/s-2961kB/s), io=222MiB (233MB), run=20058-20125msec

Disk stats (read/write):
  nvme0n1: ios=69672/228133, merge=0/0, ticks=6358208/21680228, in_queue=28038437, util=100.00%
