/dev/nvme0n1: (g=0): rw=read, bs=(R) 4096B-4096B, (W) 4096B-4096B, (T) 4096B-4096B, ioengine=libaio, iodepth=64
...
fio-3.28
Starting 4 processes

/dev/nvme0n1: (groupid=0, jobs=1): err= 0: pid=1022650: Mon Jun  6 13:14:35 2022
  read: IOPS=41.2k, BW=161MiB/s (169MB/s)(1609MiB/10002msec)
    slat (nsec): min=1863, max=67285, avg=3542.69, stdev=2809.74
    clat (usec): min=563, max=3022, avg=1549.18, stdev=25.03
     lat (usec): min=589, max=3027, avg=1552.80, stdev=24.88
    clat percentiles (usec):
     |  1.00th=[ 1500],  5.00th=[ 1516], 10.00th=[ 1532], 20.00th=[ 1532],
     | 30.00th=[ 1549], 40.00th=[ 1549], 50.00th=[ 1549], 60.00th=[ 1549],
     | 70.00th=[ 1549], 80.00th=[ 1549], 90.00th=[ 1565], 95.00th=[ 1598],
     | 99.00th=[ 1614], 99.50th=[ 1631], 99.90th=[ 1663], 99.95th=[ 1680],
     | 99.99th=[ 2024]
   bw (  KiB/s): min=161304, max=165488, per=25.00%, avg=164820.63, stdev=881.34, samples=19
   iops        : min=40326, max=41372, avg=41205.26, stdev=220.35, samples=19
  lat (usec)   : 750=0.01%, 1000=0.01%
  lat (msec)   : 2=99.98%, 4=0.01%
  cpu          : usr=9.69%, sys=17.11%, ctx=168879, majf=0, minf=74
  IO depths    : 1=0.1%, 2=0.1%, 4=0.1%, 8=0.1%, 16=0.1%, 32=0.1%, >=64=100.0%
     submit    : 0=0.0%, 4=100.0%, 8=0.0%, 16=0.0%, 32=0.0%, 64=0.0%, >=64=0.0%
     complete  : 0=0.0%, 4=100.0%, 8=0.0%, 16=0.0%, 32=0.0%, 64=0.1%, >=64=0.0%
     issued rwts: total=411976,0,0,0 short=0,0,0,0 dropped=0,0,0,0
     latency   : target=0, window=0, percentile=100.00%, depth=64
/dev/nvme0n1: (groupid=0, jobs=1): err= 0: pid=1022651: Mon Jun  6 13:14:35 2022
  read: IOPS=41.2k, BW=161MiB/s (169MB/s)(1610MiB/10002msec)
    slat (nsec): min=1888, max=67239, avg=3541.40, stdev=2770.73
    clat (usec): min=485, max=3351, avg=1548.80, stdev=29.46
     lat (usec): min=502, max=3353, avg=1552.41, stdev=29.35
    clat percentiles (usec):
     |  1.00th=[ 1500],  5.00th=[ 1516], 10.00th=[ 1532], 20.00th=[ 1532],
     | 30.00th=[ 1549], 40.00th=[ 1549], 50.00th=[ 1549], 60.00th=[ 1549],
     | 70.00th=[ 1549], 80.00th=[ 1549], 90.00th=[ 1565], 95.00th=[ 1582],
     | 99.00th=[ 1614], 99.50th=[ 1614], 99.90th=[ 1647], 99.95th=[ 1696],
     | 99.99th=[ 2933]
   bw (  KiB/s): min=161640, max=165520, per=25.01%, avg=164881.26, stdev=818.24, samples=19
   iops        : min=40410, max=41380, avg=41220.32, stdev=204.56, samples=19
  lat (usec)   : 500=0.01%, 750=0.01%, 1000=0.01%
  lat (msec)   : 2=99.96%, 4=0.03%
  cpu          : usr=9.47%, sys=17.57%, ctx=187310, majf=0, minf=78
  IO depths    : 1=0.1%, 2=0.1%, 4=0.1%, 8=0.1%, 16=0.1%, 32=0.1%, >=64=100.0%
     submit    : 0=0.0%, 4=100.0%, 8=0.0%, 16=0.0%, 32=0.0%, 64=0.0%, >=64=0.0%
     complete  : 0=0.0%, 4=100.0%, 8=0.0%, 16=0.0%, 32=0.0%, 64=0.1%, >=64=0.0%
     issued rwts: total=412082,0,0,0 short=0,0,0,0 dropped=0,0,0,0
     latency   : target=0, window=0, percentile=100.00%, depth=64
/dev/nvme0n1: (groupid=0, jobs=1): err= 0: pid=1022652: Mon Jun  6 13:14:35 2022
  read: IOPS=41.2k, BW=161MiB/s (169MB/s)(1610MiB/10002msec)
    slat (nsec): min=1875, max=81348, avg=3556.85, stdev=2809.31
    clat (usec): min=522, max=3264, avg=1548.04, stdev=28.16
     lat (usec): min=543, max=3266, avg=1551.67, stdev=28.02
    clat percentiles (usec):
     |  1.00th=[ 1500],  5.00th=[ 1516], 10.00th=[ 1532], 20.00th=[ 1532],
     | 30.00th=[ 1549], 40.00th=[ 1549], 50.00th=[ 1549], 60.00th=[ 1549],
     | 70.00th=[ 1549], 80.00th=[ 1549], 90.00th=[ 1565], 95.00th=[ 1582],
     | 99.00th=[ 1614], 99.50th=[ 1614], 99.90th=[ 1663], 99.95th=[ 1696],
     | 99.99th=[ 2769]
   bw (  KiB/s): min=161488, max=165432, per=25.02%, avg=164936.42, stdev=856.38, samples=19
   iops        : min=40372, max=41358, avg=41234.11, stdev=214.10, samples=19
  lat (usec)   : 750=0.01%, 1000=0.01%
  lat (msec)   : 2=99.96%, 4=0.02%
  cpu          : usr=9.33%, sys=18.01%, ctx=196259, majf=0, minf=76
  IO depths    : 1=0.1%, 2=0.1%, 4=0.1%, 8=0.1%, 16=0.1%, 32=0.1%, >=64=100.0%
     submit    : 0=0.0%, 4=100.0%, 8=0.0%, 16=0.0%, 32=0.0%, 64=0.0%, >=64=0.0%
     complete  : 0=0.0%, 4=100.0%, 8=0.0%, 16=0.0%, 32=0.0%, 64=0.1%, >=64=0.0%
     issued rwts: total=412278,0,0,0 short=0,0,0,0 dropped=0,0,0,0
     latency   : target=0, window=0, percentile=100.00%, depth=64
/dev/nvme0n1: (groupid=0, jobs=1): err= 0: pid=1022653: Mon Jun  6 13:14:35 2022
  read: IOPS=41.2k, BW=161MiB/s (169MB/s)(1610MiB/10002msec)
    slat (nsec): min=1881, max=107365, avg=3557.29, stdev=2790.20
    clat (usec): min=523, max=2872, avg=1548.91, stdev=27.59
     lat (usec): min=540, max=2875, avg=1552.54, stdev=27.45
    clat percentiles (usec):
     |  1.00th=[ 1500],  5.00th=[ 1516], 10.00th=[ 1532], 20.00th=[ 1549],
     | 30.00th=[ 1549], 40.00th=[ 1549], 50.00th=[ 1549], 60.00th=[ 1549],
     | 70.00th=[ 1549], 80.00th=[ 1549], 90.00th=[ 1565], 95.00th=[ 1582],
     | 99.00th=[ 1614], 99.50th=[ 1614], 99.90th=[ 1663], 99.95th=[ 1729],
     | 99.99th=[ 2606]
   bw (  KiB/s): min=161368, max=165376, per=25.01%, avg=164869.89, stdev=867.76, samples=19
   iops        : min=40342, max=41344, avg=41217.47, stdev=216.94, samples=19
  lat (usec)   : 750=0.01%, 1000=0.01%
  lat (msec)   : 2=99.96%, 4=0.03%
  cpu          : usr=9.66%, sys=17.15%, ctx=176302, majf=0, minf=74
  IO depths    : 1=0.1%, 2=0.1%, 4=0.1%, 8=0.1%, 16=0.1%, 32=0.1%, >=64=100.0%
     submit    : 0=0.0%, 4=100.0%, 8=0.0%, 16=0.0%, 32=0.0%, 64=0.0%, >=64=0.0%
     complete  : 0=0.0%, 4=100.0%, 8=0.0%, 16=0.0%, 32=0.0%, 64=0.1%, >=64=0.0%
     issued rwts: total=412054,0,0,0 short=0,0,0,0 dropped=0,0,0,0
     latency   : target=0, window=0, percentile=100.00%, depth=64

Run status group 0 (all jobs):
   READ: bw=644MiB/s (675MB/s), 161MiB/s-161MiB/s (169MB/s-169MB/s), io=6439MiB (6752MB), run=10002-10002msec

Disk stats (read/write):
  nvme0n1: ios=1631016/0, merge=0/0, ticks=2516961/0, in_queue=2516961, util=99.05%
