/dev/nvme0n1: (g=0): rw=randwrite, bs=(R) 512B-64.0KiB, (W) 512B-64.0KiB, (T) 512B-64.0KiB, ioengine=libaio, iodepth=16
...
fio-3.28
Starting 2 processes

/dev/nvme0n1: (groupid=0, jobs=1): err= 0: pid=93592: Wed Jun  1 15:33:28 2022
  write: IOPS=17.9k, BW=133MiB/s (139MB/s)(7980MiB/60001msec); 0 zone resets
    slat (nsec): min=1800, max=556322, avg=11449.92, stdev=8170.22
    clat (usec): min=38, max=32823, avg=881.80, stdev=2636.60
     lat (usec): min=42, max=32831, avg=893.44, stdev=2636.79
    clat percentiles (usec):
     |  1.00th=[  200],  5.00th=[  239], 10.00th=[  258], 20.00th=[  281],
     | 30.00th=[  306], 40.00th=[  338], 50.00th=[  388], 60.00th=[  453],
     | 70.00th=[  545], 80.00th=[  717], 90.00th=[ 1004], 95.00th=[ 1352],
     | 99.00th=[18744], 99.50th=[19792], 99.90th=[21890], 99.95th=[22676],
     | 99.99th=[28967]
   bw (  KiB/s): min=101077, max=354830, per=49.77%, avg=136539.08, stdev=55991.37, samples=119
   iops        : min=13456, max=46706, avg=17915.97, stdev=7369.70, samples=119
  lat (usec)   : 50=0.01%, 100=0.02%, 250=7.65%, 500=58.48%, 750=15.26%
  lat (usec)   : 1000=8.49%
  lat (msec)   : 2=7.66%, 4=0.35%, 10=0.03%, 20=1.66%, 50=0.42%
  cpu          : usr=12.63%, sys=20.66%, ctx=225812, majf=0, minf=14
  IO depths    : 1=0.1%, 2=0.1%, 4=0.1%, 8=0.1%, 16=100.0%, 32=0.0%, >=64=0.0%
     submit    : 0=0.0%, 4=100.0%, 8=0.0%, 16=0.0%, 32=0.0%, 64=0.0%, >=64=0.0%
     complete  : 0=0.0%, 4=100.0%, 8=0.0%, 16=0.1%, 32=0.0%, 64=0.0%, >=64=0.0%
     issued rwts: total=0,1072028,0,0 short=0,0,0,0 dropped=0,0,0,0
     latency   : target=0, window=0, percentile=100.00%, depth=16
/dev/nvme0n1: (groupid=0, jobs=1): err= 0: pid=93593: Wed Jun  1 15:33:28 2022
  write: IOPS=18.1k, BW=135MiB/s (141MB/s)(8094MiB/60001msec); 0 zone resets
    slat (nsec): min=1791, max=545620, avg=10904.83, stdev=7501.89
    clat (usec): min=50, max=32753, avg=869.78, stdev=2617.39
     lat (usec): min=58, max=32761, avg=880.88, stdev=2617.56
    clat percentiles (usec):
     |  1.00th=[  196],  5.00th=[  235], 10.00th=[  251], 20.00th=[  273],
     | 30.00th=[  297], 40.00th=[  334], 50.00th=[  383], 60.00th=[  445],
     | 70.00th=[  537], 80.00th=[  709], 90.00th=[  996], 95.00th=[ 1336],
     | 99.00th=[18744], 99.50th=[19792], 99.90th=[21890], 99.95th=[22676],
     | 99.99th=[28967]
   bw (  KiB/s): min=103186, max=354500, per=50.49%, avg=138501.57, stdev=55737.91, samples=119
   iops        : min=13672, max=46382, avg=18170.54, stdev=7308.42, samples=119
  lat (usec)   : 100=0.01%, 250=9.48%, 500=57.25%, 750=15.13%, 1000=8.29%
  lat (msec)   : 2=7.43%, 4=0.34%, 10=0.03%, 20=1.64%, 50=0.41%
  cpu          : usr=12.15%, sys=20.69%, ctx=235254, majf=0, minf=14
  IO depths    : 1=0.1%, 2=0.1%, 4=0.1%, 8=0.1%, 16=100.0%, 32=0.0%, >=64=0.0%
     submit    : 0=0.0%, 4=100.0%, 8=0.0%, 16=0.0%, 32=0.0%, 64=0.0%, >=64=0.0%
     complete  : 0=0.0%, 4=100.0%, 8=0.0%, 16=0.1%, 32=0.0%, 64=0.0%, >=64=0.0%
     issued rwts: total=0,1087292,0,0 short=0,0,0,0 dropped=0,0,0,0
     latency   : target=0, window=0, percentile=100.00%, depth=16

Run status group 0 (all jobs):
  WRITE: bw=268MiB/s (281MB/s), 133MiB/s-135MiB/s (139MB/s-141MB/s), io=15.7GiB (16.9GB), run=60001-60001msec

Disk stats (read/write):
  nvme0n1: ios=51/2156158, merge=0/0, ticks=12/1742876, in_queue=1742887, util=99.99%
