/dev/nvme0n1: (g=0): rw=randwrite, bs=(R) 512B-64.0KiB, (W) 512B-64.0KiB, (T) 512B-64.0KiB, ioengine=libaio, iodepth=16
...
fio-3.28
Starting 2 processes

/dev/nvme0n1: (groupid=0, jobs=1): err= 0: pid=115892: Wed Jun  1 15:45:08 2022
  write: IOPS=37.3k, BW=279MiB/s (292MB/s)(16.3GiB/60001msec); 0 zone resets
    slat (nsec): min=1888, max=6720.6k, avg=6724.01, stdev=6204.29
    clat (usec): min=60, max=18572, avg=420.93, stdev=314.41
     lat (usec): min=71, max=18577, avg=427.76, stdev=314.45
    clat percentiles (usec):
     |  1.00th=[  192],  5.00th=[  225], 10.00th=[  241], 20.00th=[  265],
     | 30.00th=[  293], 40.00th=[  330], 50.00th=[  375], 60.00th=[  416],
     | 70.00th=[  453], 80.00th=[  515], 90.00th=[  693], 95.00th=[  832],
     | 99.00th=[ 1045], 99.50th=[ 1123], 99.90th=[ 1303], 99.95th=[ 1516],
     | 99.99th=[17171]
   bw (  KiB/s): min=262979, max=351851, per=50.10%, avg=285666.22, stdev=14312.87, samples=119
   iops        : min=34044, max=46228, avg=37338.45, stdev=1915.82, samples=119
  lat (usec)   : 100=0.01%, 250=13.41%, 500=64.99%, 750=13.86%, 1000=6.25%
  lat (msec)   : 2=1.44%, 4=0.02%, 10=0.01%, 20=0.02%
  cpu          : usr=15.32%, sys=27.94%, ctx=1090849, majf=0, minf=11
  IO depths    : 1=0.1%, 2=0.1%, 4=0.1%, 8=0.1%, 16=100.0%, 32=0.0%, >=64=0.0%
     submit    : 0=0.0%, 4=100.0%, 8=0.0%, 16=0.0%, 32=0.0%, 64=0.0%, >=64=0.0%
     complete  : 0=0.0%, 4=100.0%, 8=0.0%, 16=0.1%, 32=0.0%, 64=0.0%, >=64=0.0%
     issued rwts: total=0,2238018,0,0 short=0,0,0,0 dropped=0,0,0,0
     latency   : target=0, window=0, percentile=100.00%, depth=16
/dev/nvme0n1: (groupid=0, jobs=1): err= 0: pid=115893: Wed Jun  1 15:45:08 2022
  write: IOPS=37.3k, BW=278MiB/s (292MB/s)(16.3GiB/60001msec); 0 zone resets
    slat (nsec): min=1843, max=1088.3k, avg=6703.26, stdev=4331.87
    clat (usec): min=66, max=18562, avg=420.72, stdev=314.19
     lat (usec): min=74, max=18567, avg=427.52, stdev=314.20
    clat percentiles (usec):
     |  1.00th=[  190],  5.00th=[  225], 10.00th=[  241], 20.00th=[  265],
     | 30.00th=[  293], 40.00th=[  330], 50.00th=[  375], 60.00th=[  412],
     | 70.00th=[  453], 80.00th=[  515], 90.00th=[  693], 95.00th=[  832],
     | 99.00th=[ 1045], 99.50th=[ 1123], 99.90th=[ 1303], 99.95th=[ 1467],
     | 99.99th=[17171]
   bw (  KiB/s): min=259970, max=360054, per=50.01%, avg=285177.29, stdev=15841.86, samples=119
   iops        : min=34104, max=46516, avg=37360.03, stdev=1941.17, samples=119
  lat (usec)   : 100=0.01%, 250=13.46%, 500=64.95%, 750=13.87%, 1000=6.23%
  lat (msec)   : 2=1.44%, 4=0.02%, 10=0.01%, 20=0.02%
  cpu          : usr=15.20%, sys=27.98%, ctx=1094718, majf=0, minf=14
  IO depths    : 1=0.1%, 2=0.1%, 4=0.1%, 8=0.1%, 16=100.0%, 32=0.0%, >=64=0.0%
     submit    : 0=0.0%, 4=100.0%, 8=0.0%, 16=0.0%, 32=0.0%, 64=0.0%, >=64=0.0%
     complete  : 0=0.0%, 4=100.0%, 8=0.0%, 16=0.1%, 32=0.0%, 64=0.0%, >=64=0.0%
     issued rwts: total=0,2239303,0,0 short=0,0,0,0 dropped=0,0,0,0
     latency   : target=0, window=0, percentile=100.00%, depth=16

Run status group 0 (all jobs):
  WRITE: bw=557MiB/s (584MB/s), 278MiB/s-279MiB/s (292MB/s-292MB/s), io=32.6GiB (35.0GB), run=60001-60001msec

Disk stats (read/write):
  nvme0n1: ios=51/4469688, merge=0/0, ticks=12/1856358, in_queue=1856371, util=99.92%
