/dev/nvme0n1: (g=0): rw=trim, bs=(R) 4096B-1024KiB, (W) 4096B-1024KiB, (T) 4096B-1024KiB, ioengine=libaio, iodepth=32
fio-3.28
Starting 1 process

/dev/nvme0n1: (groupid=0, jobs=1): err= 0: pid=822087: Mon Jun  6 14:45:51 2022
  trim: IOPS=2440, BW=2196MiB/s (2303MB/s)(42.9GiB/20001msec)
    clat (usec): min=278, max=4742, avg=403.42, stdev=125.41
     lat (usec): min=279, max=4742, avg=403.78, stdev=125.50
    clat percentiles (usec):
     |  1.00th=[  293],  5.00th=[  302], 10.00th=[  314], 20.00th=[  322],
     | 30.00th=[  330], 40.00th=[  338], 50.00th=[  343], 60.00th=[  359],
     | 70.00th=[  437], 80.00th=[  510], 90.00th=[  553], 95.00th=[  594],
     | 99.00th=[  906], 99.50th=[  922], 99.90th=[ 1004], 99.95th=[ 1029],
     | 99.99th=[ 1156]
   bw (  MiB/s): min= 2062, max= 2290, per=100.00%, avg=2197.53, stdev=47.79, samples=39
   iops        : min= 2312, max= 2540, avg=2443.03, stdev=50.49, samples=39
  lat (usec)   : 500=78.84%, 750=18.40%, 1000=2.67%
  lat (msec)   : 2=0.10%, 10=0.01%
  cpu          : usr=3.12%, sys=5.25%, ctx=48823, majf=0, minf=11
  IO depths    : 1=100.0%, 2=0.0%, 4=0.0%, 8=0.0%, 16=0.0%, 32=0.0%, >=64=0.0%
     submit    : 0=0.0%, 4=100.0%, 8=0.0%, 16=0.0%, 32=0.0%, 64=0.0%, >=64=0.0%
     complete  : 0=0.0%, 4=100.0%, 8=0.0%, 16=0.0%, 32=0.0%, 64=0.0%, >=64=0.0%
     issued rwts: total=0,0,48816,0 short=0,0,0,0 dropped=0,0,0,0
     latency   : target=0, window=0, percentile=100.00%, depth=32

Run status group 0 (all jobs):
   TRIM: bw=2196MiB/s (2303MB/s), 2196MiB/s-2196MiB/s (2303MB/s-2303MB/s), io=42.9GiB (46.1GB), run=20001-20001msec

Disk stats (read/write):
  nvme0n1: ios=51/0, merge=0/0, ticks=29/0, in_queue=18532, util=99.76%
