/dev/nvme0n1: (g=0): rw=randread, bs=(R) 4096B-4096B, (W) 4096B-4096B, (T) 4096B-4096B, ioengine=libaio, iodepth=32
...
fio-3.28
Starting 2 processes

/dev/nvme0n1: (groupid=0, jobs=1): err= 0: pid=42358: Sun Jun  5 15:56:22 2022
  read: IOPS=210k, BW=819MiB/s (859MB/s)(8189MiB/10001msec)
    slat (nsec): min=1686, max=113651, avg=2777.83, stdev=1898.62
    clat (usec): min=37, max=8311, avg=149.42, stdev=88.77
     lat (usec): min=41, max=8318, avg=152.25, stdev=88.80
    clat percentiles (usec):
     |  1.00th=[   63],  5.00th=[   70], 10.00th=[   75], 20.00th=[   84],
     | 30.00th=[   94], 40.00th=[  110], 50.00th=[  125], 60.00th=[  145],
     | 70.00th=[  169], 80.00th=[  202], 90.00th=[  260], 95.00th=[  318],
     | 99.00th=[  445], 99.50th=[  498], 99.90th=[  627], 99.95th=[  685],
     | 99.99th=[  807]
   bw (  KiB/s): min=812088, max=848448, per=50.03%, avg=838861.47, stdev=9808.09, samples=19
   iops        : min=203022, max=212112, avg=209715.37, stdev=2452.02, samples=19
  lat (usec)   : 50=0.02%, 100=34.29%, 250=54.56%, 500=10.64%, 750=0.48%
  lat (usec)   : 1000=0.02%
  lat (msec)   : 2=0.01%, 10=0.01%
  cpu          : usr=32.03%, sys=58.41%, ctx=179880, majf=0, minf=43
  IO depths    : 1=0.1%, 2=0.1%, 4=0.1%, 8=0.1%, 16=0.1%, 32=100.0%, >=64=0.0%
     submit    : 0=0.0%, 4=100.0%, 8=0.0%, 16=0.0%, 32=0.0%, 64=0.0%, >=64=0.0%
     complete  : 0=0.0%, 4=100.0%, 8=0.0%, 16=0.0%, 32=0.1%, 64=0.0%, >=64=0.0%
     issued rwts: total=2096293,0,0,0 short=0,0,0,0 dropped=0,0,0,0
     latency   : target=0, window=0, percentile=100.00%, depth=32
/dev/nvme0n1: (groupid=0, jobs=1): err= 0: pid=42359: Sun Jun  5 15:56:22 2022
  read: IOPS=210k, BW=819MiB/s (859MB/s)(8188MiB/10001msec)
    slat (nsec): min=1677, max=519892, avg=2780.55, stdev=1951.19
    clat (usec): min=37, max=8265, avg=149.43, stdev=88.80
     lat (usec): min=40, max=8300, avg=152.27, stdev=88.82
    clat percentiles (usec):
     |  1.00th=[   63],  5.00th=[   70], 10.00th=[   75], 20.00th=[   84],
     | 30.00th=[   95], 40.00th=[  110], 50.00th=[  125], 60.00th=[  145],
     | 70.00th=[  167], 80.00th=[  202], 90.00th=[  260], 95.00th=[  318],
     | 99.00th=[  445], 99.50th=[  502], 99.90th=[  627], 99.95th=[  685],
     | 99.99th=[  799]
   bw (  KiB/s): min=811320, max=847240, per=50.03%, avg=838840.42, stdev=9073.01, samples=19
   iops        : min=202830, max=211810, avg=209710.11, stdev=2268.25, samples=19
  lat (usec)   : 50=0.02%, 100=34.26%, 250=54.59%, 500=10.63%, 750=0.49%
  lat (usec)   : 1000=0.02%
  lat (msec)   : 2=0.01%, 10=0.01%
  cpu          : usr=33.06%, sys=57.52%, ctx=178257, majf=0, minf=44
  IO depths    : 1=0.1%, 2=0.1%, 4=0.1%, 8=0.1%, 16=0.1%, 32=100.0%, >=64=0.0%
     submit    : 0=0.0%, 4=100.0%, 8=0.0%, 16=0.0%, 32=0.0%, 64=0.0%, >=64=0.0%
     complete  : 0=0.0%, 4=100.0%, 8=0.0%, 16=0.0%, 32=0.1%, 64=0.0%, >=64=0.0%
     issued rwts: total=2096195,0,0,0 short=0,0,0,0 dropped=0,0,0,0
     latency   : target=0, window=0, percentile=100.00%, depth=32

Run status group 0 (all jobs):
   READ: bw=1638MiB/s (1717MB/s), 819MiB/s-819MiB/s (859MB/s-859MB/s), io=16.0GiB (17.2GB), run=10001-10001msec

Disk stats (read/write):
  nvme0n1: ios=4149195/0, merge=0/0, ticks=561243/0, in_queue=561243, util=99.07%
