/dev/nvme0n1: (g=0): rw=read, bs=(R) 4096B-4096B, (W) 4096B-4096B, (T) 4096B-4096B, ioengine=libaio, iodepth=64
...
fio-3.28
Starting 4 processes

/dev/nvme0n1: (groupid=0, jobs=1): err= 0: pid=1002176: Mon Jun  6 12:24:47 2022
  read: IOPS=834, BW=3338KiB/s (3418kB/s)(98.5MiB/30229msec)
    slat (usec): min=2, max=1263, avg=16.82, stdev=15.60
    clat (usec): min=1269, max=297168, avg=76661.69, stdev=34199.90
     lat (usec): min=1278, max=297184, avg=76678.87, stdev=34201.46
    clat percentiles (usec):
     |  1.00th=[  1467],  5.00th=[ 26346], 10.00th=[ 46924], 20.00th=[ 57410],
     | 30.00th=[ 62653], 40.00th=[ 67634], 50.00th=[ 71828], 60.00th=[ 77071],
     | 70.00th=[ 83362], 80.00th=[ 93848], 90.00th=[113771], 95.00th=[135267],
     | 99.00th=[204473], 99.50th=[233833], 99.90th=[267387], 99.95th=[267387],
     | 99.99th=[287310]
   bw (  KiB/s): min= 1440, max= 6440, per=25.16%, avg=3354.80, stdev=823.14, samples=60
   iops        : min=  360, max= 1610, avg=838.70, stdev=205.79, samples=60
  lat (msec)   : 2=2.60%, 4=0.38%, 10=0.25%, 20=0.40%, 50=7.96%
  lat (msec)   : 100=72.05%, 250=16.11%, 500=0.25%
  cpu          : usr=1.15%, sys=2.20%, ctx=7316, majf=0, minf=77
  IO depths    : 1=0.1%, 2=0.1%, 4=0.1%, 8=0.1%, 16=0.1%, 32=0.1%, >=64=99.8%
     submit    : 0=0.0%, 4=100.0%, 8=0.0%, 16=0.0%, 32=0.0%, 64=0.0%, >=64=0.0%
     complete  : 0=0.0%, 4=100.0%, 8=0.0%, 16=0.0%, 32=0.0%, 64=0.1%, >=64=0.0%
     issued rwts: total=25224,0,0,0 short=0,0,0,0 dropped=0,0,0,0
     latency   : target=0, window=0, percentile=100.00%, depth=64
/dev/nvme0n1: (groupid=0, jobs=1): err= 0: pid=1002177: Mon Jun  6 12:24:47 2022
  read: IOPS=833, BW=3335KiB/s (3415kB/s)(98.4MiB/30229msec)
    slat (usec): min=2, max=107, avg=16.93, stdev=13.57
    clat (usec): min=1191, max=291796, avg=76728.72, stdev=33791.52
     lat (usec): min=1209, max=291806, avg=76746.00, stdev=33793.06
    clat percentiles (usec):
     |  1.00th=[  1565],  5.00th=[ 26608], 10.00th=[ 48497], 20.00th=[ 57410],
     | 30.00th=[ 62653], 40.00th=[ 67634], 50.00th=[ 71828], 60.00th=[ 77071],
     | 70.00th=[ 83362], 80.00th=[ 93848], 90.00th=[112722], 95.00th=[137364],
     | 99.00th=[198181], 99.50th=[229639], 99.90th=[267387], 99.95th=[270533],
     | 99.99th=[291505]
   bw (  KiB/s): min= 1456, max= 6312, per=25.13%, avg=3351.73, stdev=782.56, samples=60
   iops        : min=  364, max= 1578, avg=837.97, stdev=195.67, samples=60
  lat (msec)   : 2=2.44%, 4=0.53%, 10=0.17%, 20=0.42%, 50=7.38%
  lat (msec)   : 100=72.66%, 250=16.15%, 500=0.25%
  cpu          : usr=1.02%, sys=2.37%, ctx=7444, majf=0, minf=79
  IO depths    : 1=0.1%, 2=0.1%, 4=0.1%, 8=0.1%, 16=0.1%, 32=0.1%, >=64=99.8%
     submit    : 0=0.0%, 4=100.0%, 8=0.0%, 16=0.0%, 32=0.0%, 64=0.0%, >=64=0.0%
     complete  : 0=0.0%, 4=100.0%, 8=0.0%, 16=0.0%, 32=0.0%, 64=0.1%, >=64=0.0%
     issued rwts: total=25202,0,0,0 short=0,0,0,0 dropped=0,0,0,0
     latency   : target=0, window=0, percentile=100.00%, depth=64
/dev/nvme0n1: (groupid=0, jobs=1): err= 0: pid=1002178: Mon Jun  6 12:24:47 2022
  read: IOPS=834, BW=3339KiB/s (3419kB/s)(98.5MiB/30205msec)
    slat (usec): min=2, max=394, avg=16.95, stdev=13.83
    clat (usec): min=1236, max=254624, avg=76643.80, stdev=33049.26
     lat (usec): min=1256, max=254633, avg=76661.10, stdev=33050.90
    clat percentiles (usec):
     |  1.00th=[  1549],  5.00th=[ 26608], 10.00th=[ 47973], 20.00th=[ 57410],
     | 30.00th=[ 62653], 40.00th=[ 67634], 50.00th=[ 71828], 60.00th=[ 77071],
     | 70.00th=[ 83362], 80.00th=[ 93848], 90.00th=[113771], 95.00th=[135267],
     | 99.00th=[198181], 99.50th=[217056], 99.90th=[244319], 99.95th=[244319],
     | 99.99th=[246416]
   bw (  KiB/s): min= 1472, max= 5920, per=25.14%, avg=3352.93, stdev=774.69, samples=60
   iops        : min=  368, max= 1480, avg=838.23, stdev=193.67, samples=60
  lat (msec)   : 2=2.38%, 4=0.35%, 10=0.09%, 20=0.42%, 50=7.92%
  lat (msec)   : 100=72.38%, 250=16.45%, 500=0.01%
  cpu          : usr=1.29%, sys=2.11%, ctx=7253, majf=0, minf=78
  IO depths    : 1=0.1%, 2=0.1%, 4=0.1%, 8=0.1%, 16=0.1%, 32=0.1%, >=64=99.8%
     submit    : 0=0.0%, 4=100.0%, 8=0.0%, 16=0.0%, 32=0.0%, 64=0.0%, >=64=0.0%
     complete  : 0=0.0%, 4=100.0%, 8=0.0%, 16=0.0%, 32=0.0%, 64=0.1%, >=64=0.0%
     issued rwts: total=25211,0,0,0 short=0,0,0,0 dropped=0,0,0,0
     latency   : target=0, window=0, percentile=100.00%, depth=64
/dev/nvme0n1: (groupid=0, jobs=1): err= 0: pid=1002179: Mon Jun  6 12:24:47 2022
  read: IOPS=831, BW=3325KiB/s (3404kB/s)(98.1MiB/30228msec)
    slat (usec): min=2, max=657, avg=17.07, stdev=14.55
    clat (usec): min=1176, max=297420, avg=76963.94, stdev=33933.95
     lat (usec): min=1208, max=297442, avg=76981.35, stdev=33935.67
    clat percentiles (usec):
     |  1.00th=[  1565],  5.00th=[ 26346], 10.00th=[ 47449], 20.00th=[ 57410],
     | 30.00th=[ 63177], 40.00th=[ 67634], 50.00th=[ 71828], 60.00th=[ 77071],
     | 70.00th=[ 84411], 80.00th=[ 94897], 90.00th=[113771], 95.00th=[135267],
     | 99.00th=[200279], 99.50th=[231736], 99.90th=[267387], 99.95th=[267387],
     | 99.99th=[295699]
   bw (  KiB/s): min= 1464, max= 6312, per=25.06%, avg=3341.57, stdev=795.16, samples=60
   iops        : min=  366, max= 1578, avg=835.38, stdev=198.79, samples=60
  lat (msec)   : 2=2.34%, 4=0.38%, 10=0.17%, 20=0.52%, 50=7.81%
  lat (msec)   : 100=71.87%, 250=16.67%, 500=0.25%
  cpu          : usr=1.14%, sys=2.22%, ctx=7294, majf=0, minf=77
  IO depths    : 1=0.1%, 2=0.1%, 4=0.1%, 8=0.1%, 16=0.1%, 32=0.1%, >=64=99.7%
     submit    : 0=0.0%, 4=100.0%, 8=0.0%, 16=0.0%, 32=0.0%, 64=0.0%, >=64=0.0%
     complete  : 0=0.0%, 4=100.0%, 8=0.0%, 16=0.0%, 32=0.0%, 64=0.1%, >=64=0.0%
     issued rwts: total=25124,0,0,0 short=0,0,0,0 dropped=0,0,0,0
     latency   : target=0, window=0, percentile=100.00%, depth=64

Run status group 0 (all jobs):
   READ: bw=13.0MiB/s (13.7MB/s), 3325KiB/s-3339KiB/s (3404kB/s-3419kB/s), io=394MiB (413MB), run=30205-30229msec

Disk stats (read/write):
  nvme0n1: ios=100668/226861, merge=0/0, ticks=7675838/1895653, in_queue=9571493, util=100.00%
