/dev/nvme0n1: (g=0): rw=read, bs=(R) 4096B-4096B, (W) 4096B-4096B, (T) 4096B-4096B, ioengine=libaio, iodepth=64
...
fio-3.28
Starting 4 processes

/dev/nvme0n1: (groupid=0, jobs=1): err= 0: pid=68269: Wed Jun  8 14:32:44 2022
  read: IOPS=41.2k, BW=161MiB/s (169MB/s)(1609MiB/10001msec)
    slat (nsec): min=1944, max=64577, avg=4133.62, stdev=2550.91
    clat (usec): min=1133, max=18850, avg=1548.47, stdev=206.80
     lat (usec): min=1137, max=18865, avg=1552.69, stdev=206.91
    clat percentiles (usec):
     |  1.00th=[ 1483],  5.00th=[ 1516], 10.00th=[ 1516], 20.00th=[ 1532],
     | 30.00th=[ 1532], 40.00th=[ 1549], 50.00th=[ 1549], 60.00th=[ 1549],
     | 70.00th=[ 1549], 80.00th=[ 1565], 90.00th=[ 1565], 95.00th=[ 1582],
     | 99.00th=[ 1614], 99.50th=[ 1614], 99.90th=[ 1663], 99.95th=[ 2180],
     | 99.99th=[18482]
   bw (  KiB/s): min=159952, max=166056, per=24.99%, avg=164797.47, stdev=1277.98, samples=19
   iops        : min=39988, max=41514, avg=41199.37, stdev=319.50, samples=19
  lat (msec)   : 2=99.93%, 4=0.05%, 10=0.01%, 20=0.02%
  cpu          : usr=11.71%, sys=19.38%, ctx=136102, majf=0, minf=75
  IO depths    : 1=0.1%, 2=0.1%, 4=0.1%, 8=0.1%, 16=0.1%, 32=0.1%, >=64=100.0%
     submit    : 0=0.0%, 4=100.0%, 8=0.0%, 16=0.0%, 32=0.0%, 64=0.0%, >=64=0.0%
     complete  : 0=0.0%, 4=100.0%, 8=0.0%, 16=0.0%, 32=0.0%, 64=0.1%, >=64=0.0%
     issued rwts: total=411920,0,0,0 short=0,0,0,0 dropped=0,0,0,0
     latency   : target=0, window=0, percentile=100.00%, depth=64
/dev/nvme0n1: (groupid=0, jobs=1): err= 0: pid=68270: Wed Jun  8 14:32:44 2022
  read: IOPS=41.2k, BW=161MiB/s (169MB/s)(1611MiB/10002msec)
    slat (nsec): min=1908, max=354740, avg=4065.43, stdev=2599.99
    clat (usec): min=962, max=18890, avg=1547.05, stdev=207.20
     lat (usec): min=1015, max=18903, avg=1551.20, stdev=207.31
    clat percentiles (usec):
     |  1.00th=[ 1483],  5.00th=[ 1500], 10.00th=[ 1516], 20.00th=[ 1532],
     | 30.00th=[ 1532], 40.00th=[ 1549], 50.00th=[ 1549], 60.00th=[ 1549],
     | 70.00th=[ 1549], 80.00th=[ 1549], 90.00th=[ 1565], 95.00th=[ 1582],
     | 99.00th=[ 1614], 99.50th=[ 1631], 99.90th=[ 1680], 99.95th=[ 1975],
     | 99.99th=[18482]
   bw (  KiB/s): min=159272, max=166088, per=25.01%, avg=164950.74, stdev=1497.05, samples=19
   iops        : min=39818, max=41522, avg=41237.68, stdev=374.26, samples=19
  lat (usec)   : 1000=0.01%
  lat (msec)   : 2=99.95%, 4=0.03%, 10=0.01%, 20=0.02%
  cpu          : usr=12.35%, sys=19.04%, ctx=146241, majf=0, minf=75
  IO depths    : 1=0.1%, 2=0.1%, 4=0.1%, 8=0.1%, 16=0.1%, 32=0.1%, >=64=100.0%
     submit    : 0=0.0%, 4=100.0%, 8=0.0%, 16=0.0%, 32=0.0%, 64=0.0%, >=64=0.0%
     complete  : 0=0.0%, 4=100.0%, 8=0.0%, 16=0.0%, 32=0.0%, 64=0.1%, >=64=0.0%
     issued rwts: total=412337,0,0,0 short=0,0,0,0 dropped=0,0,0,0
     latency   : target=0, window=0, percentile=100.00%, depth=64
/dev/nvme0n1: (groupid=0, jobs=1): err= 0: pid=68271: Wed Jun  8 14:32:44 2022
  read: IOPS=41.2k, BW=161MiB/s (169MB/s)(1610MiB/10002msec)
    slat (nsec): min=1901, max=81595, avg=4079.07, stdev=2565.29
    clat (usec): min=1174, max=18858, avg=1547.60, stdev=204.73
     lat (usec): min=1178, max=18871, avg=1551.76, stdev=204.83
    clat percentiles (usec):
     |  1.00th=[ 1483],  5.00th=[ 1516], 10.00th=[ 1516], 20.00th=[ 1532],
     | 30.00th=[ 1532], 40.00th=[ 1549], 50.00th=[ 1549], 60.00th=[ 1549],
     | 70.00th=[ 1549], 80.00th=[ 1565], 90.00th=[ 1565], 95.00th=[ 1582],
     | 99.00th=[ 1598], 99.50th=[ 1614], 99.90th=[ 1647], 99.95th=[ 1696],
     | 99.99th=[18482]
   bw (  KiB/s): min=159712, max=166016, per=25.00%, avg=164893.05, stdev=1372.65, samples=19
   iops        : min=39928, max=41504, avg=41223.26, stdev=343.16, samples=19
  lat (msec)   : 2=99.97%, 4=0.01%, 10=0.01%, 20=0.02%
  cpu          : usr=10.91%, sys=19.99%, ctx=127852, majf=0, minf=76
  IO depths    : 1=0.1%, 2=0.1%, 4=0.1%, 8=0.1%, 16=0.1%, 32=0.1%, >=64=100.0%
     submit    : 0=0.0%, 4=100.0%, 8=0.0%, 16=0.0%, 32=0.0%, 64=0.0%, >=64=0.0%
     complete  : 0=0.0%, 4=100.0%, 8=0.0%, 16=0.0%, 32=0.0%, 64=0.1%, >=64=0.0%
     issued rwts: total=412171,0,0,0 short=0,0,0,0 dropped=0,0,0,0
     latency   : target=0, window=0, percentile=100.00%, depth=64
/dev/nvme0n1: (groupid=0, jobs=1): err= 0: pid=68272: Wed Jun  8 14:32:44 2022
  read: IOPS=41.2k, BW=161MiB/s (169MB/s)(1611MiB/10002msec)
    slat (nsec): min=1923, max=160351, avg=4091.38, stdev=2539.04
    clat (usec): min=1145, max=18823, avg=1546.27, stdev=205.76
     lat (usec): min=1150, max=18837, avg=1550.45, stdev=205.87
    clat percentiles (usec):
     |  1.00th=[ 1483],  5.00th=[ 1500], 10.00th=[ 1516], 20.00th=[ 1532],
     | 30.00th=[ 1532], 40.00th=[ 1532], 50.00th=[ 1549], 60.00th=[ 1549],
     | 70.00th=[ 1549], 80.00th=[ 1549], 90.00th=[ 1565], 95.00th=[ 1582],
     | 99.00th=[ 1614], 99.50th=[ 1631], 99.90th=[ 1680], 99.95th=[ 1909],
     | 99.99th=[18482]
   bw (  KiB/s): min=159632, max=166240, per=25.03%, avg=165041.68, stdev=1461.54, samples=19
   iops        : min=39908, max=41560, avg=41260.42, stdev=365.39, samples=19
  lat (msec)   : 2=99.96%, 4=0.02%, 10=0.01%, 20=0.02%
  cpu          : usr=12.25%, sys=19.22%, ctx=144108, majf=0, minf=76
  IO depths    : 1=0.1%, 2=0.1%, 4=0.1%, 8=0.1%, 16=0.1%, 32=0.1%, >=64=100.0%
     submit    : 0=0.0%, 4=100.0%, 8=0.0%, 16=0.0%, 32=0.0%, 64=0.0%, >=64=0.0%
     complete  : 0=0.0%, 4=100.0%, 8=0.0%, 16=0.0%, 32=0.0%, 64=0.1%, >=64=0.0%
     issued rwts: total=412531,0,0,0 short=0,0,0,0 dropped=0,0,0,0
     latency   : target=0, window=0, percentile=100.00%, depth=64

Run status group 0 (all jobs):
   READ: bw=644MiB/s (675MB/s), 161MiB/s-161MiB/s (169MB/s-169MB/s), io=6441MiB (6754MB), run=10001-10002msec

Disk stats (read/write):
  nvme0n1: ios=1631580/0, merge=0/0, ticks=2504154/0, in_queue=2504154, util=99.06%
