/dev/nvme0n1: (g=0): rw=randwrite, bs=(R) 512B-64.0KiB, (W) 512B-64.0KiB, (T) 512B-64.0KiB, ioengine=libaio, iodepth=16
...
fio-3.28
Starting 2 processes

/dev/nvme0n1: (groupid=0, jobs=1): err= 0: pid=115990: Wed Jun  1 15:48:26 2022
  write: IOPS=24.5k, BW=183MiB/s (191MB/s)(10.7GiB/60001msec); 0 zone resets
    slat (nsec): min=1792, max=582843, avg=8277.46, stdev=6188.24
    clat (usec): min=66, max=32958, avg=643.98, stdev=1959.51
     lat (usec): min=72, max=32967, avg=652.40, stdev=1960.02
    clat percentiles (usec):
     |  1.00th=[  198],  5.00th=[  229], 10.00th=[  247], 20.00th=[  269],
     | 30.00th=[  293], 40.00th=[  326], 50.00th=[  375], 60.00th=[  420],
     | 70.00th=[  469], 80.00th=[  578], 90.00th=[  816], 95.00th=[ 1020],
     | 99.00th=[12518], 99.50th=[19792], 99.90th=[21890], 99.95th=[22676],
     | 99.99th=[24249]
   bw (  KiB/s): min=89934, max=352500, per=50.18%, avg=187749.97, stdev=92122.51, samples=119
   iops        : min=11968, max=46450, avg=24575.34, stdev=12100.51, samples=119
  lat (usec)   : 100=0.01%, 250=11.53%, 500=62.67%, 750=13.54%, 1000=6.97%
  lat (msec)   : 2=4.03%, 4=0.26%, 10=0.01%, 20=0.55%, 50=0.45%
  cpu          : usr=12.81%, sys=21.66%, ctx=569352, majf=0, minf=10
  IO depths    : 1=0.1%, 2=0.1%, 4=0.1%, 8=0.1%, 16=100.0%, 32=0.0%, >=64=0.0%
     submit    : 0=0.0%, 4=100.0%, 8=0.0%, 16=0.0%, 32=0.0%, 64=0.0%, >=64=0.0%
     complete  : 0=0.0%, 4=100.0%, 8=0.0%, 16=0.1%, 32=0.0%, 64=0.0%, >=64=0.0%
     issued rwts: total=0,1468051,0,0 short=0,0,0,0 dropped=0,0,0,0
     latency   : target=0, window=0, percentile=100.00%, depth=16
/dev/nvme0n1: (groupid=0, jobs=1): err= 0: pid=115991: Wed Jun  1 15:48:26 2022
  write: IOPS=24.5k, BW=183MiB/s (192MB/s)(10.7GiB/60001msec); 0 zone resets
    slat (nsec): min=1848, max=135158, avg=8283.70, stdev=6095.26
    clat (usec): min=67, max=32890, avg=643.72, stdev=1960.53
     lat (usec): min=71, max=32899, avg=652.14, stdev=1961.03
    clat percentiles (usec):
     |  1.00th=[  198],  5.00th=[  229], 10.00th=[  247], 20.00th=[  269],
     | 30.00th=[  293], 40.00th=[  326], 50.00th=[  375], 60.00th=[  420],
     | 70.00th=[  469], 80.00th=[  578], 90.00th=[  807], 95.00th=[ 1020],
     | 99.00th=[12649], 99.50th=[19792], 99.90th=[21890], 99.95th=[22676],
     | 99.99th=[24249]
   bw (  KiB/s): min=88908, max=355952, per=50.26%, avg=188037.15, stdev=92296.02, samples=119
   iops        : min=11902, max=46514, avg=24586.45, stdev=12087.78, samples=119
  lat (usec)   : 100=0.01%, 250=11.55%, 500=62.68%, 750=13.51%, 1000=6.97%
  lat (msec)   : 2=4.02%, 4=0.25%, 10=0.01%, 20=0.54%, 50=0.46%
  cpu          : usr=12.53%, sys=21.90%, ctx=569838, majf=0, minf=12
  IO depths    : 1=0.1%, 2=0.1%, 4=0.1%, 8=0.1%, 16=100.0%, 32=0.0%, >=64=0.0%
     submit    : 0=0.0%, 4=100.0%, 8=0.0%, 16=0.0%, 32=0.0%, 64=0.0%, >=64=0.0%
     complete  : 0=0.0%, 4=100.0%, 8=0.0%, 16=0.1%, 32=0.0%, 64=0.0%, >=64=0.0%
     issued rwts: total=0,1468662,0,0 short=0,0,0,0 dropped=0,0,0,0
     latency   : target=0, window=0, percentile=100.00%, depth=16

Run status group 0 (all jobs):
  WRITE: bw=365MiB/s (383MB/s), 183MiB/s-183MiB/s (191MB/s-192MB/s), io=21.4GiB (23.0GB), run=60001-60001msec

Disk stats (read/write):
  nvme0n1: ios=51/2934006, merge=0/0, ticks=13/1789369, in_queue=1789382, util=99.97%
