/dev/nvme0n1: (g=0): rw=randread, bs=(R) 4096B-4096B, (W) 4096B-4096B, (T) 4096B-4096B, ioengine=libaio, iodepth=32
...
fio-3.28
Starting 2 processes

/dev/nvme0n1: (groupid=0, jobs=1): err= 0: pid=1015725: Mon Jun  6 13:11:42 2022
  read: IOPS=211k, BW=822MiB/s (862MB/s)(8225MiB/10001msec)
    slat (nsec): min=1694, max=80929, avg=2775.59, stdev=1679.54
    clat (usec): min=37, max=8465, avg=148.77, stdev=89.81
     lat (usec): min=41, max=8480, avg=151.61, stdev=89.85
    clat percentiles (usec):
     |  1.00th=[   63],  5.00th=[   70], 10.00th=[   75], 20.00th=[   83],
     | 30.00th=[   93], 40.00th=[  108], 50.00th=[  124], 60.00th=[  143],
     | 70.00th=[  167], 80.00th=[  200], 90.00th=[  260], 95.00th=[  318],
     | 99.00th=[  453], 99.50th=[  506], 99.90th=[  635], 99.95th=[  693],
     | 99.99th=[  840]
   bw (  KiB/s): min=787184, max=847992, per=50.03%, avg=842512.84, stdev=13513.54, samples=19
   iops        : min=196796, max=211998, avg=210628.32, stdev=3378.42, samples=19
  lat (usec)   : 50=0.02%, 100=35.21%, 250=53.63%, 500=10.60%, 750=0.52%
  lat (usec)   : 1000=0.02%
  lat (msec)   : 2=0.01%, 10=0.01%
  cpu          : usr=33.23%, sys=56.75%, ctx=186835, majf=0, minf=42
  IO depths    : 1=0.1%, 2=0.1%, 4=0.1%, 8=0.1%, 16=0.1%, 32=100.0%, >=64=0.0%
     submit    : 0=0.0%, 4=100.0%, 8=0.0%, 16=0.0%, 32=0.0%, 64=0.0%, >=64=0.0%
     complete  : 0=0.0%, 4=100.0%, 8=0.0%, 16=0.0%, 32=0.1%, 64=0.0%, >=64=0.0%
     issued rwts: total=2105532,0,0,0 short=0,0,0,0 dropped=0,0,0,0
     latency   : target=0, window=0, percentile=100.00%, depth=32
/dev/nvme0n1: (groupid=0, jobs=1): err= 0: pid=1015726: Mon Jun  6 13:11:42 2022
  read: IOPS=211k, BW=822MiB/s (862MB/s)(8224MiB/10001msec)
    slat (nsec): min=1680, max=382346, avg=2782.86, stdev=1710.43
    clat (usec): min=37, max=8397, avg=148.78, stdev=89.92
     lat (usec): min=41, max=8408, avg=151.62, stdev=89.97
    clat percentiles (usec):
     |  1.00th=[   63],  5.00th=[   70], 10.00th=[   75], 20.00th=[   83],
     | 30.00th=[   93], 40.00th=[  108], 50.00th=[  124], 60.00th=[  143],
     | 70.00th=[  167], 80.00th=[  202], 90.00th=[  260], 95.00th=[  318],
     | 99.00th=[  453], 99.50th=[  510], 99.90th=[  635], 99.95th=[  693],
     | 99.99th=[  840]
   bw (  KiB/s): min=783960, max=848488, per=50.02%, avg=842444.21, stdev=14265.80, samples=19
   iops        : min=195990, max=212122, avg=210611.05, stdev=3566.45, samples=19
  lat (usec)   : 50=0.02%, 100=35.23%, 250=53.60%, 500=10.60%, 750=0.52%
  lat (usec)   : 1000=0.03%
  lat (msec)   : 2=0.01%, 10=0.01%
  cpu          : usr=31.83%, sys=58.39%, ctx=182261, majf=0, minf=43
  IO depths    : 1=0.1%, 2=0.1%, 4=0.1%, 8=0.1%, 16=0.1%, 32=100.0%, >=64=0.0%
     submit    : 0=0.0%, 4=100.0%, 8=0.0%, 16=0.0%, 32=0.0%, 64=0.0%, >=64=0.0%
     complete  : 0=0.0%, 4=100.0%, 8=0.0%, 16=0.0%, 32=0.1%, 64=0.0%, >=64=0.0%
     issued rwts: total=2105299,0,0,0 short=0,0,0,0 dropped=0,0,0,0
     latency   : target=0, window=0, percentile=100.00%, depth=32

Run status group 0 (all jobs):
   READ: bw=1645MiB/s (1725MB/s), 822MiB/s-822MiB/s (862MB/s-862MB/s), io=16.1GiB (17.2GB), run=10001-10001msec

Disk stats (read/write):
  nvme0n1: ios=4167600/0, merge=0/0, ticks=566714/0, in_queue=566713, util=99.06%
