/dev/nvme0n1: (g=0): rw=trim, bs=(R) 4096B-1024KiB, (W) 4096B-1024KiB, (T) 4096B-1024KiB, ioengine=libaio, iodepth=32
fio-3.28
Starting 1 process

/dev/nvme0n1: (groupid=0, jobs=1): err= 0: pid=23088: Wed Jun  1 12:42:42 2022
  trim: IOPS=2072, BW=1869MiB/s (1960MB/s)(110GiB/60001msec)
    clat (usec): min=273, max=4691, avg=477.78, stdev=94.32
     lat (usec): min=273, max=4691, avg=478.12, stdev=94.39
    clat percentiles (usec):
     |  1.00th=[  302],  5.00th=[  318], 10.00th=[  396], 20.00th=[  429],
     | 30.00th=[  445], 40.00th=[  457], 50.00th=[  465], 60.00th=[  474],
     | 70.00th=[  494], 80.00th=[  519], 90.00th=[  586], 95.00th=[  619],
     | 99.00th=[  881], 99.50th=[  922], 99.90th=[ 1045], 99.95th=[ 1074],
     | 99.99th=[ 1123]
   bw (  MiB/s): min= 1788, max= 1980, per=100.00%, avg=1871.23, stdev=38.00, samples=119
   iops        : min= 1996, max= 2158, avg=2074.66, stdev=33.90, samples=119
  lat (usec)   : 500=76.11%, 750=21.93%, 1000=1.76%
  lat (msec)   : 2=0.20%, 4=0.01%, 10=0.01%
  cpu          : usr=2.54%, sys=5.36%, ctx=124387, majf=0, minf=10
  IO depths    : 1=100.0%, 2=0.0%, 4=0.0%, 8=0.0%, 16=0.0%, 32=0.0%, >=64=0.0%
     submit    : 0=0.0%, 4=100.0%, 8=0.0%, 16=0.0%, 32=0.0%, 64=0.0%, >=64=0.0%
     complete  : 0=0.0%, 4=100.0%, 8=0.0%, 16=0.0%, 32=0.0%, 64=0.0%, >=64=0.0%
     issued rwts: total=0,0,124331,0 short=0,0,0,0 dropped=0,0,0,0
     latency   : target=0, window=0, percentile=100.00%, depth=32

Run status group 0 (all jobs):
   TRIM: bw=1869MiB/s (1960MB/s), 1869MiB/s-1869MiB/s (1960MB/s-1960MB/s), io=110GiB (118GB), run=60001-60001msec

Disk stats (read/write):
  nvme0n1: ios=51/0, merge=0/0, ticks=6/0, in_queue=56007, util=99.95%
