/dev/nvme0n1: (g=0): rw=randwrite, bs=(R) 512B-64.0KiB, (W) 512B-64.0KiB, (T) 512B-64.0KiB, ioengine=libaio, iodepth=16
...
fio-3.28
Starting 2 processes

/dev/nvme0n1: (groupid=0, jobs=1): err= 0: pid=121359: Wed Jun  1 16:12:30 2022
  write: IOPS=28.7k, BW=215MiB/s (225MB/s)(2146MiB/10001msec); 0 zone resets
    slat (usec): min=2, max=134, avg= 7.08, stdev= 5.03
    clat (usec): min=44, max=29873, avg=548.29, stdev=1640.26
     lat (usec): min=47, max=29880, avg=555.50, stdev=1640.72
    clat percentiles (usec):
     |  1.00th=[  133],  5.00th=[  196], 10.00th=[  229], 20.00th=[  260],
     | 30.00th=[  285], 40.00th=[  318], 50.00th=[  359], 60.00th=[  404],
     | 70.00th=[  449], 80.00th=[  510], 90.00th=[  685], 95.00th=[  889],
     | 99.00th=[ 2008], 99.50th=[18744], 99.90th=[21627], 99.95th=[22676],
     | 99.99th=[28967]
   bw (  KiB/s): min=101064, max=357558, per=51.36%, avg=225868.79, stdev=105346.71, samples=19
   iops        : min=13048, max=46336, avg=29523.16, stdev=13722.51, samples=19
  lat (usec)   : 50=0.01%, 100=0.31%, 250=16.13%, 500=62.43%, 750=12.96%
  lat (usec)   : 1000=4.67%
  lat (msec)   : 2=2.49%, 4=0.33%, 20=0.35%, 50=0.32%
  cpu          : usr=12.71%, sys=22.87%, ctx=135980, majf=0, minf=10
  IO depths    : 1=0.1%, 2=0.1%, 4=0.1%, 8=0.1%, 16=100.0%, 32=0.0%, >=64=0.0%
     submit    : 0=0.0%, 4=100.0%, 8=0.0%, 16=0.0%, 32=0.0%, 64=0.0%, >=64=0.0%
     complete  : 0=0.0%, 4=100.0%, 8=0.0%, 16=0.1%, 32=0.0%, 64=0.0%, >=64=0.0%
     issued rwts: total=0,287338,0,0 short=0,0,0,0 dropped=0,0,0,0
     latency   : target=0, window=0, percentile=100.00%, depth=16
/dev/nvme0n1: (groupid=0, jobs=1): err= 0: pid=121360: Wed Jun  1 16:12:30 2022
  write: IOPS=28.8k, BW=215MiB/s (225MB/s)(2150MiB/10001msec); 0 zone resets
    slat (usec): min=2, max=1054, avg= 6.96, stdev= 5.29
    clat (usec): min=46, max=29847, avg=547.18, stdev=1639.24
     lat (usec): min=53, max=29854, avg=554.27, stdev=1639.72
    clat percentiles (usec):
     |  1.00th=[  133],  5.00th=[  196], 10.00th=[  227], 20.00th=[  258],
     | 30.00th=[  281], 40.00th=[  318], 50.00th=[  359], 60.00th=[  404],
     | 70.00th=[  449], 80.00th=[  506], 90.00th=[  685], 95.00th=[  889],
     | 99.00th=[ 2008], 99.50th=[18744], 99.90th=[21627], 99.95th=[22676],
     | 99.99th=[28705]
   bw (  KiB/s): min=100063, max=356244, per=51.42%, avg=226168.26, stdev=105495.84, samples=19
   iops        : min=13128, max=46544, avg=29589.89, stdev=13755.17, samples=19
  lat (usec)   : 50=0.01%, 100=0.33%, 250=16.53%, 500=62.13%, 750=12.86%
  lat (usec)   : 1000=4.69%
  lat (msec)   : 2=2.45%, 4=0.33%, 20=0.35%, 50=0.33%
  cpu          : usr=12.74%, sys=22.63%, ctx=137881, majf=0, minf=11
  IO depths    : 1=0.1%, 2=0.1%, 4=0.1%, 8=0.1%, 16=100.0%, 32=0.0%, >=64=0.0%
     submit    : 0=0.0%, 4=100.0%, 8=0.0%, 16=0.0%, 32=0.0%, 64=0.0%, >=64=0.0%
     complete  : 0=0.0%, 4=100.0%, 8=0.0%, 16=0.1%, 32=0.0%, 64=0.0%, >=64=0.0%
     issued rwts: total=0,287974,0,0 short=0,0,0,0 dropped=0,0,0,0
     latency   : target=0, window=0, percentile=100.00%, depth=16

Run status group 0 (all jobs):
  WRITE: bw=430MiB/s (450MB/s), 215MiB/s-215MiB/s (225MB/s-225MB/s), io=4295MiB (4504MB), run=10001-10001msec

Disk stats (read/write):
  nvme0n1: ios=51/572551, merge=0/0, ticks=12/298629, in_queue=298641, util=99.19%
