/dev/nvme0n1: (g=0): rw=randwrite, bs=(R) 512B-64.0KiB, (W) 512B-64.0KiB, (T) 512B-64.0KiB, ioengine=libaio, iodepth=16
...
fio-3.28
Starting 2 processes

/dev/nvme0n1: (groupid=0, jobs=1): err= 0: pid=115804: Wed Jun  1 15:42:42 2022
  write: IOPS=37.4k, BW=279MiB/s (292MB/s)(16.3GiB/60001msec); 0 zone resets
    slat (nsec): min=1793, max=579410, avg=6604.88, stdev=4056.49
    clat (usec): min=50, max=18302, avg=419.93, stdev=311.89
     lat (usec): min=53, max=18309, avg=426.64, stdev=311.90
    clat percentiles (usec):
     |  1.00th=[  190],  5.00th=[  223], 10.00th=[  241], 20.00th=[  265],
     | 30.00th=[  293], 40.00th=[  330], 50.00th=[  375], 60.00th=[  412],
     | 70.00th=[  453], 80.00th=[  515], 90.00th=[  693], 95.00th=[  832],
     | 99.00th=[ 1045], 99.50th=[ 1123], 99.90th=[ 1303], 99.95th=[ 1483],
     | 99.99th=[17171]
   bw (  KiB/s): min=260223, max=351681, per=50.01%, avg=285353.60, stdev=15251.15, samples=119
   iops        : min=34428, max=46264, avg=37409.88, stdev=2026.39, samples=119
  lat (usec)   : 100=0.04%, 250=13.75%, 500=64.52%, 750=14.04%, 1000=6.22%
  lat (msec)   : 2=1.39%, 4=0.02%, 10=0.01%, 20=0.02%
  cpu          : usr=14.94%, sys=27.86%, ctx=1119049, majf=0, minf=10
  IO depths    : 1=0.1%, 2=0.1%, 4=0.1%, 8=0.1%, 16=100.0%, 32=0.0%, >=64=0.0%
     submit    : 0=0.0%, 4=100.0%, 8=0.0%, 16=0.0%, 32=0.0%, 64=0.0%, >=64=0.0%
     complete  : 0=0.0%, 4=100.0%, 8=0.0%, 16=0.1%, 32=0.0%, 64=0.0%, >=64=0.0%
     issued rwts: total=0,2243789,0,0 short=0,0,0,0 dropped=0,0,0,0
     latency   : target=0, window=0, percentile=100.00%, depth=16
/dev/nvme0n1: (groupid=0, jobs=1): err= 0: pid=115805: Wed Jun  1 15:42:42 2022
  write: IOPS=37.4k, BW=279MiB/s (292MB/s)(16.3GiB/60001msec); 0 zone resets
    slat (nsec): min=1775, max=3073.5k, avg=6567.68, stdev=4585.43
    clat (usec): min=34, max=18344, avg=419.59, stdev=310.43
     lat (usec): min=37, max=18350, avg=426.26, stdev=310.45
    clat percentiles (usec):
     |  1.00th=[  190],  5.00th=[  223], 10.00th=[  241], 20.00th=[  265],
     | 30.00th=[  293], 40.00th=[  330], 50.00th=[  375], 60.00th=[  412],
     | 70.00th=[  453], 80.00th=[  515], 90.00th=[  693], 95.00th=[  832],
     | 99.00th=[ 1037], 99.50th=[ 1106], 99.90th=[ 1287], 99.95th=[ 1418],
     | 99.99th=[17171]
   bw (  KiB/s): min=258740, max=354037, per=50.03%, avg=285451.66, stdev=15240.87, samples=119
   iops        : min=34398, max=46478, avg=37441.28, stdev=2054.45, samples=119
  lat (usec)   : 50=0.01%, 100=0.04%, 250=13.80%, 500=64.48%, 750=14.04%
  lat (usec)   : 1000=6.21%
  lat (msec)   : 2=1.39%, 4=0.02%, 10=0.01%, 20=0.02%
  cpu          : usr=15.51%, sys=27.21%, ctx=1123872, majf=0, minf=11
  IO depths    : 1=0.1%, 2=0.1%, 4=0.1%, 8=0.1%, 16=100.0%, 32=0.0%, >=64=0.0%
     submit    : 0=0.0%, 4=100.0%, 8=0.0%, 16=0.0%, 32=0.0%, 64=0.0%, >=64=0.0%
     complete  : 0=0.0%, 4=100.0%, 8=0.0%, 16=0.1%, 32=0.0%, 64=0.0%, >=64=0.0%
     issued rwts: total=0,2245683,0,0 short=0,0,0,0 dropped=0,0,0,0
     latency   : target=0, window=0, percentile=100.00%, depth=16

Run status group 0 (all jobs):
  WRITE: bw=557MiB/s (584MB/s), 279MiB/s-279MiB/s (292MB/s-292MB/s), io=32.7GiB (35.1GB), run=60001-60001msec

Disk stats (read/write):
  nvme0n1: ios=51/4481247, merge=0/0, ticks=12/1857999, in_queue=1858011, util=99.93%
