/dev/nvme0n1: (g=0): rw=rw, bs=(R) 128KiB-128KiB, (W) 128KiB-128KiB, (T) 128KiB-128KiB, ioengine=libaio, iodepth=32
fio-3.28
Starting 1 process

/dev/nvme0n1: (groupid=0, jobs=1): err= 0: pid=1622198: Mon Jun  6 13:33:23 2022
  write: IOPS=6016, BW=752MiB/s (789MB/s)(44.1GiB/60004msec); 0 zone resets
    slat (usec): min=12, max=585, avg=44.43, stdev=15.41
    clat (usec): min=756, max=74385, avg=5271.80, stdev=6372.73
     lat (usec): min=777, max=74431, avg=5316.49, stdev=6376.50
    clat percentiles (usec):
     |  1.00th=[ 2900],  5.00th=[ 3032], 10.00th=[ 3163], 20.00th=[ 3326],
     | 30.00th=[ 3458], 40.00th=[ 3556], 50.00th=[ 3654], 60.00th=[ 3752],
     | 70.00th=[ 3851], 80.00th=[ 3982], 90.00th=[ 4293], 95.00th=[25560],
     | 99.00th=[28705], 99.50th=[47449], 99.90th=[51119], 99.95th=[51643],
     | 99.99th=[58983]
   bw (  KiB/s): min=107008, max=1180160, per=99.76%, avg=768248.69, stdev=450695.18, samples=119
   iops        : min=  836, max= 9220, avg=6001.81, stdev=3521.25, samples=119
  lat (usec)   : 1000=0.01%
  lat (msec)   : 2=0.03%, 4=81.21%, 10=11.76%, 20=1.41%, 50=5.41%
  lat (msec)   : 100=0.18%
  cpu          : usr=9.10%, sys=24.70%, ctx=143087, majf=0, minf=11
  IO depths    : 1=0.1%, 2=0.1%, 4=0.1%, 8=0.1%, 16=0.1%, 32=100.0%, >=64=0.0%
     submit    : 0=0.0%, 4=100.0%, 8=0.0%, 16=0.0%, 32=0.0%, 64=0.0%, >=64=0.0%
     complete  : 0=0.0%, 4=100.0%, 8=0.0%, 16=0.0%, 32=0.1%, 64=0.0%, >=64=0.0%
     issued rwts: total=0,361008,0,0 short=0,0,0,0 dropped=0,0,0,0
     latency   : target=0, window=0, percentile=100.00%, depth=32

Run status group 0 (all jobs):
  WRITE: bw=752MiB/s (789MB/s), 752MiB/s-752MiB/s (789MB/s-789MB/s), io=44.1GiB (47.3GB), run=60004-60004msec

Disk stats (read/write):
  nvme0n1: ios=48/359982, merge=0/0, ticks=3/1882727, in_queue=1882731, util=99.96%
