/dev/nvme0n1: (g=0): rw=randwrite, bs=(R) 512B-64.0KiB, (W) 512B-64.0KiB, (T) 512B-64.0KiB, ioengine=libaio, iodepth=256
...
fio-3.28
Starting 4 processes

fio: terminating on signal 2

/dev/nvme0n1: (groupid=0, jobs=4): err= 0: pid=121734: Wed Jun  1 17:16:46 2022
  write: IOPS=9760, BW=72.8MiB/s (76.3MB/s)(247GiB/3473165msec); 0 zone resets
    slat (nsec): min=1867, max=5161.1k, avg=13715.94, stdev=13147.97
    clat (usec): min=71, max=942851, avg=104894.14, stdev=50842.65
     lat (usec): min=91, max=942866, avg=104908.09, stdev=50842.81
    clat percentiles (msec):
     |  1.00th=[   14],  5.00th=[   33], 10.00th=[   53], 20.00th=[   65],
     | 30.00th=[   82], 40.00th=[   90], 50.00th=[  106], 60.00th=[  110],
     | 70.00th=[  116], 80.00th=[  136], 90.00th=[  163], 95.00th=[  192],
     | 99.00th=[  284], 99.50th=[  321], 99.90th=[  435], 99.95th=[  481],
     | 99.99th=[  609]
   bw (  KiB/s): min= 4027, max=729834, per=100.00%, avg=74568.54, stdev=5951.63, samples=27756
   iops        : min=  592, max=96578, avg=9766.82, stdev=775.51, samples=27756
  lat (usec)   : 100=0.01%, 250=0.01%, 500=0.01%, 750=0.01%, 1000=0.01%
  lat (msec)   : 2=0.01%, 4=0.17%, 10=0.70%, 20=0.27%, 50=8.18%
  lat (msec)   : 100=35.98%, 250=53.02%, 500=1.63%, 750=0.04%, 1000=0.01%
  cpu          : usr=2.16%, sys=3.74%, ctx=2986793, majf=0, minf=47
  IO depths    : 1=0.1%, 2=0.1%, 4=0.1%, 8=0.1%, 16=0.1%, 32=0.1%, >=64=100.0%
     submit    : 0=0.0%, 4=100.0%, 8=0.0%, 16=0.0%, 32=0.0%, 64=0.0%, >=64=0.0%
     complete  : 0=0.0%, 4=100.0%, 8=0.0%, 16=0.0%, 32=0.0%, 64=0.0%, >=64=0.1%
     issued rwts: total=0,33900193,0,0 short=0,0,0,0 dropped=0,0,0,0
     latency   : target=0, window=0, percentile=100.00%, depth=256

Run status group 0 (all jobs):
  WRITE: bw=72.8MiB/s (76.3MB/s), 72.8MiB/s-72.8MiB/s (76.3MB/s-76.3MB/s), io=247GiB (265GB), run=3473165-3473165msec

Disk stats (read/write):
  nvme0n1: ios=2116811/36217132, merge=0/0, ticks=206672396/3773067502, in_queue=3979789493, util=100.00%
