/dev/nvme0n1: (g=0): rw=randwrite, bs=(R) 4096B-4096B, (W) 4096B-4096B, (T) 4096B-4096B, ioengine=libaio, iodepth=32
...
fio-3.28
Starting 2 processes

/dev/nvme0n1: (groupid=0, jobs=1): err= 0: pid=48600: Sun Jun  5 15:59:53 2022
  write: IOPS=15.1k, BW=58.9MiB/s (61.7MB/s)(1766MiB/30004msec); 0 zone resets
    slat (nsec): min=1743, max=135207, avg=11889.78, stdev=4351.99
    clat (usec): min=86, max=37450, avg=2110.68, stdev=5396.14
     lat (usec): min=90, max=37458, avg=2122.75, stdev=5394.86
    clat percentiles (usec):
     |  1.00th=[  135],  5.00th=[  262], 10.00th=[  400], 20.00th=[  478],
     | 30.00th=[  486], 40.00th=[  502], 50.00th=[  537], 60.00th=[  537],
     | 70.00th=[  545], 80.00th=[  553], 90.00th=[  603], 95.00th=[19792],
     | 99.00th=[21627], 99.50th=[22152], 99.90th=[23462], 99.95th=[31851],
     | 99.99th=[33817]
   bw (  KiB/s): min=38304, max=254848, per=50.23%, avg=60535.86, stdev=28247.68, samples=59
   iops        : min= 9576, max=63712, avg=15133.81, stdev=7061.96, samples=59
  lat (usec)   : 100=0.07%, 250=4.63%, 500=34.37%, 750=51.30%, 1000=0.09%
  lat (msec)   : 2=1.27%, 4=0.02%, 10=0.04%, 20=4.03%, 50=4.18%
  cpu          : usr=6.25%, sys=17.77%, ctx=4082, majf=0, minf=12
  IO depths    : 1=0.1%, 2=0.1%, 4=0.1%, 8=0.1%, 16=0.1%, 32=100.0%, >=64=0.0%
     submit    : 0=0.0%, 4=100.0%, 8=0.0%, 16=0.0%, 32=0.0%, 64=0.0%, >=64=0.0%
     complete  : 0=0.0%, 4=100.0%, 8=0.0%, 16=0.0%, 32=0.1%, 64=0.0%, >=64=0.0%
     issued rwts: total=0,452049,0,0 short=0,0,0,0 dropped=0,0,0,0
     latency   : target=0, window=0, percentile=100.00%, depth=32
/dev/nvme0n1: (groupid=0, jobs=1): err= 0: pid=48601: Sun Jun  5 15:59:53 2022
  write: IOPS=15.1k, BW=58.8MiB/s (61.7MB/s)(1765MiB/30004msec); 0 zone resets
    slat (nsec): min=1745, max=661979, avg=11935.10, stdev=4546.38
    clat (usec): min=86, max=37446, avg=2111.33, stdev=5396.80
     lat (usec): min=90, max=37454, avg=2123.45, stdev=5395.52
    clat percentiles (usec):
     |  1.00th=[  137],  5.00th=[  262], 10.00th=[  404], 20.00th=[  478],
     | 30.00th=[  486], 40.00th=[  502], 50.00th=[  537], 60.00th=[  537],
     | 70.00th=[  545], 80.00th=[  562], 90.00th=[  603], 95.00th=[19792],
     | 99.00th=[21627], 99.50th=[22152], 99.90th=[23462], 99.95th=[31851],
     | 99.99th=[33817]
   bw (  KiB/s): min=38048, max=254448, per=50.22%, avg=60515.54, stdev=28216.39, samples=59
   iops        : min= 9512, max=63612, avg=15128.69, stdev=7054.14, samples=59
  lat (usec)   : 100=0.08%, 250=4.63%, 500=34.44%, 750=51.18%, 1000=0.12%
  lat (msec)   : 2=1.29%, 4=0.02%, 10=0.04%, 20=4.03%, 50=4.18%
  cpu          : usr=6.65%, sys=17.38%, ctx=4082, majf=0, minf=13
  IO depths    : 1=0.1%, 2=0.1%, 4=0.1%, 8=0.1%, 16=0.1%, 32=100.0%, >=64=0.0%
     submit    : 0=0.0%, 4=100.0%, 8=0.0%, 16=0.0%, 32=0.0%, 64=0.0%, >=64=0.0%
     complete  : 0=0.0%, 4=100.0%, 8=0.0%, 16=0.0%, 32=0.1%, 64=0.0%, >=64=0.0%
     issued rwts: total=0,451903,0,0 short=0,0,0,0 dropped=0,0,0,0
     latency   : target=0, window=0, percentile=100.00%, depth=32

Run status group 0 (all jobs):
  WRITE: bw=118MiB/s (123MB/s), 58.8MiB/s-58.9MiB/s (61.7MB/s-61.7MB/s), io=3531MiB (3703MB), run=30004-30004msec

Disk stats (read/write):
  nvme0n1: ios=51/901584, merge=0/0, ticks=8/1491355, in_queue=1491363, util=99.86%
