/dev/nvme0n1: (g=0): rw=read, bs=(R) 4096B-4096B, (W) 4096B-4096B, (T) 4096B-4096B, ioengine=libaio, iodepth=64
...
fio-3.28
Starting 4 processes

/dev/nvme0n1: (groupid=0, jobs=1): err= 0: pid=42462: Sun Jun  5 15:57:13 2022
  read: IOPS=40.9k, BW=160MiB/s (168MB/s)(4796MiB/30002msec)
    slat (nsec): min=1856, max=1072.2k, avg=3385.46, stdev=2798.67
    clat (usec): min=736, max=20786, avg=1559.49, stdev=136.41
     lat (usec): min=739, max=20799, avg=1562.94, stdev=136.48
    clat percentiles (usec):
     |  1.00th=[ 1516],  5.00th=[ 1532], 10.00th=[ 1532], 20.00th=[ 1549],
     | 30.00th=[ 1549], 40.00th=[ 1549], 50.00th=[ 1565], 60.00th=[ 1565],
     | 70.00th=[ 1565], 80.00th=[ 1582], 90.00th=[ 1582], 95.00th=[ 1598],
     | 99.00th=[ 1614], 99.50th=[ 1631], 99.90th=[ 1680], 99.95th=[ 1745],
     | 99.99th=[ 4555]
   bw (  KiB/s): min=155608, max=165896, per=25.01%, avg=163797.56, stdev=1908.42, samples=59
   iops        : min=38902, max=41474, avg=40949.39, stdev=477.11, samples=59
  lat (usec)   : 750=0.01%, 1000=0.01%
  lat (msec)   : 2=99.96%, 4=0.02%, 10=0.01%, 20=0.01%, 50=0.01%
  cpu          : usr=9.14%, sys=17.09%, ctx=605370, majf=0, minf=77
  IO depths    : 1=0.1%, 2=0.1%, 4=0.1%, 8=0.1%, 16=0.1%, 32=0.1%, >=64=100.0%
     submit    : 0=0.0%, 4=100.0%, 8=0.0%, 16=0.0%, 32=0.0%, 64=0.0%, >=64=0.0%
     complete  : 0=0.0%, 4=100.0%, 8=0.0%, 16=0.0%, 32=0.0%, 64=0.1%, >=64=0.0%
     issued rwts: total=1227836,0,0,0 short=0,0,0,0 dropped=0,0,0,0
     latency   : target=0, window=0, percentile=100.00%, depth=64
/dev/nvme0n1: (groupid=0, jobs=1): err= 0: pid=42463: Sun Jun  5 15:57:13 2022
  read: IOPS=40.9k, BW=160MiB/s (168MB/s)(4797MiB/30002msec)
    slat (nsec): min=1840, max=147782, avg=3328.33, stdev=2567.13
    clat (usec): min=615, max=21313, avg=1559.17, stdev=136.24
     lat (usec): min=624, max=21326, avg=1562.56, stdev=136.30
    clat percentiles (usec):
     |  1.00th=[ 1516],  5.00th=[ 1532], 10.00th=[ 1532], 20.00th=[ 1549],
     | 30.00th=[ 1549], 40.00th=[ 1549], 50.00th=[ 1565], 60.00th=[ 1565],
     | 70.00th=[ 1565], 80.00th=[ 1582], 90.00th=[ 1582], 95.00th=[ 1582],
     | 99.00th=[ 1614], 99.50th=[ 1631], 99.90th=[ 1663], 99.95th=[ 1696],
     | 99.99th=[ 3064]
   bw (  KiB/s): min=156048, max=166024, per=25.02%, avg=163836.75, stdev=1907.88, samples=59
   iops        : min=39012, max=41506, avg=40959.19, stdev=476.97, samples=59
  lat (usec)   : 750=0.01%, 1000=0.01%
  lat (msec)   : 2=99.97%, 4=0.02%, 10=0.01%, 20=0.01%, 50=0.01%
  cpu          : usr=9.25%, sys=16.85%, ctx=632453, majf=0, minf=78
  IO depths    : 1=0.1%, 2=0.1%, 4=0.1%, 8=0.1%, 16=0.1%, 32=0.1%, >=64=100.0%
     submit    : 0=0.0%, 4=100.0%, 8=0.0%, 16=0.0%, 32=0.0%, 64=0.0%, >=64=0.0%
     complete  : 0=0.0%, 4=100.0%, 8=0.0%, 16=0.0%, 32=0.0%, 64=0.1%, >=64=0.0%
     issued rwts: total=1228149,0,0,0 short=0,0,0,0 dropped=0,0,0,0
     latency   : target=0, window=0, percentile=100.00%, depth=64
/dev/nvme0n1: (groupid=0, jobs=1): err= 0: pid=42464: Sun Jun  5 15:57:13 2022
  read: IOPS=40.9k, BW=160MiB/s (168MB/s)(4798MiB/30002msec)
    slat (nsec): min=1843, max=118857, avg=3379.11, stdev=2606.93
    clat (usec): min=1067, max=20687, avg=1559.02, stdev=133.05
     lat (usec): min=1080, max=20705, avg=1562.46, stdev=133.11
    clat percentiles (usec):
     |  1.00th=[ 1516],  5.00th=[ 1532], 10.00th=[ 1532], 20.00th=[ 1549],
     | 30.00th=[ 1549], 40.00th=[ 1549], 50.00th=[ 1565], 60.00th=[ 1565],
     | 70.00th=[ 1565], 80.00th=[ 1582], 90.00th=[ 1582], 95.00th=[ 1582],
     | 99.00th=[ 1614], 99.50th=[ 1631], 99.90th=[ 1663], 99.95th=[ 1696],
     | 99.99th=[ 3097]
   bw (  KiB/s): min=156048, max=166360, per=25.02%, avg=163846.64, stdev=1899.58, samples=59
   iops        : min=39012, max=41590, avg=40961.66, stdev=474.89, samples=59
  lat (msec)   : 2=99.97%, 4=0.02%, 10=0.01%, 20=0.01%, 50=0.01%
  cpu          : usr=9.14%, sys=17.28%, ctx=637820, majf=0, minf=79
  IO depths    : 1=0.1%, 2=0.1%, 4=0.1%, 8=0.1%, 16=0.1%, 32=0.1%, >=64=100.0%
     submit    : 0=0.0%, 4=100.0%, 8=0.0%, 16=0.0%, 32=0.0%, 64=0.0%, >=64=0.0%
     complete  : 0=0.0%, 4=100.0%, 8=0.0%, 16=0.0%, 32=0.0%, 64=0.1%, >=64=0.0%
     issued rwts: total=1228221,0,0,0 short=0,0,0,0 dropped=0,0,0,0
     latency   : target=0, window=0, percentile=100.00%, depth=64
/dev/nvme0n1: (groupid=0, jobs=1): err= 0: pid=42465: Sun Jun  5 15:57:13 2022
  read: IOPS=40.9k, BW=160MiB/s (168MB/s)(4797MiB/30002msec)
    slat (nsec): min=1893, max=509035, avg=3362.08, stdev=2625.50
    clat (usec): min=572, max=21151, avg=1559.33, stdev=134.31
     lat (usec): min=626, max=21165, avg=1562.75, stdev=134.38
    clat percentiles (usec):
     |  1.00th=[ 1516],  5.00th=[ 1532], 10.00th=[ 1532], 20.00th=[ 1549],
     | 30.00th=[ 1549], 40.00th=[ 1549], 50.00th=[ 1565], 60.00th=[ 1565],
     | 70.00th=[ 1565], 80.00th=[ 1582], 90.00th=[ 1582], 95.00th=[ 1598],
     | 99.00th=[ 1614], 99.50th=[ 1631], 99.90th=[ 1680], 99.95th=[ 1745],
     | 99.99th=[ 3294]
   bw (  KiB/s): min=155240, max=166016, per=25.01%, avg=163816.00, stdev=1985.84, samples=59
   iops        : min=38810, max=41504, avg=40954.00, stdev=496.46, samples=59
  lat (usec)   : 750=0.01%, 1000=0.01%
  lat (msec)   : 2=99.97%, 4=0.02%, 10=0.01%, 20=0.01%, 50=0.01%
  cpu          : usr=9.42%, sys=16.78%, ctx=627520, majf=0, minf=79
  IO depths    : 1=0.1%, 2=0.1%, 4=0.1%, 8=0.1%, 16=0.1%, 32=0.1%, >=64=100.0%
     submit    : 0=0.0%, 4=100.0%, 8=0.0%, 16=0.0%, 32=0.0%, 64=0.0%, >=64=0.0%
     complete  : 0=0.0%, 4=100.0%, 8=0.0%, 16=0.0%, 32=0.0%, 64=0.1%, >=64=0.0%
     issued rwts: total=1227993,0,0,0 short=0,0,0,0 dropped=0,0,0,0
     latency   : target=0, window=0, percentile=100.00%, depth=64

Run status group 0 (all jobs):
   READ: bw=640MiB/s (671MB/s), 160MiB/s-160MiB/s (168MB/s-168MB/s), io=18.7GiB (20.1GB), run=30002-30002msec

Disk stats (read/write):
  nvme0n1: ios=4895054/0, merge=0/0, ticks=7610278/0, in_queue=7610278, util=99.71%
