/dev/nvme0n1: (g=0): rw=read, bs=(R) 4096B-4096B, (W) 4096B-4096B, (T) 4096B-4096B, ioengine=libaio, iodepth=64
...
fio-3.28
Starting 4 processes

/dev/nvme0n1: (groupid=0, jobs=1): err= 0: pid=821988: Mon Jun  6 14:45:07 2022
  read: IOPS=41.2k, BW=161MiB/s (169MB/s)(4826MiB/30002msec)
    slat (nsec): min=1899, max=504624, avg=3413.56, stdev=2552.79
    clat (usec): min=764, max=24500, avg=1549.67, stdev=162.09
     lat (usec): min=768, max=24516, avg=1553.19, stdev=162.14
    clat percentiles (usec):
     |  1.00th=[ 1500],  5.00th=[ 1532], 10.00th=[ 1532], 20.00th=[ 1549],
     | 30.00th=[ 1549], 40.00th=[ 1549], 50.00th=[ 1549], 60.00th=[ 1549],
     | 70.00th=[ 1549], 80.00th=[ 1549], 90.00th=[ 1565], 95.00th=[ 1565],
     | 99.00th=[ 1598], 99.50th=[ 1614], 99.90th=[ 1647], 99.95th=[ 1663],
     | 99.99th=[ 2638]
   bw (  KiB/s): min=158304, max=166024, per=25.01%, avg=164800.95, stdev=994.82, samples=59
   iops        : min=39576, max=41506, avg=41200.24, stdev=248.70, samples=59
  lat (usec)   : 1000=0.01%
  lat (msec)   : 2=99.98%, 4=0.01%, 10=0.01%, 20=0.01%, 50=0.01%
  cpu          : usr=9.35%, sys=17.26%, ctx=627333, majf=0, minf=74
  IO depths    : 1=0.1%, 2=0.1%, 4=0.1%, 8=0.1%, 16=0.1%, 32=0.1%, >=64=100.0%
     submit    : 0=0.0%, 4=100.0%, 8=0.0%, 16=0.0%, 32=0.0%, 64=0.0%, >=64=0.0%
     complete  : 0=0.0%, 4=100.0%, 8=0.0%, 16=0.0%, 32=0.0%, 64=0.1%, >=64=0.0%
     issued rwts: total=1235550,0,0,0 short=0,0,0,0 dropped=0,0,0,0
     latency   : target=0, window=0, percentile=100.00%, depth=64
/dev/nvme0n1: (groupid=0, jobs=1): err= 0: pid=821989: Mon Jun  6 14:45:07 2022
  read: IOPS=41.2k, BW=161MiB/s (169MB/s)(4827MiB/30002msec)
    slat (nsec): min=1888, max=118631, avg=3422.42, stdev=2526.11
    clat (usec): min=787, max=24458, avg=1549.57, stdev=160.42
     lat (usec): min=795, max=24486, avg=1553.09, stdev=160.48
    clat percentiles (usec):
     |  1.00th=[ 1500],  5.00th=[ 1532], 10.00th=[ 1532], 20.00th=[ 1549],
     | 30.00th=[ 1549], 40.00th=[ 1549], 50.00th=[ 1549], 60.00th=[ 1549],
     | 70.00th=[ 1549], 80.00th=[ 1549], 90.00th=[ 1565], 95.00th=[ 1565],
     | 99.00th=[ 1598], 99.50th=[ 1614], 99.90th=[ 1647], 99.95th=[ 1663],
     | 99.99th=[ 2442]
   bw (  KiB/s): min=157808, max=166000, per=25.01%, avg=164801.76, stdev=1051.49, samples=59
   iops        : min=39452, max=41500, avg=41200.44, stdev=262.87, samples=59
  lat (usec)   : 1000=0.01%
  lat (msec)   : 2=99.98%, 4=0.01%, 10=0.01%, 20=0.01%, 50=0.01%
  cpu          : usr=9.17%, sys=17.51%, ctx=647979, majf=0, minf=75
  IO depths    : 1=0.1%, 2=0.1%, 4=0.1%, 8=0.1%, 16=0.1%, 32=0.1%, >=64=100.0%
     submit    : 0=0.0%, 4=100.0%, 8=0.0%, 16=0.0%, 32=0.0%, 64=0.0%, >=64=0.0%
     complete  : 0=0.0%, 4=100.0%, 8=0.0%, 16=0.0%, 32=0.0%, 64=0.1%, >=64=0.0%
     issued rwts: total=1235624,0,0,0 short=0,0,0,0 dropped=0,0,0,0
     latency   : target=0, window=0, percentile=100.00%, depth=64
/dev/nvme0n1: (groupid=0, jobs=1): err= 0: pid=821990: Mon Jun  6 14:45:07 2022
  read: IOPS=41.2k, BW=161MiB/s (169MB/s)(4827MiB/30002msec)
    slat (nsec): min=1864, max=118961, avg=3421.25, stdev=2526.29
    clat (usec): min=865, max=24509, avg=1549.60, stdev=161.82
     lat (usec): min=870, max=24523, avg=1553.13, stdev=161.88
    clat percentiles (usec):
     |  1.00th=[ 1500],  5.00th=[ 1532], 10.00th=[ 1532], 20.00th=[ 1549],
     | 30.00th=[ 1549], 40.00th=[ 1549], 50.00th=[ 1549], 60.00th=[ 1549],
     | 70.00th=[ 1549], 80.00th=[ 1549], 90.00th=[ 1565], 95.00th=[ 1565],
     | 99.00th=[ 1598], 99.50th=[ 1614], 99.90th=[ 1647], 99.95th=[ 1663],
     | 99.99th=[ 2933]
   bw (  KiB/s): min=157560, max=166016, per=25.01%, avg=164800.00, stdev=1075.31, samples=59
   iops        : min=39390, max=41504, avg=41200.00, stdev=268.84, samples=59
  lat (usec)   : 1000=0.01%
  lat (msec)   : 2=99.98%, 4=0.01%, 10=0.01%, 20=0.01%, 50=0.01%
  cpu          : usr=9.08%, sys=17.60%, ctx=647705, majf=0, minf=75
  IO depths    : 1=0.1%, 2=0.1%, 4=0.1%, 8=0.1%, 16=0.1%, 32=0.1%, >=64=100.0%
     submit    : 0=0.0%, 4=100.0%, 8=0.0%, 16=0.0%, 32=0.0%, 64=0.0%, >=64=0.0%
     complete  : 0=0.0%, 4=100.0%, 8=0.0%, 16=0.0%, 32=0.0%, 64=0.1%, >=64=0.0%
     issued rwts: total=1235602,0,0,0 short=0,0,0,0 dropped=0,0,0,0
     latency   : target=0, window=0, percentile=100.00%, depth=64
/dev/nvme0n1: (groupid=0, jobs=1): err= 0: pid=821991: Mon Jun  6 14:45:07 2022
  read: IOPS=41.2k, BW=161MiB/s (169MB/s)(4826MiB/30002msec)
    slat (nsec): min=1878, max=514751, avg=3425.89, stdev=2583.62
    clat (usec): min=768, max=24567, avg=1549.63, stdev=162.50
     lat (usec): min=772, max=24581, avg=1553.16, stdev=162.56
    clat percentiles (usec):
     |  1.00th=[ 1500],  5.00th=[ 1532], 10.00th=[ 1532], 20.00th=[ 1549],
     | 30.00th=[ 1549], 40.00th=[ 1549], 50.00th=[ 1549], 60.00th=[ 1549],
     | 70.00th=[ 1549], 80.00th=[ 1549], 90.00th=[ 1565], 95.00th=[ 1565],
     | 99.00th=[ 1598], 99.50th=[ 1614], 99.90th=[ 1647], 99.95th=[ 1680],
     | 99.99th=[ 3261]
   bw (  KiB/s): min=156832, max=167272, per=25.01%, avg=164801.36, stdev=1204.28, samples=59
   iops        : min=39208, max=41818, avg=41200.34, stdev=301.07, samples=59
  lat (usec)   : 1000=0.01%
  lat (msec)   : 2=99.97%, 4=0.02%, 10=0.01%, 20=0.01%, 50=0.01%
  cpu          : usr=9.19%, sys=17.39%, ctx=617232, majf=0, minf=75
  IO depths    : 1=0.1%, 2=0.1%, 4=0.1%, 8=0.1%, 16=0.1%, 32=0.1%, >=64=100.0%
     submit    : 0=0.0%, 4=100.0%, 8=0.0%, 16=0.0%, 32=0.0%, 64=0.0%, >=64=0.0%
     complete  : 0=0.0%, 4=100.0%, 8=0.0%, 16=0.0%, 32=0.0%, 64=0.1%, >=64=0.0%
     issued rwts: total=1235559,0,0,0 short=0,0,0,0 dropped=0,0,0,0
     latency   : target=0, window=0, percentile=100.00%, depth=64

Run status group 0 (all jobs):
   READ: bw=643MiB/s (675MB/s), 161MiB/s-161MiB/s (169MB/s-169MB/s), io=18.9GiB (20.2GB), run=30002-30002msec

Disk stats (read/write):
  nvme0n1: ios=4924899/0, merge=0/0, ticks=7610480/0, in_queue=7610480, util=99.71%
