/dev/nvme0n1: (g=0): rw=read, bs=(R) 4096B-4096B, (W) 4096B-4096B, (T) 4096B-4096B, ioengine=libaio, iodepth=64
...
fio-3.28
Starting 4 processes

/dev/nvme0n1: (groupid=0, jobs=1): err= 0: pid=1622383: Mon Jun  6 13:33:54 2022
  read: IOPS=40.5k, BW=158MiB/s (166MB/s)(1583MiB/10002msec)
    slat (nsec): min=1880, max=61594, avg=3514.97, stdev=2610.90
    clat (usec): min=886, max=3172, avg=1574.99, stdev=24.02
     lat (usec): min=898, max=3175, avg=1578.58, stdev=23.84
    clat percentiles (usec):
     |  1.00th=[ 1532],  5.00th=[ 1549], 10.00th=[ 1565], 20.00th=[ 1565],
     | 30.00th=[ 1565], 40.00th=[ 1582], 50.00th=[ 1582], 60.00th=[ 1582],
     | 70.00th=[ 1582], 80.00th=[ 1582], 90.00th=[ 1598], 95.00th=[ 1598],
     | 99.00th=[ 1631], 99.50th=[ 1647], 99.90th=[ 1680], 99.95th=[ 1696],
     | 99.99th=[ 2638]
   bw (  KiB/s): min=161456, max=162536, per=25.01%, avg=162160.42, stdev=298.11, samples=19
   iops        : min=40364, max=40634, avg=40540.11, stdev=74.53, samples=19
  lat (usec)   : 1000=0.02%
  lat (msec)   : 2=99.97%, 4=0.01%
  cpu          : usr=9.70%, sys=17.30%, ctx=192847, majf=0, minf=73
  IO depths    : 1=0.1%, 2=0.1%, 4=0.1%, 8=0.1%, 16=0.1%, 32=0.1%, >=64=100.0%
     submit    : 0=0.0%, 4=100.0%, 8=0.0%, 16=0.0%, 32=0.0%, 64=0.0%, >=64=0.0%
     complete  : 0=0.0%, 4=100.0%, 8=0.0%, 16=0.0%, 32=0.0%, 64=0.1%, >=64=0.0%
     issued rwts: total=405225,0,0,0 short=0,0,0,0 dropped=0,0,0,0
     latency   : target=0, window=0, percentile=100.00%, depth=64
/dev/nvme0n1: (groupid=0, jobs=1): err= 0: pid=1622384: Mon Jun  6 13:33:54 2022
  read: IOPS=40.5k, BW=158MiB/s (166MB/s)(1583MiB/10002msec)
    slat (nsec): min=1885, max=188042, avg=3558.74, stdev=2687.44
    clat (usec): min=908, max=3056, avg=1575.35, stdev=22.46
     lat (usec): min=937, max=3060, avg=1578.97, stdev=22.30
    clat percentiles (usec):
     |  1.00th=[ 1532],  5.00th=[ 1549], 10.00th=[ 1565], 20.00th=[ 1565],
     | 30.00th=[ 1565], 40.00th=[ 1582], 50.00th=[ 1582], 60.00th=[ 1582],
     | 70.00th=[ 1582], 80.00th=[ 1582], 90.00th=[ 1598], 95.00th=[ 1598],
     | 99.00th=[ 1631], 99.50th=[ 1647], 99.90th=[ 1680], 99.95th=[ 1713],
     | 99.99th=[ 2073]
   bw (  KiB/s): min=160488, max=162448, per=25.01%, avg=162108.21, stdev=442.99, samples=19
   iops        : min=40122, max=40612, avg=40527.05, stdev=110.75, samples=19
  lat (usec)   : 1000=0.02%
  lat (msec)   : 2=99.97%, 4=0.02%
  cpu          : usr=8.77%, sys=18.07%, ctx=183433, majf=0, minf=78
  IO depths    : 1=0.1%, 2=0.1%, 4=0.1%, 8=0.1%, 16=0.1%, 32=0.1%, >=64=100.0%
     submit    : 0=0.0%, 4=100.0%, 8=0.0%, 16=0.0%, 32=0.0%, 64=0.0%, >=64=0.0%
     complete  : 0=0.0%, 4=100.0%, 8=0.0%, 16=0.0%, 32=0.0%, 64=0.1%, >=64=0.0%
     issued rwts: total=405124,0,0,0 short=0,0,0,0 dropped=0,0,0,0
     latency   : target=0, window=0, percentile=100.00%, depth=64
/dev/nvme0n1: (groupid=0, jobs=1): err= 0: pid=1622385: Mon Jun  6 13:33:54 2022
  read: IOPS=40.5k, BW=158MiB/s (166MB/s)(1583MiB/10002msec)
    slat (nsec): min=1837, max=56039, avg=3555.07, stdev=2654.65
    clat (usec): min=915, max=2475, avg=1574.86, stdev=21.87
     lat (usec): min=931, max=2478, avg=1578.48, stdev=21.67
    clat percentiles (usec):
     |  1.00th=[ 1532],  5.00th=[ 1549], 10.00th=[ 1565], 20.00th=[ 1565],
     | 30.00th=[ 1565], 40.00th=[ 1582], 50.00th=[ 1582], 60.00th=[ 1582],
     | 70.00th=[ 1582], 80.00th=[ 1582], 90.00th=[ 1598], 95.00th=[ 1598],
     | 99.00th=[ 1631], 99.50th=[ 1647], 99.90th=[ 1680], 99.95th=[ 1713],
     | 99.99th=[ 2212]
   bw (  KiB/s): min=161528, max=162472, per=25.01%, avg=162161.26, stdev=268.03, samples=19
   iops        : min=40382, max=40618, avg=40540.32, stdev=67.01, samples=19
  lat (usec)   : 1000=0.02%
  lat (msec)   : 2=99.96%, 4=0.03%
  cpu          : usr=9.39%, sys=17.24%, ctx=176816, majf=0, minf=75
  IO depths    : 1=0.1%, 2=0.1%, 4=0.1%, 8=0.1%, 16=0.1%, 32=0.1%, >=64=100.0%
     submit    : 0=0.0%, 4=100.0%, 8=0.0%, 16=0.0%, 32=0.0%, 64=0.0%, >=64=0.0%
     complete  : 0=0.0%, 4=100.0%, 8=0.0%, 16=0.0%, 32=0.0%, 64=0.1%, >=64=0.0%
     issued rwts: total=405238,0,0,0 short=0,0,0,0 dropped=0,0,0,0
     latency   : target=0, window=0, percentile=100.00%, depth=64
/dev/nvme0n1: (groupid=0, jobs=1): err= 0: pid=1622386: Mon Jun  6 13:33:54 2022
  read: IOPS=40.5k, BW=158MiB/s (166MB/s)(1584MiB/10002msec)
    slat (nsec): min=1835, max=57964, avg=3540.02, stdev=2638.75
    clat (usec): min=895, max=3028, avg=1574.35, stdev=21.24
     lat (usec): min=925, max=3032, avg=1577.95, stdev=21.02
    clat percentiles (usec):
     |  1.00th=[ 1532],  5.00th=[ 1549], 10.00th=[ 1565], 20.00th=[ 1565],
     | 30.00th=[ 1565], 40.00th=[ 1582], 50.00th=[ 1582], 60.00th=[ 1582],
     | 70.00th=[ 1582], 80.00th=[ 1582], 90.00th=[ 1582], 95.00th=[ 1598],
     | 99.00th=[ 1631], 99.50th=[ 1647], 99.90th=[ 1680], 99.95th=[ 1696],
     | 99.99th=[ 1942]
   bw (  KiB/s): min=161744, max=162632, per=25.02%, avg=162205.05, stdev=278.35, samples=19
   iops        : min=40436, max=40658, avg=40551.26, stdev=69.59, samples=19
  lat (usec)   : 1000=0.02%
  lat (msec)   : 2=99.97%, 4=0.01%
  cpu          : usr=8.92%, sys=18.01%, ctx=192965, majf=0, minf=76
  IO depths    : 1=0.1%, 2=0.1%, 4=0.1%, 8=0.1%, 16=0.1%, 32=0.1%, >=64=100.0%
     submit    : 0=0.0%, 4=100.0%, 8=0.0%, 16=0.0%, 32=0.0%, 64=0.0%, >=64=0.0%
     complete  : 0=0.0%, 4=100.0%, 8=0.0%, 16=0.0%, 32=0.0%, 64=0.1%, >=64=0.0%
     issued rwts: total=405381,0,0,0 short=0,0,0,0 dropped=0,0,0,0
     latency   : target=0, window=0, percentile=100.00%, depth=64

Run status group 0 (all jobs):
   READ: bw=633MiB/s (664MB/s), 158MiB/s-158MiB/s (166MB/s-166MB/s), io=6332MiB (6639MB), run=10002-10002msec

Disk stats (read/write):
  nvme0n1: ios=1603932/0, merge=0/0, ticks=2517909/0, in_queue=2517909, util=99.05%
