/dev/nvme0n1: (g=0): rw=read, bs=(R) 4096B-4096B, (W) 4096B-4096B, (T) 4096B-4096B, ioengine=libaio, iodepth=64
...
fio-3.28
Starting 4 processes

/dev/nvme0n1: (groupid=0, jobs=1): err= 0: pid=1229036: Mon Jun  6 13:23:13 2022
  read: IOPS=40.6k, BW=159MiB/s (166MB/s)(1586MiB/10002msec)
    slat (nsec): min=1917, max=73725, avg=4357.25, stdev=2832.89
    clat (usec): min=920, max=3672, avg=1571.08, stdev=30.95
     lat (usec): min=953, max=3678, avg=1575.52, stdev=30.80
    clat percentiles (usec):
     |  1.00th=[ 1516],  5.00th=[ 1532], 10.00th=[ 1549], 20.00th=[ 1565],
     | 30.00th=[ 1565], 40.00th=[ 1565], 50.00th=[ 1565], 60.00th=[ 1582],
     | 70.00th=[ 1582], 80.00th=[ 1582], 90.00th=[ 1598], 95.00th=[ 1598],
     | 99.00th=[ 1631], 99.50th=[ 1647], 99.90th=[ 1696], 99.95th=[ 1795],
     | 99.99th=[ 3032]
   bw (  KiB/s): min=160896, max=163840, per=25.02%, avg=162446.32, stdev=588.21, samples=19
   iops        : min=40224, max=40960, avg=40611.58, stdev=147.05, samples=19
  lat (usec)   : 1000=0.01%
  lat (msec)   : 2=99.97%, 4=0.03%
  cpu          : usr=11.04%, sys=21.37%, ctx=147447, majf=0, minf=76
  IO depths    : 1=0.1%, 2=0.1%, 4=0.1%, 8=0.1%, 16=0.1%, 32=0.1%, >=64=100.0%
     submit    : 0=0.0%, 4=100.0%, 8=0.0%, 16=0.0%, 32=0.0%, 64=0.0%, >=64=0.0%
     complete  : 0=0.0%, 4=100.0%, 8=0.0%, 16=0.0%, 32=0.0%, 64=0.1%, >=64=0.0%
     issued rwts: total=405961,0,0,0 short=0,0,0,0 dropped=0,0,0,0
     latency   : target=0, window=0, percentile=100.00%, depth=64
/dev/nvme0n1: (groupid=0, jobs=1): err= 0: pid=1229037: Mon Jun  6 13:23:13 2022
  read: IOPS=40.6k, BW=159MiB/s (166MB/s)(1586MiB/10002msec)
    slat (nsec): min=1949, max=155358, avg=4374.35, stdev=2851.80
    clat (usec): min=824, max=3515, avg=1570.85, stdev=30.68
     lat (usec): min=851, max=3521, avg=1575.30, stdev=30.51
    clat percentiles (usec):
     |  1.00th=[ 1516],  5.00th=[ 1532], 10.00th=[ 1549], 20.00th=[ 1565],
     | 30.00th=[ 1565], 40.00th=[ 1565], 50.00th=[ 1565], 60.00th=[ 1582],
     | 70.00th=[ 1582], 80.00th=[ 1582], 90.00th=[ 1598], 95.00th=[ 1598],
     | 99.00th=[ 1631], 99.50th=[ 1647], 99.90th=[ 1680], 99.95th=[ 1778],
     | 99.99th=[ 2999]
   bw (  KiB/s): min=161552, max=163680, per=25.02%, avg=162456.84, stdev=448.40, samples=19
   iops        : min=40388, max=40920, avg=40614.21, stdev=112.10, samples=19
  lat (usec)   : 1000=0.01%
  lat (msec)   : 2=99.96%, 4=0.04%
  cpu          : usr=11.21%, sys=21.38%, ctx=154737, majf=0, minf=78
  IO depths    : 1=0.1%, 2=0.1%, 4=0.1%, 8=0.1%, 16=0.1%, 32=0.1%, >=64=100.0%
     submit    : 0=0.0%, 4=100.0%, 8=0.0%, 16=0.0%, 32=0.0%, 64=0.0%, >=64=0.0%
     complete  : 0=0.0%, 4=100.0%, 8=0.0%, 16=0.0%, 32=0.0%, 64=0.1%, >=64=0.0%
     issued rwts: total=406023,0,0,0 short=0,0,0,0 dropped=0,0,0,0
     latency   : target=0, window=0, percentile=100.00%, depth=64
/dev/nvme0n1: (groupid=0, jobs=1): err= 0: pid=1229038: Mon Jun  6 13:23:13 2022
  read: IOPS=40.5k, BW=158MiB/s (166MB/s)(1582MiB/10002msec)
    slat (nsec): min=1972, max=74000, avg=4450.35, stdev=2929.04
    clat (usec): min=869, max=3591, avg=1574.50, stdev=29.81
     lat (usec): min=890, max=3598, avg=1579.04, stdev=29.86
    clat percentiles (usec):
     |  1.00th=[ 1516],  5.00th=[ 1549], 10.00th=[ 1549], 20.00th=[ 1565],
     | 30.00th=[ 1565], 40.00th=[ 1565], 50.00th=[ 1565], 60.00th=[ 1582],
     | 70.00th=[ 1582], 80.00th=[ 1582], 90.00th=[ 1598], 95.00th=[ 1614],
     | 99.00th=[ 1631], 99.50th=[ 1647], 99.90th=[ 1696], 99.95th=[ 1762],
     | 99.99th=[ 2999]
   bw (  KiB/s): min=160304, max=162760, per=24.96%, avg=162054.32, stdev=715.13, samples=19
   iops        : min=40076, max=40690, avg=40513.58, stdev=178.78, samples=19
  lat (usec)   : 1000=0.01%
  lat (msec)   : 2=99.97%, 4=0.03%
  cpu          : usr=12.28%, sys=19.96%, ctx=137058, majf=0, minf=77
  IO depths    : 1=0.1%, 2=0.1%, 4=0.1%, 8=0.1%, 16=0.1%, 32=0.1%, >=64=100.0%
     submit    : 0=0.0%, 4=100.0%, 8=0.0%, 16=0.0%, 32=0.0%, 64=0.0%, >=64=0.0%
     complete  : 0=0.0%, 4=100.0%, 8=0.0%, 16=0.0%, 32=0.0%, 64=0.1%, >=64=0.0%
     issued rwts: total=405063,0,0,0 short=0,0,0,0 dropped=0,0,0,0
     latency   : target=0, window=0, percentile=100.00%, depth=64
/dev/nvme0n1: (groupid=0, jobs=1): err= 0: pid=1229039: Mon Jun  6 13:23:13 2022
  read: IOPS=40.6k, BW=159MiB/s (166MB/s)(1587MiB/10002msec)
    slat (nsec): min=1976, max=123009, avg=4353.50, stdev=2796.76
    clat (usec): min=790, max=3461, avg=1569.78, stdev=31.40
     lat (usec): min=810, max=3467, avg=1574.21, stdev=31.17
    clat percentiles (usec):
     |  1.00th=[ 1516],  5.00th=[ 1532], 10.00th=[ 1549], 20.00th=[ 1565],
     | 30.00th=[ 1565], 40.00th=[ 1565], 50.00th=[ 1565], 60.00th=[ 1565],
     | 70.00th=[ 1582], 80.00th=[ 1582], 90.00th=[ 1582], 95.00th=[ 1598],
     | 99.00th=[ 1631], 99.50th=[ 1647], 99.90th=[ 1680], 99.95th=[ 1811],
     | 99.99th=[ 2933]
   bw (  KiB/s): min=161832, max=163848, per=25.04%, avg=162585.68, stdev=474.16, samples=19
   iops        : min=40458, max=40962, avg=40646.42, stdev=118.54, samples=19
  lat (usec)   : 1000=0.01%
  lat (msec)   : 2=99.96%, 4=0.03%
  cpu          : usr=11.39%, sys=21.36%, ctx=169494, majf=0, minf=78
  IO depths    : 1=0.1%, 2=0.1%, 4=0.1%, 8=0.1%, 16=0.1%, 32=0.1%, >=64=100.0%
     submit    : 0=0.0%, 4=100.0%, 8=0.0%, 16=0.0%, 32=0.0%, 64=0.0%, >=64=0.0%
     complete  : 0=0.0%, 4=100.0%, 8=0.0%, 16=0.0%, 32=0.0%, 64=0.1%, >=64=0.0%
     issued rwts: total=406305,0,0,0 short=0,0,0,0 dropped=0,0,0,0
     latency   : target=0, window=0, percentile=100.00%, depth=64

Run status group 0 (all jobs):
   READ: bw=634MiB/s (665MB/s), 158MiB/s-159MiB/s (166MB/s-166MB/s), io=6341MiB (6649MB), run=10002-10002msec

Disk stats (read/write):
  nvme0n1: ios=1606319/0, merge=0/0, ticks=2505405/0, in_queue=2505406, util=99.06%
