/dev/nvme0n1: (g=0): rw=trim, bs=(R) 4096B-1024KiB, (W) 4096B-1024KiB, (T) 4096B-1024KiB, ioengine=libaio, iodepth=32
fio-3.28
Starting 1 process

/dev/nvme0n1: (groupid=0, jobs=1): err= 0: pid=8608: Wed Jun  1 12:31:15 2022
  trim: IOPS=2051, BW=1846MiB/s (1936MB/s)(108GiB/60001msec)
    clat (usec): min=267, max=4989, avg=482.77, stdev=93.71
     lat (usec): min=267, max=4990, avg=483.18, stdev=93.78
    clat percentiles (usec):
     |  1.00th=[  314],  5.00th=[  363], 10.00th=[  400], 20.00th=[  429],
     | 30.00th=[  449], 40.00th=[  457], 50.00th=[  465], 60.00th=[  478],
     | 70.00th=[  490], 80.00th=[  537], 90.00th=[  594], 95.00th=[  627],
     | 99.00th=[  881], 99.50th=[  922], 99.90th=[ 1037], 99.95th=[ 1057],
     | 99.99th=[ 1106]
   bw (  MiB/s): min= 1800, max= 1920, per=100.00%, avg=1848.55, stdev=23.77, samples=119
   iops        : min= 2014, max= 2094, avg=2053.88, stdev=17.36, samples=119
  lat (usec)   : 500=73.68%, 750=24.31%, 1000=1.79%
  lat (msec)   : 2=0.22%, 10=0.01%
  cpu          : usr=1.89%, sys=6.29%, ctx=123096, majf=0, minf=10
  IO depths    : 1=100.0%, 2=0.0%, 4=0.0%, 8=0.0%, 16=0.0%, 32=0.0%, >=64=0.0%
     submit    : 0=0.0%, 4=100.0%, 8=0.0%, 16=0.0%, 32=0.0%, 64=0.0%, >=64=0.0%
     complete  : 0=0.0%, 4=100.0%, 8=0.0%, 16=0.0%, 32=0.0%, 64=0.0%, >=64=0.0%
     issued rwts: total=0,0,123075,0 short=0,0,0,0 dropped=0,0,0,0
     latency   : target=0, window=0, percentile=100.00%, depth=32

Run status group 0 (all jobs):
   TRIM: bw=1846MiB/s (1936MB/s), 1846MiB/s-1846MiB/s (1936MB/s-1936MB/s), io=108GiB (116GB), run=60001-60001msec

Disk stats (read/write):
  nvme0n1: ios=51/0, merge=0/0, ticks=7/0, in_queue=55932, util=99.98%
