/dev/nvme0n1: (g=0): rw=randread, bs=(R) 4096B-4096B, (W) 4096B-4096B, (T) 4096B-4096B, ioengine=libaio, iodepth=32
...
fio-3.28
Starting 2 processes

/dev/nvme0n1: (groupid=0, jobs=1): err= 0: pid=17729: Wed Jun  8 14:21:31 2022
  read: IOPS=211k, BW=823MiB/s (863MB/s)(8234MiB/10001msec)
    slat (nsec): min=1700, max=71580, avg=2786.58, stdev=1721.11
    clat (usec): min=43, max=8423, avg=148.59, stdev=89.63
     lat (usec): min=46, max=8436, avg=151.44, stdev=89.66
    clat percentiles (usec):
     |  1.00th=[   63],  5.00th=[   69], 10.00th=[   75], 20.00th=[   83],
     | 30.00th=[   93], 40.00th=[  108], 50.00th=[  124], 60.00th=[  143],
     | 70.00th=[  167], 80.00th=[  200], 90.00th=[  260], 95.00th=[  318],
     | 99.00th=[  449], 99.50th=[  506], 99.90th=[  627], 99.95th=[  685],
     | 99.99th=[  824]
   bw (  KiB/s): min=816712, max=850864, per=50.08%, avg=843471.16, stdev=7914.80, samples=19
   iops        : min=204178, max=212716, avg=210867.79, stdev=1978.70, samples=19
  lat (usec)   : 50=0.01%, 100=35.23%, 250=53.70%, 500=10.53%, 750=0.52%
  lat (usec)   : 1000=0.02%
  lat (msec)   : 2=0.01%, 10=0.01%
  cpu          : usr=32.65%, sys=58.37%, ctx=174553, majf=0, minf=45
  IO depths    : 1=0.1%, 2=0.1%, 4=0.1%, 8=0.1%, 16=0.1%, 32=100.0%, >=64=0.0%
     submit    : 0=0.0%, 4=100.0%, 8=0.0%, 16=0.0%, 32=0.0%, 64=0.0%, >=64=0.0%
     complete  : 0=0.0%, 4=100.0%, 8=0.0%, 16=0.0%, 32=0.1%, 64=0.0%, >=64=0.0%
     issued rwts: total=2107907,0,0,0 short=0,0,0,0 dropped=0,0,0,0
     latency   : target=0, window=0, percentile=100.00%, depth=32
/dev/nvme0n1: (groupid=0, jobs=1): err= 0: pid=17730: Wed Jun  8 14:21:31 2022
  read: IOPS=210k, BW=821MiB/s (861MB/s)(8216MiB/10001msec)
    slat (nsec): min=1701, max=641830, avg=2785.39, stdev=1945.41
    clat (usec): min=37, max=8383, avg=148.93, stdev=89.78
     lat (usec): min=45, max=8395, avg=151.78, stdev=89.81
    clat percentiles (usec):
     |  1.00th=[   63],  5.00th=[   69], 10.00th=[   75], 20.00th=[   83],
     | 30.00th=[   93], 40.00th=[  109], 50.00th=[  124], 60.00th=[  143],
     | 70.00th=[  167], 80.00th=[  202], 90.00th=[  260], 95.00th=[  318],
     | 99.00th=[  449], 99.50th=[  506], 99.90th=[  635], 99.95th=[  693],
     | 99.99th=[  848]
   bw (  KiB/s): min=812952, max=850336, per=49.96%, avg=841517.47, stdev=8340.38, samples=19
   iops        : min=203238, max=212584, avg=210379.37, stdev=2085.09, samples=19
  lat (usec)   : 50=0.01%, 100=35.05%, 250=53.82%, 500=10.58%, 750=0.51%
  lat (usec)   : 1000=0.02%
  lat (msec)   : 2=0.01%, 10=0.01%
  cpu          : usr=32.59%, sys=58.21%, ctx=178170, majf=0, minf=46
  IO depths    : 1=0.1%, 2=0.1%, 4=0.1%, 8=0.1%, 16=0.1%, 32=100.0%, >=64=0.0%
     submit    : 0=0.0%, 4=100.0%, 8=0.0%, 16=0.0%, 32=0.0%, 64=0.0%, >=64=0.0%
     complete  : 0=0.0%, 4=100.0%, 8=0.0%, 16=0.0%, 32=0.1%, 64=0.0%, >=64=0.0%
     issued rwts: total=2103246,0,0,0 short=0,0,0,0 dropped=0,0,0,0
     latency   : target=0, window=0, percentile=100.00%, depth=32

Run status group 0 (all jobs):
   READ: bw=1645MiB/s (1725MB/s), 821MiB/s-823MiB/s (861MB/s-863MB/s), io=16.1GiB (17.2GB), run=10001-10001msec

Disk stats (read/write):
  nvme0n1: ios=4167808/0, merge=0/0, ticks=564600/0, in_queue=564601, util=99.06%
