/dev/nvme0n1: (g=0): rw=randread, bs=(R) 4096B-4096B, (W) 4096B-4096B, (T) 4096B-4096B, ioengine=libaio, iodepth=32
...
fio-3.28
Starting 2 processes

/dev/nvme0n1: (groupid=0, jobs=1): err= 0: pid=1002074: Mon Jun  6 12:23:56 2022
  read: IOPS=24.7k, BW=96.4MiB/s (101MB/s)(966MiB/10020msec)
    slat (nsec): min=1736, max=539968, avg=9666.94, stdev=7077.52
    clat (usec): min=31, max=27807, avg=1284.92, stdev=1462.48
     lat (usec): min=39, max=27814, avg=1294.81, stdev=1462.73
    clat percentiles (usec):
     |  1.00th=[   69],  5.00th=[  109], 10.00th=[  176], 20.00th=[  302],
     | 30.00th=[  375], 40.00th=[  449], 50.00th=[  750], 60.00th=[ 1401],
     | 70.00th=[ 1631], 80.00th=[ 1876], 90.00th=[ 2868], 95.00th=[ 3818],
     | 99.00th=[ 6587], 99.50th=[ 8160], 99.90th=[13698], 99.95th=[19792],
     | 99.99th=[24249]
   bw (  KiB/s): min=75400, max=136992, per=50.20%, avg=98899.20, stdev=13633.08, samples=20
   iops        : min=18850, max=34248, avg=24724.80, stdev=3408.27, samples=20
  lat (usec)   : 50=0.01%, 100=4.33%, 250=11.01%, 500=28.42%, 750=6.19%
  lat (usec)   : 1000=2.71%
  lat (msec)   : 2=29.59%, 4=13.18%, 10=4.32%, 20=0.20%, 50=0.04%
  cpu          : usr=14.26%, sys=26.16%, ctx=43471, majf=0, minf=43
  IO depths    : 1=0.1%, 2=0.1%, 4=0.1%, 8=0.1%, 16=0.1%, 32=100.0%, >=64=0.0%
     submit    : 0=0.0%, 4=100.0%, 8=0.0%, 16=0.0%, 32=0.0%, 64=0.0%, >=64=0.0%
     complete  : 0=0.0%, 4=100.0%, 8=0.0%, 16=0.0%, 32=0.1%, 64=0.0%, >=64=0.0%
     issued rwts: total=247279,0,0,0 short=0,0,0,0 dropped=0,0,0,0
     latency   : target=0, window=0, percentile=100.00%, depth=32
/dev/nvme0n1: (groupid=0, jobs=1): err= 0: pid=1002075: Mon Jun  6 12:23:56 2022
  read: IOPS=24.6k, BW=96.0MiB/s (101MB/s)(962MiB/10023msec)
    slat (nsec): min=1745, max=141597, avg=9688.67, stdev=6846.89
    clat (usec): min=37, max=30477, avg=1289.93, stdev=1472.35
     lat (usec): min=41, max=30479, avg=1299.83, stdev=1472.60
    clat percentiles (usec):
     |  1.00th=[   69],  5.00th=[  110], 10.00th=[  176], 20.00th=[  302],
     | 30.00th=[  379], 40.00th=[  449], 50.00th=[  766], 60.00th=[ 1401],
     | 70.00th=[ 1631], 80.00th=[ 1893], 90.00th=[ 2868], 95.00th=[ 3851],
     | 99.00th=[ 6652], 99.50th=[ 8160], 99.90th=[13698], 99.95th=[19792],
     | 99.99th=[24773]
   bw (  KiB/s): min=74544, max=136208, per=50.02%, avg=98541.20, stdev=13609.38, samples=20
   iops        : min=18636, max=34052, avg=24635.30, stdev=3402.35, samples=20
  lat (usec)   : 50=0.01%, 100=4.27%, 250=11.03%, 500=28.36%, 750=6.15%
  lat (usec)   : 1000=2.72%
  lat (msec)   : 2=29.66%, 4=13.19%, 10=4.38%, 20=0.20%, 50=0.05%
  cpu          : usr=14.36%, sys=26.03%, ctx=42833, majf=0, minf=45
  IO depths    : 1=0.1%, 2=0.1%, 4=0.1%, 8=0.1%, 16=0.1%, 32=100.0%, >=64=0.0%
     submit    : 0=0.0%, 4=100.0%, 8=0.0%, 16=0.0%, 32=0.0%, 64=0.0%, >=64=0.0%
     complete  : 0=0.0%, 4=100.0%, 8=0.0%, 16=0.0%, 32=0.1%, 64=0.0%, >=64=0.0%
     issued rwts: total=246384,0,0,0 short=0,0,0,0 dropped=0,0,0,0
     latency   : target=0, window=0, percentile=100.00%, depth=32

Run status group 0 (all jobs):
   READ: bw=192MiB/s (202MB/s), 96.0MiB/s-96.4MiB/s (101MB/s-101MB/s), io=1928MiB (2022MB), run=10020-10023msec

Disk stats (read/write):
  nvme0n1: ios=490797/36175, merge=0/0, ticks=564929/637317, in_queue=1202246, util=100.00%
