/dev/nvme0n1: (g=0): rw=randwrite, bs=(R) 512B-64.0KiB, (W) 512B-64.0KiB, (T) 512B-64.0KiB, ioengine=libaio, iodepth=16
...
fio-3.28
Starting 2 processes

/dev/nvme0n1: (groupid=0, jobs=1): err= 0: pid=817771: Mon Jun  6 12:00:30 2022
  write: IOPS=16.5k, BW=123MiB/s (129MB/s)(2463MiB/20003msec); 0 zone resets
    slat (nsec): min=1918, max=129072, avg=4294.34, stdev=3795.53
    clat (usec): min=52, max=36684, avg=967.36, stdev=3468.48
     lat (usec): min=56, max=36688, avg=971.71, stdev=3468.51
    clat percentiles (usec):
     |  1.00th=[  157],  5.00th=[  227], 10.00th=[  247], 20.00th=[  277],
     | 30.00th=[  302], 40.00th=[  326], 50.00th=[  347], 60.00th=[  367],
     | 70.00th=[  404], 80.00th=[  465], 90.00th=[  783], 95.00th=[ 1139],
     | 99.00th=[22414], 99.50th=[23200], 99.90th=[24511], 99.95th=[25560],
     | 99.99th=[34866]
   bw (  KiB/s): min=31913, max=357058, per=51.13%, avg=128498.15, stdev=134391.89, samples=39
   iops        : min= 4186, max=46376, avg=16759.85, stdev=17624.46, samples=39
  lat (usec)   : 100=0.26%, 250=10.64%, 500=71.84%, 750=6.62%, 1000=4.09%
  lat (msec)   : 2=3.66%, 4=0.35%, 10=0.01%, 20=0.05%, 50=2.47%
  cpu          : usr=4.84%, sys=8.65%, ctx=213115, majf=0, minf=11
  IO depths    : 1=0.1%, 2=0.1%, 4=0.1%, 8=0.1%, 16=100.0%, 32=0.0%, >=64=0.0%
     submit    : 0=0.0%, 4=100.0%, 8=0.0%, 16=0.0%, 32=0.0%, 64=0.0%, >=64=0.0%
     complete  : 0=0.0%, 4=100.0%, 8=0.0%, 16=0.1%, 32=0.0%, 64=0.0%, >=64=0.0%
     issued rwts: total=0,329079,0,0 short=0,0,0,0 dropped=0,0,0,0
     latency   : target=0, window=0, percentile=100.00%, depth=16
/dev/nvme0n1: (groupid=0, jobs=1): err= 0: pid=817772: Mon Jun  6 12:00:30 2022
  write: IOPS=16.4k, BW=122MiB/s (128MB/s)(2445MiB/20003msec); 0 zone resets
    slat (nsec): min=1903, max=423773, avg=4301.69, stdev=3928.72
    clat (usec): min=50, max=36669, avg=971.56, stdev=3473.32
     lat (usec): min=52, max=36675, avg=975.91, stdev=3473.34
    clat percentiles (usec):
     |  1.00th=[  167],  5.00th=[  229], 10.00th=[  249], 20.00th=[  277],
     | 30.00th=[  306], 40.00th=[  326], 50.00th=[  347], 60.00th=[  371],
     | 70.00th=[  404], 80.00th=[  465], 90.00th=[  791], 95.00th=[ 1139],
     | 99.00th=[22414], 99.50th=[23200], 99.90th=[24511], 99.95th=[25560],
     | 99.99th=[34866]
   bw (  KiB/s): min=31510, max=356632, per=50.76%, avg=127553.31, stdev=134368.72, samples=39
   iops        : min= 4200, max=46360, avg=16688.46, stdev=17529.37, samples=39
  lat (usec)   : 100=0.22%, 250=10.42%, 500=71.95%, 750=6.62%, 1000=4.13%
  lat (msec)   : 2=3.76%, 4=0.36%, 10=0.01%, 20=0.05%, 50=2.49%
  cpu          : usr=4.52%, sys=8.88%, ctx=211860, majf=0, minf=13
  IO depths    : 1=0.1%, 2=0.1%, 4=0.1%, 8=0.1%, 16=100.0%, 32=0.0%, >=64=0.0%
     submit    : 0=0.0%, 4=100.0%, 8=0.0%, 16=0.0%, 32=0.0%, 64=0.0%, >=64=0.0%
     complete  : 0=0.0%, 4=100.0%, 8=0.0%, 16=0.1%, 32=0.0%, 64=0.0%, >=64=0.0%
     issued rwts: total=0,327663,0,0 short=0,0,0,0 dropped=0,0,0,0
     latency   : target=0, window=0, percentile=100.00%, depth=16

Run status group 0 (all jobs):
  WRITE: bw=245MiB/s (257MB/s), 122MiB/s-123MiB/s (128MB/s-129MB/s), io=4909MiB (5147MB), run=20003-20003msec

Disk stats (read/write):
  nvme0n1: ios=50/655785, merge=0/0, ticks=6/625546, in_queue=625551, util=99.51%
