/dev/nvme0n1: (g=0): rw=trim, bs=(R) 4096B-1024KiB, (W) 4096B-1024KiB, (T) 4096B-1024KiB, ioengine=libaio, iodepth=32
fio-3.28
Starting 1 process

/dev/nvme0n1: (groupid=0, jobs=1): err= 0: pid=122756: Wed Jun  1 16:34:48 2022
  trim: IOPS=11, BW=10.0MiB/s (10.5MB/s)(202MiB/20108msec)
    clat (usec): min=543, max=275256, avg=87786.38, stdev=45143.14
     lat (usec): min=544, max=275256, avg=87787.40, stdev=45143.38
    clat percentiles (usec):
     |  1.00th=[   635],  5.00th=[ 18744], 10.00th=[ 28705], 20.00th=[ 53216],
     | 30.00th=[ 58459], 40.00th=[ 81265], 50.00th=[ 85459], 60.00th=[105382],
     | 70.00th=[109577], 80.00th=[114820], 90.00th=[139461], 95.00th=[164627],
     | 99.00th=[229639], 99.50th=[254804], 99.90th=[274727], 99.95th=[274727],
     | 99.99th=[274727]
   bw (  KiB/s): min= 2056, max=28672, per=99.96%, avg=10288.15, stdev=4574.67, samples=40
   iops        : min=    4, max=   28, avg=10.90, stdev= 4.11, samples=40
  lat (usec)   : 750=1.33%, 1000=0.44%
  lat (msec)   : 2=1.33%, 4=0.88%, 10=0.44%, 20=0.88%, 50=9.29%
  lat (msec)   : 100=43.36%, 250=41.15%, 500=0.88%
  cpu          : usr=0.04%, sys=0.04%, ctx=265, majf=0, minf=13
  IO depths    : 1=100.0%, 2=0.0%, 4=0.0%, 8=0.0%, 16=0.0%, 32=0.0%, >=64=0.0%
     submit    : 0=0.0%, 4=100.0%, 8=0.0%, 16=0.0%, 32=0.0%, 64=0.0%, >=64=0.0%
     complete  : 0=0.0%, 4=100.0%, 8=0.0%, 16=0.0%, 32=0.0%, 64=0.0%, >=64=0.0%
     issued rwts: total=0,0,226,0 short=0,0,0,0 dropped=0,0,0,0
     latency   : target=0, window=0, percentile=100.00%, depth=32

Run status group 0 (all jobs):
   TRIM: bw=10.0MiB/s (10.5MB/s), 10.0MiB/s-10.0MiB/s (10.5MB/s-10.5MB/s), io=202MiB (212MB), run=20108-20108msec

Disk stats (read/write):
  nvme0n1: ios=11379/190781, merge=0/0, ticks=1287232/21658587, in_queue=22965198, util=100.00%
