/dev/nvme0n1: (g=0): rw=read, bs=(R) 4096B-4096B, (W) 4096B-4096B, (T) 4096B-4096B, ioengine=libaio, iodepth=64
...
fio-3.28
Starting 4 processes

/dev/nvme0n1: (groupid=0, jobs=1): err= 0: pid=48746: Wed Jun  8 14:29:05 2022
  read: IOPS=40.6k, BW=158MiB/s (166MB/s)(1584MiB/10002msec)
    slat (nsec): min=1911, max=206887, avg=3680.41, stdev=2546.90
    clat (usec): min=1109, max=3181, avg=1573.43, stdev=30.05
     lat (usec): min=1114, max=3189, avg=1577.19, stdev=30.00
    clat percentiles (usec):
     |  1.00th=[ 1516],  5.00th=[ 1532], 10.00th=[ 1549], 20.00th=[ 1565],
     | 30.00th=[ 1565], 40.00th=[ 1565], 50.00th=[ 1565], 60.00th=[ 1582],
     | 70.00th=[ 1582], 80.00th=[ 1582], 90.00th=[ 1598], 95.00th=[ 1614],
     | 99.00th=[ 1631], 99.50th=[ 1647], 99.90th=[ 1680], 99.95th=[ 1745],
     | 99.99th=[ 2868]
   bw (  KiB/s): min=161592, max=162928, per=25.01%, avg=162324.21, stdev=509.42, samples=19
   iops        : min=40398, max=40732, avg=40581.05, stdev=127.35, samples=19
  lat (msec)   : 2=99.98%, 4=0.02%
  cpu          : usr=10.52%, sys=16.69%, ctx=126125, majf=0, minf=75
  IO depths    : 1=0.1%, 2=0.1%, 4=0.1%, 8=0.1%, 16=0.1%, 32=0.1%, >=64=100.0%
     submit    : 0=0.0%, 4=100.0%, 8=0.0%, 16=0.0%, 32=0.0%, 64=0.0%, >=64=0.0%
     complete  : 0=0.0%, 4=100.0%, 8=0.0%, 16=0.0%, 32=0.0%, 64=0.1%, >=64=0.0%
     issued rwts: total=405593,0,0,0 short=0,0,0,0 dropped=0,0,0,0
     latency   : target=0, window=0, percentile=100.00%, depth=64
/dev/nvme0n1: (groupid=0, jobs=1): err= 0: pid=48747: Wed Jun  8 14:29:05 2022
  read: IOPS=40.6k, BW=158MiB/s (166MB/s)(1585MiB/10002msec)
    slat (nsec): min=1888, max=324325, avg=3642.77, stdev=2515.06
    clat (usec): min=905, max=3221, avg=1572.83, stdev=29.48
     lat (usec): min=917, max=3234, avg=1576.55, stdev=29.39
    clat percentiles (usec):
     |  1.00th=[ 1516],  5.00th=[ 1532], 10.00th=[ 1549], 20.00th=[ 1565],
     | 30.00th=[ 1565], 40.00th=[ 1565], 50.00th=[ 1565], 60.00th=[ 1582],
     | 70.00th=[ 1582], 80.00th=[ 1582], 90.00th=[ 1598], 95.00th=[ 1614],
     | 99.00th=[ 1631], 99.50th=[ 1647], 99.90th=[ 1680], 99.95th=[ 1795],
     | 99.99th=[ 2900]
   bw (  KiB/s): min=161328, max=163000, per=25.02%, avg=162370.11, stdev=521.71, samples=19
   iops        : min=40332, max=40750, avg=40592.53, stdev=130.43, samples=19
  lat (usec)   : 1000=0.01%
  lat (msec)   : 2=99.97%, 4=0.03%
  cpu          : usr=9.86%, sys=17.51%, ctx=137849, majf=0, minf=77
  IO depths    : 1=0.1%, 2=0.1%, 4=0.1%, 8=0.1%, 16=0.1%, 32=0.1%, >=64=100.0%
     submit    : 0=0.0%, 4=100.0%, 8=0.0%, 16=0.0%, 32=0.0%, 64=0.0%, >=64=0.0%
     complete  : 0=0.0%, 4=100.0%, 8=0.0%, 16=0.0%, 32=0.0%, 64=0.1%, >=64=0.0%
     issued rwts: total=405726,0,0,0 short=0,0,0,0 dropped=0,0,0,0
     latency   : target=0, window=0, percentile=100.00%, depth=64
/dev/nvme0n1: (groupid=0, jobs=1): err= 0: pid=48748: Wed Jun  8 14:29:05 2022
  read: IOPS=40.6k, BW=158MiB/s (166MB/s)(1585MiB/10002msec)
    slat (nsec): min=1918, max=81767, avg=3644.06, stdev=2504.92
    clat (usec): min=887, max=3147, avg=1572.95, stdev=29.81
     lat (usec): min=922, max=3156, avg=1576.68, stdev=29.69
    clat percentiles (usec):
     |  1.00th=[ 1516],  5.00th=[ 1532], 10.00th=[ 1549], 20.00th=[ 1565],
     | 30.00th=[ 1565], 40.00th=[ 1565], 50.00th=[ 1565], 60.00th=[ 1582],
     | 70.00th=[ 1582], 80.00th=[ 1582], 90.00th=[ 1598], 95.00th=[ 1614],
     | 99.00th=[ 1631], 99.50th=[ 1647], 99.90th=[ 1680], 99.95th=[ 1696],
     | 99.99th=[ 2868]
   bw (  KiB/s): min=161568, max=163040, per=25.02%, avg=162364.21, stdev=510.03, samples=19
   iops        : min=40392, max=40760, avg=40591.05, stdev=127.51, samples=19
  lat (usec)   : 1000=0.01%
  lat (msec)   : 2=99.97%, 4=0.03%
  cpu          : usr=10.48%, sys=16.76%, ctx=128864, majf=0, minf=76
  IO depths    : 1=0.1%, 2=0.1%, 4=0.1%, 8=0.1%, 16=0.1%, 32=0.1%, >=64=100.0%
     submit    : 0=0.0%, 4=100.0%, 8=0.0%, 16=0.0%, 32=0.0%, 64=0.0%, >=64=0.0%
     complete  : 0=0.0%, 4=100.0%, 8=0.0%, 16=0.0%, 32=0.0%, 64=0.1%, >=64=0.0%
     issued rwts: total=405718,0,0,0 short=0,0,0,0 dropped=0,0,0,0
     latency   : target=0, window=0, percentile=100.00%, depth=64
/dev/nvme0n1: (groupid=0, jobs=1): err= 0: pid=48749: Wed Jun  8 14:29:05 2022
  read: IOPS=40.5k, BW=158MiB/s (166MB/s)(1584MiB/10002msec)
    slat (nsec): min=1892, max=51988, avg=3653.62, stdev=2508.28
    clat (usec): min=966, max=3144, avg=1573.52, stdev=33.92
     lat (usec): min=1014, max=3152, avg=1577.25, stdev=33.83
    clat percentiles (usec):
     |  1.00th=[ 1516],  5.00th=[ 1532], 10.00th=[ 1549], 20.00th=[ 1565],
     | 30.00th=[ 1565], 40.00th=[ 1565], 50.00th=[ 1565], 60.00th=[ 1582],
     | 70.00th=[ 1582], 80.00th=[ 1582], 90.00th=[ 1598], 95.00th=[ 1614],
     | 99.00th=[ 1631], 99.50th=[ 1647], 99.90th=[ 1680], 99.95th=[ 1827],
     | 99.99th=[ 2900]
   bw (  KiB/s): min=161432, max=162976, per=25.01%, avg=162310.74, stdev=514.05, samples=19
   iops        : min=40358, max=40744, avg=40577.68, stdev=128.51, samples=19
  lat (usec)   : 1000=0.01%
  lat (msec)   : 2=99.95%, 4=0.05%
  cpu          : usr=9.64%, sys=17.53%, ctx=129506, majf=0, minf=76
  IO depths    : 1=0.1%, 2=0.1%, 4=0.1%, 8=0.1%, 16=0.1%, 32=0.1%, >=64=100.0%
     submit    : 0=0.0%, 4=100.0%, 8=0.0%, 16=0.0%, 32=0.0%, 64=0.0%, >=64=0.0%
     complete  : 0=0.0%, 4=100.0%, 8=0.0%, 16=0.0%, 32=0.0%, 64=0.1%, >=64=0.0%
     issued rwts: total=405573,0,0,0 short=0,0,0,0 dropped=0,0,0,0
     latency   : target=0, window=0, percentile=100.00%, depth=64

Run status group 0 (all jobs):
   READ: bw=634MiB/s (664MB/s), 158MiB/s-158MiB/s (166MB/s-166MB/s), io=6338MiB (6646MB), run=10002-10002msec

Disk stats (read/write):
  nvme0n1: ios=1605662/0, merge=0/0, ticks=2506324/0, in_queue=2506325, util=99.09%
