/dev/nvme0n1: (g=0): rw=randread, bs=(R) 4096B-4096B, (W) 4096B-4096B, (T) 4096B-4096B, ioengine=libaio, iodepth=32
...
fio-3.28
Starting 2 processes

/dev/nvme0n1: (groupid=0, jobs=1): err= 0: pid=2378: Sun Jun  5 15:03:55 2022
  read: IOPS=209k, BW=816MiB/s (855MB/s)(15.9GiB/20001msec)
    slat (nsec): min=1688, max=562293, avg=2823.43, stdev=2052.52
    clat (usec): min=43, max=8554, avg=149.99, stdev=86.04
     lat (usec): min=46, max=8565, avg=152.88, stdev=86.07
    clat percentiles (usec):
     |  1.00th=[   63],  5.00th=[   70], 10.00th=[   75], 20.00th=[   85],
     | 30.00th=[   95], 40.00th=[  111], 50.00th=[  126], 60.00th=[  145],
     | 70.00th=[  169], 80.00th=[  202], 90.00th=[  260], 95.00th=[  314],
     | 99.00th=[  445], 99.50th=[  502], 99.90th=[  627], 99.95th=[  676],
     | 99.99th=[  799]
   bw (  KiB/s): min=818944, max=849368, per=49.99%, avg=835401.85, stdev=10245.48, samples=39
   iops        : min=204736, max=212342, avg=208850.46, stdev=2561.41, samples=39
  lat (usec)   : 50=0.01%, 100=33.63%, 250=55.22%, 500=10.65%, 750=0.48%
  lat (usec)   : 1000=0.02%
  lat (msec)   : 2=0.01%, 10=0.01%
  cpu          : usr=32.65%, sys=58.19%, ctx=342809, majf=0, minf=43
  IO depths    : 1=0.1%, 2=0.1%, 4=0.1%, 8=0.1%, 16=0.1%, 32=100.0%, >=64=0.0%
     submit    : 0=0.0%, 4=100.0%, 8=0.0%, 16=0.0%, 32=0.0%, 64=0.0%, >=64=0.0%
     complete  : 0=0.0%, 4=100.0%, 8=0.0%, 16=0.0%, 32=0.1%, 64=0.0%, >=64=0.0%
     issued rwts: total=4175690,0,0,0 short=0,0,0,0 dropped=0,0,0,0
     latency   : target=0, window=0, percentile=100.00%, depth=32
/dev/nvme0n1: (groupid=0, jobs=1): err= 0: pid=2379: Sun Jun  5 15:03:55 2022
  read: IOPS=209k, BW=816MiB/s (856MB/s)(15.9GiB/20001msec)
    slat (nsec): min=1669, max=521089, avg=2800.81, stdev=2024.21
    clat (usec): min=21, max=8561, avg=149.84, stdev=86.09
     lat (usec): min=23, max=8574, avg=152.70, stdev=86.12
    clat percentiles (usec):
     |  1.00th=[   63],  5.00th=[   70], 10.00th=[   75], 20.00th=[   84],
     | 30.00th=[   95], 40.00th=[  110], 50.00th=[  126], 60.00th=[  145],
     | 70.00th=[  169], 80.00th=[  202], 90.00th=[  260], 95.00th=[  314],
     | 99.00th=[  445], 99.50th=[  502], 99.90th=[  627], 99.95th=[  676],
     | 99.99th=[  807]
   bw (  KiB/s): min=821912, max=850352, per=50.05%, avg=836368.62, stdev=10678.73, samples=39
   iops        : min=205478, max=212588, avg=209092.05, stdev=2669.67, samples=39
  lat (usec)   : 50=0.01%, 100=33.77%, 250=55.10%, 500=10.63%, 750=0.48%
  lat (usec)   : 1000=0.02%
  lat (msec)   : 2=0.01%, 10=0.01%
  cpu          : usr=32.18%, sys=58.48%, ctx=348603, majf=0, minf=45
  IO depths    : 1=0.1%, 2=0.1%, 4=0.1%, 8=0.1%, 16=0.1%, 32=100.0%, >=64=0.0%
     submit    : 0=0.0%, 4=100.0%, 8=0.0%, 16=0.0%, 32=0.0%, 64=0.0%, >=64=0.0%
     complete  : 0=0.0%, 4=100.0%, 8=0.0%, 16=0.0%, 32=0.1%, 64=0.0%, >=64=0.0%
     issued rwts: total=4180114,0,0,0 short=0,0,0,0 dropped=0,0,0,0
     latency   : target=0, window=0, percentile=100.00%, depth=32

Run status group 0 (all jobs):
   READ: bw=1632MiB/s (1711MB/s), 816MiB/s-816MiB/s (855MB/s-856MB/s), io=31.9GiB (34.2GB), run=20001-20001msec

Disk stats (read/write):
  nvme0n1: ios=8312962/0, merge=0/0, ticks=1120916/0, in_queue=1120916, util=99.56%
