/dev/nvme0n1: (g=0): rw=read, bs=(R) 4096B-4096B, (W) 4096B-4096B, (T) 4096B-4096B, ioengine=libaio, iodepth=64
...
fio-3.28
Starting 4 processes

/dev/nvme0n1: (groupid=0, jobs=1): err= 0: pid=48707: Wed Jun  8 14:28:55 2022
  read: IOPS=40.6k, BW=159MiB/s (166MB/s)(1588MiB/10002msec)
    slat (nsec): min=1884, max=400703, avg=3639.66, stdev=2683.04
    clat (usec): min=765, max=3955, avg=1569.67, stdev=36.17
     lat (usec): min=987, max=3967, avg=1573.38, stdev=36.09
    clat percentiles (usec):
     |  1.00th=[ 1516],  5.00th=[ 1532], 10.00th=[ 1549], 20.00th=[ 1565],
     | 30.00th=[ 1565], 40.00th=[ 1565], 50.00th=[ 1565], 60.00th=[ 1565],
     | 70.00th=[ 1582], 80.00th=[ 1582], 90.00th=[ 1598], 95.00th=[ 1598],
     | 99.00th=[ 1631], 99.50th=[ 1647], 99.90th=[ 1680], 99.95th=[ 1778],
     | 99.99th=[ 3720]
   bw (  KiB/s): min=161912, max=163416, per=25.02%, avg=162638.32, stdev=328.03, samples=19
   iops        : min=40478, max=40854, avg=40659.58, stdev=82.01, samples=19
  lat (usec)   : 1000=0.01%
  lat (msec)   : 2=99.96%, 4=0.04%
  cpu          : usr=9.65%, sys=17.99%, ctx=159900, majf=0, minf=75
  IO depths    : 1=0.1%, 2=0.1%, 4=0.1%, 8=0.1%, 16=0.1%, 32=0.1%, >=64=100.0%
     submit    : 0=0.0%, 4=100.0%, 8=0.0%, 16=0.0%, 32=0.0%, 64=0.0%, >=64=0.0%
     complete  : 0=0.0%, 4=100.0%, 8=0.0%, 16=0.0%, 32=0.0%, 64=0.1%, >=64=0.0%
     issued rwts: total=406563,0,0,0 short=0,0,0,0 dropped=0,0,0,0
     latency   : target=0, window=0, percentile=100.00%, depth=64
/dev/nvme0n1: (groupid=0, jobs=1): err= 0: pid=48708: Wed Jun  8 14:28:55 2022
  read: IOPS=40.6k, BW=159MiB/s (166MB/s)(1587MiB/10002msec)
    slat (nsec): min=1883, max=400226, avg=3630.89, stdev=2667.80
    clat (usec): min=972, max=3959, avg=1570.68, stdev=38.58
     lat (usec): min=1034, max=3972, avg=1574.40, stdev=38.52
    clat percentiles (usec):
     |  1.00th=[ 1516],  5.00th=[ 1532], 10.00th=[ 1549], 20.00th=[ 1565],
     | 30.00th=[ 1565], 40.00th=[ 1565], 50.00th=[ 1565], 60.00th=[ 1565],
     | 70.00th=[ 1582], 80.00th=[ 1582], 90.00th=[ 1598], 95.00th=[ 1598],
     | 99.00th=[ 1631], 99.50th=[ 1647], 99.90th=[ 1696], 99.95th=[ 1975],
     | 99.99th=[ 3687]
   bw (  KiB/s): min=161440, max=163568, per=25.01%, avg=162567.58, stdev=399.72, samples=19
   iops        : min=40360, max=40892, avg=40642.00, stdev=99.90, samples=19
  lat (usec)   : 1000=0.01%
  lat (msec)   : 2=99.95%, 4=0.05%
  cpu          : usr=10.47%, sys=16.85%, ctx=147312, majf=0, minf=76
  IO depths    : 1=0.1%, 2=0.1%, 4=0.1%, 8=0.1%, 16=0.1%, 32=0.1%, >=64=100.0%
     submit    : 0=0.0%, 4=100.0%, 8=0.0%, 16=0.0%, 32=0.0%, 64=0.0%, >=64=0.0%
     complete  : 0=0.0%, 4=100.0%, 8=0.0%, 16=0.0%, 32=0.0%, 64=0.1%, >=64=0.0%
     issued rwts: total=406310,0,0,0 short=0,0,0,0 dropped=0,0,0,0
     latency   : target=0, window=0, percentile=100.00%, depth=64
/dev/nvme0n1: (groupid=0, jobs=1): err= 0: pid=48709: Wed Jun  8 14:28:55 2022
  read: IOPS=40.6k, BW=159MiB/s (166MB/s)(1587MiB/10002msec)
    slat (nsec): min=1870, max=101090, avg=3634.01, stdev=2594.56
    clat (usec): min=1184, max=4528, avg=1570.90, stdev=44.72
     lat (usec): min=1189, max=4530, avg=1574.61, stdev=44.68
    clat percentiles (usec):
     |  1.00th=[ 1516],  5.00th=[ 1532], 10.00th=[ 1549], 20.00th=[ 1565],
     | 30.00th=[ 1565], 40.00th=[ 1565], 50.00th=[ 1565], 60.00th=[ 1565],
     | 70.00th=[ 1582], 80.00th=[ 1582], 90.00th=[ 1598], 95.00th=[ 1598],
     | 99.00th=[ 1631], 99.50th=[ 1647], 99.90th=[ 1680], 99.95th=[ 2114],
     | 99.99th=[ 3752]
   bw (  KiB/s): min=161704, max=163088, per=25.01%, avg=162562.53, stdev=297.04, samples=19
   iops        : min=40426, max=40772, avg=40640.63, stdev=74.26, samples=19
  lat (msec)   : 2=99.94%, 4=0.05%, 10=0.01%
  cpu          : usr=10.33%, sys=16.95%, ctx=152218, majf=0, minf=75
  IO depths    : 1=0.1%, 2=0.1%, 4=0.1%, 8=0.1%, 16=0.1%, 32=0.1%, >=64=100.0%
     submit    : 0=0.0%, 4=100.0%, 8=0.0%, 16=0.0%, 32=0.0%, 64=0.0%, >=64=0.0%
     complete  : 0=0.0%, 4=100.0%, 8=0.0%, 16=0.0%, 32=0.0%, 64=0.1%, >=64=0.0%
     issued rwts: total=406254,0,0,0 short=0,0,0,0 dropped=0,0,0,0
     latency   : target=0, window=0, percentile=100.00%, depth=64
/dev/nvme0n1: (groupid=0, jobs=1): err= 0: pid=48710: Wed Jun  8 14:28:55 2022
  read: IOPS=40.6k, BW=159MiB/s (166MB/s)(1587MiB/10002msec)
    slat (nsec): min=1855, max=69884, avg=3638.49, stdev=2584.56
    clat (usec): min=987, max=4027, avg=1570.89, stdev=35.99
     lat (usec): min=992, max=4038, avg=1574.60, stdev=35.93
    clat percentiles (usec):
     |  1.00th=[ 1516],  5.00th=[ 1532], 10.00th=[ 1549], 20.00th=[ 1565],
     | 30.00th=[ 1565], 40.00th=[ 1565], 50.00th=[ 1565], 60.00th=[ 1565],
     | 70.00th=[ 1582], 80.00th=[ 1582], 90.00th=[ 1598], 95.00th=[ 1614],
     | 99.00th=[ 1631], 99.50th=[ 1647], 99.90th=[ 1680], 99.95th=[ 1696],
     | 99.99th=[ 3556]
   bw (  KiB/s): min=161696, max=162840, per=25.01%, avg=162543.58, stdev=284.15, samples=19
   iops        : min=40424, max=40710, avg=40635.89, stdev=71.04, samples=19
  lat (usec)   : 1000=0.01%
  lat (msec)   : 2=99.97%, 4=0.02%, 10=0.01%
  cpu          : usr=10.01%, sys=17.11%, ctx=140635, majf=0, minf=75
  IO depths    : 1=0.1%, 2=0.1%, 4=0.1%, 8=0.1%, 16=0.1%, 32=0.1%, >=64=100.0%
     submit    : 0=0.0%, 4=100.0%, 8=0.0%, 16=0.0%, 32=0.0%, 64=0.0%, >=64=0.0%
     complete  : 0=0.0%, 4=100.0%, 8=0.0%, 16=0.0%, 32=0.0%, 64=0.1%, >=64=0.0%
     issued rwts: total=406250,0,0,0 short=0,0,0,0 dropped=0,0,0,0
     latency   : target=0, window=0, percentile=100.00%, depth=64

Run status group 0 (all jobs):
   READ: bw=635MiB/s (666MB/s), 159MiB/s-159MiB/s (166MB/s-166MB/s), io=6349MiB (6658MB), run=10002-10002msec

Disk stats (read/write):
  nvme0n1: ios=1608298/0, merge=0/0, ticks=2509123/0, in_queue=2509124, util=99.05%
