/dev/nvme0n1: (g=0): rw=read, bs=(R) 128KiB-128KiB, (W) 128KiB-128KiB, (T) 128KiB-128KiB, ioengine=libaio, iodepth=64
fio-3.28
Starting 1 process

fio: terminating on signal 2

/dev/nvme0n1: (groupid=0, jobs=1): err= 0: pid=26380: Sun Jun  5 15:29:09 2022
  read: IOPS=19.4k, BW=2420MiB/s (2538MB/s)(185GiB/78112msec)
    slat (usec): min=7, max=1682, avg=19.51, stdev= 7.78
    clat (usec): min=731, max=8905, avg=3284.56, stdev=988.41
     lat (usec): min=741, max=8926, avg=3304.19, stdev=991.92
    clat percentiles (usec):
     |  1.00th=[ 1942],  5.00th=[ 2073], 10.00th=[ 2147], 20.00th=[ 2278],
     | 30.00th=[ 2442], 40.00th=[ 2704], 50.00th=[ 3294], 60.00th=[ 3621],
     | 70.00th=[ 3818], 80.00th=[ 4080], 90.00th=[ 4817], 95.00th=[ 5080],
     | 99.00th=[ 5538], 99.50th=[ 5735], 99.90th=[ 6194], 99.95th=[ 6325],
     | 99.99th=[ 6915]
   bw (  MiB/s): min= 1570, max= 3288, per=100.00%, avg=2421.63, stdev=679.95, samples=156
   iops        : min=12560, max=26308, avg=19373.04, stdev=5439.62, samples=156
  lat (usec)   : 750=0.01%, 1000=0.01%
  lat (msec)   : 2=2.27%, 4=75.19%, 10=22.54%
  cpu          : usr=5.76%, sys=44.02%, ctx=811834, majf=0, minf=2061
  IO depths    : 1=0.1%, 2=0.1%, 4=0.1%, 8=0.1%, 16=0.1%, 32=0.1%, >=64=100.0%
     submit    : 0=0.0%, 4=100.0%, 8=0.0%, 16=0.0%, 32=0.0%, 64=0.0%, >=64=0.0%
     complete  : 0=0.0%, 4=100.0%, 8=0.0%, 16=0.0%, 32=0.0%, 64=0.1%, >=64=0.0%
     issued rwts: total=1512509,0,0,0 short=0,0,0,0 dropped=0,0,0,0
     latency   : target=0, window=0, percentile=100.00%, depth=64

Run status group 0 (all jobs):
   READ: bw=2420MiB/s (2538MB/s), 2420MiB/s-2420MiB/s (2538MB/s-2538MB/s), io=185GiB (198GB), run=78112-78112msec

Disk stats (read/write):
  nvme0n1: ios=1506897/0, merge=0/0, ticks=4949583/0, in_queue=4949583, util=99.95%
