/dev/nvme0n1: (g=0): rw=randwrite, bs=(R) 4096B-4096B, (W) 4096B-4096B, (T) 4096B-4096B, ioengine=libaio, iodepth=32
...
fio-3.28
Starting 2 processes

/dev/nvme0n1: (groupid=0, jobs=1): err= 0: pid=13505: Mon Jun  6 14:39:03 2022
  write: IOPS=24.9k, BW=97.4MiB/s (102MB/s)(2923MiB/30003msec); 0 zone resets
    slat (nsec): min=1776, max=143146, avg=9127.71, stdev=4821.69
    clat (usec): min=88, max=34483, avg=1272.78, stdev=3942.75
     lat (usec): min=91, max=34491, avg=1282.06, stdev=3942.44
    clat percentiles (usec):
     |  1.00th=[  115],  5.00th=[  139], 10.00th=[  174], 20.00th=[  241],
     | 30.00th=[  318], 40.00th=[  412], 50.00th=[  482], 60.00th=[  490],
     | 70.00th=[  502], 80.00th=[  545], 90.00th=[  570], 95.00th=[ 1352],
     | 99.00th=[20579], 99.50th=[21103], 99.90th=[22676], 99.95th=[26084],
     | 99.99th=[32900]
   bw (  KiB/s): min=49792, max=556304, per=50.16%, avg=100541.68, stdev=89492.47, samples=59
   iops        : min=12448, max=139076, avg=25135.31, stdev=22373.16, samples=59
  lat (usec)   : 100=0.23%, 250=22.75%, 500=46.58%, 750=23.65%, 1000=0.96%
  lat (msec)   : 2=1.09%, 4=0.04%, 10=0.08%, 20=2.94%, 50=1.69%
  cpu          : usr=9.17%, sys=21.80%, ctx=12979, majf=0, minf=12
  IO depths    : 1=0.1%, 2=0.1%, 4=0.1%, 8=0.1%, 16=0.1%, 32=100.0%, >=64=0.0%
     submit    : 0=0.0%, 4=100.0%, 8=0.0%, 16=0.0%, 32=0.0%, 64=0.0%, >=64=0.0%
     complete  : 0=0.0%, 4=100.0%, 8=0.0%, 16=0.0%, 32=0.1%, 64=0.0%, >=64=0.0%
     issued rwts: total=0,748298,0,0 short=0,0,0,0 dropped=0,0,0,0
     latency   : target=0, window=0, percentile=100.00%, depth=32
/dev/nvme0n1: (groupid=0, jobs=1): err= 0: pid=13506: Mon Jun  6 14:39:03 2022
  write: IOPS=25.2k, BW=98.3MiB/s (103MB/s)(2950MiB/30003msec); 0 zone resets
    slat (nsec): min=1780, max=114042, avg=9024.50, stdev=4790.97
    clat (usec): min=87, max=34475, avg=1261.13, stdev=3925.21
     lat (usec): min=91, max=34482, avg=1270.31, stdev=3924.92
    clat percentiles (usec):
     |  1.00th=[  115],  5.00th=[  139], 10.00th=[  174], 20.00th=[  239],
     | 30.00th=[  318], 40.00th=[  408], 50.00th=[  478], 60.00th=[  482],
     | 70.00th=[  498], 80.00th=[  537], 90.00th=[  562], 95.00th=[ 1319],
     | 99.00th=[20579], 99.50th=[21103], 99.90th=[22676], 99.95th=[25035],
     | 99.99th=[32900]
   bw (  KiB/s): min=50240, max=558640, per=50.61%, avg=101449.73, stdev=89964.61, samples=59
   iops        : min=12560, max=139660, avg=25362.34, stdev=22491.19, samples=59
  lat (usec)   : 100=0.25%, 250=22.92%, 500=47.65%, 750=22.46%, 1000=0.95%
  lat (msec)   : 2=1.08%, 4=0.04%, 10=0.07%, 20=2.92%, 50=1.66%
  cpu          : usr=9.62%, sys=21.35%, ctx=13160, majf=0, minf=13
  IO depths    : 1=0.1%, 2=0.1%, 4=0.1%, 8=0.1%, 16=0.1%, 32=100.0%, >=64=0.0%
     submit    : 0=0.0%, 4=100.0%, 8=0.0%, 16=0.0%, 32=0.0%, 64=0.0%, >=64=0.0%
     complete  : 0=0.0%, 4=100.0%, 8=0.0%, 16=0.0%, 32=0.1%, 64=0.0%, >=64=0.0%
     issued rwts: total=0,755214,0,0 short=0,0,0,0 dropped=0,0,0,0
     latency   : target=0, window=0, percentile=100.00%, depth=32

Run status group 0 (all jobs):
  WRITE: bw=196MiB/s (205MB/s), 97.4MiB/s-98.3MiB/s (102MB/s-103MB/s), io=5873MiB (6158MB), run=30003-30003msec

Disk stats (read/write):
  nvme0n1: ios=51/1501071, merge=0/0, ticks=4/1385659, in_queue=1385664, util=99.87%
