/dev/nvme0n1: (g=0): rw=read, bs=(R) 4096B-4096B, (W) 4096B-4096B, (T) 4096B-4096B, ioengine=libaio, iodepth=64
...
fio-3.28
Starting 4 processes

/dev/nvme0n1: (groupid=0, jobs=1): err= 0: pid=68305: Wed Jun  8 14:32:55 2022
  read: IOPS=40.7k, BW=159MiB/s (167MB/s)(1591MiB/10002msec)
    slat (nsec): min=1970, max=126457, avg=3545.28, stdev=2769.29
    clat (usec): min=993, max=24726, avg=1567.22, stdev=266.14
     lat (usec): min=997, max=24738, avg=1570.85, stdev=266.25
    clat percentiles (usec):
     |  1.00th=[ 1500],  5.00th=[ 1532], 10.00th=[ 1532], 20.00th=[ 1549],
     | 30.00th=[ 1549], 40.00th=[ 1565], 50.00th=[ 1565], 60.00th=[ 1565],
     | 70.00th=[ 1582], 80.00th=[ 1582], 90.00th=[ 1582], 95.00th=[ 1598],
     | 99.00th=[ 1631], 99.50th=[ 1647], 99.90th=[ 1663], 99.95th=[ 1696],
     | 99.99th=[22414]
   bw (  KiB/s): min=154600, max=164944, per=25.01%, avg=162916.21, stdev=2267.04, samples=19
   iops        : min=38650, max=41236, avg=40729.05, stdev=566.76, samples=19
  lat (usec)   : 1000=0.01%
  lat (msec)   : 2=99.96%, 4=0.02%, 10=0.01%, 20=0.01%, 50=0.01%
  cpu          : usr=9.86%, sys=17.21%, ctx=149968, majf=0, minf=76
  IO depths    : 1=0.1%, 2=0.1%, 4=0.1%, 8=0.1%, 16=0.1%, 32=0.1%, >=64=100.0%
     submit    : 0=0.0%, 4=100.0%, 8=0.0%, 16=0.0%, 32=0.0%, 64=0.0%, >=64=0.0%
     complete  : 0=0.0%, 4=100.0%, 8=0.0%, 16=0.0%, 32=0.0%, 64=0.1%, >=64=0.0%
     issued rwts: total=407216,0,0,0 short=0,0,0,0 dropped=0,0,0,0
     latency   : target=0, window=0, percentile=100.00%, depth=64
/dev/nvme0n1: (groupid=0, jobs=1): err= 0: pid=68306: Wed Jun  8 14:32:55 2022
  read: IOPS=40.7k, BW=159MiB/s (167MB/s)(1591MiB/10002msec)
    slat (nsec): min=1907, max=137977, avg=3512.38, stdev=2750.04
    clat (usec): min=919, max=24560, avg=1566.73, stdev=264.65
     lat (usec): min=928, max=24572, avg=1570.33, stdev=264.77
    clat percentiles (usec):
     |  1.00th=[ 1500],  5.00th=[ 1532], 10.00th=[ 1532], 20.00th=[ 1549],
     | 30.00th=[ 1549], 40.00th=[ 1565], 50.00th=[ 1565], 60.00th=[ 1565],
     | 70.00th=[ 1582], 80.00th=[ 1582], 90.00th=[ 1582], 95.00th=[ 1598],
     | 99.00th=[ 1631], 99.50th=[ 1647], 99.90th=[ 1680], 99.95th=[ 1713],
     | 99.99th=[22414]
   bw (  KiB/s): min=154472, max=164896, per=25.02%, avg=162968.00, stdev=2312.60, samples=19
   iops        : min=38618, max=41224, avg=40742.00, stdev=578.15, samples=19
  lat (usec)   : 1000=0.01%
  lat (msec)   : 2=99.96%, 4=0.01%, 10=0.01%, 20=0.01%, 50=0.01%
  cpu          : usr=9.38%, sys=17.36%, ctx=156196, majf=0, minf=77
  IO depths    : 1=0.1%, 2=0.1%, 4=0.1%, 8=0.1%, 16=0.1%, 32=0.1%, >=64=100.0%
     submit    : 0=0.0%, 4=100.0%, 8=0.0%, 16=0.0%, 32=0.0%, 64=0.0%, >=64=0.0%
     complete  : 0=0.0%, 4=100.0%, 8=0.0%, 16=0.0%, 32=0.0%, 64=0.1%, >=64=0.0%
     issued rwts: total=407363,0,0,0 short=0,0,0,0 dropped=0,0,0,0
     latency   : target=0, window=0, percentile=100.00%, depth=64
/dev/nvme0n1: (groupid=0, jobs=1): err= 0: pid=68307: Wed Jun  8 14:32:55 2022
  read: IOPS=40.7k, BW=159MiB/s (167MB/s)(1591MiB/10002msec)
    slat (nsec): min=1893, max=59634, avg=3522.41, stdev=2733.96
    clat (usec): min=920, max=24429, avg=1566.95, stdev=264.67
     lat (usec): min=928, max=24441, avg=1570.56, stdev=264.78
    clat percentiles (usec):
     |  1.00th=[ 1500],  5.00th=[ 1532], 10.00th=[ 1532], 20.00th=[ 1549],
     | 30.00th=[ 1549], 40.00th=[ 1565], 50.00th=[ 1565], 60.00th=[ 1565],
     | 70.00th=[ 1582], 80.00th=[ 1582], 90.00th=[ 1582], 95.00th=[ 1598],
     | 99.00th=[ 1631], 99.50th=[ 1647], 99.90th=[ 1680], 99.95th=[ 1811],
     | 99.99th=[22676]
   bw (  KiB/s): min=154720, max=164888, per=25.01%, avg=162946.11, stdev=2258.42, samples=19
   iops        : min=38680, max=41222, avg=40736.53, stdev=564.59, samples=19
  lat (usec)   : 1000=0.01%
  lat (msec)   : 2=99.96%, 4=0.01%, 10=0.01%, 20=0.01%, 50=0.01%
  cpu          : usr=9.55%, sys=17.48%, ctx=156854, majf=0, minf=77
  IO depths    : 1=0.1%, 2=0.1%, 4=0.1%, 8=0.1%, 16=0.1%, 32=0.1%, >=64=100.0%
     submit    : 0=0.0%, 4=100.0%, 8=0.0%, 16=0.0%, 32=0.0%, 64=0.0%, >=64=0.0%
     complete  : 0=0.0%, 4=100.0%, 8=0.0%, 16=0.0%, 32=0.0%, 64=0.1%, >=64=0.0%
     issued rwts: total=407306,0,0,0 short=0,0,0,0 dropped=0,0,0,0
     latency   : target=0, window=0, percentile=100.00%, depth=64
/dev/nvme0n1: (groupid=0, jobs=1): err= 0: pid=68308: Wed Jun  8 14:32:55 2022
  read: IOPS=40.7k, BW=159MiB/s (167MB/s)(1590MiB/10002msec)
    slat (nsec): min=1915, max=521802, avg=3527.97, stdev=2868.59
    clat (usec): min=1167, max=24564, avg=1567.81, stdev=266.14
     lat (usec): min=1174, max=24576, avg=1571.43, stdev=266.25
    clat percentiles (usec):
     |  1.00th=[ 1500],  5.00th=[ 1532], 10.00th=[ 1532], 20.00th=[ 1549],
     | 30.00th=[ 1549], 40.00th=[ 1565], 50.00th=[ 1565], 60.00th=[ 1565],
     | 70.00th=[ 1582], 80.00th=[ 1582], 90.00th=[ 1582], 95.00th=[ 1598],
     | 99.00th=[ 1631], 99.50th=[ 1631], 99.90th=[ 1680], 99.95th=[ 2933],
     | 99.99th=[22414]
   bw (  KiB/s): min=154728, max=164672, per=25.00%, avg=162856.84, stdev=2251.77, samples=19
   iops        : min=38682, max=41168, avg=40714.21, stdev=562.94, samples=19
  lat (msec)   : 2=99.94%, 4=0.03%, 10=0.02%, 20=0.01%, 50=0.01%
  cpu          : usr=9.59%, sys=17.21%, ctx=150977, majf=0, minf=78
  IO depths    : 1=0.1%, 2=0.1%, 4=0.1%, 8=0.1%, 16=0.1%, 32=0.1%, >=64=100.0%
     submit    : 0=0.0%, 4=100.0%, 8=0.0%, 16=0.0%, 32=0.0%, 64=0.0%, >=64=0.0%
     complete  : 0=0.0%, 4=100.0%, 8=0.0%, 16=0.0%, 32=0.0%, 64=0.1%, >=64=0.0%
     issued rwts: total=407076,0,0,0 short=0,0,0,0 dropped=0,0,0,0
     latency   : target=0, window=0, percentile=100.00%, depth=64

Run status group 0 (all jobs):
   READ: bw=636MiB/s (667MB/s), 159MiB/s-159MiB/s (167MB/s-167MB/s), io=6363MiB (6672MB), run=10002-10002msec

Disk stats (read/write):
  nvme0n1: ios=1611759/0, merge=0/0, ticks=2513485/0, in_queue=2513486, util=99.05%
