/dev/nvme0n1: (g=0): rw=randwrite, bs=(R) 4096B-4096B, (W) 4096B-4096B, (T) 4096B-4096B, ioengine=libaio, iodepth=32
...
fio-3.28
Starting 2 processes

/dev/nvme0n1: (groupid=0, jobs=1): err= 0: pid=22948: Wed Jun  8 14:25:26 2022
  write: IOPS=26.6k, BW=104MiB/s (109MB/s)(3119MiB/30008msec); 0 zone resets
    slat (nsec): min=1897, max=537739, avg=9741.27, stdev=4463.31
    clat (usec): min=93, max=34705, avg=1191.88, stdev=3600.40
     lat (usec): min=97, max=34713, avg=1201.79, stdev=3599.85
    clat percentiles (usec):
     |  1.00th=[  145],  5.00th=[  182], 10.00th=[  227], 20.00th=[  297],
     | 30.00th=[  371], 40.00th=[  482], 50.00th=[  486], 60.00th=[  490],
     | 70.00th=[  498], 80.00th=[  515], 90.00th=[  562], 95.00th=[ 1106],
     | 99.00th=[19268], 99.50th=[20055], 99.90th=[21890], 99.95th=[22938],
     | 99.99th=[31851]
   bw (  KiB/s): min=69277, max=250608, per=50.27%, avg=106917.05, stdev=50251.92, samples=59
   iops        : min=17319, max=62652, avg=26729.20, stdev=12563.02, samples=59
  lat (usec)   : 100=0.01%, 250=13.09%, 500=60.05%, 750=20.16%, 1000=1.27%
  lat (msec)   : 2=1.05%, 4=0.03%, 10=0.05%, 20=3.80%, 50=0.48%
  cpu          : usr=10.47%, sys=24.86%, ctx=4877, majf=0, minf=12
  IO depths    : 1=0.1%, 2=0.1%, 4=0.1%, 8=0.1%, 16=0.1%, 32=100.0%, >=64=0.0%
     submit    : 0=0.0%, 4=100.0%, 8=0.0%, 16=0.0%, 32=0.0%, 64=0.0%, >=64=0.0%
     complete  : 0=0.0%, 4=100.0%, 8=0.0%, 16=0.0%, 32=0.1%, 64=0.0%, >=64=0.0%
     issued rwts: total=0,798346,0,0 short=0,0,0,0 dropped=0,0,0,0
     latency   : target=0, window=0, percentile=100.00%, depth=32
/dev/nvme0n1: (groupid=0, jobs=1): err= 0: pid=22949: Wed Jun  8 14:25:26 2022
  write: IOPS=26.6k, BW=104MiB/s (109MB/s)(3114MiB/30008msec); 0 zone resets
    slat (nsec): min=1882, max=557492, avg=9764.02, stdev=4520.43
    clat (usec): min=92, max=34698, avg=1193.45, stdev=3602.58
     lat (usec): min=96, max=34706, avg=1203.38, stdev=3602.02
    clat percentiles (usec):
     |  1.00th=[  145],  5.00th=[  182], 10.00th=[  227], 20.00th=[  297],
     | 30.00th=[  367], 40.00th=[  482], 50.00th=[  486], 60.00th=[  494],
     | 70.00th=[  498], 80.00th=[  515], 90.00th=[  562], 95.00th=[ 1123],
     | 99.00th=[19268], 99.50th=[20055], 99.90th=[21890], 99.95th=[22938],
     | 99.99th=[31851]
   bw (  KiB/s): min=69005, max=251664, per=50.20%, avg=106780.88, stdev=50570.77, samples=59
   iops        : min=17251, max=62916, avg=26695.20, stdev=12642.79, samples=59
  lat (usec)   : 100=0.01%, 250=13.13%, 500=59.14%, 750=21.02%, 1000=1.29%
  lat (msec)   : 2=1.05%, 4=0.03%, 10=0.05%, 20=3.80%, 50=0.48%
  cpu          : usr=10.26%, sys=25.07%, ctx=5047, majf=0, minf=13
  IO depths    : 1=0.1%, 2=0.1%, 4=0.1%, 8=0.1%, 16=0.1%, 32=100.0%, >=64=0.0%
     submit    : 0=0.0%, 4=100.0%, 8=0.0%, 16=0.0%, 32=0.0%, 64=0.0%, >=64=0.0%
     complete  : 0=0.0%, 4=100.0%, 8=0.0%, 16=0.0%, 32=0.1%, 64=0.0%, >=64=0.0%
     issued rwts: total=0,797286,0,0 short=0,0,0,0 dropped=0,0,0,0
     latency   : target=0, window=0, percentile=100.00%, depth=32

Run status group 0 (all jobs):
  WRITE: bw=208MiB/s (218MB/s), 104MiB/s-104MiB/s (109MB/s-109MB/s), io=6233MiB (6536MB), run=30008-30008msec

Disk stats (read/write):
  nvme0n1: ios=51/1591344, merge=0/0, ticks=20/1292939, in_queue=1292959, util=99.86%
