/dev/nvme0n1: (g=0): rw=trim, bs=(R) 4096B-1024KiB, (W) 4096B-1024KiB, (T) 4096B-1024KiB, ioengine=libaio, iodepth=32
fio-3.28
Starting 1 process

/dev/nvme0n1: (groupid=0, jobs=1): err= 0: pid=1622665: Mon Jun  6 14:54:58 2022
  trim: IOPS=2412, BW=2170MiB/s (2276MB/s)(42.4GiB/20001msec)
    clat (usec): min=279, max=4498, avg=407.60, stdev=126.52
     lat (usec): min=279, max=4498, avg=407.91, stdev=126.65
    clat percentiles (usec):
     |  1.00th=[  293],  5.00th=[  302], 10.00th=[  314], 20.00th=[  322],
     | 30.00th=[  330], 40.00th=[  338], 50.00th=[  347], 60.00th=[  359],
     | 70.00th=[  457], 80.00th=[  519], 90.00th=[  562], 95.00th=[  603],
     | 99.00th=[  914], 99.50th=[  930], 99.90th=[ 1012], 99.95th=[ 1057],
     | 99.99th=[ 1156]
   bw (  MiB/s): min= 2058, max= 2298, per=100.00%, avg=2175.21, stdev=57.40, samples=39
   iops        : min= 2290, max= 2544, avg=2418.51, stdev=62.33, samples=39
  lat (usec)   : 500=76.94%, 750=20.22%, 1000=2.72%
  lat (msec)   : 2=0.12%, 4=0.01%, 10=0.01%
  cpu          : usr=3.59%, sys=4.83%, ctx=48265, majf=0, minf=13
  IO depths    : 1=100.0%, 2=0.0%, 4=0.0%, 8=0.0%, 16=0.0%, 32=0.0%, >=64=0.0%
     submit    : 0=0.0%, 4=100.0%, 8=0.0%, 16=0.0%, 32=0.0%, 64=0.0%, >=64=0.0%
     complete  : 0=0.0%, 4=100.0%, 8=0.0%, 16=0.0%, 32=0.0%, 64=0.0%, >=64=0.0%
     issued rwts: total=0,0,48257,0 short=0,0,0,0 dropped=0,0,0,0
     latency   : target=0, window=0, percentile=100.00%, depth=32

Run status group 0 (all jobs):
   TRIM: bw=2170MiB/s (2276MB/s), 2170MiB/s-2170MiB/s (2276MB/s-2276MB/s), io=42.4GiB (45.5GB), run=20001-20001msec

Disk stats (read/write):
  nvme0n1: ios=51/0, merge=0/0, ticks=38/0, in_queue=18538, util=99.74%
