/dev/nvme0n1: (g=0): rw=read, bs=(R) 4096B-4096B, (W) 4096B-4096B, (T) 4096B-4096B, ioengine=libaio, iodepth=64
...
fio-3.28
Starting 4 processes

/dev/nvme0n1: (groupid=0, jobs=1): err= 0: pid=27444: Wed Jun  8 14:26:35 2022
  read: IOPS=41.4k, BW=162MiB/s (170MB/s)(4850MiB/30002msec)
    slat (nsec): min=1878, max=544145, avg=3688.14, stdev=2763.44
    clat (usec): min=603, max=4169, avg=1541.68, stdev=29.14
     lat (usec): min=616, max=4174, avg=1545.44, stdev=29.01
    clat percentiles (usec):
     |  1.00th=[ 1483],  5.00th=[ 1500], 10.00th=[ 1516], 20.00th=[ 1532],
     | 30.00th=[ 1532], 40.00th=[ 1549], 50.00th=[ 1549], 60.00th=[ 1549],
     | 70.00th=[ 1549], 80.00th=[ 1549], 90.00th=[ 1565], 95.00th=[ 1582],
     | 99.00th=[ 1614], 99.50th=[ 1614], 99.90th=[ 1647], 99.95th=[ 1663],
     | 99.99th=[ 2024]
   bw (  KiB/s): min=164192, max=166216, per=25.01%, avg=165611.93, stdev=291.20, samples=59
   iops        : min=41048, max=41554, avg=41402.98, stdev=72.80, samples=59
  lat (usec)   : 750=0.01%, 1000=0.01%
  lat (msec)   : 2=99.98%, 4=0.01%, 10=0.01%
  cpu          : usr=10.04%, sys=18.00%, ctx=428917, majf=0, minf=74
  IO depths    : 1=0.1%, 2=0.1%, 4=0.1%, 8=0.1%, 16=0.1%, 32=0.1%, >=64=100.0%
     submit    : 0=0.0%, 4=100.0%, 8=0.0%, 16=0.0%, 32=0.0%, 64=0.0%, >=64=0.0%
     complete  : 0=0.0%, 4=100.0%, 8=0.0%, 16=0.0%, 32=0.0%, 64=0.1%, >=64=0.0%
     issued rwts: total=1241638,0,0,0 short=0,0,0,0 dropped=0,0,0,0
     latency   : target=0, window=0, percentile=100.00%, depth=64
/dev/nvme0n1: (groupid=0, jobs=1): err= 0: pid=27445: Wed Jun  8 14:26:35 2022
  read: IOPS=41.4k, BW=162MiB/s (170MB/s)(4851MiB/30002msec)
    slat (nsec): min=1818, max=86744, avg=3648.86, stdev=2648.16
    clat (usec): min=602, max=3005, avg=1541.61, stdev=24.34
     lat (usec): min=611, max=3010, avg=1545.33, stdev=24.19
    clat percentiles (usec):
     |  1.00th=[ 1483],  5.00th=[ 1500], 10.00th=[ 1516], 20.00th=[ 1532],
     | 30.00th=[ 1532], 40.00th=[ 1549], 50.00th=[ 1549], 60.00th=[ 1549],
     | 70.00th=[ 1549], 80.00th=[ 1549], 90.00th=[ 1565], 95.00th=[ 1582],
     | 99.00th=[ 1614], 99.50th=[ 1614], 99.90th=[ 1647], 99.95th=[ 1663],
     | 99.99th=[ 1811]
   bw (  KiB/s): min=163112, max=166480, per=25.01%, avg=165613.56, stdev=406.64, samples=59
   iops        : min=40778, max=41620, avg=41403.39, stdev=101.66, samples=59
  lat (usec)   : 750=0.01%, 1000=0.01%
  lat (msec)   : 2=99.99%, 4=0.01%
  cpu          : usr=9.92%, sys=17.90%, ctx=432595, majf=0, minf=77
  IO depths    : 1=0.1%, 2=0.1%, 4=0.1%, 8=0.1%, 16=0.1%, 32=0.1%, >=64=100.0%
     submit    : 0=0.0%, 4=100.0%, 8=0.0%, 16=0.0%, 32=0.0%, 64=0.0%, >=64=0.0%
     complete  : 0=0.0%, 4=100.0%, 8=0.0%, 16=0.0%, 32=0.0%, 64=0.1%, >=64=0.0%
     issued rwts: total=1241728,0,0,0 short=0,0,0,0 dropped=0,0,0,0
     latency   : target=0, window=0, percentile=100.00%, depth=64
/dev/nvme0n1: (groupid=0, jobs=1): err= 0: pid=27446: Wed Jun  8 14:26:35 2022
  read: IOPS=41.4k, BW=162MiB/s (170MB/s)(4850MiB/30001msec)
    slat (nsec): min=1854, max=151976, avg=3641.11, stdev=2649.00
    clat (usec): min=602, max=3368, avg=1541.66, stdev=25.00
     lat (usec): min=618, max=3375, avg=1545.38, stdev=24.83
    clat percentiles (usec):
     |  1.00th=[ 1483],  5.00th=[ 1500], 10.00th=[ 1516], 20.00th=[ 1532],
     | 30.00th=[ 1532], 40.00th=[ 1549], 50.00th=[ 1549], 60.00th=[ 1549],
     | 70.00th=[ 1549], 80.00th=[ 1549], 90.00th=[ 1565], 95.00th=[ 1582],
     | 99.00th=[ 1598], 99.50th=[ 1614], 99.90th=[ 1647], 99.95th=[ 1663],
     | 99.99th=[ 2147]
   bw (  KiB/s): min=164288, max=166416, per=25.01%, avg=165614.78, stdev=289.44, samples=59
   iops        : min=41072, max=41604, avg=41403.69, stdev=72.36, samples=59
  lat (usec)   : 750=0.01%, 1000=0.01%
  lat (msec)   : 2=99.98%, 4=0.01%
  cpu          : usr=9.82%, sys=18.02%, ctx=429573, majf=0, minf=77
  IO depths    : 1=0.1%, 2=0.1%, 4=0.1%, 8=0.1%, 16=0.1%, 32=0.1%, >=64=100.0%
     submit    : 0=0.0%, 4=100.0%, 8=0.0%, 16=0.0%, 32=0.0%, 64=0.0%, >=64=0.0%
     complete  : 0=0.0%, 4=100.0%, 8=0.0%, 16=0.0%, 32=0.0%, 64=0.1%, >=64=0.0%
     issued rwts: total=1241666,0,0,0 short=0,0,0,0 dropped=0,0,0,0
     latency   : target=0, window=0, percentile=100.00%, depth=64
/dev/nvme0n1: (groupid=0, jobs=1): err= 0: pid=27447: Wed Jun  8 14:26:35 2022
  read: IOPS=41.4k, BW=162MiB/s (170MB/s)(4851MiB/30002msec)
    slat (nsec): min=1888, max=889688, avg=3654.32, stdev=2767.56
    clat (usec): min=590, max=3445, avg=1541.44, stdev=26.27
     lat (usec): min=606, max=3447, avg=1545.17, stdev=26.13
    clat percentiles (usec):
     |  1.00th=[ 1483],  5.00th=[ 1500], 10.00th=[ 1516], 20.00th=[ 1532],
     | 30.00th=[ 1532], 40.00th=[ 1549], 50.00th=[ 1549], 60.00th=[ 1549],
     | 70.00th=[ 1549], 80.00th=[ 1549], 90.00th=[ 1565], 95.00th=[ 1582],
     | 99.00th=[ 1598], 99.50th=[ 1614], 99.90th=[ 1647], 99.95th=[ 1663],
     | 99.99th=[ 2442]
   bw (  KiB/s): min=162920, max=166392, per=25.01%, avg=165643.39, stdev=419.29, samples=59
   iops        : min=40730, max=41598, avg=41410.85, stdev=104.82, samples=59
  lat (usec)   : 750=0.01%, 1000=0.01%
  lat (msec)   : 2=99.98%, 4=0.02%
  cpu          : usr=10.05%, sys=17.92%, ctx=446178, majf=0, minf=76
  IO depths    : 1=0.1%, 2=0.1%, 4=0.1%, 8=0.1%, 16=0.1%, 32=0.1%, >=64=100.0%
     submit    : 0=0.0%, 4=100.0%, 8=0.0%, 16=0.0%, 32=0.0%, 64=0.0%, >=64=0.0%
     complete  : 0=0.0%, 4=100.0%, 8=0.0%, 16=0.0%, 32=0.0%, 64=0.1%, >=64=0.0%
     issued rwts: total=1241804,0,0,0 short=0,0,0,0 dropped=0,0,0,0
     latency   : target=0, window=0, percentile=100.00%, depth=64

Run status group 0 (all jobs):
   READ: bw=647MiB/s (678MB/s), 162MiB/s-162MiB/s (170MB/s-170MB/s), io=18.9GiB (20.3GB), run=30001-30002msec

Disk stats (read/write):
  nvme0n1: ios=4949403/0, merge=0/0, ticks=7579397/0, in_queue=7579397, util=99.71%
