/dev/nvme0n1: (g=0): rw=read, bs=(R) 4096B-4096B, (W) 4096B-4096B, (T) 4096B-4096B, ioengine=libaio, iodepth=64
...
fio-3.28
Starting 4 processes

/dev/nvme0n1: (groupid=0, jobs=1): err= 0: pid=1622423: Mon Jun  6 13:34:04 2022
  read: IOPS=41.2k, BW=161MiB/s (169MB/s)(1609MiB/10002msec)
    slat (nsec): min=1866, max=120916, avg=3958.68, stdev=2650.08
    clat (usec): min=960, max=3091, avg=1548.81, stdev=29.44
     lat (usec): min=969, max=3093, avg=1552.84, stdev=29.21
    clat percentiles (usec):
     |  1.00th=[ 1483],  5.00th=[ 1516], 10.00th=[ 1532], 20.00th=[ 1532],
     | 30.00th=[ 1549], 40.00th=[ 1549], 50.00th=[ 1549], 60.00th=[ 1549],
     | 70.00th=[ 1549], 80.00th=[ 1565], 90.00th=[ 1565], 95.00th=[ 1582],
     | 99.00th=[ 1598], 99.50th=[ 1614], 99.90th=[ 1663], 99.95th=[ 1713],
     | 99.99th=[ 2704]
   bw (  KiB/s): min=164184, max=166184, per=25.03%, avg=164804.63, stdev=523.11, samples=19
   iops        : min=41046, max=41546, avg=41201.16, stdev=130.78, samples=19
  lat (usec)   : 1000=0.01%
  lat (msec)   : 2=99.97%, 4=0.03%
  cpu          : usr=9.97%, sys=19.94%, ctx=162789, majf=0, minf=75
  IO depths    : 1=0.1%, 2=0.1%, 4=0.1%, 8=0.1%, 16=0.1%, 32=0.1%, >=64=100.0%
     submit    : 0=0.0%, 4=100.0%, 8=0.0%, 16=0.0%, 32=0.0%, 64=0.0%, >=64=0.0%
     complete  : 0=0.0%, 4=100.0%, 8=0.0%, 16=0.0%, 32=0.0%, 64=0.1%, >=64=0.0%
     issued rwts: total=411905,0,0,0 short=0,0,0,0 dropped=0,0,0,0
     latency   : target=0, window=0, percentile=100.00%, depth=64
/dev/nvme0n1: (groupid=0, jobs=1): err= 0: pid=1622424: Mon Jun  6 13:34:04 2022
  read: IOPS=41.1k, BW=161MiB/s (168MB/s)(1607MiB/10002msec)
    slat (nsec): min=1863, max=64644, avg=4012.15, stdev=2692.71
    clat (usec): min=959, max=3209, avg=1551.02, stdev=32.56
     lat (usec): min=968, max=3211, avg=1555.10, stdev=32.40
    clat percentiles (usec):
     |  1.00th=[ 1500],  5.00th=[ 1516], 10.00th=[ 1532], 20.00th=[ 1532],
     | 30.00th=[ 1549], 40.00th=[ 1549], 50.00th=[ 1549], 60.00th=[ 1549],
     | 70.00th=[ 1549], 80.00th=[ 1565], 90.00th=[ 1582], 95.00th=[ 1582],
     | 99.00th=[ 1614], 99.50th=[ 1614], 99.90th=[ 1663], 99.95th=[ 1696],
     | 99.99th=[ 2933]
   bw (  KiB/s): min=163920, max=165816, per=24.99%, avg=164551.16, stdev=525.74, samples=19
   iops        : min=40980, max=41452, avg=41137.79, stdev=131.16, samples=19
  lat (usec)   : 1000=0.01%
  lat (msec)   : 2=99.96%, 4=0.04%
  cpu          : usr=9.59%, sys=20.04%, ctx=142078, majf=0, minf=76
  IO depths    : 1=0.1%, 2=0.1%, 4=0.1%, 8=0.1%, 16=0.1%, 32=0.1%, >=64=100.0%
     submit    : 0=0.0%, 4=100.0%, 8=0.0%, 16=0.0%, 32=0.0%, 64=0.0%, >=64=0.0%
     complete  : 0=0.0%, 4=100.0%, 8=0.0%, 16=0.0%, 32=0.0%, 64=0.1%, >=64=0.0%
     issued rwts: total=411314,0,0,0 short=0,0,0,0 dropped=0,0,0,0
     latency   : target=0, window=0, percentile=100.00%, depth=64
/dev/nvme0n1: (groupid=0, jobs=1): err= 0: pid=1622425: Mon Jun  6 13:34:04 2022
  read: IOPS=41.1k, BW=161MiB/s (168MB/s)(1606MiB/10002msec)
    slat (nsec): min=1868, max=68769, avg=4003.60, stdev=2680.84
    clat (usec): min=958, max=4548, avg=1551.70, stdev=41.04
     lat (usec): min=974, max=4553, avg=1555.76, stdev=40.95
    clat percentiles (usec):
     |  1.00th=[ 1500],  5.00th=[ 1516], 10.00th=[ 1532], 20.00th=[ 1549],
     | 30.00th=[ 1549], 40.00th=[ 1549], 50.00th=[ 1549], 60.00th=[ 1549],
     | 70.00th=[ 1565], 80.00th=[ 1565], 90.00th=[ 1582], 95.00th=[ 1582],
     | 99.00th=[ 1614], 99.50th=[ 1614], 99.90th=[ 1647], 99.95th=[ 1663],
     | 99.99th=[ 4359]
   bw (  KiB/s): min=163768, max=165504, per=24.98%, avg=164459.79, stdev=483.03, samples=19
   iops        : min=40942, max=41376, avg=41114.95, stdev=120.76, samples=19
  lat (usec)   : 1000=0.01%
  lat (msec)   : 2=99.98%, 4=0.01%, 10=0.01%
  cpu          : usr=10.56%, sys=19.01%, ctx=137304, majf=0, minf=75
  IO depths    : 1=0.1%, 2=0.1%, 4=0.1%, 8=0.1%, 16=0.1%, 32=0.1%, >=64=100.0%
     submit    : 0=0.0%, 4=100.0%, 8=0.0%, 16=0.0%, 32=0.0%, 64=0.0%, >=64=0.0%
     complete  : 0=0.0%, 4=100.0%, 8=0.0%, 16=0.0%, 32=0.0%, 64=0.1%, >=64=0.0%
     issued rwts: total=411125,0,0,0 short=0,0,0,0 dropped=0,0,0,0
     latency   : target=0, window=0, percentile=100.00%, depth=64
/dev/nvme0n1: (groupid=0, jobs=1): err= 0: pid=1622426: Mon Jun  6 13:34:04 2022
  read: IOPS=41.2k, BW=161MiB/s (169MB/s)(1609MiB/10002msec)
    slat (nsec): min=1867, max=75279, avg=3941.76, stdev=2661.36
    clat (usec): min=951, max=2942, avg=1549.04, stdev=27.84
     lat (usec): min=970, max=2946, avg=1553.05, stdev=27.59
    clat percentiles (usec):
     |  1.00th=[ 1483],  5.00th=[ 1516], 10.00th=[ 1532], 20.00th=[ 1532],
     | 30.00th=[ 1549], 40.00th=[ 1549], 50.00th=[ 1549], 60.00th=[ 1549],
     | 70.00th=[ 1549], 80.00th=[ 1565], 90.00th=[ 1565], 95.00th=[ 1582],
     | 99.00th=[ 1614], 99.50th=[ 1614], 99.90th=[ 1663], 99.95th=[ 1696],
     | 99.99th=[ 2245]
   bw (  KiB/s): min=163960, max=165896, per=25.03%, avg=164783.16, stdev=588.64, samples=19
   iops        : min=40990, max=41474, avg=41195.79, stdev=147.16, samples=19
  lat (usec)   : 1000=0.01%
  lat (msec)   : 2=99.98%, 4=0.02%
  cpu          : usr=11.89%, sys=17.99%, ctx=160110, majf=0, minf=76
  IO depths    : 1=0.1%, 2=0.1%, 4=0.1%, 8=0.1%, 16=0.1%, 32=0.1%, >=64=100.0%
     submit    : 0=0.0%, 4=100.0%, 8=0.0%, 16=0.0%, 32=0.0%, 64=0.0%, >=64=0.0%
     complete  : 0=0.0%, 4=100.0%, 8=0.0%, 16=0.0%, 32=0.0%, 64=0.1%, >=64=0.0%
     issued rwts: total=411852,0,0,0 short=0,0,0,0 dropped=0,0,0,0
     latency   : target=0, window=0, percentile=100.00%, depth=64

Run status group 0 (all jobs):
   READ: bw=643MiB/s (674MB/s), 161MiB/s-161MiB/s (168MB/s-169MB/s), io=6430MiB (6743MB), run=10002-10002msec

Disk stats (read/write):
  nvme0n1: ios=1628722/0, merge=0/0, ticks=2503529/0, in_queue=2503529, util=99.06%
