/dev/nvme0n1: (g=0): rw=trim, bs=(R) 4096B-1024KiB, (W) 4096B-1024KiB, (T) 4096B-1024KiB, ioengine=libaio, iodepth=32
fio-3.28
Starting 1 process

/dev/nvme0n1: (groupid=0, jobs=1): err= 0: pid=27518: Wed Jun  8 14:27:11 2022
  trim: IOPS=2420, BW=2180MiB/s (2286MB/s)(42.6GiB/20001msec)
    clat (usec): min=268, max=4632, avg=407.23, stdev=126.46
     lat (usec): min=268, max=4632, avg=407.71, stdev=126.52
    clat percentiles (usec):
     |  1.00th=[  293],  5.00th=[  302], 10.00th=[  314], 20.00th=[  322],
     | 30.00th=[  330], 40.00th=[  338], 50.00th=[  347], 60.00th=[  367],
     | 70.00th=[  457], 80.00th=[  515], 90.00th=[  562], 95.00th=[  611],
     | 99.00th=[  914], 99.50th=[  930], 99.90th=[ 1012], 99.95th=[ 1037],
     | 99.99th=[ 1139]
   bw (  MiB/s): min= 2074, max= 2312, per=100.00%, avg=2183.92, stdev=60.90, samples=39
   iops        : min= 2312, max= 2568, avg=2423.95, stdev=63.28, samples=39
  lat (usec)   : 500=77.75%, 750=19.42%, 1000=2.70%
  lat (msec)   : 2=0.12%, 10=0.01%
  cpu          : usr=3.04%, sys=5.34%, ctx=48415, majf=0, minf=9
  IO depths    : 1=100.0%, 2=0.0%, 4=0.0%, 8=0.0%, 16=0.0%, 32=0.0%, >=64=0.0%
     submit    : 0=0.0%, 4=100.0%, 8=0.0%, 16=0.0%, 32=0.0%, 64=0.0%, >=64=0.0%
     complete  : 0=0.0%, 4=100.0%, 8=0.0%, 16=0.0%, 32=0.0%, 64=0.0%, >=64=0.0%
     issued rwts: total=0,0,48404,0 short=0,0,0,0 dropped=0,0,0,0
     latency   : target=0, window=0, percentile=100.00%, depth=32

Run status group 0 (all jobs):
   TRIM: bw=2180MiB/s (2286MB/s), 2180MiB/s-2180MiB/s (2286MB/s-2286MB/s), io=42.6GiB (45.7GB), run=20001-20001msec

Disk stats (read/write):
  nvme0n1: ios=51/0, merge=0/0, ticks=4/0, in_queue=18507, util=99.65%
