/dev/nvme0n1: (g=0): rw=trim, bs=(R) 4096B-1024KiB, (W) 4096B-1024KiB, (T) 4096B-1024KiB, ioengine=libaio, iodepth=32
fio-3.28
Starting 1 process

/dev/nvme0n1: (groupid=0, jobs=1): err= 0: pid=1616066: Mon Jun  6 13:32:14 2022
  trim: IOPS=2408, BW=2164MiB/s (2269MB/s)(42.3GiB/20001msec)
    clat (usec): min=275, max=4645, avg=411.54, stdev=119.23
     lat (usec): min=275, max=4645, avg=411.80, stdev=119.36
    clat percentiles (usec):
     |  1.00th=[  318],  5.00th=[  326], 10.00th=[  334], 20.00th=[  343],
     | 30.00th=[  343], 40.00th=[  347], 50.00th=[  359], 60.00th=[  363],
     | 70.00th=[  400], 80.00th=[  510], 90.00th=[  553], 95.00th=[  603],
     | 99.00th=[  914], 99.50th=[  930], 99.90th=[ 1012], 99.95th=[ 1057],
     | 99.99th=[ 1188]
   bw (  MiB/s): min= 2055, max= 2316, per=100.00%, avg=2167.37, stdev=54.95, samples=39
   iops        : min= 2316, max= 2552, avg=2411.64, stdev=54.09, samples=39
  lat (usec)   : 500=78.64%, 750=18.59%, 1000=2.64%
  lat (msec)   : 2=0.12%, 4=0.01%, 10=0.01%
  cpu          : usr=2.34%, sys=5.87%, ctx=48174, majf=0, minf=9
  IO depths    : 1=100.0%, 2=0.0%, 4=0.0%, 8=0.0%, 16=0.0%, 32=0.0%, >=64=0.0%
     submit    : 0=0.0%, 4=100.0%, 8=0.0%, 16=0.0%, 32=0.0%, 64=0.0%, >=64=0.0%
     complete  : 0=0.0%, 4=100.0%, 8=0.0%, 16=0.0%, 32=0.0%, 64=0.0%, >=64=0.0%
     issued rwts: total=0,0,48171,0 short=0,0,0,0 dropped=0,0,0,0
     latency   : target=0, window=0, percentile=100.00%, depth=32

Run status group 0 (all jobs):
   TRIM: bw=2164MiB/s (2269MB/s), 2164MiB/s-2164MiB/s (2269MB/s-2269MB/s), io=42.3GiB (45.4GB), run=20001-20001msec

Disk stats (read/write):
  nvme0n1: ios=51/0, merge=0/0, ticks=28/0, in_queue=18548, util=99.72%
