/dev/nvme0n1: (g=0): rw=rw, bs=(R) 128KiB-128KiB, (W) 128KiB-128KiB, (T) 128KiB-128KiB, ioengine=libaio, iodepth=32
fio-3.28
Starting 1 process

/dev/nvme0n1: (groupid=0, jobs=1): err= 0: pid=1228903: Mon Jun  6 13:22:52 2022
  write: IOPS=7968, BW=996MiB/s (1044MB/s)(58.4GiB/60004msec); 0 zone resets
    slat (usec): min=5, max=561, avg=37.80, stdev=15.57
    clat (usec): min=443, max=31432, avg=3975.12, stdev=2468.51
     lat (usec): min=459, max=31477, avg=4013.21, stdev=2469.10
    clat percentiles (usec):
     |  1.00th=[ 2900],  5.00th=[ 3064], 10.00th=[ 3163], 20.00th=[ 3294],
     | 30.00th=[ 3425], 40.00th=[ 3523], 50.00th=[ 3621], 60.00th=[ 3687],
     | 70.00th=[ 3785], 80.00th=[ 3884], 90.00th=[ 4113], 95.00th=[ 4555],
     | 99.00th=[20841], 99.50th=[23200], 99.90th=[25297], 99.95th=[25822],
     | 99.99th=[27395]
   bw (  KiB/s): min=344654, max=1186048, per=100.00%, avg=1020260.51, stdev=250936.87, samples=119
   iops        : min= 2692, max= 9266, avg=7970.76, stdev=1960.47, samples=119
  lat (usec)   : 500=0.01%, 750=0.01%, 1000=0.01%
  lat (msec)   : 2=0.01%, 4=86.41%, 10=11.61%, 20=0.88%, 50=1.09%
  cpu          : usr=14.55%, sys=26.59%, ctx=228918, majf=0, minf=10
  IO depths    : 1=0.1%, 2=0.1%, 4=0.1%, 8=0.1%, 16=0.1%, 32=100.0%, >=64=0.0%
     submit    : 0=0.0%, 4=100.0%, 8=0.0%, 16=0.0%, 32=0.0%, 64=0.0%, >=64=0.0%
     complete  : 0=0.0%, 4=100.0%, 8=0.0%, 16=0.0%, 32=0.1%, 64=0.0%, >=64=0.0%
     issued rwts: total=0,478142,0,0 short=0,0,0,0 dropped=0,0,0,0
     latency   : target=0, window=0, percentile=100.00%, depth=32

Run status group 0 (all jobs):
  WRITE: bw=996MiB/s (1044MB/s), 996MiB/s-996MiB/s (1044MB/s-1044MB/s), io=58.4GiB (62.7GB), run=60004-60004msec

Disk stats (read/write):
  nvme0n1: ios=51/477225, merge=0/0, ticks=36/1883857, in_queue=1883893, util=100.00%
