/dev/nvme0n1: (g=0): rw=read, bs=(R) 4096B-4096B, (W) 4096B-4096B, (T) 4096B-4096B, ioengine=libaio, iodepth=64
...
fio-3.28
Starting 4 processes

/dev/nvme0n1: (groupid=0, jobs=1): err= 0: pid=827609: Mon Jun  6 14:47:21 2022
  read: IOPS=40.9k, BW=160MiB/s (167MB/s)(1596MiB/10002msec)
    slat (nsec): min=1932, max=57878, avg=3460.53, stdev=2577.60
    clat (usec): min=1021, max=3400, avg=1561.90, stdev=27.93
     lat (usec): min=1029, max=3405, avg=1565.42, stdev=27.75
    clat percentiles (usec):
     |  1.00th=[ 1516],  5.00th=[ 1549], 10.00th=[ 1549], 20.00th=[ 1549],
     | 30.00th=[ 1565], 40.00th=[ 1565], 50.00th=[ 1565], 60.00th=[ 1565],
     | 70.00th=[ 1565], 80.00th=[ 1565], 90.00th=[ 1582], 95.00th=[ 1582],
     | 99.00th=[ 1614], 99.50th=[ 1631], 99.90th=[ 1663], 99.95th=[ 1663],
     | 99.99th=[ 3097]
   bw (  KiB/s): min=163112, max=163760, per=25.01%, avg=163503.16, stdev=163.01, samples=19
   iops        : min=40778, max=40940, avg=40875.79, stdev=40.75, samples=19
  lat (msec)   : 2=99.98%, 4=0.02%
  cpu          : usr=9.22%, sys=17.50%, ctx=200765, majf=0, minf=73
  IO depths    : 1=0.1%, 2=0.1%, 4=0.1%, 8=0.1%, 16=0.1%, 32=0.1%, >=64=100.0%
     submit    : 0=0.0%, 4=100.0%, 8=0.0%, 16=0.0%, 32=0.0%, 64=0.0%, >=64=0.0%
     complete  : 0=0.0%, 4=100.0%, 8=0.0%, 16=0.0%, 32=0.0%, 64=0.1%, >=64=0.0%
     issued rwts: total=408646,0,0,0 short=0,0,0,0 dropped=0,0,0,0
     latency   : target=0, window=0, percentile=100.00%, depth=64
/dev/nvme0n1: (groupid=0, jobs=1): err= 0: pid=827610: Mon Jun  6 14:47:21 2022
  read: IOPS=40.9k, BW=160MiB/s (167MB/s)(1597MiB/10002msec)
    slat (nsec): min=1906, max=498180, avg=3444.81, stdev=2676.45
    clat (usec): min=1006, max=3027, avg=1561.32, stdev=20.79
     lat (usec): min=1016, max=3031, avg=1564.82, stdev=20.55
    clat percentiles (usec):
     |  1.00th=[ 1516],  5.00th=[ 1549], 10.00th=[ 1549], 20.00th=[ 1565],
     | 30.00th=[ 1565], 40.00th=[ 1565], 50.00th=[ 1565], 60.00th=[ 1565],
     | 70.00th=[ 1565], 80.00th=[ 1565], 90.00th=[ 1582], 95.00th=[ 1582],
     | 99.00th=[ 1598], 99.50th=[ 1614], 99.90th=[ 1663], 99.95th=[ 1663],
     | 99.99th=[ 2147]
   bw (  KiB/s): min=163224, max=163792, per=25.01%, avg=163532.21, stdev=156.93, samples=19
   iops        : min=40806, max=40948, avg=40883.16, stdev=39.18, samples=19
  lat (msec)   : 2=99.99%, 4=0.01%
  cpu          : usr=9.45%, sys=17.23%, ctx=211736, majf=0, minf=74
  IO depths    : 1=0.1%, 2=0.1%, 4=0.1%, 8=0.1%, 16=0.1%, 32=0.1%, >=64=100.0%
     submit    : 0=0.0%, 4=100.0%, 8=0.0%, 16=0.0%, 32=0.0%, 64=0.0%, >=64=0.0%
     complete  : 0=0.0%, 4=100.0%, 8=0.0%, 16=0.0%, 32=0.0%, 64=0.1%, >=64=0.0%
     issued rwts: total=408805,0,0,0 short=0,0,0,0 dropped=0,0,0,0
     latency   : target=0, window=0, percentile=100.00%, depth=64
/dev/nvme0n1: (groupid=0, jobs=1): err= 0: pid=827611: Mon Jun  6 14:47:21 2022
  read: IOPS=40.9k, BW=160MiB/s (167MB/s)(1597MiB/10002msec)
    slat (nsec): min=1933, max=59444, avg=3470.13, stdev=2586.11
    clat (usec): min=1028, max=2569, avg=1561.62, stdev=20.26
     lat (usec): min=1037, max=2572, avg=1565.14, stdev=20.03
    clat percentiles (usec):
     |  1.00th=[ 1516],  5.00th=[ 1549], 10.00th=[ 1549], 20.00th=[ 1565],
     | 30.00th=[ 1565], 40.00th=[ 1565], 50.00th=[ 1565], 60.00th=[ 1565],
     | 70.00th=[ 1565], 80.00th=[ 1565], 90.00th=[ 1582], 95.00th=[ 1582],
     | 99.00th=[ 1614], 99.50th=[ 1631], 99.90th=[ 1663], 99.95th=[ 1663],
     | 99.99th=[ 2114]
   bw (  KiB/s): min=163080, max=163744, per=25.01%, avg=163513.68, stdev=189.98, samples=19
   iops        : min=40770, max=40936, avg=40878.42, stdev=47.50, samples=19
  lat (msec)   : 2=99.99%, 4=0.01%
  cpu          : usr=9.12%, sys=17.86%, ctx=210272, majf=0, minf=74
  IO depths    : 1=0.1%, 2=0.1%, 4=0.1%, 8=0.1%, 16=0.1%, 32=0.1%, >=64=100.0%
     submit    : 0=0.0%, 4=100.0%, 8=0.0%, 16=0.0%, 32=0.0%, 64=0.0%, >=64=0.0%
     complete  : 0=0.0%, 4=100.0%, 8=0.0%, 16=0.0%, 32=0.0%, 64=0.1%, >=64=0.0%
     issued rwts: total=408705,0,0,0 short=0,0,0,0 dropped=0,0,0,0
     latency   : target=0, window=0, percentile=100.00%, depth=64
/dev/nvme0n1: (groupid=0, jobs=1): err= 0: pid=827612: Mon Jun  6 14:47:21 2022
  read: IOPS=40.9k, BW=160MiB/s (167MB/s)(1596MiB/10002msec)
    slat (nsec): min=1908, max=51125, avg=3440.74, stdev=2588.87
    clat (usec): min=1008, max=3297, avg=1561.72, stdev=23.61
     lat (usec): min=1019, max=3299, avg=1565.22, stdev=23.40
    clat percentiles (usec):
     |  1.00th=[ 1516],  5.00th=[ 1549], 10.00th=[ 1549], 20.00th=[ 1549],
     | 30.00th=[ 1565], 40.00th=[ 1565], 50.00th=[ 1565], 60.00th=[ 1565],
     | 70.00th=[ 1565], 80.00th=[ 1565], 90.00th=[ 1582], 95.00th=[ 1582],
     | 99.00th=[ 1614], 99.50th=[ 1631], 99.90th=[ 1663], 99.95th=[ 1680],
     | 99.99th=[ 2442]
   bw (  KiB/s): min=163208, max=163728, per=25.01%, avg=163497.68, stdev=184.07, samples=19
   iops        : min=40802, max=40932, avg=40874.42, stdev=46.02, samples=19
  lat (msec)   : 2=99.98%, 4=0.02%
  cpu          : usr=8.11%, sys=18.67%, ctx=208843, majf=0, minf=74
  IO depths    : 1=0.1%, 2=0.1%, 4=0.1%, 8=0.1%, 16=0.1%, 32=0.1%, >=64=100.0%
     submit    : 0=0.0%, 4=100.0%, 8=0.0%, 16=0.0%, 32=0.0%, 64=0.0%, >=64=0.0%
     complete  : 0=0.0%, 4=100.0%, 8=0.0%, 16=0.0%, 32=0.0%, 64=0.1%, >=64=0.0%
     issued rwts: total=408684,0,0,0 short=0,0,0,0 dropped=0,0,0,0
     latency   : target=0, window=0, percentile=100.00%, depth=64

Run status group 0 (all jobs):
   READ: bw=638MiB/s (669MB/s), 160MiB/s-160MiB/s (167MB/s-167MB/s), io=6386MiB (6696MB), run=10002-10002msec

Disk stats (read/write):
  nvme0n1: ios=1617465/0, merge=0/0, ticks=2519533/0, in_queue=2519533, util=99.05%
