/dev/nvme0n1: (g=0): rw=read, bs=(R) 4096B-4096B, (W) 4096B-4096B, (T) 4096B-4096B, ioengine=libaio, iodepth=64
...
fio-3.28
Starting 4 processes

/dev/nvme0n1: (groupid=0, jobs=1): err= 0: pid=122046: Wed Jun  1 16:27:45 2022
  read: IOPS=685, BW=2743KiB/s (2809kB/s)(53.8MiB/20082msec)
    slat (usec): min=3, max=175, avg=16.93, stdev=10.09
    clat (usec): min=449, max=303988, avg=93290.94, stdev=43176.79
     lat (usec): min=481, max=304016, avg=93308.25, stdev=43176.79
    clat percentiles (msec):
     |  1.00th=[   18],  5.00th=[   29], 10.00th=[   39], 20.00th=[   57],
     | 30.00th=[   67], 40.00th=[   77], 50.00th=[   91], 60.00th=[  102],
     | 70.00th=[  115], 80.00th=[  129], 90.00th=[  153], 95.00th=[  167],
     | 99.00th=[  209], 99.50th=[  222], 99.90th=[  284], 99.95th=[  296],
     | 99.99th=[  305]
   bw (  KiB/s): min= 1668, max= 4616, per=24.00%, avg=2740.43, stdev=530.22, samples=40
   iops        : min=  417, max= 1154, avg=685.02, stdev=132.58, samples=40
  lat (usec)   : 500=0.01%
  lat (msec)   : 2=0.01%, 4=0.09%, 10=0.26%, 20=1.35%, 50=13.46%
  lat (msec)   : 100=44.02%, 250=40.69%, 500=0.11%
  cpu          : usr=1.25%, sys=2.04%, ctx=8376, majf=0, minf=76
  IO depths    : 1=0.1%, 2=0.1%, 4=0.1%, 8=0.1%, 16=0.1%, 32=0.2%, >=64=99.5%
     submit    : 0=0.0%, 4=100.0%, 8=0.0%, 16=0.0%, 32=0.0%, 64=0.0%, >=64=0.0%
     complete  : 0=0.0%, 4=100.0%, 8=0.0%, 16=0.0%, 32=0.0%, 64=0.1%, >=64=0.0%
     issued rwts: total=13772,0,0,0 short=0,0,0,0 dropped=0,0,0,0
     latency   : target=0, window=0, percentile=100.00%, depth=64
/dev/nvme0n1: (groupid=0, jobs=1): err= 0: pid=122047: Wed Jun  1 16:27:45 2022
  read: IOPS=746, BW=2985KiB/s (3056kB/s)(58.4MiB/20041msec)
    slat (usec): min=2, max=223, avg=17.12, stdev=10.44
    clat (usec): min=589, max=313985, avg=85740.40, stdev=42372.54
     lat (usec): min=617, max=313994, avg=85757.89, stdev=42372.56
    clat percentiles (msec):
     |  1.00th=[   12],  5.00th=[   26], 10.00th=[   34], 20.00th=[   49],
     | 30.00th=[   62], 40.00th=[   72], 50.00th=[   84], 60.00th=[   95],
     | 70.00th=[  104], 80.00th=[  118], 90.00th=[  140], 95.00th=[  163],
     | 99.00th=[  203], 99.50th=[  218], 99.90th=[  300], 99.95th=[  305],
     | 99.99th=[  313]
   bw (  KiB/s): min= 1504, max= 4208, per=26.06%, avg=2976.65, stdev=601.34, samples=40
   iops        : min=  376, max= 1052, avg=744.10, stdev=150.37, samples=40
  lat (usec)   : 750=0.01%
  lat (msec)   : 2=0.01%, 4=0.13%, 10=0.62%, 20=2.09%, 50=18.44%
  lat (msec)   : 100=45.37%, 250=32.92%, 500=0.39%
  cpu          : usr=1.28%, sys=2.33%, ctx=9088, majf=0, minf=79
  IO depths    : 1=0.1%, 2=0.1%, 4=0.1%, 8=0.1%, 16=0.1%, 32=0.2%, >=64=99.6%
     submit    : 0=0.0%, 4=100.0%, 8=0.0%, 16=0.0%, 32=0.0%, 64=0.0%, >=64=0.0%
     complete  : 0=0.0%, 4=100.0%, 8=0.0%, 16=0.0%, 32=0.0%, 64=0.1%, >=64=0.0%
     issued rwts: total=14954,0,0,0 short=0,0,0,0 dropped=0,0,0,0
     latency   : target=0, window=0, percentile=100.00%, depth=64
/dev/nvme0n1: (groupid=0, jobs=1): err= 0: pid=122048: Wed Jun  1 16:27:45 2022
  read: IOPS=736, BW=2947KiB/s (3017kB/s)(57.8MiB/20082msec)
    slat (usec): min=2, max=598, avg=17.17, stdev=11.40
    clat (usec): min=464, max=277873, avg=86845.08, stdev=41637.78
     lat (usec): min=490, max=277882, avg=86862.62, stdev=41637.75
    clat percentiles (msec):
     |  1.00th=[   12],  5.00th=[   26], 10.00th=[   36], 20.00th=[   52],
     | 30.00th=[   64], 40.00th=[   75], 50.00th=[   85], 60.00th=[   94],
     | 70.00th=[  103], 80.00th=[  118], 90.00th=[  142], 95.00th=[  163],
     | 99.00th=[  203], 99.50th=[  222], 99.90th=[  275], 99.95th=[  279],
     | 99.99th=[  279]
   bw (  KiB/s): min= 2067, max= 4520, per=25.78%, avg=2944.73, stdev=611.70, samples=40
   iops        : min=  516, max= 1130, avg=736.05, stdev=152.91, samples=40
  lat (usec)   : 500=0.01%, 750=0.01%, 1000=0.01%
  lat (msec)   : 2=0.01%, 4=0.16%, 10=0.64%, 20=1.52%, 50=16.61%
  lat (msec)   : 100=48.98%, 250=31.72%, 500=0.34%
  cpu          : usr=1.65%, sys=1.90%, ctx=9092, majf=0, minf=79
  IO depths    : 1=0.1%, 2=0.1%, 4=0.1%, 8=0.1%, 16=0.1%, 32=0.2%, >=64=99.6%
     submit    : 0=0.0%, 4=100.0%, 8=0.0%, 16=0.0%, 32=0.0%, 64=0.0%, >=64=0.0%
     complete  : 0=0.0%, 4=100.0%, 8=0.0%, 16=0.0%, 32=0.0%, 64=0.1%, >=64=0.0%
     issued rwts: total=14794,0,0,0 short=0,0,0,0 dropped=0,0,0,0
     latency   : target=0, window=0, percentile=100.00%, depth=64
/dev/nvme0n1: (groupid=0, jobs=1): err= 0: pid=122049: Wed Jun  1 16:27:45 2022
  read: IOPS=689, BW=2756KiB/s (2822kB/s)(53.9MiB/20041msec)
    slat (usec): min=2, max=277, avg=17.17, stdev=10.23
    clat (usec): min=613, max=303712, avg=92852.64, stdev=44021.00
     lat (usec): min=646, max=303720, avg=92870.20, stdev=44020.89
    clat percentiles (msec):
     |  1.00th=[    8],  5.00th=[   23], 10.00th=[   35], 20.00th=[   56],
     | 30.00th=[   67], 40.00th=[   82], 50.00th=[   93], 60.00th=[  101],
     | 70.00th=[  112], 80.00th=[  129], 90.00th=[  153], 95.00th=[  169],
     | 99.00th=[  201], 99.50th=[  234], 99.90th=[  300], 99.95th=[  305],
     | 99.99th=[  305]
   bw (  KiB/s): min= 1912, max= 3496, per=24.06%, avg=2747.87, stdev=434.85, samples=40
   iops        : min=  478, max=  874, avg=686.85, stdev=108.74, samples=40
  lat (usec)   : 750=0.01%, 1000=0.01%
  lat (msec)   : 2=0.01%, 4=0.13%, 10=1.35%, 20=2.22%, 50=13.09%
  lat (msec)   : 100=42.64%, 250=40.13%, 500=0.42%
  cpu          : usr=1.15%, sys=2.19%, ctx=8481, majf=0, minf=78
  IO depths    : 1=0.1%, 2=0.1%, 4=0.1%, 8=0.1%, 16=0.1%, 32=0.2%, >=64=99.5%
     submit    : 0=0.0%, 4=100.0%, 8=0.0%, 16=0.0%, 32=0.0%, 64=0.0%, >=64=0.0%
     complete  : 0=0.0%, 4=100.0%, 8=0.0%, 16=0.0%, 32=0.0%, 64=0.1%, >=64=0.0%
     issued rwts: total=13809,0,0,0 short=0,0,0,0 dropped=0,0,0,0
     latency   : target=0, window=0, percentile=100.00%, depth=64

Run status group 0 (all jobs):
   READ: bw=11.2MiB/s (11.7MB/s), 2743KiB/s-2985KiB/s (2809kB/s-3056kB/s), io=224MiB (235MB), run=20041-20082msec

Disk stats (read/write):
  nvme0n1: ios=71751/235066, merge=0/0, ticks=6358493/21658230, in_queue=28016722, util=100.00%
