/dev/nvme0n1: (g=0): rw=randwrite, bs=(R) 512B-64.0KiB, (W) 512B-64.0KiB, (T) 512B-64.0KiB, ioengine=libaio, iodepth=16
...
fio-3.28
Starting 2 processes

/dev/nvme0n1: (groupid=0, jobs=1): err= 0: pid=31647: Sun Jun  5 15:48:44 2022
  write: IOPS=37.3k, BW=278MiB/s (292MB/s)(5564MiB/20001msec); 0 zone resets
    slat (nsec): min=1839, max=521630, avg=6130.42, stdev=3386.49
    clat (usec): min=52, max=18240, avg=421.98, stdev=310.66
     lat (usec): min=67, max=18245, avg=428.22, stdev=310.70
    clat percentiles (usec):
     |  1.00th=[  198],  5.00th=[  229], 10.00th=[  245], 20.00th=[  269],
     | 30.00th=[  297], 40.00th=[  330], 50.00th=[  367], 60.00th=[  404],
     | 70.00th=[  445], 80.00th=[  502], 90.00th=[  709], 95.00th=[  865],
     | 99.00th=[ 1090], 99.50th=[ 1172], 99.90th=[ 1352], 99.95th=[ 1467],
     | 99.99th=[17957]
   bw (  KiB/s): min=261769, max=358041, per=50.05%, avg=284941.51, stdev=23939.35, samples=39
   iops        : min=33486, max=46432, avg=37274.00, stdev=3174.90, samples=39
  lat (usec)   : 100=0.01%, 250=11.95%, 500=67.81%, 750=11.66%, 1000=6.50%
  lat (msec)   : 2=2.04%, 4=0.02%, 20=0.02%
  cpu          : usr=15.71%, sys=25.54%, ctx=393878, majf=0, minf=10
  IO depths    : 1=0.1%, 2=0.1%, 4=0.1%, 8=0.1%, 16=100.0%, 32=0.0%, >=64=0.0%
     submit    : 0=0.0%, 4=100.0%, 8=0.0%, 16=0.0%, 32=0.0%, 64=0.0%, >=64=0.0%
     complete  : 0=0.0%, 4=100.0%, 8=0.0%, 16=0.1%, 32=0.0%, 64=0.0%, >=64=0.0%
     issued rwts: total=0,745166,0,0 short=0,0,0,0 dropped=0,0,0,0
     latency   : target=0, window=0, percentile=100.00%, depth=16
/dev/nvme0n1: (groupid=0, jobs=1): err= 0: pid=31648: Sun Jun  5 15:48:44 2022
  write: IOPS=37.2k, BW=278MiB/s (291MB/s)(5556MiB/20001msec); 0 zone resets
    slat (nsec): min=1801, max=502496, avg=6168.52, stdev=3401.11
    clat (usec): min=49, max=18292, avg=422.25, stdev=310.55
     lat (usec): min=53, max=18306, avg=428.52, stdev=310.59
    clat percentiles (usec):
     |  1.00th=[  198],  5.00th=[  229], 10.00th=[  245], 20.00th=[  269],
     | 30.00th=[  297], 40.00th=[  330], 50.00th=[  367], 60.00th=[  404],
     | 70.00th=[  445], 80.00th=[  502], 90.00th=[  709], 95.00th=[  865],
     | 99.00th=[ 1090], 99.50th=[ 1172], 99.90th=[ 1352], 99.95th=[ 1549],
     | 99.99th=[17957]
   bw (  KiB/s): min=256800, max=354639, per=49.98%, avg=284573.62, stdev=23742.30, samples=39
   iops        : min=33366, max=46492, avg=37249.79, stdev=3177.92, samples=39
  lat (usec)   : 50=0.01%, 100=0.01%, 250=11.84%, 500=67.91%, 750=11.63%
  lat (usec)   : 1000=6.53%
  lat (msec)   : 2=2.03%, 4=0.03%, 20=0.02%
  cpu          : usr=14.80%, sys=26.45%, ctx=393470, majf=0, minf=11
  IO depths    : 1=0.1%, 2=0.1%, 4=0.1%, 8=0.1%, 16=100.0%, 32=0.0%, >=64=0.0%
     submit    : 0=0.0%, 4=100.0%, 8=0.0%, 16=0.0%, 32=0.0%, 64=0.0%, >=64=0.0%
     complete  : 0=0.0%, 4=100.0%, 8=0.0%, 16=0.1%, 32=0.0%, 64=0.0%, >=64=0.0%
     issued rwts: total=0,744657,0,0 short=0,0,0,0 dropped=0,0,0,0
     latency   : target=0, window=0, percentile=100.00%, depth=16

Run status group 0 (all jobs):
  WRITE: bw=556MiB/s (583MB/s), 278MiB/s-278MiB/s (291MB/s-292MB/s), io=10.9GiB (11.7GB), run=20001-20001msec

Disk stats (read/write):
  nvme0n1: ios=51/1482058, merge=0/0, ticks=13/618756, in_queue=618769, util=99.63%
