/dev/nvme0n1: (g=0): rw=trim, bs=(R) 4096B-1024KiB, (W) 4096B-1024KiB, (T) 4096B-1024KiB, ioengine=libaio, iodepth=32
fio-3.28
Starting 1 process

/dev/nvme0n1: (groupid=0, jobs=1): err= 0: pid=7105: Mon Jun  6 14:36:42 2022
  trim: IOPS=2426, BW=2189MiB/s (2295MB/s)(42.8GiB/20001msec)
    clat (usec): min=276, max=4561, avg=406.56, stdev=124.45
     lat (usec): min=276, max=4561, avg=406.96, stdev=124.53
    clat percentiles (usec):
     |  1.00th=[  289],  5.00th=[  310], 10.00th=[  314], 20.00th=[  326],
     | 30.00th=[  334], 40.00th=[  338], 50.00th=[  347], 60.00th=[  363],
     | 70.00th=[  453], 80.00th=[  510], 90.00th=[  553], 95.00th=[  603],
     | 99.00th=[  914], 99.50th=[  930], 99.90th=[ 1012], 99.95th=[ 1037],
     | 99.99th=[ 1156]
   bw (  MiB/s): min= 2054, max= 2324, per=100.00%, avg=2191.96, stdev=56.33, samples=39
   iops        : min= 2294, max= 2578, avg=2430.26, stdev=59.21, samples=39
  lat (usec)   : 500=78.63%, 750=18.50%, 1000=2.75%
  lat (msec)   : 2=0.12%, 10=0.01%
  cpu          : usr=2.82%, sys=5.62%, ctx=48548, majf=0, minf=11
  IO depths    : 1=100.0%, 2=0.0%, 4=0.0%, 8=0.0%, 16=0.0%, 32=0.0%, >=64=0.0%
     submit    : 0=0.0%, 4=100.0%, 8=0.0%, 16=0.0%, 32=0.0%, 64=0.0%, >=64=0.0%
     complete  : 0=0.0%, 4=100.0%, 8=0.0%, 16=0.0%, 32=0.0%, 64=0.0%, >=64=0.0%
     issued rwts: total=0,0,48541,0 short=0,0,0,0 dropped=0,0,0,0
     latency   : target=0, window=0, percentile=100.00%, depth=32

Run status group 0 (all jobs):
   TRIM: bw=2189MiB/s (2295MB/s), 2189MiB/s-2189MiB/s (2295MB/s-2295MB/s), io=42.8GiB (45.9GB), run=20001-20001msec

Disk stats (read/write):
  nvme0n1: ios=51/0, merge=0/0, ticks=32/0, in_queue=18533, util=99.72%
