/dev/nvme0n1: (g=0): rw=randwrite, bs=(R) 4096B-4096B, (W) 4096B-4096B, (T) 4096B-4096B, ioengine=libaio, iodepth=32
...
fio-3.28
Starting 2 processes

/dev/nvme0n1: (groupid=0, jobs=1): err= 0: pid=1629024: Mon Jun  6 14:57:19 2022
  write: IOPS=25.7k, BW=100MiB/s (105MB/s)(3015MiB/30001msec); 0 zone resets
    slat (nsec): min=1763, max=1888.2k, avg=9235.61, stdev=5139.08
    clat (usec): min=30, max=33811, avg=1233.54, stdev=3865.92
     lat (usec): min=42, max=33816, avg=1242.92, stdev=3865.61
    clat percentiles (usec):
     |  1.00th=[  110],  5.00th=[  133], 10.00th=[  147], 20.00th=[  258],
     | 30.00th=[  355], 40.00th=[  469], 50.00th=[  478], 60.00th=[  482],
     | 70.00th=[  486], 80.00th=[  502], 90.00th=[  545], 95.00th=[  734],
     | 99.00th=[20055], 99.50th=[20579], 99.90th=[21890], 99.95th=[22676],
     | 99.99th=[31851]
   bw (  KiB/s): min=57548, max=579664, per=50.23%, avg=103561.05, stdev=103951.36, samples=59
   iops        : min=14387, max=144916, avg=25890.15, stdev=25987.87, samples=59
  lat (usec)   : 50=0.01%, 100=0.39%, 250=19.30%, 500=59.66%, 750=15.72%
  lat (usec)   : 1000=0.28%
  lat (msec)   : 2=0.13%, 4=0.02%, 10=0.04%, 20=3.45%, 50=1.01%
  cpu          : usr=9.46%, sys=22.43%, ctx=18486, majf=0, minf=11
  IO depths    : 1=0.1%, 2=0.1%, 4=0.1%, 8=0.1%, 16=0.1%, 32=100.0%, >=64=0.0%
     submit    : 0=0.0%, 4=100.0%, 8=0.0%, 16=0.0%, 32=0.0%, 64=0.0%, >=64=0.0%
     complete  : 0=0.0%, 4=100.0%, 8=0.0%, 16=0.0%, 32=0.1%, 64=0.0%, >=64=0.0%
     issued rwts: total=0,771810,0,0 short=0,0,0,0 dropped=0,0,0,0
     latency   : target=0, window=0, percentile=100.00%, depth=32
/dev/nvme0n1: (groupid=0, jobs=1): err= 0: pid=1629025: Mon Jun  6 14:57:19 2022
  write: IOPS=25.8k, BW=101MiB/s (106MB/s)(3026MiB/30001msec); 0 zone resets
    slat (nsec): min=1756, max=562522, avg=9208.57, stdev=4866.39
    clat (usec): min=14, max=33800, avg=1229.12, stdev=3859.43
     lat (usec): min=27, max=33805, avg=1238.48, stdev=3859.11
    clat percentiles (usec):
     |  1.00th=[  109],  5.00th=[  133], 10.00th=[  145], 20.00th=[  255],
     | 30.00th=[  351], 40.00th=[  469], 50.00th=[  474], 60.00th=[  478],
     | 70.00th=[  486], 80.00th=[  502], 90.00th=[  537], 95.00th=[  734],
     | 99.00th=[20055], 99.50th=[20579], 99.90th=[21890], 99.95th=[22676],
     | 99.99th=[31851]
   bw (  KiB/s): min=57612, max=584304, per=50.41%, avg=103942.36, stdev=104571.58, samples=59
   iops        : min=14403, max=146076, avg=25985.51, stdev=26142.91, samples=59
  lat (usec)   : 20=0.01%, 50=0.01%, 100=0.44%, 250=19.36%, 500=59.93%
  lat (usec)   : 750=15.32%, 1000=0.29%
  lat (msec)   : 2=0.14%, 4=0.01%, 10=0.04%, 20=3.44%, 50=1.01%
  cpu          : usr=9.18%, sys=22.69%, ctx=18618, majf=0, minf=14
  IO depths    : 1=0.1%, 2=0.1%, 4=0.1%, 8=0.1%, 16=0.1%, 32=100.0%, >=64=0.0%
     submit    : 0=0.0%, 4=100.0%, 8=0.0%, 16=0.0%, 32=0.0%, 64=0.0%, >=64=0.0%
     complete  : 0=0.0%, 4=100.0%, 8=0.0%, 16=0.0%, 32=0.1%, 64=0.0%, >=64=0.0%
     issued rwts: total=0,774578,0,0 short=0,0,0,0 dropped=0,0,0,0
     latency   : target=0, window=0, percentile=100.00%, depth=32

Run status group 0 (all jobs):
  WRITE: bw=201MiB/s (211MB/s), 100MiB/s-101MiB/s (105MB/s-106MB/s), io=6041MiB (6334MB), run=30001-30001msec

Disk stats (read/write):
  nvme0n1: ios=48/1542870, merge=0/0, ticks=5/1369241, in_queue=1369245, util=99.87%
