/dev/nvme0n1: (g=0): rw=read, bs=(R) 4096B-4096B, (W) 4096B-4096B, (T) 4096B-4096B, ioengine=libaio, iodepth=64
...
fio-3.28
Starting 4 processes

/dev/nvme0n1: (groupid=0, jobs=1): err= 0: pid=13412: Mon Jun  6 14:38:22 2022
  read: IOPS=40.7k, BW=159MiB/s (167MB/s)(1590MiB/10002msec)
    slat (nsec): min=1922, max=62099, avg=3560.04, stdev=2754.01
    clat (usec): min=1039, max=2827, avg=1567.46, stdev=20.68
     lat (usec): min=1047, max=2830, avg=1571.09, stdev=20.45
    clat percentiles (usec):
     |  1.00th=[ 1516],  5.00th=[ 1549], 10.00th=[ 1549], 20.00th=[ 1565],
     | 30.00th=[ 1565], 40.00th=[ 1565], 50.00th=[ 1565], 60.00th=[ 1565],
     | 70.00th=[ 1565], 80.00th=[ 1582], 90.00th=[ 1582], 95.00th=[ 1598],
     | 99.00th=[ 1631], 99.50th=[ 1631], 99.90th=[ 1680], 99.95th=[ 1680],
     | 99.99th=[ 1893]
   bw (  KiB/s): min=161968, max=163320, per=25.01%, avg=162907.37, stdev=283.07, samples=19
   iops        : min=40492, max=40832, avg=40726.95, stdev=70.93, samples=19
  lat (msec)   : 2=99.99%, 4=0.01%
  cpu          : usr=9.94%, sys=17.21%, ctx=178805, majf=0, minf=76
  IO depths    : 1=0.1%, 2=0.1%, 4=0.1%, 8=0.1%, 16=0.1%, 32=0.1%, >=64=100.0%
     submit    : 0=0.0%, 4=100.0%, 8=0.0%, 16=0.0%, 32=0.0%, 64=0.0%, >=64=0.0%
     complete  : 0=0.0%, 4=100.0%, 8=0.0%, 16=0.0%, 32=0.0%, 64=0.1%, >=64=0.0%
     issued rwts: total=407152,0,0,0 short=0,0,0,0 dropped=0,0,0,0
     latency   : target=0, window=0, percentile=100.00%, depth=64
/dev/nvme0n1: (groupid=0, jobs=1): err= 0: pid=13413: Mon Jun  6 14:38:22 2022
  read: IOPS=40.7k, BW=159MiB/s (167MB/s)(1590MiB/10002msec)
    slat (nsec): min=1919, max=532305, avg=3504.31, stdev=2846.22
    clat (usec): min=1029, max=3079, avg=1567.66, stdev=26.12
     lat (usec): min=1041, max=3082, avg=1571.24, stdev=25.93
    clat percentiles (usec):
     |  1.00th=[ 1516],  5.00th=[ 1549], 10.00th=[ 1549], 20.00th=[ 1565],
     | 30.00th=[ 1565], 40.00th=[ 1565], 50.00th=[ 1565], 60.00th=[ 1565],
     | 70.00th=[ 1565], 80.00th=[ 1565], 90.00th=[ 1582], 95.00th=[ 1598],
     | 99.00th=[ 1631], 99.50th=[ 1647], 99.90th=[ 1680], 99.95th=[ 1745],
     | 99.99th=[ 2737]
   bw (  KiB/s): min=161936, max=163176, per=25.01%, avg=162898.53, stdev=263.66, samples=19
   iops        : min=40484, max=40794, avg=40724.63, stdev=65.92, samples=19
  lat (msec)   : 2=99.97%, 4=0.03%
  cpu          : usr=8.74%, sys=18.06%, ctx=182513, majf=0, minf=75
  IO depths    : 1=0.1%, 2=0.1%, 4=0.1%, 8=0.1%, 16=0.1%, 32=0.1%, >=64=100.0%
     submit    : 0=0.0%, 4=100.0%, 8=0.0%, 16=0.0%, 32=0.0%, 64=0.0%, >=64=0.0%
     complete  : 0=0.0%, 4=100.0%, 8=0.0%, 16=0.0%, 32=0.0%, 64=0.1%, >=64=0.0%
     issued rwts: total=407131,0,0,0 short=0,0,0,0 dropped=0,0,0,0
     latency   : target=0, window=0, percentile=100.00%, depth=64
/dev/nvme0n1: (groupid=0, jobs=1): err= 0: pid=13414: Mon Jun  6 14:38:22 2022
  read: IOPS=40.7k, BW=159MiB/s (167MB/s)(1590MiB/10002msec)
    slat (nsec): min=1913, max=61950, avg=3510.47, stdev=2732.75
    clat (usec): min=1010, max=3065, avg=1567.62, stdev=22.32
     lat (usec): min=1019, max=3069, avg=1571.21, stdev=22.11
    clat percentiles (usec):
     |  1.00th=[ 1516],  5.00th=[ 1549], 10.00th=[ 1549], 20.00th=[ 1565],
     | 30.00th=[ 1565], 40.00th=[ 1565], 50.00th=[ 1565], 60.00th=[ 1565],
     | 70.00th=[ 1565], 80.00th=[ 1582], 90.00th=[ 1582], 95.00th=[ 1598],
     | 99.00th=[ 1631], 99.50th=[ 1631], 99.90th=[ 1680], 99.95th=[ 1680],
     | 99.99th=[ 2212]
   bw (  KiB/s): min=161824, max=163216, per=25.01%, avg=162894.32, stdev=299.96, samples=19
   iops        : min=40456, max=40804, avg=40723.58, stdev=74.99, samples=19
  lat (msec)   : 2=99.99%, 4=0.01%
  cpu          : usr=9.80%, sys=17.09%, ctx=178714, majf=0, minf=76
  IO depths    : 1=0.1%, 2=0.1%, 4=0.1%, 8=0.1%, 16=0.1%, 32=0.1%, >=64=100.0%
     submit    : 0=0.0%, 4=100.0%, 8=0.0%, 16=0.0%, 32=0.0%, 64=0.0%, >=64=0.0%
     complete  : 0=0.0%, 4=100.0%, 8=0.0%, 16=0.0%, 32=0.0%, 64=0.1%, >=64=0.0%
     issued rwts: total=407135,0,0,0 short=0,0,0,0 dropped=0,0,0,0
     latency   : target=0, window=0, percentile=100.00%, depth=64
/dev/nvme0n1: (groupid=0, jobs=1): err= 0: pid=13415: Mon Jun  6 14:38:22 2022
  read: IOPS=40.7k, BW=159MiB/s (167MB/s)(1590MiB/10002msec)
    slat (nsec): min=1888, max=62542, avg=3510.05, stdev=2720.82
    clat (usec): min=1013, max=2919, avg=1567.58, stdev=21.45
     lat (usec): min=1022, max=2921, avg=1571.17, stdev=21.23
    clat percentiles (usec):
     |  1.00th=[ 1516],  5.00th=[ 1549], 10.00th=[ 1549], 20.00th=[ 1565],
     | 30.00th=[ 1565], 40.00th=[ 1565], 50.00th=[ 1565], 60.00th=[ 1565],
     | 70.00th=[ 1565], 80.00th=[ 1582], 90.00th=[ 1582], 95.00th=[ 1598],
     | 99.00th=[ 1631], 99.50th=[ 1631], 99.90th=[ 1680], 99.95th=[ 1696],
     | 99.99th=[ 2040]
   bw (  KiB/s): min=161760, max=163168, per=25.01%, avg=162908.63, stdev=303.58, samples=19
   iops        : min=40440, max=40792, avg=40727.05, stdev=75.80, samples=19
  lat (msec)   : 2=99.99%, 4=0.01%
  cpu          : usr=8.45%, sys=18.57%, ctx=180198, majf=0, minf=75
  IO depths    : 1=0.1%, 2=0.1%, 4=0.1%, 8=0.1%, 16=0.1%, 32=0.1%, >=64=100.0%
     submit    : 0=0.0%, 4=100.0%, 8=0.0%, 16=0.0%, 32=0.0%, 64=0.0%, >=64=0.0%
     complete  : 0=0.0%, 4=100.0%, 8=0.0%, 16=0.0%, 32=0.0%, 64=0.1%, >=64=0.0%
     issued rwts: total=407143,0,0,0 short=0,0,0,0 dropped=0,0,0,0
     latency   : target=0, window=0, percentile=100.00%, depth=64

Run status group 0 (all jobs):
   READ: bw=636MiB/s (667MB/s), 159MiB/s-159MiB/s (167MB/s-167MB/s), io=6362MiB (6671MB), run=10002-10002msec

Disk stats (read/write):
  nvme0n1: ios=1611459/0, merge=0/0, ticks=2517472/0, in_queue=2517472, util=99.05%
