/dev/nvme0n1: (g=0): rw=read, bs=(R) 4096B-4096B, (W) 4096B-4096B, (T) 4096B-4096B, ioengine=libaio, iodepth=64
...
fio-3.28
Starting 4 processes

/dev/nvme0n1: (groupid=0, jobs=1): err= 0: pid=1009921: Mon Jun  6 12:26:36 2022
  read: IOPS=1670, BW=6681KiB/s (6841kB/s)(65.6MiB/10059msec)
    slat (nsec): min=2901, max=96947, avg=15019.68, stdev=10338.69
    clat (usec): min=766, max=122044, avg=38293.47, stdev=17899.01
     lat (usec): min=803, max=122053, avg=38308.83, stdev=17899.39
    clat percentiles (usec):
     |  1.00th=[  1516],  5.00th=[  1811], 10.00th=[  5145], 20.00th=[ 26870],
     | 30.00th=[ 32113], 40.00th=[ 35914], 50.00th=[ 40109], 60.00th=[ 44303],
     | 70.00th=[ 47973], 80.00th=[ 51643], 90.00th=[ 57410], 95.00th=[ 64226],
     | 99.00th=[ 81265], 99.50th=[ 89654], 99.90th=[105382], 99.95th=[107480],
     | 99.99th=[121111]
   bw (  KiB/s): min= 5704, max= 9992, per=25.04%, avg=6694.80, stdev=1012.37, samples=20
   iops        : min= 1426, max= 2498, avg=1673.70, stdev=253.09, samples=20
  lat (usec)   : 1000=0.01%
  lat (msec)   : 2=8.73%, 4=1.21%, 10=1.41%, 20=2.57%, 50=61.99%
  lat (msec)   : 100=23.87%, 250=0.20%
  cpu          : usr=1.97%, sys=3.78%, ctx=5026, majf=0, minf=77
  IO depths    : 1=0.1%, 2=0.1%, 4=0.1%, 8=0.1%, 16=0.1%, 32=0.2%, >=64=99.6%
     submit    : 0=0.0%, 4=100.0%, 8=0.0%, 16=0.0%, 32=0.0%, 64=0.0%, >=64=0.0%
     complete  : 0=0.0%, 4=100.0%, 8=0.0%, 16=0.0%, 32=0.0%, 64=0.1%, >=64=0.0%
     issued rwts: total=16800,0,0,0 short=0,0,0,0 dropped=0,0,0,0
     latency   : target=0, window=0, percentile=100.00%, depth=64
/dev/nvme0n1: (groupid=0, jobs=1): err= 0: pid=1009922: Mon Jun  6 12:26:36 2022
  read: IOPS=1673, BW=6696KiB/s (6857kB/s)(65.7MiB/10054msec)
    slat (usec): min=2, max=292, avg=15.04, stdev=10.65
    clat (usec): min=1256, max=125380, avg=38201.91, stdev=17939.99
     lat (usec): min=1266, max=125389, avg=38217.30, stdev=17940.41
    clat percentiles (usec):
     |  1.00th=[  1385],  5.00th=[  1680], 10.00th=[  2073], 20.00th=[ 26870],
     | 30.00th=[ 32375], 40.00th=[ 35914], 50.00th=[ 39584], 60.00th=[ 43779],
     | 70.00th=[ 47973], 80.00th=[ 51643], 90.00th=[ 57934], 95.00th=[ 63701],
     | 99.00th=[ 80217], 99.50th=[ 88605], 99.90th=[105382], 99.95th=[107480],
     | 99.99th=[121111]
   bw (  KiB/s): min= 5640, max=10240, per=25.08%, avg=6706.80, stdev=1116.78, samples=20
   iops        : min= 1410, max= 2560, avg=1676.70, stdev=279.19, samples=20
  lat (msec)   : 2=9.82%, 4=0.46%, 10=1.43%, 20=2.06%, 50=62.26%
  lat (msec)   : 100=23.80%, 250=0.17%
  cpu          : usr=1.98%, sys=3.79%, ctx=4951, majf=0, minf=77
  IO depths    : 1=0.1%, 2=0.1%, 4=0.1%, 8=0.1%, 16=0.1%, 32=0.2%, >=64=99.6%
     submit    : 0=0.0%, 4=100.0%, 8=0.0%, 16=0.0%, 32=0.0%, 64=0.0%, >=64=0.0%
     complete  : 0=0.0%, 4=100.0%, 8=0.0%, 16=0.0%, 32=0.0%, 64=0.1%, >=64=0.0%
     issued rwts: total=16830,0,0,0 short=0,0,0,0 dropped=0,0,0,0
     latency   : target=0, window=0, percentile=100.00%, depth=64
/dev/nvme0n1: (groupid=0, jobs=1): err= 0: pid=1009923: Mon Jun  6 12:26:36 2022
  read: IOPS=1671, BW=6684KiB/s (6845kB/s)(65.6MiB/10056msec)
    slat (usec): min=2, max=154, avg=14.97, stdev=10.45
    clat (usec): min=1244, max=120827, avg=38273.69, stdev=18051.73
     lat (usec): min=1257, max=120835, avg=38288.99, stdev=18052.07
    clat percentiles (usec):
     |  1.00th=[  1418],  5.00th=[  1713], 10.00th=[  2114], 20.00th=[ 26870],
     | 30.00th=[ 32375], 40.00th=[ 35914], 50.00th=[ 39584], 60.00th=[ 44303],
     | 70.00th=[ 48497], 80.00th=[ 51643], 90.00th=[ 57934], 95.00th=[ 63701],
     | 99.00th=[ 81265], 99.50th=[ 88605], 99.90th=[105382], 99.95th=[107480],
     | 99.99th=[121111]
   bw (  KiB/s): min= 5448, max=10528, per=25.05%, avg=6696.40, stdev=1172.25, samples=20
   iops        : min= 1362, max= 2632, avg=1674.10, stdev=293.06, samples=20
  lat (msec)   : 2=9.81%, 4=0.55%, 10=1.36%, 20=2.43%, 50=61.87%
  lat (msec)   : 100=23.80%, 250=0.18%
  cpu          : usr=2.22%, sys=3.51%, ctx=4786, majf=0, minf=77
  IO depths    : 1=0.1%, 2=0.1%, 4=0.1%, 8=0.1%, 16=0.1%, 32=0.2%, >=64=99.6%
     submit    : 0=0.0%, 4=100.0%, 8=0.0%, 16=0.0%, 32=0.0%, 64=0.0%, >=64=0.0%
     complete  : 0=0.0%, 4=100.0%, 8=0.0%, 16=0.0%, 32=0.0%, 64=0.1%, >=64=0.0%
     issued rwts: total=16804,0,0,0 short=0,0,0,0 dropped=0,0,0,0
     latency   : target=0, window=0, percentile=100.00%, depth=64
/dev/nvme0n1: (groupid=0, jobs=1): err= 0: pid=1009924: Mon Jun  6 12:26:36 2022
  read: IOPS=1670, BW=6683KiB/s (6843kB/s)(65.6MiB/10054msec)
    slat (usec): min=2, max=114, avg=14.88, stdev=10.37
    clat (usec): min=727, max=123772, avg=38279.09, stdev=17906.17
     lat (usec): min=762, max=123781, avg=38294.31, stdev=17906.47
    clat percentiles (usec):
     |  1.00th=[  1401],  5.00th=[  1762], 10.00th=[  2606], 20.00th=[ 27395],
     | 30.00th=[ 32637], 40.00th=[ 35914], 50.00th=[ 39584], 60.00th=[ 43779],
     | 70.00th=[ 47449], 80.00th=[ 51119], 90.00th=[ 57934], 95.00th=[ 64226],
     | 99.00th=[ 81265], 99.50th=[ 89654], 99.90th=[105382], 99.95th=[107480],
     | 99.99th=[121111]
   bw (  KiB/s): min= 5664, max= 9544, per=25.03%, avg=6693.60, stdev=984.96, samples=20
   iops        : min= 1416, max= 2386, avg=1673.40, stdev=246.24, samples=20
  lat (usec)   : 750=0.01%
  lat (msec)   : 2=9.16%, 4=0.93%, 10=1.57%, 20=1.78%, 50=63.49%
  lat (msec)   : 100=22.89%, 250=0.17%
  cpu          : usr=2.47%, sys=3.26%, ctx=4850, majf=0, minf=78
  IO depths    : 1=0.1%, 2=0.1%, 4=0.1%, 8=0.1%, 16=0.1%, 32=0.2%, >=64=99.6%
     submit    : 0=0.0%, 4=100.0%, 8=0.0%, 16=0.0%, 32=0.0%, 64=0.0%, >=64=0.0%
     complete  : 0=0.0%, 4=100.0%, 8=0.0%, 16=0.0%, 32=0.0%, 64=0.1%, >=64=0.0%
     issued rwts: total=16797,0,0,0 short=0,0,0,0 dropped=0,0,0,0
     latency   : target=0, window=0, percentile=100.00%, depth=64

Run status group 0 (all jobs):
   READ: bw=26.1MiB/s (27.4MB/s), 6681KiB/s-6696KiB/s (6841kB/s-6857kB/s), io=263MiB (275MB), run=10054-10059msec

Disk stats (read/write):
  nvme0n1: ios=66574/78133, merge=0/0, ticks=2520887/628575, in_queue=3149463, util=100.00%
