/dev/nvme0n1: (g=0): rw=trim, bs=(R) 4096B-1024KiB, (W) 4096B-1024KiB, (T) 4096B-1024KiB, ioengine=libaio, iodepth=32
fio-3.28
Starting 1 process

/dev/nvme0n1: (groupid=0, jobs=1): err= 0: pid=936940: Mon Jun  6 12:01:20 2022
  trim: IOPS=2620, BW=2362MiB/s (2477MB/s)(46.1GiB/20001msec)
    clat (usec): min=268, max=4727, avg=379.98, stdev=105.93
     lat (usec): min=268, max=4727, avg=380.11, stdev=105.94
    clat percentiles (usec):
     |  1.00th=[  285],  5.00th=[  306], 10.00th=[  314], 20.00th=[  334],
     | 30.00th=[  343], 40.00th=[  347], 50.00th=[  351], 60.00th=[  363],
     | 70.00th=[  371], 80.00th=[  396], 90.00th=[  465], 95.00th=[  537],
     | 99.00th=[  889], 99.50th=[  922], 99.90th=[ 1172], 99.95th=[ 1270],
     | 99.99th=[ 1958]
   bw (  MiB/s): min= 2317, max= 2410, per=100.00%, avg=2363.84, stdev=26.47, samples=39
   iops        : min= 2572, max= 2658, avg=2622.87, stdev=16.68, samples=39
  lat (usec)   : 500=92.54%, 750=4.80%, 1000=2.46%
  lat (msec)   : 2=0.18%, 4=0.01%, 10=0.01%
  cpu          : usr=1.97%, sys=2.90%, ctx=52420, majf=0, minf=10
  IO depths    : 1=100.0%, 2=0.0%, 4=0.0%, 8=0.0%, 16=0.0%, 32=0.0%, >=64=0.0%
     submit    : 0=0.0%, 4=100.0%, 8=0.0%, 16=0.0%, 32=0.0%, 64=0.0%, >=64=0.0%
     complete  : 0=0.0%, 4=100.0%, 8=0.0%, 16=0.0%, 32=0.0%, 64=0.0%, >=64=0.0%
     issued rwts: total=0,0,52418,0 short=0,0,0,0 dropped=0,0,0,0
     latency   : target=0, window=0, percentile=100.00%, depth=32

Run status group 0 (all jobs):
   TRIM: bw=2362MiB/s (2477MB/s), 2362MiB/s-2362MiB/s (2477MB/s-2477MB/s), io=46.1GiB (49.5GB), run=20001-20001msec

Disk stats (read/write):
  nvme0n1: ios=51/0, merge=0/0, ticks=5/0, in_queue=18976, util=99.60%
