/dev/nvme0n1: (g=0): rw=read, bs=(R) 4096B-4096B, (W) 4096B-4096B, (T) 4096B-4096B, ioengine=libaio, iodepth=64
...
fio-3.28
Starting 4 processes

/dev/nvme0n1: (groupid=0, jobs=1): err= 0: pid=55617: Wed Jun  8 14:30:45 2022
  read: IOPS=41.1k, BW=161MiB/s (168MB/s)(4817MiB/30002msec)
    slat (nsec): min=1889, max=503124, avg=3579.64, stdev=2758.14
    clat (usec): min=1041, max=3110, avg=1552.52, stdev=24.23
     lat (usec): min=1050, max=3114, avg=1556.17, stdev=23.99
    clat percentiles (usec):
     |  1.00th=[ 1500],  5.00th=[ 1516], 10.00th=[ 1532], 20.00th=[ 1532],
     | 30.00th=[ 1549], 40.00th=[ 1549], 50.00th=[ 1549], 60.00th=[ 1549],
     | 70.00th=[ 1565], 80.00th=[ 1565], 90.00th=[ 1582], 95.00th=[ 1582],
     | 99.00th=[ 1614], 99.50th=[ 1631], 99.90th=[ 1663], 99.95th=[ 1663],
     | 99.99th=[ 1811]
   bw (  KiB/s): min=163352, max=165880, per=25.01%, avg=164483.93, stdev=655.52, samples=59
   iops        : min=40838, max=41470, avg=41120.98, stdev=163.88, samples=59
  lat (msec)   : 2=99.99%, 4=0.01%
  cpu          : usr=9.60%, sys=17.96%, ctx=456279, majf=0, minf=77
  IO depths    : 1=0.1%, 2=0.1%, 4=0.1%, 8=0.1%, 16=0.1%, 32=0.1%, >=64=100.0%
     submit    : 0=0.0%, 4=100.0%, 8=0.0%, 16=0.0%, 32=0.0%, 64=0.0%, >=64=0.0%
     complete  : 0=0.0%, 4=100.0%, 8=0.0%, 16=0.0%, 32=0.0%, 64=0.1%, >=64=0.0%
     issued rwts: total=1233097,0,0,0 short=0,0,0,0 dropped=0,0,0,0
     latency   : target=0, window=0, percentile=100.00%, depth=64
/dev/nvme0n1: (groupid=0, jobs=1): err= 0: pid=55618: Wed Jun  8 14:30:45 2022
  read: IOPS=41.1k, BW=161MiB/s (168MB/s)(4818MiB/30002msec)
    slat (nsec): min=1905, max=79420, avg=3558.92, stdev=2676.32
    clat (usec): min=1034, max=3072, avg=1552.04, stdev=23.43
     lat (usec): min=1042, max=3076, avg=1555.67, stdev=23.18
    clat percentiles (usec):
     |  1.00th=[ 1500],  5.00th=[ 1516], 10.00th=[ 1532], 20.00th=[ 1532],
     | 30.00th=[ 1549], 40.00th=[ 1549], 50.00th=[ 1549], 60.00th=[ 1549],
     | 70.00th=[ 1565], 80.00th=[ 1565], 90.00th=[ 1582], 95.00th=[ 1582],
     | 99.00th=[ 1614], 99.50th=[ 1631], 99.90th=[ 1663], 99.95th=[ 1680],
     | 99.99th=[ 1958]
   bw (  KiB/s): min=163352, max=166272, per=25.02%, avg=164536.00, stdev=728.27, samples=59
   iops        : min=40838, max=41568, avg=41133.97, stdev=182.11, samples=59
  lat (msec)   : 2=99.99%, 4=0.01%
  cpu          : usr=9.83%, sys=17.72%, ctx=472454, majf=0, minf=77
  IO depths    : 1=0.1%, 2=0.1%, 4=0.1%, 8=0.1%, 16=0.1%, 32=0.1%, >=64=100.0%
     submit    : 0=0.0%, 4=100.0%, 8=0.0%, 16=0.0%, 32=0.0%, 64=0.0%, >=64=0.0%
     complete  : 0=0.0%, 4=100.0%, 8=0.0%, 16=0.0%, 32=0.0%, 64=0.1%, >=64=0.0%
     issued rwts: total=1233490,0,0,0 short=0,0,0,0 dropped=0,0,0,0
     latency   : target=0, window=0, percentile=100.00%, depth=64
/dev/nvme0n1: (groupid=0, jobs=1): err= 0: pid=55619: Wed Jun  8 14:30:45 2022
  read: IOPS=41.1k, BW=161MiB/s (168MB/s)(4818MiB/30002msec)
    slat (nsec): min=1882, max=517270, avg=3558.92, stdev=2740.65
    clat (usec): min=1032, max=3448, avg=1552.27, stdev=27.08
     lat (usec): min=1040, max=3450, avg=1555.91, stdev=26.86
    clat percentiles (usec):
     |  1.00th=[ 1500],  5.00th=[ 1516], 10.00th=[ 1532], 20.00th=[ 1532],
     | 30.00th=[ 1549], 40.00th=[ 1549], 50.00th=[ 1549], 60.00th=[ 1549],
     | 70.00th=[ 1565], 80.00th=[ 1565], 90.00th=[ 1582], 95.00th=[ 1582],
     | 99.00th=[ 1614], 99.50th=[ 1631], 99.90th=[ 1663], 99.95th=[ 1680],
     | 99.99th=[ 2474]
   bw (  KiB/s): min=163336, max=166120, per=25.01%, avg=164513.36, stdev=717.08, samples=59
   iops        : min=40834, max=41530, avg=41128.34, stdev=179.27, samples=59
  lat (msec)   : 2=99.99%, 4=0.01%
  cpu          : usr=9.18%, sys=18.36%, ctx=466080, majf=0, minf=76
  IO depths    : 1=0.1%, 2=0.1%, 4=0.1%, 8=0.1%, 16=0.1%, 32=0.1%, >=64=100.0%
     submit    : 0=0.0%, 4=100.0%, 8=0.0%, 16=0.0%, 32=0.0%, 64=0.0%, >=64=0.0%
     complete  : 0=0.0%, 4=100.0%, 8=0.0%, 16=0.0%, 32=0.0%, 64=0.1%, >=64=0.0%
     issued rwts: total=1233299,0,0,0 short=0,0,0,0 dropped=0,0,0,0
     latency   : target=0, window=0, percentile=100.00%, depth=64
/dev/nvme0n1: (groupid=0, jobs=1): err= 0: pid=55620: Wed Jun  8 14:30:45 2022
  read: IOPS=41.1k, BW=161MiB/s (168MB/s)(4818MiB/30001msec)
    slat (nsec): min=1894, max=175850, avg=3572.36, stdev=2702.72
    clat (usec): min=1047, max=4104, avg=1552.22, stdev=26.06
     lat (usec): min=1060, max=4109, avg=1555.88, stdev=25.84
    clat percentiles (usec):
     |  1.00th=[ 1500],  5.00th=[ 1516], 10.00th=[ 1532], 20.00th=[ 1532],
     | 30.00th=[ 1549], 40.00th=[ 1549], 50.00th=[ 1549], 60.00th=[ 1549],
     | 70.00th=[ 1565], 80.00th=[ 1565], 90.00th=[ 1582], 95.00th=[ 1582],
     | 99.00th=[ 1614], 99.50th=[ 1631], 99.90th=[ 1663], 99.95th=[ 1663],
     | 99.99th=[ 2180]
   bw (  KiB/s): min=163352, max=166328, per=25.01%, avg=164518.92, stdev=722.25, samples=59
   iops        : min=40838, max=41582, avg=41129.73, stdev=180.56, samples=59
  lat (msec)   : 2=99.99%, 4=0.01%, 10=0.01%
  cpu          : usr=10.21%, sys=17.46%, ctx=474630, majf=0, minf=78
  IO depths    : 1=0.1%, 2=0.1%, 4=0.1%, 8=0.1%, 16=0.1%, 32=0.1%, >=64=100.0%
     submit    : 0=0.0%, 4=100.0%, 8=0.0%, 16=0.0%, 32=0.0%, 64=0.0%, >=64=0.0%
     complete  : 0=0.0%, 4=100.0%, 8=0.0%, 16=0.0%, 32=0.0%, 64=0.1%, >=64=0.0%
     issued rwts: total=1233299,0,0,0 short=0,0,0,0 dropped=0,0,0,0
     latency   : target=0, window=0, percentile=100.00%, depth=64

Run status group 0 (all jobs):
   READ: bw=642MiB/s (673MB/s), 161MiB/s-161MiB/s (168MB/s-168MB/s), io=18.8GiB (20.2GB), run=30001-30002msec

Disk stats (read/write):
  nvme0n1: ios=4915933/0, merge=0/0, ticks=7590691/0, in_queue=7590691, util=99.71%
