/dev/nvme0n1: (g=0): rw=read, bs=(R) 4096B-4096B, (W) 4096B-4096B, (T) 4096B-4096B, ioengine=libaio, iodepth=64
...
fio-3.28
Starting 4 processes

/dev/nvme0n1: (groupid=0, jobs=1): err= 0: pid=1010007: Mon Jun  6 12:26:57 2022
  read: IOPS=988, BW=3952KiB/s (4047kB/s)(39.9MiB/10334msec)
    slat (usec): min=7, max=142, avg=14.93, stdev=12.59
    clat (usec): min=1664, max=383602, avg=64709.47, stdev=31473.61
     lat (usec): min=1687, max=383613, avg=64724.73, stdev=31473.92
    clat percentiles (msec):
     |  1.00th=[   24],  5.00th=[   37], 10.00th=[   43], 20.00th=[   48],
     | 30.00th=[   52], 40.00th=[   57], 50.00th=[   60], 60.00th=[   64],
     | 70.00th=[   69], 80.00th=[   77], 90.00th=[   90], 95.00th=[  105],
     | 99.00th=[  171], 99.50th=[  351], 99.90th=[  368], 99.95th=[  376],
     | 99.99th=[  376]
   bw (  KiB/s): min= 2376, max= 6008, per=25.72%, avg=4058.70, stdev=808.64, samples=20
   iops        : min=  594, max= 1502, avg=1014.65, stdev=202.14, samples=20
  lat (msec)   : 2=0.08%, 10=0.11%, 20=0.25%, 50=25.39%, 100=68.30%
  lat (msec)   : 250=5.25%, 500=0.62%
  cpu          : usr=1.43%, sys=1.97%, ctx=2241, majf=0, minf=79
  IO depths    : 1=0.1%, 2=0.1%, 4=0.1%, 8=0.1%, 16=0.2%, 32=0.3%, >=64=99.4%
     submit    : 0=0.0%, 4=100.0%, 8=0.0%, 16=0.0%, 32=0.0%, 64=0.0%, >=64=0.0%
     complete  : 0=0.0%, 4=100.0%, 8=0.0%, 16=0.0%, 32=0.0%, 64=0.1%, >=64=0.0%
     issued rwts: total=10211,0,0,0 short=0,0,0,0 dropped=0,0,0,0
     latency   : target=0, window=0, percentile=100.00%, depth=64
/dev/nvme0n1: (groupid=0, jobs=1): err= 0: pid=1010008: Mon Jun  6 12:26:57 2022
  read: IOPS=985, BW=3940KiB/s (4035kB/s)(39.8MiB/10334msec)
    slat (usec): min=7, max=197, avg=14.62, stdev=12.21
    clat (msec): min=2, max=388, avg=64.91, stdev=31.61
     lat (msec): min=2, max=388, avg=64.92, stdev=31.61
    clat percentiles (msec):
     |  1.00th=[   23],  5.00th=[   37], 10.00th=[   43], 20.00th=[   48],
     | 30.00th=[   52], 40.00th=[   56], 50.00th=[   60], 60.00th=[   64],
     | 70.00th=[   69], 80.00th=[   77], 90.00th=[   92], 95.00th=[  107],
     | 99.00th=[  155], 99.50th=[  342], 99.90th=[  376], 99.95th=[  384],
     | 99.99th=[  384]
   bw (  KiB/s): min= 2416, max= 5864, per=25.64%, avg=4046.30, stdev=805.43, samples=20
   iops        : min=  604, max= 1466, avg=1011.55, stdev=201.34, samples=20
  lat (msec)   : 4=0.07%, 10=0.28%, 20=0.32%, 50=24.96%, 100=68.03%
  lat (msec)   : 250=5.73%, 500=0.62%
  cpu          : usr=1.23%, sys=2.13%, ctx=2214, majf=0, minf=78
  IO depths    : 1=0.1%, 2=0.1%, 4=0.1%, 8=0.1%, 16=0.2%, 32=0.3%, >=64=99.4%
     submit    : 0=0.0%, 4=100.0%, 8=0.0%, 16=0.0%, 32=0.0%, 64=0.0%, >=64=0.0%
     complete  : 0=0.0%, 4=100.0%, 8=0.0%, 16=0.0%, 32=0.0%, 64=0.1%, >=64=0.0%
     issued rwts: total=10180,0,0,0 short=0,0,0,0 dropped=0,0,0,0
     latency   : target=0, window=0, percentile=100.00%, depth=64
/dev/nvme0n1: (groupid=0, jobs=1): err= 0: pid=1010009: Mon Jun  6 12:26:57 2022
  read: IOPS=985, BW=3940KiB/s (4035kB/s)(39.8MiB/10334msec)
    slat (usec): min=7, max=407, avg=14.86, stdev=12.81
    clat (usec): min=1706, max=386806, avg=64907.68, stdev=32423.51
     lat (usec): min=1764, max=386834, avg=64922.87, stdev=32424.02
    clat percentiles (msec):
     |  1.00th=[   24],  5.00th=[   37], 10.00th=[   42], 20.00th=[   48],
     | 30.00th=[   52], 40.00th=[   56], 50.00th=[   60], 60.00th=[   64],
     | 70.00th=[   69], 80.00th=[   77], 90.00th=[   92], 95.00th=[  106],
     | 99.00th=[  165], 99.50th=[  351], 99.90th=[  384], 99.95th=[  384],
     | 99.99th=[  384]
   bw (  KiB/s): min= 2304, max= 6288, per=25.63%, avg=4045.90, stdev=855.10, samples=20
   iops        : min=  576, max= 1572, avg=1011.45, stdev=213.76, samples=20
  lat (msec)   : 2=0.06%, 10=0.30%, 20=0.25%, 50=24.44%, 100=68.52%
  lat (msec)   : 250=5.81%, 500=0.62%
  cpu          : usr=1.59%, sys=1.89%, ctx=2399, majf=0, minf=79
  IO depths    : 1=0.1%, 2=0.1%, 4=0.1%, 8=0.1%, 16=0.2%, 32=0.3%, >=64=99.4%
     submit    : 0=0.0%, 4=100.0%, 8=0.0%, 16=0.0%, 32=0.0%, 64=0.0%, >=64=0.0%
     complete  : 0=0.0%, 4=100.0%, 8=0.0%, 16=0.0%, 32=0.0%, 64=0.1%, >=64=0.0%
     issued rwts: total=10179,0,0,0 short=0,0,0,0 dropped=0,0,0,0
     latency   : target=0, window=0, percentile=100.00%, depth=64
/dev/nvme0n1: (groupid=0, jobs=1): err= 0: pid=1010010: Mon Jun  6 12:26:57 2022
  read: IOPS=986, BW=3947KiB/s (4042kB/s)(39.8MiB/10334msec)
    slat (usec): min=7, max=107, avg=14.79, stdev=11.95
    clat (usec): min=1626, max=383981, avg=64795.01, stdev=32054.87
     lat (usec): min=1670, max=383992, avg=64810.13, stdev=32055.19
    clat percentiles (msec):
     |  1.00th=[   23],  5.00th=[   37], 10.00th=[   43], 20.00th=[   48],
     | 30.00th=[   52], 40.00th=[   56], 50.00th=[   60], 60.00th=[   64],
     | 70.00th=[   69], 80.00th=[   78], 90.00th=[   91], 95.00th=[  105],
     | 99.00th=[  169], 99.50th=[  351], 99.90th=[  380], 99.95th=[  384],
     | 99.99th=[  384]
   bw (  KiB/s): min= 2344, max= 6112, per=25.68%, avg=4053.50, stdev=849.61, samples=20
   iops        : min=  586, max= 1528, avg=1013.35, stdev=212.39, samples=20
  lat (msec)   : 2=0.01%, 4=0.15%, 10=0.32%, 20=0.46%, 50=24.50%
  lat (msec)   : 100=68.43%, 250=5.50%, 500=0.62%
  cpu          : usr=1.06%, sys=2.35%, ctx=2312, majf=0, minf=78
  IO depths    : 1=0.1%, 2=0.1%, 4=0.1%, 8=0.1%, 16=0.2%, 32=0.3%, >=64=99.4%
     submit    : 0=0.0%, 4=100.0%, 8=0.0%, 16=0.0%, 32=0.0%, 64=0.0%, >=64=0.0%
     complete  : 0=0.0%, 4=100.0%, 8=0.0%, 16=0.0%, 32=0.0%, 64=0.1%, >=64=0.0%
     issued rwts: total=10198,0,0,0 short=0,0,0,0 dropped=0,0,0,0
     latency   : target=0, window=0, percentile=100.00%, depth=64

Run status group 0 (all jobs):
   READ: bw=15.4MiB/s (16.2MB/s), 3940KiB/s-3952KiB/s (4035kB/s-4047kB/s), io=159MiB (167MB), run=10334-10334msec

Disk stats (read/write):
  nvme0n1: ios=40566/78893, merge=0/0, ticks=2551387/641381, in_queue=3192768, util=100.00%
