/dev/nvme0n1: (g=0): rw=randwrite, bs=(R) 512B-64.0KiB, (W) 512B-64.0KiB, (T) 512B-64.0KiB, ioengine=libaio, iodepth=16
...
fio-3.28
Starting 2 processes

/dev/nvme0n1: (groupid=0, jobs=1): err= 0: pid=1002125: Mon Jun  6 12:24:16 2022
  write: IOPS=1901, BW=14.1MiB/s (14.7MB/s)(281MiB/20008msec); 0 zone resets
    slat (nsec): min=1892, max=177937, avg=16576.08, stdev=12075.76
    clat (usec): min=6423, max=35330, avg=8392.73, stdev=3061.51
     lat (usec): min=6446, max=35363, avg=8409.62, stdev=3062.02
    clat percentiles (usec):
     |  1.00th=[ 6849],  5.00th=[ 7046], 10.00th=[ 7111], 20.00th=[ 7308],
     | 30.00th=[ 7439], 40.00th=[ 7570], 50.00th=[ 7701], 60.00th=[ 7832],
     | 70.00th=[ 8029], 80.00th=[ 8225], 90.00th=[ 8848], 95.00th=[10945],
     | 99.00th=[24249], 99.50th=[25035], 99.90th=[29754], 99.95th=[32637],
     | 99.99th=[35390]
   bw (  KiB/s): min= 6645, max=16735, per=49.40%, avg=14321.46, stdev=2890.92, samples=39
   iops        : min=  976, max= 2176, avg=1897.51, stdev=362.86, samples=39
  lat (msec)   : 10=93.98%, 20=2.29%, 50=3.72%
  cpu          : usr=2.01%, sys=4.32%, ctx=10724, majf=0, minf=12
  IO depths    : 1=0.1%, 2=0.1%, 4=0.1%, 8=0.1%, 16=100.0%, 32=0.0%, >=64=0.0%
     submit    : 0=0.0%, 4=100.0%, 8=0.0%, 16=0.0%, 32=0.0%, 64=0.0%, >=64=0.0%
     complete  : 0=0.0%, 4=100.0%, 8=0.0%, 16=0.1%, 32=0.0%, 64=0.0%, >=64=0.0%
     issued rwts: total=0,38048,0,0 short=0,0,0,0 dropped=0,0,0,0
     latency   : target=0, window=0, percentile=100.00%, depth=16
/dev/nvme0n1: (groupid=0, jobs=1): err= 0: pid=1002126: Mon Jun  6 12:24:16 2022
  write: IOPS=1902, BW=14.3MiB/s (14.9MB/s)(285MiB/20006msec); 0 zone resets
    slat (nsec): min=1964, max=153653, avg=15186.77, stdev=10909.28
    clat (usec): min=6088, max=35138, avg=8388.41, stdev=3072.39
     lat (usec): min=6120, max=35147, avg=8403.90, stdev=3072.89
    clat percentiles (usec):
     |  1.00th=[ 6849],  5.00th=[ 7046], 10.00th=[ 7111], 20.00th=[ 7308],
     | 30.00th=[ 7439], 40.00th=[ 7570], 50.00th=[ 7701], 60.00th=[ 7832],
     | 70.00th=[ 8029], 80.00th=[ 8225], 90.00th=[ 8848], 95.00th=[10945],
     | 99.00th=[23987], 99.50th=[24773], 99.90th=[30016], 99.95th=[34866],
     | 99.99th=[34866]
   bw (  KiB/s): min= 6910, max=17965, per=50.15%, avg=14540.85, stdev=2985.97, samples=39
   iops        : min=  972, max= 2176, avg=1898.62, stdev=363.59, samples=39
  lat (msec)   : 10=94.05%, 20=2.22%, 50=3.73%
  cpu          : usr=1.96%, sys=3.95%, ctx=10216, majf=0, minf=14
  IO depths    : 1=0.1%, 2=0.1%, 4=0.1%, 8=0.1%, 16=100.0%, 32=0.0%, >=64=0.0%
     submit    : 0=0.0%, 4=100.0%, 8=0.0%, 16=0.0%, 32=0.0%, 64=0.0%, >=64=0.0%
     complete  : 0=0.0%, 4=100.0%, 8=0.0%, 16=0.1%, 32=0.0%, 64=0.0%, >=64=0.0%
     issued rwts: total=0,38070,0,0 short=0,0,0,0 dropped=0,0,0,0
     latency   : target=0, window=0, percentile=100.00%, depth=16

Run status group 0 (all jobs):
  WRITE: bw=28.3MiB/s (29.7MB/s), 14.1MiB/s-14.3MiB/s (14.7MB/s-14.9MB/s), io=566MiB (594MB), run=20006-20008msec

Disk stats (read/write):
  nvme0n1: ios=48/227740, merge=0/0, ticks=127/1900262, in_queue=1900389, util=100.00%
