/dev/nvme0n1: (g=0): rw=randread, bs=(R) 4096B-4096B, (W) 4096B-4096B, (T) 4096B-4096B, ioengine=libaio, iodepth=32
...
fio-3.28
Starting 2 processes

/dev/nvme0n1: (groupid=0, jobs=1): err= 0: pid=1622467: Mon Jun  6 14:53:23 2022
  read: IOPS=212k, BW=829MiB/s (869MB/s)(8287MiB/10001msec)
    slat (nsec): min=1700, max=598025, avg=2794.78, stdev=1778.95
    clat (usec): min=34, max=4066, avg=147.61, stdev=87.01
     lat (usec): min=38, max=4074, avg=150.47, stdev=87.07
    clat percentiles (usec):
     |  1.00th=[   63],  5.00th=[   69], 10.00th=[   74], 20.00th=[   82],
     | 30.00th=[   92], 40.00th=[  106], 50.00th=[  123], 60.00th=[  141],
     | 70.00th=[  165], 80.00th=[  200], 90.00th=[  258], 95.00th=[  318],
     | 99.00th=[  453], 99.50th=[  506], 99.90th=[  644], 99.95th=[  725],
     | 99.99th=[ 1778]
   bw (  KiB/s): min=773048, max=855760, per=50.06%, avg=848936.00, stdev=18457.42, samples=19
   iops        : min=193262, max=213940, avg=212234.11, stdev=4614.39, samples=19
  lat (usec)   : 50=0.05%, 100=36.11%, 250=52.92%, 500=10.38%, 750=0.50%
  lat (usec)   : 1000=0.02%
  lat (msec)   : 2=0.02%, 4=0.01%, 10=0.01%
  cpu          : usr=33.26%, sys=57.70%, ctx=174841, majf=0, minf=41
  IO depths    : 1=0.1%, 2=0.1%, 4=0.1%, 8=0.1%, 16=0.1%, 32=100.0%, >=64=0.0%
     submit    : 0=0.0%, 4=100.0%, 8=0.0%, 16=0.0%, 32=0.0%, 64=0.0%, >=64=0.0%
     complete  : 0=0.0%, 4=100.0%, 8=0.0%, 16=0.0%, 32=0.1%, 64=0.0%, >=64=0.0%
     issued rwts: total=2121381,0,0,0 short=0,0,0,0 dropped=0,0,0,0
     latency   : target=0, window=0, percentile=100.00%, depth=32
/dev/nvme0n1: (groupid=0, jobs=1): err= 0: pid=1622468: Mon Jun  6 14:53:23 2022
  read: IOPS=212k, BW=827MiB/s (868MB/s)(8275MiB/10001msec)
    slat (nsec): min=1716, max=202328, avg=2805.24, stdev=1643.99
    clat (usec): min=34, max=3761, avg=147.82, stdev=87.15
     lat (usec): min=39, max=3770, avg=150.68, stdev=87.21
    clat percentiles (usec):
     |  1.00th=[   63],  5.00th=[   69], 10.00th=[   74], 20.00th=[   83],
     | 30.00th=[   92], 40.00th=[  106], 50.00th=[  123], 60.00th=[  141],
     | 70.00th=[  165], 80.00th=[  200], 90.00th=[  258], 95.00th=[  318],
     | 99.00th=[  453], 99.50th=[  506], 99.90th=[  644], 99.95th=[  717],
     | 99.99th=[ 1795]
   bw (  KiB/s): min=772168, max=854488, per=49.99%, avg=847660.63, stdev=18345.24, samples=19
   iops        : min=193042, max=213622, avg=211915.16, stdev=4586.31, samples=19
  lat (usec)   : 50=0.04%, 100=36.04%, 250=52.94%, 500=10.43%, 750=0.51%
  lat (usec)   : 1000=0.02%
  lat (msec)   : 2=0.02%, 4=0.01%
  cpu          : usr=32.85%, sys=58.19%, ctx=173330, majf=0, minf=45
  IO depths    : 1=0.1%, 2=0.1%, 4=0.1%, 8=0.1%, 16=0.1%, 32=100.0%, >=64=0.0%
     submit    : 0=0.0%, 4=100.0%, 8=0.0%, 16=0.0%, 32=0.0%, 64=0.0%, >=64=0.0%
     complete  : 0=0.0%, 4=100.0%, 8=0.0%, 16=0.0%, 32=0.1%, 64=0.0%, >=64=0.0%
     issued rwts: total=2118321,0,0,0 short=0,0,0,0 dropped=0,0,0,0
     latency   : target=0, window=0, percentile=100.00%, depth=32

Run status group 0 (all jobs):
   READ: bw=1656MiB/s (1736MB/s), 827MiB/s-829MiB/s (868MB/s-869MB/s), io=16.2GiB (17.4GB), run=10001-10001msec

Disk stats (read/write):
  nvme0n1: ios=4195954/0, merge=0/0, ticks=566374/0, in_queue=566374, util=99.10%
