/dev/nvme0n1: (g=0): rw=read, bs=(R) 4096B-4096B, (W) 4096B-4096B, (T) 4096B-4096B, ioengine=libaio, iodepth=64
...
fio-3.28
Starting 4 processes

/dev/nvme0n1: (groupid=0, jobs=1): err= 0: pid=827564: Mon Jun  6 14:47:11 2022
  read: IOPS=39.7k, BW=155MiB/s (163MB/s)(1550MiB/10002msec)
    slat (nsec): min=1860, max=57679, avg=3492.32, stdev=2546.63
    clat (usec): min=914, max=2200, avg=1608.53, stdev=19.86
     lat (usec): min=923, max=2218, avg=1612.11, stdev=19.48
    clat percentiles (usec):
     |  1.00th=[ 1565],  5.00th=[ 1582], 10.00th=[ 1598], 20.00th=[ 1598],
     | 30.00th=[ 1614], 40.00th=[ 1614], 50.00th=[ 1614], 60.00th=[ 1614],
     | 70.00th=[ 1614], 80.00th=[ 1614], 90.00th=[ 1614], 95.00th=[ 1631],
     | 99.00th=[ 1663], 99.50th=[ 1680], 99.90th=[ 1696], 99.95th=[ 1713],
     | 99.99th=[ 1975]
   bw (  KiB/s): min=158536, max=159976, per=25.01%, avg=158763.37, stdev=309.18, samples=19
   iops        : min=39634, max=39994, avg=39690.95, stdev=77.26, samples=19
  lat (usec)   : 1000=0.01%
  lat (msec)   : 2=99.99%, 4=0.01%
  cpu          : usr=8.52%, sys=17.99%, ctx=191676, majf=0, minf=76
  IO depths    : 1=0.1%, 2=0.1%, 4=0.1%, 8=0.1%, 16=0.1%, 32=0.1%, >=64=100.0%
     submit    : 0=0.0%, 4=100.0%, 8=0.0%, 16=0.0%, 32=0.0%, 64=0.0%, >=64=0.0%
     complete  : 0=0.0%, 4=100.0%, 8=0.0%, 16=0.0%, 32=0.0%, 64=0.1%, >=64=0.0%
     issued rwts: total=396811,0,0,0 short=0,0,0,0 dropped=0,0,0,0
     latency   : target=0, window=0, percentile=100.00%, depth=64
/dev/nvme0n1: (groupid=0, jobs=1): err= 0: pid=827565: Mon Jun  6 14:47:11 2022
  read: IOPS=39.7k, BW=155MiB/s (163MB/s)(1550MiB/10001msec)
    slat (nsec): min=1875, max=81422, avg=3492.19, stdev=2547.94
    clat (usec): min=919, max=2486, avg=1608.16, stdev=21.25
     lat (usec): min=928, max=2492, avg=1611.74, stdev=20.85
    clat percentiles (usec):
     |  1.00th=[ 1549],  5.00th=[ 1582], 10.00th=[ 1598], 20.00th=[ 1598],
     | 30.00th=[ 1614], 40.00th=[ 1614], 50.00th=[ 1614], 60.00th=[ 1614],
     | 70.00th=[ 1614], 80.00th=[ 1614], 90.00th=[ 1631], 95.00th=[ 1631],
     | 99.00th=[ 1663], 99.50th=[ 1680], 99.90th=[ 1713], 99.95th=[ 1745],
     | 99.99th=[ 2024]
   bw (  KiB/s): min=158360, max=160912, per=25.01%, avg=158780.21, stdev=528.73, samples=19
   iops        : min=39590, max=40228, avg=39695.05, stdev=132.18, samples=19
  lat (usec)   : 1000=0.01%
  lat (msec)   : 2=99.99%, 4=0.01%
  cpu          : usr=9.55%, sys=17.14%, ctx=189876, majf=0, minf=78
  IO depths    : 1=0.1%, 2=0.1%, 4=0.1%, 8=0.1%, 16=0.1%, 32=0.1%, >=64=100.0%
     submit    : 0=0.0%, 4=100.0%, 8=0.0%, 16=0.0%, 32=0.0%, 64=0.0%, >=64=0.0%
     complete  : 0=0.0%, 4=100.0%, 8=0.0%, 16=0.0%, 32=0.0%, 64=0.1%, >=64=0.0%
     issued rwts: total=396876,0,0,0 short=0,0,0,0 dropped=0,0,0,0
     latency   : target=0, window=0, percentile=100.00%, depth=64
/dev/nvme0n1: (groupid=0, jobs=1): err= 0: pid=827566: Mon Jun  6 14:47:11 2022
  read: IOPS=39.7k, BW=155MiB/s (163MB/s)(1550MiB/10002msec)
    slat (nsec): min=1848, max=490968, avg=3480.68, stdev=2672.07
    clat (usec): min=914, max=3218, avg=1608.53, stdev=22.92
     lat (usec): min=924, max=3221, avg=1612.09, stdev=22.65
    clat percentiles (usec):
     |  1.00th=[ 1549],  5.00th=[ 1582], 10.00th=[ 1598], 20.00th=[ 1598],
     | 30.00th=[ 1614], 40.00th=[ 1614], 50.00th=[ 1614], 60.00th=[ 1614],
     | 70.00th=[ 1614], 80.00th=[ 1614], 90.00th=[ 1614], 95.00th=[ 1631],
     | 99.00th=[ 1663], 99.50th=[ 1680], 99.90th=[ 1696], 99.95th=[ 1713],
     | 99.99th=[ 2024]
   bw (  KiB/s): min=158064, max=160032, per=25.01%, avg=158765.89, stdev=361.48, samples=19
   iops        : min=39516, max=40008, avg=39691.47, stdev=90.37, samples=19
  lat (usec)   : 1000=0.01%
  lat (msec)   : 2=99.99%, 4=0.01%
  cpu          : usr=8.37%, sys=18.10%, ctx=200745, majf=0, minf=75
  IO depths    : 1=0.1%, 2=0.1%, 4=0.1%, 8=0.1%, 16=0.1%, 32=0.1%, >=64=100.0%
     submit    : 0=0.0%, 4=100.0%, 8=0.0%, 16=0.0%, 32=0.0%, 64=0.0%, >=64=0.0%
     complete  : 0=0.0%, 4=100.0%, 8=0.0%, 16=0.0%, 32=0.0%, 64=0.1%, >=64=0.0%
     issued rwts: total=396820,0,0,0 short=0,0,0,0 dropped=0,0,0,0
     latency   : target=0, window=0, percentile=100.00%, depth=64
/dev/nvme0n1: (groupid=0, jobs=1): err= 0: pid=827567: Mon Jun  6 14:47:11 2022
  read: IOPS=39.7k, BW=155MiB/s (163MB/s)(1550MiB/10001msec)
    slat (nsec): min=1879, max=88185, avg=3517.99, stdev=2566.05
    clat (usec): min=917, max=2849, avg=1607.99, stdev=21.79
     lat (usec): min=927, max=2851, avg=1611.60, stdev=21.44
    clat percentiles (usec):
     |  1.00th=[ 1549],  5.00th=[ 1582], 10.00th=[ 1598], 20.00th=[ 1598],
     | 30.00th=[ 1614], 40.00th=[ 1614], 50.00th=[ 1614], 60.00th=[ 1614],
     | 70.00th=[ 1614], 80.00th=[ 1614], 90.00th=[ 1614], 95.00th=[ 1631],
     | 99.00th=[ 1663], 99.50th=[ 1680], 99.90th=[ 1713], 99.95th=[ 1745],
     | 99.99th=[ 2343]
   bw (  KiB/s): min=158280, max=160496, per=25.01%, avg=158796.21, stdev=433.08, samples=19
   iops        : min=39570, max=40124, avg=39699.05, stdev=108.27, samples=19
  lat (usec)   : 1000=0.01%
  lat (msec)   : 2=99.98%, 4=0.02%
  cpu          : usr=8.80%, sys=18.32%, ctx=210298, majf=0, minf=77
  IO depths    : 1=0.1%, 2=0.1%, 4=0.1%, 8=0.1%, 16=0.1%, 32=0.1%, >=64=100.0%
     submit    : 0=0.0%, 4=100.0%, 8=0.0%, 16=0.0%, 32=0.0%, 64=0.0%, >=64=0.0%
     complete  : 0=0.0%, 4=100.0%, 8=0.0%, 16=0.0%, 32=0.0%, 64=0.1%, >=64=0.0%
     issued rwts: total=396908,0,0,0 short=0,0,0,0 dropped=0,0,0,0
     latency   : target=0, window=0, percentile=100.00%, depth=64

Run status group 0 (all jobs):
   READ: bw=620MiB/s (650MB/s), 155MiB/s-155MiB/s (163MB/s-163MB/s), io=6201MiB (6502MB), run=10001-10002msec

Disk stats (read/write):
  nvme0n1: ios=1570728/0, merge=0/0, ticks=2518046/0, in_queue=2518047, util=99.05%
