/dev/nvme0n1: (g=0): rw=trim, bs=(R) 4096B-1024KiB, (W) 4096B-1024KiB, (T) 4096B-1024KiB, ioengine=libaio, iodepth=32
fio-3.28
Starting 1 process

/dev/nvme0n1: (groupid=0, jobs=1): err= 0: pid=1029017: Mon Jun  6 13:20:30 2022
  trim: IOPS=2446, BW=2206MiB/s (2313MB/s)(43.1GiB/20001msec)
    clat (usec): min=267, max=4655, avg=405.32, stdev=122.12
     lat (usec): min=267, max=4655, avg=405.55, stdev=122.26
    clat percentiles (usec):
     |  1.00th=[  293],  5.00th=[  314], 10.00th=[  318], 20.00th=[  334],
     | 30.00th=[  338], 40.00th=[  343], 50.00th=[  351], 60.00th=[  367],
     | 70.00th=[  404], 80.00th=[  502], 90.00th=[  553], 95.00th=[  594],
     | 99.00th=[  914], 99.50th=[  922], 99.90th=[  996], 99.95th=[ 1029],
     | 99.99th=[ 1188]
   bw (  MiB/s): min= 2076, max= 2312, per=100.00%, avg=2207.92, stdev=56.32, samples=39
   iops        : min= 2278, max= 2554, avg=2448.97, stdev=57.72, samples=39
  lat (usec)   : 500=79.92%, 750=17.28%, 1000=2.71%
  lat (msec)   : 2=0.08%, 4=0.01%, 10=0.01%
  cpu          : usr=1.67%, sys=6.50%, ctx=48944, majf=0, minf=11
  IO depths    : 1=100.0%, 2=0.0%, 4=0.0%, 8=0.0%, 16=0.0%, 32=0.0%, >=64=0.0%
     submit    : 0=0.0%, 4=100.0%, 8=0.0%, 16=0.0%, 32=0.0%, 64=0.0%, >=64=0.0%
     complete  : 0=0.0%, 4=100.0%, 8=0.0%, 16=0.0%, 32=0.0%, 64=0.0%, >=64=0.0%
     issued rwts: total=0,0,48933,0 short=0,0,0,0 dropped=0,0,0,0
     latency   : target=0, window=0, percentile=100.00%, depth=32

Run status group 0 (all jobs):
   TRIM: bw=2206MiB/s (2313MB/s), 2206MiB/s-2206MiB/s (2313MB/s-2313MB/s), io=43.1GiB (46.3GB), run=20001-20001msec

Disk stats (read/write):
  nvme0n1: ios=48/0, merge=0/0, ticks=4/0, in_queue=18538, util=99.66%
