/dev/nvme0n1: (g=0): rw=randwrite, bs=(R) 4096B-4096B, (W) 4096B-4096B, (T) 4096B-4096B, ioengine=libaio, iodepth=32
...
fio-3.28
Starting 2 processes

/dev/nvme0n1: (groupid=0, jobs=1): err= 0: pid=1022829: Mon Jun  6 13:15:37 2022
  write: IOPS=50.5k, BW=197MiB/s (207MB/s)(5921MiB/30012msec); 0 zone resets
    slat (nsec): min=1780, max=519260, avg=6534.29, stdev=3609.85
    clat (usec): min=88, max=23037, avg=626.13, stdev=2170.61
     lat (usec): min=91, max=23045, avg=632.82, stdev=2170.49
    clat percentiles (usec):
     |  1.00th=[  115],  5.00th=[  139], 10.00th=[  161], 20.00th=[  208],
     | 30.00th=[  281], 40.00th=[  322], 50.00th=[  347], 60.00th=[  355],
     | 70.00th=[  363], 80.00th=[  379], 90.00th=[  482], 95.00th=[  685],
     | 99.00th=[16581], 99.50th=[17695], 99.90th=[19530], 99.95th=[20055],
     | 99.99th=[21103]
   bw (  KiB/s): min=145584, max=587776, per=50.24%, avg=202859.46, stdev=92966.31, samples=59
   iops        : min=36398, max=146944, avg=50714.86, stdev=23241.57, samples=59
  lat (usec)   : 100=0.21%, 250=25.25%, 500=66.78%, 750=3.26%, 1000=1.35%
  lat (msec)   : 2=1.23%, 4=0.03%, 10=0.14%, 20=1.70%, 50=0.05%
  cpu          : usr=17.21%, sys=29.93%, ctx=32500, majf=0, minf=13
  IO depths    : 1=0.1%, 2=0.1%, 4=0.1%, 8=0.1%, 16=0.1%, 32=100.0%, >=64=0.0%
     submit    : 0=0.0%, 4=100.0%, 8=0.0%, 16=0.0%, 32=0.0%, 64=0.0%, >=64=0.0%
     complete  : 0=0.0%, 4=100.0%, 8=0.0%, 16=0.0%, 32=0.1%, 64=0.0%, >=64=0.0%
     issued rwts: total=0,1515783,0,0 short=0,0,0,0 dropped=0,0,0,0
     latency   : target=0, window=0, percentile=100.00%, depth=32
/dev/nvme0n1: (groupid=0, jobs=1): err= 0: pid=1022830: Mon Jun  6 13:15:37 2022
  write: IOPS=50.4k, BW=197MiB/s (207MB/s)(5913MiB/30012msec); 0 zone resets
    slat (nsec): min=1807, max=340201, avg=6564.83, stdev=3532.15
    clat (usec): min=87, max=23067, avg=626.98, stdev=2171.89
     lat (usec): min=89, max=23074, avg=633.71, stdev=2171.78
    clat percentiles (usec):
     |  1.00th=[  116],  5.00th=[  139], 10.00th=[  161], 20.00th=[  208],
     | 30.00th=[  281], 40.00th=[  322], 50.00th=[  347], 60.00th=[  355],
     | 70.00th=[  363], 80.00th=[  379], 90.00th=[  482], 95.00th=[  693],
     | 99.00th=[16581], 99.50th=[17695], 99.90th=[19530], 99.95th=[20055],
     | 99.99th=[21103]
   bw (  KiB/s): min=144872, max=586672, per=50.17%, avg=202581.22, stdev=92917.70, samples=59
   iops        : min=36218, max=146668, avg=50645.31, stdev=23229.42, samples=59
  lat (usec)   : 100=0.20%, 250=25.11%, 500=66.89%, 750=3.28%, 1000=1.35%
  lat (msec)   : 2=1.25%, 4=0.03%, 10=0.13%, 20=1.70%, 50=0.05%
  cpu          : usr=18.48%, sys=28.68%, ctx=32387, majf=0, minf=13
  IO depths    : 1=0.1%, 2=0.1%, 4=0.1%, 8=0.1%, 16=0.1%, 32=100.0%, >=64=0.0%
     submit    : 0=0.0%, 4=100.0%, 8=0.0%, 16=0.0%, 32=0.0%, 64=0.0%, >=64=0.0%
     complete  : 0=0.0%, 4=100.0%, 8=0.0%, 16=0.0%, 32=0.1%, 64=0.0%, >=64=0.0%
     issued rwts: total=0,1513657,0,0 short=0,0,0,0 dropped=0,0,0,0
     latency   : target=0, window=0, percentile=100.00%, depth=32

Run status group 0 (all jobs):
  WRITE: bw=394MiB/s (413MB/s), 197MiB/s-197MiB/s (207MB/s-207MB/s), io=11.6GiB (12.4GB), run=30012-30012msec

Disk stats (read/write):
  nvme0n1: ios=48/3020498, merge=0/0, ticks=4/1140010, in_queue=1140015, util=99.82%
