/dev/nvme0n1: (g=0): rw=trim, bs=(R) 4096B-1024KiB, (W) 4096B-1024KiB, (T) 4096B-1024KiB, ioengine=libaio, iodepth=32
fio-3.28
Starting 1 process

/dev/nvme0n1: (groupid=0, jobs=1): err= 0: pid=122871: Wed Jun  1 16:38:03 2022
  trim: IOPS=10, BW=9727KiB/s (9960kB/s)(95.0MiB/10004msec)
    clat (usec): min=1012, max=413050, avg=98856.01, stdev=76138.74
     lat (usec): min=1012, max=413051, avg=98856.66, stdev=76138.74
    clat percentiles (usec):
     |  1.00th=[  1172],  5.00th=[  1926], 10.00th=[ 22676], 20.00th=[ 33817],
     | 30.00th=[ 54264], 40.00th=[ 76022], 50.00th=[ 85459], 60.00th=[108528],
     | 70.00th=[113771], 80.00th=[141558], 90.00th=[212861], 95.00th=[244319],
     | 99.00th=[341836], 99.50th=[413139], 99.90th=[413139], 99.95th=[413139],
     | 99.99th=[413139]
   bw (  KiB/s): min= 6131, max=16384, per=99.67%, avg=9694.05, stdev=2797.36, samples=19
   iops        : min=    5, max=   16, avg= 9.63, stdev= 2.69, samples=19
  lat (msec)   : 2=5.94%, 4=1.98%, 20=1.98%, 50=13.86%, 100=33.66%
  lat (msec)   : 250=38.61%, 500=3.96%
  cpu          : usr=0.00%, sys=0.10%, ctx=139, majf=0, minf=11
  IO depths    : 1=100.0%, 2=0.0%, 4=0.0%, 8=0.0%, 16=0.0%, 32=0.0%, >=64=0.0%
     submit    : 0=0.0%, 4=100.0%, 8=0.0%, 16=0.0%, 32=0.0%, 64=0.0%, >=64=0.0%
     complete  : 0=0.0%, 4=100.0%, 8=0.0%, 16=0.0%, 32=0.0%, 64=0.0%, >=64=0.0%
     issued rwts: total=0,0,101,0 short=0,0,0,0 dropped=0,0,0,0
     latency   : target=0, window=0, percentile=100.00%, depth=32

Run status group 0 (all jobs):
   TRIM: bw=9727KiB/s (9960kB/s), 9727KiB/s-9727KiB/s (9960kB/s-9960kB/s), io=95.0MiB (99.6MB), run=10004-10004msec

Disk stats (read/write):
  nvme0n1: ios=5337/88912, merge=0/0, ticks=638191/10854268, in_queue=11502324, util=100.00%
