/dev/nvme0n1: (g=0): rw=randwrite, bs=(R) 4096B-4096B, (W) 4096B-4096B, (T) 4096B-4096B, ioengine=libaio, iodepth=32
...
fio-3.28
Starting 2 processes

/dev/nvme0n1: (groupid=0, jobs=1): err= 0: pid=134286: Wed Jun  1 16:52:06 2022
  write: IOPS=293, BW=1174KiB/s (1202kB/s)(34.5MiB/30091msec); 0 zone resets
    slat (usec): min=7, max=727, avg=14.51, stdev=19.00
    clat (usec): min=1617, max=345433, avg=108096.32, stdev=50082.28
     lat (usec): min=1644, max=345442, avg=108111.11, stdev=50082.46
    clat percentiles (msec):
     |  1.00th=[    5],  5.00th=[   29], 10.00th=[   33], 20.00th=[   62],
     | 30.00th=[   85], 40.00th=[   97], 50.00th=[  110], 60.00th=[  113],
     | 70.00th=[  132], 80.00th=[  142], 90.00th=[  171], 95.00th=[  194],
     | 99.00th=[  255], 99.50th=[  275], 99.90th=[  326], 99.95th=[  347],
     | 99.99th=[  347]
   bw (  KiB/s): min=  768, max= 1892, per=49.44%, avg=1172.25, stdev=256.92, samples=60
   iops        : min=  192, max=  473, avg=292.98, stdev=64.25, samples=60
  lat (msec)   : 2=0.08%, 4=0.74%, 10=0.33%, 20=0.16%, 50=9.56%
  lat (msec)   : 100=29.44%, 250=58.63%, 500=1.08%
  cpu          : usr=0.32%, sys=0.51%, ctx=1222, majf=0, minf=10
  IO depths    : 1=0.1%, 2=0.1%, 4=0.1%, 8=0.1%, 16=0.2%, 32=99.6%, >=64=0.0%
     submit    : 0=0.0%, 4=100.0%, 8=0.0%, 16=0.0%, 32=0.0%, 64=0.0%, >=64=0.0%
     complete  : 0=0.0%, 4=100.0%, 8=0.0%, 16=0.0%, 32=0.1%, 64=0.0%, >=64=0.0%
     issued rwts: total=0,8832,0,0 short=0,0,0,0 dropped=0,0,0,0
     latency   : target=0, window=0, percentile=100.00%, depth=32
/dev/nvme0n1: (groupid=0, jobs=1): err= 0: pid=134287: Wed Jun  1 16:52:06 2022
  write: IOPS=299, BW=1197KiB/s (1225kB/s)(35.2MiB/30094msec); 0 zone resets
    slat (usec): min=3, max=302, avg=14.58, stdev=14.66
    clat (usec): min=1601, max=289579, avg=106065.25, stdev=48069.52
     lat (usec): min=1613, max=289588, avg=106080.15, stdev=48069.66
    clat percentiles (msec):
     |  1.00th=[    5],  5.00th=[   29], 10.00th=[   51], 20.00th=[   61],
     | 30.00th=[   83], 40.00th=[   89], 50.00th=[  109], 60.00th=[  113],
     | 70.00th=[  134], 80.00th=[  142], 90.00th=[  167], 95.00th=[  188],
     | 99.00th=[  236], 99.50th=[  257], 99.90th=[  284], 99.95th=[  288],
     | 99.99th=[  292]
   bw (  KiB/s): min=  512, max= 2347, per=50.37%, avg=1194.97, stdev=312.49, samples=60
   iops        : min=  128, max=  586, avg=298.63, stdev=78.13, samples=60
  lat (msec)   : 2=0.02%, 4=0.80%, 10=0.44%, 20=0.18%, 50=8.51%
  lat (msec)   : 100=32.79%, 250=56.52%, 500=0.73%
  cpu          : usr=0.30%, sys=0.59%, ctx=1469, majf=0, minf=11
  IO depths    : 1=0.1%, 2=0.1%, 4=0.1%, 8=0.1%, 16=0.2%, 32=99.7%, >=64=0.0%
     submit    : 0=0.0%, 4=100.0%, 8=0.0%, 16=0.0%, 32=0.0%, 64=0.0%, >=64=0.0%
     complete  : 0=0.0%, 4=100.0%, 8=0.0%, 16=0.0%, 32=0.1%, 64=0.0%, >=64=0.0%
     issued rwts: total=0,9002,0,0 short=0,0,0,0 dropped=0,0,0,0
     latency   : target=0, window=0, percentile=100.00%, depth=32

Run status group 0 (all jobs):
  WRITE: bw=2370KiB/s (2427kB/s), 1174KiB/s-1197KiB/s (1202kB/s-1225kB/s), io=69.7MiB (73.0MB), run=30091-30094msec

Disk stats (read/write):
  nvme0n1: ios=17502/298024, merge=0/0, ticks=1918099/34641436, in_queue=36559536, util=100.00%
