/dev/nvme0n1: (g=0): rw=read, bs=(R) 4096B-4096B, (W) 4096B-4096B, (T) 4096B-4096B, ioengine=libaio, iodepth=64
...
fio-3.28
Starting 4 processes

/dev/nvme0n1: (groupid=0, jobs=1): err= 0: pid=37509: Sun Jun  5 15:51:04 2022
  read: IOPS=41.1k, BW=161MiB/s (169MB/s)(1607MiB/10002msec)
    slat (nsec): min=1854, max=78585, avg=3499.34, stdev=2610.12
    clat (usec): min=876, max=3087, avg=1551.05, stdev=24.40
     lat (usec): min=904, max=3096, avg=1554.62, stdev=24.27
    clat percentiles (usec):
     |  1.00th=[ 1500],  5.00th=[ 1532], 10.00th=[ 1532], 20.00th=[ 1549],
     | 30.00th=[ 1549], 40.00th=[ 1549], 50.00th=[ 1549], 60.00th=[ 1549],
     | 70.00th=[ 1549], 80.00th=[ 1549], 90.00th=[ 1565], 95.00th=[ 1565],
     | 99.00th=[ 1598], 99.50th=[ 1614], 99.90th=[ 1647], 99.95th=[ 1680],
     | 99.99th=[ 2769]
   bw (  KiB/s): min=164352, max=166016, per=25.04%, avg=164666.53, stdev=362.58, samples=19
   iops        : min=41088, max=41504, avg=41166.63, stdev=90.68, samples=19
  lat (usec)   : 1000=0.01%
  lat (msec)   : 2=99.97%, 4=0.02%
  cpu          : usr=10.07%, sys=16.89%, ctx=202714, majf=0, minf=75
  IO depths    : 1=0.1%, 2=0.1%, 4=0.1%, 8=0.1%, 16=0.1%, 32=0.1%, >=64=100.0%
     submit    : 0=0.0%, 4=100.0%, 8=0.0%, 16=0.0%, 32=0.0%, 64=0.0%, >=64=0.0%
     complete  : 0=0.0%, 4=100.0%, 8=0.0%, 16=0.0%, 32=0.0%, 64=0.1%, >=64=0.0%
     issued rwts: total=411492,0,0,0 short=0,0,0,0 dropped=0,0,0,0
     latency   : target=0, window=0, percentile=100.00%, depth=64
/dev/nvme0n1: (groupid=0, jobs=1): err= 0: pid=37510: Sun Jun  5 15:51:04 2022
  read: IOPS=41.1k, BW=161MiB/s (168MB/s)(1605MiB/10002msec)
    slat (nsec): min=1895, max=65477, avg=3555.42, stdev=2688.64
    clat (usec): min=870, max=3092, avg=1552.94, stdev=27.41
     lat (usec): min=881, max=3100, avg=1556.57, stdev=27.33
    clat percentiles (usec):
     |  1.00th=[ 1500],  5.00th=[ 1532], 10.00th=[ 1532], 20.00th=[ 1549],
     | 30.00th=[ 1549], 40.00th=[ 1549], 50.00th=[ 1549], 60.00th=[ 1549],
     | 70.00th=[ 1549], 80.00th=[ 1565], 90.00th=[ 1565], 95.00th=[ 1582],
     | 99.00th=[ 1614], 99.50th=[ 1631], 99.90th=[ 1663], 99.95th=[ 1827],
     | 99.99th=[ 2835]
   bw (  KiB/s): min=163944, max=164824, per=25.00%, avg=164445.05, stdev=188.85, samples=19
   iops        : min=40986, max=41206, avg=41111.37, stdev=47.17, samples=19
  lat (usec)   : 1000=0.01%
  lat (msec)   : 2=99.96%, 4=0.04%
  cpu          : usr=8.70%, sys=18.20%, ctx=175720, majf=0, minf=78
  IO depths    : 1=0.1%, 2=0.1%, 4=0.1%, 8=0.1%, 16=0.1%, 32=0.1%, >=64=100.0%
     submit    : 0=0.0%, 4=100.0%, 8=0.0%, 16=0.0%, 32=0.0%, 64=0.0%, >=64=0.0%
     complete  : 0=0.0%, 4=100.0%, 8=0.0%, 16=0.0%, 32=0.0%, 64=0.1%, >=64=0.0%
     issued rwts: total=410971,0,0,0 short=0,0,0,0 dropped=0,0,0,0
     latency   : target=0, window=0, percentile=100.00%, depth=64
/dev/nvme0n1: (groupid=0, jobs=1): err= 0: pid=37511: Sun Jun  5 15:51:04 2022
  read: IOPS=41.1k, BW=161MiB/s (168MB/s)(1606MiB/10002msec)
    slat (nsec): min=1901, max=138809, avg=3508.29, stdev=2638.52
    clat (usec): min=871, max=3166, avg=1552.60, stdev=25.68
     lat (usec): min=890, max=3175, avg=1556.18, stdev=25.58
    clat percentiles (usec):
     |  1.00th=[ 1500],  5.00th=[ 1532], 10.00th=[ 1532], 20.00th=[ 1549],
     | 30.00th=[ 1549], 40.00th=[ 1549], 50.00th=[ 1549], 60.00th=[ 1549],
     | 70.00th=[ 1549], 80.00th=[ 1565], 90.00th=[ 1565], 95.00th=[ 1582],
     | 99.00th=[ 1614], 99.50th=[ 1631], 99.90th=[ 1647], 99.95th=[ 1663],
     | 99.99th=[ 2900]
   bw (  KiB/s): min=164144, max=164920, per=25.01%, avg=164489.68, stdev=222.93, samples=19
   iops        : min=41036, max=41230, avg=41122.42, stdev=55.73, samples=19
  lat (usec)   : 1000=0.01%
  lat (msec)   : 2=99.98%, 4=0.02%
  cpu          : usr=9.63%, sys=17.06%, ctx=177630, majf=0, minf=77
  IO depths    : 1=0.1%, 2=0.1%, 4=0.1%, 8=0.1%, 16=0.1%, 32=0.1%, >=64=100.0%
     submit    : 0=0.0%, 4=100.0%, 8=0.0%, 16=0.0%, 32=0.0%, 64=0.0%, >=64=0.0%
     complete  : 0=0.0%, 4=100.0%, 8=0.0%, 16=0.0%, 32=0.0%, 64=0.1%, >=64=0.0%
     issued rwts: total=411072,0,0,0 short=0,0,0,0 dropped=0,0,0,0
     latency   : target=0, window=0, percentile=100.00%, depth=64
/dev/nvme0n1: (groupid=0, jobs=1): err= 0: pid=37512: Sun Jun  5 15:51:04 2022
  read: IOPS=41.1k, BW=161MiB/s (168MB/s)(1605MiB/10002msec)
    slat (nsec): min=1883, max=71845, avg=3506.88, stdev=2635.89
    clat (usec): min=872, max=3071, avg=1552.83, stdev=24.74
     lat (usec): min=887, max=3079, avg=1556.41, stdev=24.65
    clat percentiles (usec):
     |  1.00th=[ 1500],  5.00th=[ 1532], 10.00th=[ 1532], 20.00th=[ 1549],
     | 30.00th=[ 1549], 40.00th=[ 1549], 50.00th=[ 1549], 60.00th=[ 1549],
     | 70.00th=[ 1549], 80.00th=[ 1565], 90.00th=[ 1565], 95.00th=[ 1582],
     | 99.00th=[ 1614], 99.50th=[ 1631], 99.90th=[ 1663], 99.95th=[ 1713],
     | 99.99th=[ 2704]
   bw (  KiB/s): min=163928, max=165048, per=25.01%, avg=164462.74, stdev=259.93, samples=19
   iops        : min=40982, max=41262, avg=41115.68, stdev=64.98, samples=19
  lat (usec)   : 1000=0.01%
  lat (msec)   : 2=99.97%, 4=0.03%
  cpu          : usr=8.70%, sys=18.13%, ctx=181542, majf=0, minf=76
  IO depths    : 1=0.1%, 2=0.1%, 4=0.1%, 8=0.1%, 16=0.1%, 32=0.1%, >=64=100.0%
     submit    : 0=0.0%, 4=100.0%, 8=0.0%, 16=0.0%, 32=0.0%, 64=0.0%, >=64=0.0%
     complete  : 0=0.0%, 4=100.0%, 8=0.0%, 16=0.0%, 32=0.0%, 64=0.1%, >=64=0.0%
     issued rwts: total=411004,0,0,0 short=0,0,0,0 dropped=0,0,0,0
     latency   : target=0, window=0, percentile=100.00%, depth=64

Run status group 0 (all jobs):
   READ: bw=642MiB/s (673MB/s), 161MiB/s-161MiB/s (168MB/s-169MB/s), io=6424MiB (6736MB), run=10002-10002msec

Disk stats (read/write):
  nvme0n1: ios=1627281/0, merge=0/0, ticks=2516353/0, in_queue=2516353, util=99.05%
