/dev/nvme0n1: (g=0): rw=read, bs=(R) 4096B-4096B, (W) 4096B-4096B, (T) 4096B-4096B, ioengine=libaio, iodepth=64
...
fio-3.28
Starting 4 processes

/dev/nvme0n1: (groupid=0, jobs=1): err= 0: pid=1009879: Mon Jun  6 12:26:25 2022
  read: IOPS=1703, BW=6812KiB/s (6976kB/s)(66.7MiB/10033msec)
    slat (usec): min=2, max=118, avg=15.19, stdev=10.96
    clat (usec): min=1271, max=102531, avg=37546.91, stdev=15533.34
     lat (usec): min=1280, max=102541, avg=37562.45, stdev=15533.43
    clat percentiles (usec):
     |  1.00th=[  1582],  5.00th=[  2008], 10.00th=[ 19268], 20.00th=[ 26084],
     | 30.00th=[ 30802], 40.00th=[ 34341], 50.00th=[ 38011], 60.00th=[ 41681],
     | 70.00th=[ 45876], 80.00th=[ 50070], 90.00th=[ 56886], 95.00th=[ 61604],
     | 99.00th=[ 70779], 99.50th=[ 74974], 99.90th=[ 87557], 99.95th=[ 90702],
     | 99.99th=[101188]
   bw (  KiB/s): min= 5664, max= 8160, per=25.12%, avg=6809.60, stdev=646.49, samples=20
   iops        : min= 1416, max= 2040, avg=1702.40, stdev=161.62, samples=20
  lat (msec)   : 2=5.00%, 4=1.00%, 10=1.02%, 20=3.69%, 50=69.08%
  lat (msec)   : 100=20.19%, 250=0.02%
  cpu          : usr=1.83%, sys=4.07%, ctx=4508, majf=0, minf=76
  IO depths    : 1=0.1%, 2=0.1%, 4=0.1%, 8=0.1%, 16=0.1%, 32=0.2%, >=64=99.6%
     submit    : 0=0.0%, 4=100.0%, 8=0.0%, 16=0.0%, 32=0.0%, 64=0.0%, >=64=0.0%
     complete  : 0=0.0%, 4=100.0%, 8=0.0%, 16=0.0%, 32=0.0%, 64=0.1%, >=64=0.0%
     issued rwts: total=17087,0,0,0 short=0,0,0,0 dropped=0,0,0,0
     latency   : target=0, window=0, percentile=100.00%, depth=64
/dev/nvme0n1: (groupid=0, jobs=1): err= 0: pid=1009880: Mon Jun  6 12:26:25 2022
  read: IOPS=1691, BW=6765KiB/s (6927kB/s)(66.3MiB/10031msec)
    slat (usec): min=2, max=471, avg=15.23, stdev=11.44
    clat (usec): min=1294, max=101224, avg=37812.61, stdev=15848.49
     lat (usec): min=1322, max=101232, avg=37828.17, stdev=15848.57
    clat percentiles (usec):
     |  1.00th=[  1598],  5.00th=[  1942], 10.00th=[ 19006], 20.00th=[ 25822],
     | 30.00th=[ 30802], 40.00th=[ 34866], 50.00th=[ 38536], 60.00th=[ 42206],
     | 70.00th=[ 46400], 80.00th=[ 50594], 90.00th=[ 57410], 95.00th=[ 62129],
     | 99.00th=[ 72877], 99.50th=[ 78119], 99.90th=[ 86508], 99.95th=[ 89654],
     | 99.99th=[101188]
   bw (  KiB/s): min= 5656, max= 8040, per=24.94%, avg=6760.40, stdev=632.15, samples=20
   iops        : min= 1414, max= 2010, avg=1690.10, stdev=158.04, samples=20
  lat (msec)   : 2=5.19%, 4=1.07%, 10=0.98%, 20=3.78%, 50=67.73%
  lat (msec)   : 100=21.23%, 250=0.01%
  cpu          : usr=2.06%, sys=3.78%, ctx=4510, majf=0, minf=77
  IO depths    : 1=0.1%, 2=0.1%, 4=0.1%, 8=0.1%, 16=0.1%, 32=0.2%, >=64=99.6%
     submit    : 0=0.0%, 4=100.0%, 8=0.0%, 16=0.0%, 32=0.0%, 64=0.0%, >=64=0.0%
     complete  : 0=0.0%, 4=100.0%, 8=0.0%, 16=0.0%, 32=0.0%, 64=0.1%, >=64=0.0%
     issued rwts: total=16964,0,0,0 short=0,0,0,0 dropped=0,0,0,0
     latency   : target=0, window=0, percentile=100.00%, depth=64
/dev/nvme0n1: (groupid=0, jobs=1): err= 0: pid=1009881: Mon Jun  6 12:26:25 2022
  read: IOPS=1679, BW=6718KiB/s (6879kB/s)(65.8MiB/10033msec)
    slat (usec): min=2, max=168, avg=14.89, stdev=10.87
    clat (usec): min=870, max=102945, avg=38076.54, stdev=15657.66
     lat (usec): min=952, max=102953, avg=38091.76, stdev=15657.78
    clat percentiles (usec):
     |  1.00th=[  1647],  5.00th=[  2343], 10.00th=[ 19530], 20.00th=[ 26608],
     | 30.00th=[ 31327], 40.00th=[ 34866], 50.00th=[ 38536], 60.00th=[ 42206],
     | 70.00th=[ 46400], 80.00th=[ 50594], 90.00th=[ 56886], 95.00th=[ 62129],
     | 99.00th=[ 71828], 99.50th=[ 76022], 99.90th=[ 87557], 99.95th=[ 98042],
     | 99.99th=[103285]
   bw (  KiB/s): min= 5680, max= 7856, per=24.78%, avg=6715.20, stdev=591.39, samples=20
   iops        : min= 1420, max= 1964, avg=1678.80, stdev=147.85, samples=20
  lat (usec)   : 1000=0.01%
  lat (msec)   : 2=4.20%, 4=1.86%, 10=0.98%, 20=3.23%, 50=68.28%
  lat (msec)   : 100=21.40%, 250=0.04%
  cpu          : usr=2.08%, sys=3.54%, ctx=4208, majf=0, minf=77
  IO depths    : 1=0.1%, 2=0.1%, 4=0.1%, 8=0.1%, 16=0.1%, 32=0.2%, >=64=99.6%
     submit    : 0=0.0%, 4=100.0%, 8=0.0%, 16=0.0%, 32=0.0%, 64=0.0%, >=64=0.0%
     complete  : 0=0.0%, 4=100.0%, 8=0.0%, 16=0.0%, 32=0.0%, 64=0.1%, >=64=0.0%
     issued rwts: total=16851,0,0,0 short=0,0,0,0 dropped=0,0,0,0
     latency   : target=0, window=0, percentile=100.00%, depth=64
/dev/nvme0n1: (groupid=0, jobs=1): err= 0: pid=1009882: Mon Jun  6 12:26:25 2022
  read: IOPS=1701, BW=6807KiB/s (6970kB/s)(66.7MiB/10033msec)
    slat (usec): min=2, max=346, avg=14.98, stdev=11.05
    clat (usec): min=1324, max=95159, avg=37581.20, stdev=15815.54
     lat (usec): min=1350, max=95173, avg=37596.50, stdev=15815.64
    clat percentiles (usec):
     |  1.00th=[ 1565],  5.00th=[ 2040], 10.00th=[17695], 20.00th=[26084],
     | 30.00th=[31327], 40.00th=[34866], 50.00th=[38011], 60.00th=[41681],
     | 70.00th=[45876], 80.00th=[50070], 90.00th=[56886], 95.00th=[62653],
     | 99.00th=[72877], 99.50th=[76022], 99.90th=[85459], 99.95th=[87557],
     | 99.99th=[91751]
   bw (  KiB/s): min= 5816, max= 8168, per=25.11%, avg=6804.00, stdev=672.40, samples=20
   iops        : min= 1454, max= 2042, avg=1701.00, stdev=168.10, samples=20
  lat (msec)   : 2=4.84%, 4=1.01%, 10=1.59%, 20=4.22%, 50=68.21%
  lat (msec)   : 100=20.13%
  cpu          : usr=1.95%, sys=3.86%, ctx=4488, majf=0, minf=77
  IO depths    : 1=0.1%, 2=0.1%, 4=0.1%, 8=0.1%, 16=0.1%, 32=0.2%, >=64=99.6%
     submit    : 0=0.0%, 4=100.0%, 8=0.0%, 16=0.0%, 32=0.0%, 64=0.0%, >=64=0.0%
     complete  : 0=0.0%, 4=100.0%, 8=0.0%, 16=0.0%, 32=0.0%, 64=0.1%, >=64=0.0%
     issued rwts: total=17073,0,0,0 short=0,0,0,0 dropped=0,0,0,0
     latency   : target=0, window=0, percentile=100.00%, depth=64

Run status group 0 (all jobs):
   READ: bw=26.5MiB/s (27.8MB/s), 6718KiB/s-6812KiB/s (6879kB/s-6976kB/s), io=266MiB (278MB), run=10031-10033msec

Disk stats (read/write):
  nvme0n1: ios=67256/80563, merge=0/0, ticks=2520275/628626, in_queue=3148901, util=100.00%
