/dev/nvme0n1: (g=0): rw=rw, bs=(R) 128KiB-128KiB, (W) 128KiB-128KiB, (T) 128KiB-128KiB, ioengine=libaio, iodepth=32
fio-3.28
Starting 1 process

/dev/nvme0n1: (groupid=0, jobs=1): err= 0: pid=3721: Mon May 30 10:04:25 2022
  write: IOPS=24.6k, BW=3078MiB/s (3227MB/s)(30.1GiB/10002msec); 0 zone resets
    slat (usec): min=6, max=546, avg=15.21, stdev= 6.46
    clat (usec): min=614, max=6350, avg=1283.56, stdev=326.67
     lat (usec): min=639, max=6360, avg=1298.83, stdev=326.65
    clat percentiles (usec):
     |  1.00th=[ 1221],  5.00th=[ 1237], 10.00th=[ 1237], 20.00th=[ 1254],
     | 30.00th=[ 1254], 40.00th=[ 1254], 50.00th=[ 1254], 60.00th=[ 1254],
     | 70.00th=[ 1254], 80.00th=[ 1270], 90.00th=[ 1270], 95.00th=[ 1270],
     | 99.00th=[ 1385], 99.50th=[ 4752], 99.90th=[ 4883], 99.95th=[ 6259],
     | 99.99th=[ 6325]
   bw (  MiB/s): min= 3048, max= 3091, per=100.00%, avg=3079.28, stdev=13.12, samples=19
   iops        : min=24384, max=24732, avg=24634.21, stdev=104.92, samples=19
  lat (usec)   : 750=0.01%, 1000=0.08%
  lat (msec)   : 2=99.10%, 4=0.03%, 10=0.78%
  cpu          : usr=26.07%, sys=22.66%, ctx=243208, majf=0, minf=11
  IO depths    : 1=0.1%, 2=0.1%, 4=0.1%, 8=0.1%, 16=0.1%, 32=100.0%, >=64=0.0%
     submit    : 0=0.0%, 4=100.0%, 8=0.0%, 16=0.0%, 32=0.0%, 64=0.0%, >=64=0.0%
     complete  : 0=0.0%, 4=100.0%, 8=0.0%, 16=0.0%, 32=0.1%, 64=0.0%, >=64=0.0%
     issued rwts: total=0,246262,0,0 short=0,0,0,0 dropped=0,0,0,0
     latency   : target=0, window=0, percentile=100.00%, depth=32

Run status group 0 (all jobs):
  WRITE: bw=3078MiB/s (3227MB/s), 3078MiB/s-3078MiB/s (3227MB/s-3227MB/s), io=30.1GiB (32.3GB), run=10002-10002msec

Disk stats (read/write):
  nvme0n1: ios=51/243538, merge=0/0, ticks=10/312290, in_queue=312300, util=99.19%
